[0.295s] Invoking command in '/home/vox/Vox/build/diffdrive_arduino': CMAKE_PREFIX_PATH=${CMAKE_PREFIX_PATH}:/home/vox/Vox/install/serial_motor_demo:/opt/ros/iron /usr/bin/cmake --build /home/vox/Vox/build/diffdrive_arduino -- -j4 -l4
[1.431s] [35m[1mConsolidate compiler generated dependencies of target diffdrive_arduino[0m
[2.109s] [100%] Built target diffdrive_arduino
[2.269s] Invoked command in '/home/vox/Vox/build/diffdrive_arduino' returned '0': CMAKE_PREFIX_PATH=${CMAKE_PREFIX_PATH}:/home/vox/Vox/install/serial_motor_demo:/opt/ros/iron /usr/bin/cmake --build /home/vox/Vox/build/diffdrive_arduino -- -j4 -l4
[2.463s] Invoking command in '/home/vox/Vox/build/diffdrive_arduino': CMAKE_PREFIX_PATH=${CMAKE_PREFIX_PATH}:/home/vox/Vox/install/serial_motor_demo:/opt/ros/iron /usr/bin/cmake --install /home/vox/Vox/build/diffdrive_arduino
[2.515s] -- Install configuration: ""
[2.758s] -- Execute custom install script
[2.760s] -- Up-to-date symlink: /home/vox/Vox/install/diffdrive_arduino/share/diffdrive_arduino//diffdrive_arduino.xml
[2.765s] -- Up-to-date symlink: /home/vox/Vox/install/diffdrive_arduino/include/diffdrive_arduino/diffdrive_arduino/arduino_comms.hpp
[2.767s] -- Up-to-date symlink: /home/vox/Vox/install/diffdrive_arduino/include/diffdrive_arduino/diffdrive_arduino/diffbot_system.hpp
[2.769s] -- Up-to-date symlink: /home/vox/Vox/install/diffdrive_arduino/include/diffdrive_arduino/diffdrive_arduino/visibility_control.h
[2.770s] -- Up-to-date symlink: /home/vox/Vox/install/diffdrive_arduino/include/diffdrive_arduino/diffdrive_arduino/wheel.hpp
[2.776s] -- Up-to-date symlink: /home/vox/Vox/install/diffdrive_arduino/share/diffdrive_arduino/launch/view_robot.launch.py
[2.781s] -- Up-to-date symlink: /home/vox/Vox/install/diffdrive_arduino/share/diffdrive_arduino/ros2_control/diffbot.ros2_control.xacro
[2.785s] -- Up-to-date symlink: /home/vox/Vox/install/diffdrive_arduino/share/diffdrive_arduino/urdf/diffbot.materials.xacro
[2.787s] -- Up-to-date symlink: /home/vox/Vox/install/diffdrive_arduino/share/diffdrive_arduino/urdf/diffbot.urdf.xacro
[2.789s] -- Up-to-date symlink: /home/vox/Vox/install/diffdrive_arduino/share/diffdrive_arduino/urdf/diffbot_description.urdf.xacro
[2.794s] -- Up-to-date symlink: /home/vox/Vox/install/diffdrive_arduino/share/diffdrive_arduino/rviz/diffbot.rviz
[2.796s] -- Up-to-date symlink: /home/vox/Vox/install/diffdrive_arduino/share/diffdrive_arduino/rviz/diffbot_view.rviz
[2.800s] -- Up-to-date symlink: /home/vox/Vox/install/diffdrive_arduino/share/diffdrive_arduino/launch/diffbot.launch.py
[2.805s] -- Up-to-date symlink: /home/vox/Vox/install/diffdrive_arduino/share/diffdrive_arduino/config/diffbot_controllers.yaml
[2.807s] -- Up-to-date symlink: /home/vox/Vox/install/diffdrive_arduino/share/diffdrive_arduino/environment/library_path.sh
[2.808s] -- Up-to-date symlink: /home/vox/Vox/install/diffdrive_arduino/share/diffdrive_arduino/environment/library_path.dsv
[2.810s] -- Up-to-date symlink: /home/vox/Vox/install/diffdrive_arduino/share/ament_index/resource_index/package_run_dependencies/diffdrive_arduino
[2.813s] -- Up-to-date symlink: /home/vox/Vox/install/diffdrive_arduino/share/ament_index/resource_index/parent_prefix_path/diffdrive_arduino
[2.815s] -- Up-to-date symlink: /home/vox/Vox/install/diffdrive_arduino/share/diffdrive_arduino/environment/ament_prefix_path.sh
[2.816s] -- Up-to-date symlink: /home/vox/Vox/install/diffdrive_arduino/share/diffdrive_arduino/environment/ament_prefix_path.dsv
[2.818s] -- Up-to-date symlink: /home/vox/Vox/install/diffdrive_arduino/share/diffdrive_arduino/environment/path.sh
[2.819s] -- Up-to-date symlink: /home/vox/Vox/install/diffdrive_arduino/share/diffdrive_arduino/environment/path.dsv
[2.821s] -- Up-to-date symlink: /home/vox/Vox/install/diffdrive_arduino/share/diffdrive_arduino/local_setup.bash
[2.823s] -- Up-to-date symlink: /home/vox/Vox/install/diffdrive_arduino/share/diffdrive_arduino/local_setup.sh
[2.825s] -- Up-to-date symlink: /home/vox/Vox/install/diffdrive_arduino/share/diffdrive_arduino/local_setup.zsh
[2.826s] -- Up-to-date symlink: /home/vox/Vox/install/diffdrive_arduino/share/diffdrive_arduino/local_setup.dsv
[2.827s] -- Symlinking: /home/vox/Vox/install/diffdrive_arduino/share/diffdrive_arduino/package.dsv
[2.873s] -- Up-to-date symlink: /home/vox/Vox/install/diffdrive_arduino/share/ament_index/resource_index/packages/diffdrive_arduino
[2.876s] -- Up-to-date symlink: /home/vox/Vox/install/diffdrive_arduino/share/ament_index/resource_index/hardware_interface__pluginlib__plugin/diffdrive_arduino
[2.879s] -- Up-to-date symlink: /home/vox/Vox/install/diffdrive_arduino/share/diffdrive_arduino/cmake/ament_cmake_export_targets-extras.cmake
[2.881s] -- Up-to-date symlink: /home/vox/Vox/install/diffdrive_arduino/share/diffdrive_arduino/cmake/ament_cmake_export_dependencies-extras.cmake
[2.883s] -- Up-to-date symlink: /home/vox/Vox/install/diffdrive_arduino/share/diffdrive_arduino/cmake/diffdrive_arduinoConfig.cmake
[2.884s] -- Up-to-date symlink: /home/vox/Vox/install/diffdrive_arduino/share/diffdrive_arduino/cmake/diffdrive_arduinoConfig-version.cmake
[2.886s] -- Up-to-date symlink: /home/vox/Vox/install/diffdrive_arduino/share/diffdrive_arduino/package.xml
[2.892s] -- Up-to-date: /home/vox/Vox/install/diffdrive_arduino/lib/libdiffdrive_arduino.so
[2.898s] -- Up-to-date: /home/vox/Vox/install/diffdrive_arduino/share/diffdrive_arduino/cmake/export_diffdrive_arduinoExport.cmake
[2.899s] -- Up-to-date: /home/vox/Vox/install/diffdrive_arduino/share/diffdrive_arduino/cmake/export_diffdrive_arduinoExport-noconfig.cmake
[2.908s] Invoked command in '/home/vox/Vox/build/diffdrive_arduino' returned '0': CMAKE_PREFIX_PATH=${CMAKE_PREFIX_PATH}:/home/vox/Vox/install/serial_motor_demo:/opt/ros/iron /usr/bin/cmake --install /home/vox/Vox/build/diffdrive_arduino
