[3.726s] Invoking command in '/home/vox/Vox/build/ball_tracker': PYTHONPATH=/home/vox/Vox/build/ball_tracker/prefix_override:/home/vox/Vox/install/ball_tracker/lib/python3.10/site-packages:${PYTHONPATH} /usr/bin/python3 -W ignore:setup.py install is deprecated setup.py develop --editable --build-directory /home/vox/Vox/build/ball_tracker/build --no-deps symlink_data
[5.101s] /usr/lib/python3/dist-packages/setuptools/dist.py:723: UserWarning: Usage of dash-separated 'script-dir' will not be supported in future versions. Please use the underscore name 'script_dir' instead
[5.102s]   warnings.warn(
[5.291s] running develop
[5.293s] /usr/lib/python3/dist-packages/setuptools/command/easy_install.py:158: EasyInstallDeprecationWarning: easy_install command is deprecated. Use build and pip and other standards-based tools.
[5.294s]   warnings.warn(
[6.478s] running egg_info
[6.479s] writing ball_tracker.egg-info/PKG-INFO
[6.480s] writing dependency_links to ball_tracker.egg-info/dependency_links.txt
[6.481s] writing entry points to ball_tracker.egg-info/entry_points.txt
[6.482s] writing requirements to ball_tracker.egg-info/requires.txt
[6.483s] writing top-level names to ball_tracker.egg-info/top_level.txt
[6.492s] reading manifest file 'ball_tracker.egg-info/SOURCES.txt'
[6.497s] writing manifest file 'ball_tracker.egg-info/SOURCES.txt'
[6.504s] running build_ext
[6.505s] Creating /home/vox/Vox/install/ball_tracker/lib/python3.10/site-packages/ball-tracker.egg-link (link to .)
[6.510s] Installing detect_ball script to /home/vox/Vox/install/ball_tracker/lib/ball_tracker
[6.511s] Installing detect_ball_3d script to /home/vox/Vox/install/ball_tracker/lib/ball_tracker
[6.512s] Installing follow_ball script to /home/vox/Vox/install/ball_tracker/lib/ball_tracker
[6.514s] 
[6.515s] Installed /home/vox/Vox/build/ball_tracker
[6.516s] running symlink_data
[6.695s] Invoked command in '/home/vox/Vox/build/ball_tracker' returned '0': PYTHONPATH=/home/vox/Vox/build/ball_tracker/prefix_override:/home/vox/Vox/install/ball_tracker/lib/python3.10/site-packages:${PYTHONPATH} /usr/bin/python3 -W ignore:setup.py install is deprecated setup.py develop --editable --build-directory /home/vox/Vox/build/ball_tracker/build --no-deps symlink_data
