[0.109s] Invoking command in '/home/vox/Vox/build/serial_motor_demo_msgs': CMAKE_PREFIX_PATH=/opt/ros/iron /usr/bin/cmake --build /home/vox/Vox/build/serial_motor_demo_msgs -- -j4 -l4
[1.622s] [  1%] Built target serial_motor_demo_msgs__rosidl_generator_type_description
[1.623s] [  1%] Built target ament_cmake_python_symlink_serial_motor_demo_msgs
[1.623s] [  3%] Built target serial_motor_demo_msgs__cpp
[1.624s] [ 24%] Built target serial_motor_demo_msgs__rosidl_generator_c
[1.624s] [ 33%] Built target serial_motor_demo_msgs__rosidl_typesupport_cpp
[1.625s] [ 42%] Built target serial_motor_demo_msgs__rosidl_typesupport_fastrtps_c
[1.625s] [ 51%] Built target serial_motor_demo_msgs__rosidl_typesupport_introspection_c
[1.626s] [ 61%] Built target serial_motor_demo_msgs__rosidl_typesupport_c
[1.626s] [ 70%] Built target serial_motor_demo_msgs__rosidl_typesupport_fastrtps_cpp
[1.627s] [ 79%] Built target serial_motor_demo_msgs__rosidl_typesupport_introspection_cpp
[1.628s] [ 79%] Built target serial_motor_demo_msgs
[1.628s] [ 81%] Built target serial_motor_demo_msgs__py
[1.629s] [ 88%] Built target serial_motor_demo_msgs__rosidl_generator_py
[1.629s] [ 92%] Built target serial_motor_demo_msgs__rosidl_typesupport_fastrtps_c__pyext
[1.629s] [ 96%] Built target serial_motor_demo_msgs__rosidl_typesupport_introspection_c__pyext
[1.630s] [100%] Built target serial_motor_demo_msgs__rosidl_typesupport_c__pyext
[1.771s] running egg_info
[1.777s] writing serial_motor_demo_msgs.egg-info/PKG-INFO
[1.781s] writing dependency_links to serial_motor_demo_msgs.egg-info/dependency_links.txt
[1.784s] writing top-level names to serial_motor_demo_msgs.egg-info/top_level.txt
[1.798s] reading manifest file 'serial_motor_demo_msgs.egg-info/SOURCES.txt'
[1.803s] writing manifest file 'serial_motor_demo_msgs.egg-info/SOURCES.txt'
[1.989s] [100%] Built target ament_cmake_python_build_serial_motor_demo_msgs_egg
[2.058s] Invoked command in '/home/vox/Vox/build/serial_motor_demo_msgs' returned '0': CMAKE_PREFIX_PATH=/opt/ros/iron /usr/bin/cmake --build /home/vox/Vox/build/serial_motor_demo_msgs -- -j4 -l4
[2.766s] Invoking command in '/home/vox/Vox/build/serial_motor_demo_msgs': CMAKE_PREFIX_PATH=/opt/ros/iron /usr/bin/cmake --install /home/vox/Vox/build/serial_motor_demo_msgs
[2.808s] -- Install configuration: ""
[2.812s] -- Execute custom install script
[2.815s] -- Up-to-date symlink: /home/vox/Vox/install/serial_motor_demo_msgs/share/ament_index/resource_index/rosidl_interfaces/serial_motor_demo_msgs
[2.818s] -- Up-to-date symlink: /home/vox/Vox/install/serial_motor_demo_msgs/share/serial_motor_demo_msgs/msg/MotorCommand.json
[2.820s] -- Up-to-date symlink: /home/vox/Vox/install/serial_motor_demo_msgs/share/serial_motor_demo_msgs/msg/MotorVels.json
[2.822s] -- Up-to-date symlink: /home/vox/Vox/install/serial_motor_demo_msgs/share/serial_motor_demo_msgs/msg/EncoderVals.json
[2.829s] -- Up-to-date symlink: /home/vox/Vox/install/serial_motor_demo_msgs/include/serial_motor_demo_msgs/serial_motor_demo_msgs/msg/detail/encoder_vals__functions.h
[2.831s] -- Up-to-date symlink: /home/vox/Vox/install/serial_motor_demo_msgs/include/serial_motor_demo_msgs/serial_motor_demo_msgs/msg/detail/encoder_vals__struct.h
[2.833s] -- Up-to-date symlink: /home/vox/Vox/install/serial_motor_demo_msgs/include/serial_motor_demo_msgs/serial_motor_demo_msgs/msg/detail/encoder_vals__type_support.h
[2.835s] -- Up-to-date symlink: /home/vox/Vox/install/serial_motor_demo_msgs/include/serial_motor_demo_msgs/serial_motor_demo_msgs/msg/detail/motor_command__functions.h
[2.838s] -- Up-to-date symlink: /home/vox/Vox/install/serial_motor_demo_msgs/include/serial_motor_demo_msgs/serial_motor_demo_msgs/msg/detail/motor_command__struct.h
[2.840s] -- Up-to-date symlink: /home/vox/Vox/install/serial_motor_demo_msgs/include/serial_motor_demo_msgs/serial_motor_demo_msgs/msg/detail/motor_command__type_support.h
[2.841s] -- Up-to-date symlink: /home/vox/Vox/install/serial_motor_demo_msgs/include/serial_motor_demo_msgs/serial_motor_demo_msgs/msg/detail/motor_vels__functions.h
[2.842s] -- Up-to-date symlink: /home/vox/Vox/install/serial_motor_demo_msgs/include/serial_motor_demo_msgs/serial_motor_demo_msgs/msg/detail/motor_vels__struct.h
[2.843s] -- Up-to-date symlink: /home/vox/Vox/install/serial_motor_demo_msgs/include/serial_motor_demo_msgs/serial_motor_demo_msgs/msg/detail/motor_vels__type_support.h
[2.844s] -- Up-to-date symlink: /home/vox/Vox/install/serial_motor_demo_msgs/include/serial_motor_demo_msgs/serial_motor_demo_msgs/msg/encoder_vals.h
[2.845s] -- Up-to-date symlink: /home/vox/Vox/install/serial_motor_demo_msgs/include/serial_motor_demo_msgs/serial_motor_demo_msgs/msg/motor_command.h
[2.846s] -- Up-to-date symlink: /home/vox/Vox/install/serial_motor_demo_msgs/include/serial_motor_demo_msgs/serial_motor_demo_msgs/msg/motor_vels.h
[2.847s] -- Up-to-date symlink: /home/vox/Vox/install/serial_motor_demo_msgs/include/serial_motor_demo_msgs/serial_motor_demo_msgs/msg/rosidl_generator_c__visibility_control.h
[2.848s] -- Up-to-date symlink: /home/vox/Vox/install/serial_motor_demo_msgs/share/serial_motor_demo_msgs/environment/library_path.sh
[2.850s] -- Up-to-date symlink: /home/vox/Vox/install/serial_motor_demo_msgs/share/serial_motor_demo_msgs/environment/library_path.dsv
[2.854s] -- Up-to-date symlink: /home/vox/Vox/install/serial_motor_demo_msgs/include/serial_motor_demo_msgs/serial_motor_demo_msgs/msg/detail/encoder_vals__rosidl_typesupport_fastrtps_c.h
[2.855s] -- Up-to-date symlink: /home/vox/Vox/install/serial_motor_demo_msgs/include/serial_motor_demo_msgs/serial_motor_demo_msgs/msg/detail/motor_command__rosidl_typesupport_fastrtps_c.h
[2.856s] -- Up-to-date symlink: /home/vox/Vox/install/serial_motor_demo_msgs/include/serial_motor_demo_msgs/serial_motor_demo_msgs/msg/detail/motor_vels__rosidl_typesupport_fastrtps_c.h
[2.857s] -- Up-to-date symlink: /home/vox/Vox/install/serial_motor_demo_msgs/include/serial_motor_demo_msgs/serial_motor_demo_msgs/msg/rosidl_typesupport_fastrtps_c__visibility_control.h
[2.860s] -- Up-to-date symlink: /home/vox/Vox/install/serial_motor_demo_msgs/include/serial_motor_demo_msgs/serial_motor_demo_msgs/msg/detail/encoder_vals__rosidl_typesupport_introspection_c.h
[2.861s] -- Up-to-date symlink: /home/vox/Vox/install/serial_motor_demo_msgs/include/serial_motor_demo_msgs/serial_motor_demo_msgs/msg/detail/motor_command__rosidl_typesupport_introspection_c.h
[2.862s] -- Up-to-date symlink: /home/vox/Vox/install/serial_motor_demo_msgs/include/serial_motor_demo_msgs/serial_motor_demo_msgs/msg/detail/motor_vels__rosidl_typesupport_introspection_c.h
[2.865s] -- Up-to-date symlink: /home/vox/Vox/install/serial_motor_demo_msgs/include/serial_motor_demo_msgs/serial_motor_demo_msgs/msg/rosidl_typesupport_introspection_c__visibility_control.h
[2.869s] -- Up-to-date symlink: /home/vox/Vox/install/serial_motor_demo_msgs/include/serial_motor_demo_msgs/serial_motor_demo_msgs/msg/detail/encoder_vals__builder.hpp
[2.871s] -- Up-to-date symlink: /home/vox/Vox/install/serial_motor_demo_msgs/include/serial_motor_demo_msgs/serial_motor_demo_msgs/msg/detail/encoder_vals__struct.hpp
[2.873s] -- Up-to-date symlink: /home/vox/Vox/install/serial_motor_demo_msgs/include/serial_motor_demo_msgs/serial_motor_demo_msgs/msg/detail/encoder_vals__traits.hpp
[2.875s] -- Up-to-date symlink: /home/vox/Vox/install/serial_motor_demo_msgs/include/serial_motor_demo_msgs/serial_motor_demo_msgs/msg/detail/motor_command__builder.hpp
[2.876s] -- Up-to-date symlink: /home/vox/Vox/install/serial_motor_demo_msgs/include/serial_motor_demo_msgs/serial_motor_demo_msgs/msg/detail/motor_command__struct.hpp
[2.878s] -- Up-to-date symlink: /home/vox/Vox/install/serial_motor_demo_msgs/include/serial_motor_demo_msgs/serial_motor_demo_msgs/msg/detail/motor_command__traits.hpp
[2.879s] -- Up-to-date symlink: /home/vox/Vox/install/serial_motor_demo_msgs/include/serial_motor_demo_msgs/serial_motor_demo_msgs/msg/detail/motor_vels__builder.hpp
[2.880s] -- Up-to-date symlink: /home/vox/Vox/install/serial_motor_demo_msgs/include/serial_motor_demo_msgs/serial_motor_demo_msgs/msg/detail/motor_vels__struct.hpp
[2.881s] -- Up-to-date symlink: /home/vox/Vox/install/serial_motor_demo_msgs/include/serial_motor_demo_msgs/serial_motor_demo_msgs/msg/detail/motor_vels__traits.hpp
[2.882s] -- Up-to-date symlink: /home/vox/Vox/install/serial_motor_demo_msgs/include/serial_motor_demo_msgs/serial_motor_demo_msgs/msg/encoder_vals.hpp
[2.884s] -- Up-to-date symlink: /home/vox/Vox/install/serial_motor_demo_msgs/include/serial_motor_demo_msgs/serial_motor_demo_msgs/msg/motor_command.hpp
[2.885s] -- Up-to-date symlink: /home/vox/Vox/install/serial_motor_demo_msgs/include/serial_motor_demo_msgs/serial_motor_demo_msgs/msg/motor_vels.hpp
[2.889s] -- Up-to-date symlink: /home/vox/Vox/install/serial_motor_demo_msgs/include/serial_motor_demo_msgs/serial_motor_demo_msgs/msg/detail/encoder_vals__rosidl_typesupport_fastrtps_cpp.hpp
[2.891s] -- Up-to-date symlink: /home/vox/Vox/install/serial_motor_demo_msgs/include/serial_motor_demo_msgs/serial_motor_demo_msgs/msg/detail/motor_command__rosidl_typesupport_fastrtps_cpp.hpp
[2.892s] -- Up-to-date symlink: /home/vox/Vox/install/serial_motor_demo_msgs/include/serial_motor_demo_msgs/serial_motor_demo_msgs/msg/detail/motor_vels__rosidl_typesupport_fastrtps_cpp.hpp
[2.894s] -- Up-to-date symlink: /home/vox/Vox/install/serial_motor_demo_msgs/include/serial_motor_demo_msgs/serial_motor_demo_msgs/msg/rosidl_typesupport_fastrtps_cpp__visibility_control.h
[2.897s] -- Up-to-date symlink: /home/vox/Vox/install/serial_motor_demo_msgs/include/serial_motor_demo_msgs/serial_motor_demo_msgs/msg/detail/encoder_vals__rosidl_typesupport_introspection_cpp.hpp
[2.898s] -- Up-to-date symlink: /home/vox/Vox/install/serial_motor_demo_msgs/include/serial_motor_demo_msgs/serial_motor_demo_msgs/msg/detail/motor_command__rosidl_typesupport_introspection_cpp.hpp
[2.899s] -- Up-to-date symlink: /home/vox/Vox/install/serial_motor_demo_msgs/include/serial_motor_demo_msgs/serial_motor_demo_msgs/msg/detail/motor_vels__rosidl_typesupport_introspection_cpp.hpp
[2.901s] -- Up-to-date symlink: /home/vox/Vox/install/serial_motor_demo_msgs/share/serial_motor_demo_msgs/environment/pythonpath.sh
[2.903s] -- Up-to-date symlink: /home/vox/Vox/install/serial_motor_demo_msgs/share/serial_motor_demo_msgs/environment/pythonpath.dsv
[2.905s] -- Up-to-date symlink: /home/vox/Vox/install/serial_motor_demo_msgs/lib/python3.10/site-packages/serial_motor_demo_msgs-0.0.0-py3.10.egg-info/PKG-INFO
[2.906s] -- Up-to-date symlink: /home/vox/Vox/install/serial_motor_demo_msgs/lib/python3.10/site-packages/serial_motor_demo_msgs-0.0.0-py3.10.egg-info/SOURCES.txt
[2.907s] -- Up-to-date symlink: /home/vox/Vox/install/serial_motor_demo_msgs/lib/python3.10/site-packages/serial_motor_demo_msgs-0.0.0-py3.10.egg-info/dependency_links.txt
[2.909s] -- Up-to-date symlink: /home/vox/Vox/install/serial_motor_demo_msgs/lib/python3.10/site-packages/serial_motor_demo_msgs-0.0.0-py3.10.egg-info/top_level.txt
[2.915s] -- Up-to-date symlink: /home/vox/Vox/install/serial_motor_demo_msgs/lib/python3.10/site-packages/serial_motor_demo_msgs/__init__.py
[2.916s] -- Up-to-date symlink: /home/vox/Vox/install/serial_motor_demo_msgs/lib/python3.10/site-packages/serial_motor_demo_msgs/_serial_motor_demo_msgs_s.ep.rosidl_typesupport_c.c
[2.918s] -- Up-to-date symlink: /home/vox/Vox/install/serial_motor_demo_msgs/lib/python3.10/site-packages/serial_motor_demo_msgs/_serial_motor_demo_msgs_s.ep.rosidl_typesupport_fastrtps_c.c
[2.919s] -- Up-to-date symlink: /home/vox/Vox/install/serial_motor_demo_msgs/lib/python3.10/site-packages/serial_motor_demo_msgs/_serial_motor_demo_msgs_s.ep.rosidl_typesupport_introspection_c.c
[2.920s] -- Up-to-date symlink: /home/vox/Vox/install/serial_motor_demo_msgs/lib/python3.10/site-packages/serial_motor_demo_msgs/libserial_motor_demo_msgs__rosidl_generator_py.so
[2.921s] -- Up-to-date symlink: /home/vox/Vox/install/serial_motor_demo_msgs/lib/python3.10/site-packages/serial_motor_demo_msgs/msg/__init__.py
[2.922s] -- Up-to-date symlink: /home/vox/Vox/install/serial_motor_demo_msgs/lib/python3.10/site-packages/serial_motor_demo_msgs/msg/_encoder_vals.py
[2.924s] -- Up-to-date symlink: /home/vox/Vox/install/serial_motor_demo_msgs/lib/python3.10/site-packages/serial_motor_demo_msgs/msg/_encoder_vals_s.c
[2.925s] -- Up-to-date symlink: /home/vox/Vox/install/serial_motor_demo_msgs/lib/python3.10/site-packages/serial_motor_demo_msgs/msg/_motor_command.py
[2.926s] -- Up-to-date symlink: /home/vox/Vox/install/serial_motor_demo_msgs/lib/python3.10/site-packages/serial_motor_demo_msgs/msg/_motor_command_s.c
[2.928s] -- Up-to-date symlink: /home/vox/Vox/install/serial_motor_demo_msgs/lib/python3.10/site-packages/serial_motor_demo_msgs/msg/_motor_vels.py
[2.929s] -- Up-to-date symlink: /home/vox/Vox/install/serial_motor_demo_msgs/lib/python3.10/site-packages/serial_motor_demo_msgs/msg/_motor_vels_s.c
[2.930s] -- Up-to-date symlink: /home/vox/Vox/install/serial_motor_demo_msgs/lib/python3.10/site-packages/serial_motor_demo_msgs/serial_motor_demo_msgs_s__rosidl_typesupport_c.cpython-310-aarch64-linux-gnu.so
[2.932s] -- Up-to-date symlink: /home/vox/Vox/install/serial_motor_demo_msgs/lib/python3.10/site-packages/serial_motor_demo_msgs/serial_motor_demo_msgs_s__rosidl_typesupport_fastrtps_c.cpython-310-aarch64-linux-gnu.so
[2.933s] -- Up-to-date symlink: /home/vox/Vox/install/serial_motor_demo_msgs/lib/python3.10/site-packages/serial_motor_demo_msgs/serial_motor_demo_msgs_s__rosidl_typesupport_introspection_c.cpython-310-aarch64-linux-gnu.so
[2.935s] -- Up-to-date symlink: /home/vox/Vox/install/serial_motor_demo_msgs/lib/python3.10/site-packages/serial_motor_demo_msgs/serial_motor_demo_msgs_s__rosidl_typesupport_fastrtps_c.cpython-310-aarch64-linux-gnu.so
[2.937s] -- Up-to-date symlink: /home/vox/Vox/install/serial_motor_demo_msgs/lib/python3.10/site-packages/serial_motor_demo_msgs/serial_motor_demo_msgs_s__rosidl_typesupport_introspection_c.cpython-310-aarch64-linux-gnu.so
[2.940s] -- Up-to-date symlink: /home/vox/Vox/install/serial_motor_demo_msgs/lib/python3.10/site-packages/serial_motor_demo_msgs/serial_motor_demo_msgs_s__rosidl_typesupport_c.cpython-310-aarch64-linux-gnu.so
[2.944s] -- Up-to-date symlink: /home/vox/Vox/install/serial_motor_demo_msgs/share/serial_motor_demo_msgs/msg/MotorCommand.idl
[2.945s] -- Up-to-date symlink: /home/vox/Vox/install/serial_motor_demo_msgs/share/serial_motor_demo_msgs/msg/MotorVels.idl
[2.946s] -- Up-to-date symlink: /home/vox/Vox/install/serial_motor_demo_msgs/share/serial_motor_demo_msgs/msg/EncoderVals.idl
[2.948s] -- Up-to-date symlink: /home/vox/Vox/install/serial_motor_demo_msgs/share/serial_motor_demo_msgs/msg/MotorCommand.msg
[2.956s] -- Up-to-date symlink: /home/vox/Vox/install/serial_motor_demo_msgs/share/serial_motor_demo_msgs/msg/MotorVels.msg
[2.957s] -- Up-to-date symlink: /home/vox/Vox/install/serial_motor_demo_msgs/share/serial_motor_demo_msgs/msg/EncoderVals.msg
[2.959s] -- Up-to-date symlink: /home/vox/Vox/install/serial_motor_demo_msgs/share/ament_index/resource_index/package_run_dependencies/serial_motor_demo_msgs
[2.960s] -- Up-to-date symlink: /home/vox/Vox/install/serial_motor_demo_msgs/share/ament_index/resource_index/parent_prefix_path/serial_motor_demo_msgs
[2.960s] -- Up-to-date symlink: /home/vox/Vox/install/serial_motor_demo_msgs/share/serial_motor_demo_msgs/environment/ament_prefix_path.sh
[2.961s] -- Up-to-date symlink: /home/vox/Vox/install/serial_motor_demo_msgs/share/serial_motor_demo_msgs/environment/ament_prefix_path.dsv
[2.961s] -- Up-to-date symlink: /home/vox/Vox/install/serial_motor_demo_msgs/share/serial_motor_demo_msgs/environment/path.sh
[2.962s] -- Up-to-date symlink: /home/vox/Vox/install/serial_motor_demo_msgs/share/serial_motor_demo_msgs/environment/path.dsv
[2.962s] -- Up-to-date symlink: /home/vox/Vox/install/serial_motor_demo_msgs/share/serial_motor_demo_msgs/local_setup.bash
[2.963s] -- Up-to-date symlink: /home/vox/Vox/install/serial_motor_demo_msgs/share/serial_motor_demo_msgs/local_setup.sh
[2.963s] -- Up-to-date symlink: /home/vox/Vox/install/serial_motor_demo_msgs/share/serial_motor_demo_msgs/local_setup.zsh
[2.965s] -- Up-to-date symlink: /home/vox/Vox/install/serial_motor_demo_msgs/share/serial_motor_demo_msgs/local_setup.dsv
[2.968s] -- Symlinking: /home/vox/Vox/install/serial_motor_demo_msgs/share/serial_motor_demo_msgs/package.dsv
[3.021s] -- Up-to-date symlink: /home/vox/Vox/install/serial_motor_demo_msgs/share/ament_index/resource_index/packages/serial_motor_demo_msgs
[3.022s] -- Up-to-date symlink: /home/vox/Vox/install/serial_motor_demo_msgs/share/serial_motor_demo_msgs/cmake/rosidl_cmake-extras.cmake
[3.024s] -- Up-to-date symlink: /home/vox/Vox/install/serial_motor_demo_msgs/share/serial_motor_demo_msgs/cmake/ament_cmake_export_include_directories-extras.cmake
[3.025s] -- Up-to-date symlink: /home/vox/Vox/install/serial_motor_demo_msgs/share/serial_motor_demo_msgs/cmake/ament_cmake_export_libraries-extras.cmake
[3.027s] -- Up-to-date symlink: /home/vox/Vox/install/serial_motor_demo_msgs/share/serial_motor_demo_msgs/cmake/ament_cmake_export_targets-extras.cmake
[3.028s] -- Up-to-date symlink: /home/vox/Vox/install/serial_motor_demo_msgs/share/serial_motor_demo_msgs/cmake/rosidl_cmake_export_typesupport_targets-extras.cmake
[3.029s] -- Up-to-date symlink: /home/vox/Vox/install/serial_motor_demo_msgs/share/serial_motor_demo_msgs/cmake/ament_cmake_export_dependencies-extras.cmake
[3.031s] -- Up-to-date symlink: /home/vox/Vox/install/serial_motor_demo_msgs/share/serial_motor_demo_msgs/cmake/rosidl_cmake_export_typesupport_libraries-extras.cmake
[3.032s] -- Up-to-date symlink: /home/vox/Vox/install/serial_motor_demo_msgs/share/serial_motor_demo_msgs/cmake/serial_motor_demo_msgsConfig.cmake
[3.033s] -- Up-to-date symlink: /home/vox/Vox/install/serial_motor_demo_msgs/share/serial_motor_demo_msgs/cmake/serial_motor_demo_msgsConfig-version.cmake
[3.034s] -- Up-to-date symlink: /home/vox/Vox/install/serial_motor_demo_msgs/share/serial_motor_demo_msgs/package.xml
[3.036s] -- Up-to-date: /home/vox/Vox/install/serial_motor_demo_msgs/lib/libserial_motor_demo_msgs__rosidl_generator_c.so
[3.040s] -- Up-to-date: /home/vox/Vox/install/serial_motor_demo_msgs/lib/libserial_motor_demo_msgs__rosidl_typesupport_fastrtps_c.so
[3.051s] -- Up-to-date: /home/vox/Vox/install/serial_motor_demo_msgs/lib/libserial_motor_demo_msgs__rosidl_typesupport_introspection_c.so
[3.053s] -- Up-to-date: /home/vox/Vox/install/serial_motor_demo_msgs/lib/libserial_motor_demo_msgs__rosidl_typesupport_c.so
[3.056s] -- Up-to-date: /home/vox/Vox/install/serial_motor_demo_msgs/lib/libserial_motor_demo_msgs__rosidl_typesupport_fastrtps_cpp.so
[3.059s] -- Up-to-date: /home/vox/Vox/install/serial_motor_demo_msgs/lib/libserial_motor_demo_msgs__rosidl_typesupport_introspection_cpp.so
[3.060s] -- Up-to-date: /home/vox/Vox/install/serial_motor_demo_msgs/lib/libserial_motor_demo_msgs__rosidl_typesupport_cpp.so
[3.225s] Listing '/home/vox/Vox/install/serial_motor_demo_msgs/lib/python3.10/site-packages/serial_motor_demo_msgs'...
[3.226s] Listing '/home/vox/Vox/install/serial_motor_demo_msgs/lib/python3.10/site-packages/serial_motor_demo_msgs/msg'...
[3.259s] -- Up-to-date: /home/vox/Vox/install/serial_motor_demo_msgs/lib/libserial_motor_demo_msgs__rosidl_generator_py.so
[3.262s] -- Up-to-date: /home/vox/Vox/install/serial_motor_demo_msgs/share/serial_motor_demo_msgs/cmake/export_serial_motor_demo_msgs__rosidl_generator_cExport.cmake
[3.263s] -- Up-to-date: /home/vox/Vox/install/serial_motor_demo_msgs/share/serial_motor_demo_msgs/cmake/export_serial_motor_demo_msgs__rosidl_generator_cExport-noconfig.cmake
[3.266s] -- Up-to-date: /home/vox/Vox/install/serial_motor_demo_msgs/share/serial_motor_demo_msgs/cmake/export_serial_motor_demo_msgs__rosidl_typesupport_fastrtps_cExport.cmake
[3.267s] -- Up-to-date: /home/vox/Vox/install/serial_motor_demo_msgs/share/serial_motor_demo_msgs/cmake/export_serial_motor_demo_msgs__rosidl_typesupport_fastrtps_cExport-noconfig.cmake
[3.270s] -- Up-to-date: /home/vox/Vox/install/serial_motor_demo_msgs/share/serial_motor_demo_msgs/cmake/serial_motor_demo_msgs__rosidl_typesupport_introspection_cExport.cmake
[3.271s] -- Up-to-date: /home/vox/Vox/install/serial_motor_demo_msgs/share/serial_motor_demo_msgs/cmake/serial_motor_demo_msgs__rosidl_typesupport_introspection_cExport-noconfig.cmake
[3.275s] -- Up-to-date: /home/vox/Vox/install/serial_motor_demo_msgs/share/serial_motor_demo_msgs/cmake/serial_motor_demo_msgs__rosidl_typesupport_cExport.cmake
[3.277s] -- Up-to-date: /home/vox/Vox/install/serial_motor_demo_msgs/share/serial_motor_demo_msgs/cmake/serial_motor_demo_msgs__rosidl_typesupport_cExport-noconfig.cmake
[3.280s] -- Up-to-date: /home/vox/Vox/install/serial_motor_demo_msgs/share/serial_motor_demo_msgs/cmake/export_serial_motor_demo_msgs__rosidl_generator_cppExport.cmake
[3.282s] -- Up-to-date: /home/vox/Vox/install/serial_motor_demo_msgs/share/serial_motor_demo_msgs/cmake/export_serial_motor_demo_msgs__rosidl_typesupport_fastrtps_cppExport.cmake
[3.284s] -- Up-to-date: /home/vox/Vox/install/serial_motor_demo_msgs/share/serial_motor_demo_msgs/cmake/export_serial_motor_demo_msgs__rosidl_typesupport_fastrtps_cppExport-noconfig.cmake
[3.286s] -- Up-to-date: /home/vox/Vox/install/serial_motor_demo_msgs/share/serial_motor_demo_msgs/cmake/serial_motor_demo_msgs__rosidl_typesupport_introspection_cppExport.cmake
[3.288s] -- Up-to-date: /home/vox/Vox/install/serial_motor_demo_msgs/share/serial_motor_demo_msgs/cmake/serial_motor_demo_msgs__rosidl_typesupport_introspection_cppExport-noconfig.cmake
[3.290s] -- Up-to-date: /home/vox/Vox/install/serial_motor_demo_msgs/share/serial_motor_demo_msgs/cmake/serial_motor_demo_msgs__rosidl_typesupport_cppExport.cmake
[3.303s] -- Up-to-date: /home/vox/Vox/install/serial_motor_demo_msgs/share/serial_motor_demo_msgs/cmake/serial_motor_demo_msgs__rosidl_typesupport_cppExport-noconfig.cmake
[3.305s] -- Up-to-date: /home/vox/Vox/install/serial_motor_demo_msgs/share/serial_motor_demo_msgs/cmake/export_serial_motor_demo_msgs__rosidl_generator_pyExport.cmake
[3.306s] -- Up-to-date: /home/vox/Vox/install/serial_motor_demo_msgs/share/serial_motor_demo_msgs/cmake/export_serial_motor_demo_msgs__rosidl_generator_pyExport-noconfig.cmake
[3.338s] Invoked command in '/home/vox/Vox/build/serial_motor_demo_msgs' returned '0': CMAKE_PREFIX_PATH=/opt/ros/iron /usr/bin/cmake --install /home/vox/Vox/build/serial_motor_demo_msgs
