[3.745s] Invoking command in '/home/vox/Vox/build/ball_tracker': PYTHONPATH=/home/vox/Vox/build/ball_tracker/prefix_override:/home/vox/Vox/install/ball_tracker/lib/python3.10/site-packages:${PYTHONPATH} /usr/bin/python3 -W ignore:setup.py install is deprecated setup.py develop --editable --build-directory /home/vox/Vox/build/ball_tracker/build --no-deps symlink_data
[5.118s] /usr/lib/python3/dist-packages/setuptools/dist.py:723: UserWarning: Usage of dash-separated 'script-dir' will not be supported in future versions. Please use the underscore name 'script_dir' instead
[5.119s]   warnings.warn(
[5.325s] running develop
[5.326s] /usr/lib/python3/dist-packages/setuptools/command/easy_install.py:158: EasyInstallDeprecationWarning: easy_install command is deprecated. Use build and pip and other standards-based tools.
[5.327s]   warnings.warn(
[6.517s] running egg_info
[6.518s] writing ball_tracker.egg-info/PKG-INFO
[6.519s] writing dependency_links to ball_tracker.egg-info/dependency_links.txt
[6.520s] writing entry points to ball_tracker.egg-info/entry_points.txt
[6.522s] writing requirements to ball_tracker.egg-info/requires.txt
[6.522s] writing top-level names to ball_tracker.egg-info/top_level.txt
[6.532s] reading manifest file 'ball_tracker.egg-info/SOURCES.txt'
[6.536s] writing manifest file 'ball_tracker.egg-info/SOURCES.txt'
[6.543s] running build_ext
[6.544s] Creating /home/vox/Vox/install/ball_tracker/lib/python3.10/site-packages/ball-tracker.egg-link (link to .)
[6.549s] Installing detect_ball script to /home/vox/Vox/install/ball_tracker/lib/ball_tracker
[6.551s] Installing detect_ball_3d script to /home/vox/Vox/install/ball_tracker/lib/ball_tracker
[6.552s] Installing follow_ball script to /home/vox/Vox/install/ball_tracker/lib/ball_tracker
[6.554s] 
[6.555s] Installed /home/vox/Vox/build/ball_tracker
[6.556s] running symlink_data
[6.729s] Invoked command in '/home/vox/Vox/build/ball_tracker' returned '0': PYTHONPATH=/home/vox/Vox/build/ball_tracker/prefix_override:/home/vox/Vox/install/ball_tracker/lib/python3.10/site-packages:${PYTHONPATH} /usr/bin/python3 -W ignore:setup.py install is deprecated setup.py develop --editable --build-directory /home/vox/Vox/build/ball_tracker/build --no-deps symlink_data
