[3.885s] Invoking command in '/home/vox/Vox/build/ball_tracker': PYTHONPATH=/home/vox/Vox/build/ball_tracker/prefix_override:/home/vox/Vox/install/ball_tracker/lib/python3.10/site-packages:${PYTHONPATH} /usr/bin/python3 -W ignore:setup.py install is deprecated setup.py develop --editable --build-directory /home/vox/Vox/build/ball_tracker/build --no-deps symlink_data
[5.288s] /usr/lib/python3/dist-packages/setuptools/dist.py:723: UserWarning: Usage of dash-separated 'script-dir' will not be supported in future versions. Please use the underscore name 'script_dir' instead
[5.288s]   warnings.warn(
[5.482s] running develop
[5.483s] /usr/lib/python3/dist-packages/setuptools/command/easy_install.py:158: EasyInstallDeprecationWarning: easy_install command is deprecated. Use build and pip and other standards-based tools.
[5.484s]   warnings.warn(
[6.710s] running egg_info
[6.711s] writing ball_tracker.egg-info/PKG-INFO
[6.713s] writing dependency_links to ball_tracker.egg-info/dependency_links.txt
[6.715s] writing entry points to ball_tracker.egg-info/entry_points.txt
[6.716s] writing requirements to ball_tracker.egg-info/requires.txt
[6.718s] writing top-level names to ball_tracker.egg-info/top_level.txt
[6.727s] reading manifest file 'ball_tracker.egg-info/SOURCES.txt'
[6.731s] writing manifest file 'ball_tracker.egg-info/SOURCES.txt'
[6.739s] running build_ext
[6.740s] Creating /home/vox/Vox/install/ball_tracker/lib/python3.10/site-packages/ball-tracker.egg-link (link to .)
[6.745s] Installing detect_ball script to /home/vox/Vox/install/ball_tracker/lib/ball_tracker
[6.746s] Installing detect_ball_3d script to /home/vox/Vox/install/ball_tracker/lib/ball_tracker
[6.747s] Installing follow_ball script to /home/vox/Vox/install/ball_tracker/lib/ball_tracker
[6.749s] 
[6.751s] Installed /home/vox/Vox/build/ball_tracker
[6.753s] running symlink_data
[6.939s] Invoked command in '/home/vox/Vox/build/ball_tracker' returned '0': PYTHONPATH=/home/vox/Vox/build/ball_tracker/prefix_override:/home/vox/Vox/install/ball_tracker/lib/python3.10/site-packages:${PYTHONPATH} /usr/bin/python3 -W ignore:setup.py install is deprecated setup.py develop --editable --build-directory /home/vox/Vox/build/ball_tracker/build --no-deps symlink_data
