[0.420s] Invoking command in '/home/vox/Vox/build/vox': CMAKE_PREFIX_PATH=${CMAKE_PREFIX_PATH}:/home/vox/Vox/install/serial_motor_demo:/opt/ros/iron /usr/bin/cmake --build /home/vox/Vox/build/vox -- -j4 -l4
[1.401s] Invoked command in '/home/vox/Vox/build/vox' returned '0': CMAKE_PREFIX_PATH=${CMAKE_PREFIX_PATH}:/home/vox/Vox/install/serial_motor_demo:/opt/ros/iron /usr/bin/cmake --build /home/vox/Vox/build/vox -- -j4 -l4
[1.566s] Invoking command in '/home/vox/Vox/build/vox': CMAKE_PREFIX_PATH=${CMAKE_PREFIX_PATH}:/home/vox/Vox/install/serial_motor_demo:/opt/ros/iron /usr/bin/cmake --install /home/vox/Vox/build/vox
[1.655s] -- Install configuration: ""
[1.670s] -- Execute custom install script
[1.703s] -- Up-to-date symlink: /home/vox/Vox/install/vox/share/vox/config/gazebo_params.yaml
[1.704s] -- Up-to-date symlink: /home/vox/Vox/install/vox/share/vox/config/joystick.yaml
[1.707s] -- Up-to-date symlink: /home/vox/Vox/install/vox/share/vox/config/mapper_params_localization.yaml
[1.718s] -- Up-to-date symlink: /home/vox/Vox/install/vox/share/vox/config/mapper_params_online_async.yaml
[1.718s] -- Up-to-date symlink: /home/vox/Vox/install/vox/share/vox/config/my_controllers.yaml
[1.720s] -- Up-to-date symlink: /home/vox/Vox/install/vox/share/vox/config/rviz_config.rviz
[1.721s] -- Up-to-date symlink: /home/vox/Vox/install/vox/share/vox/config/twist_mux.yaml
[1.733s] -- Symlinking: /home/vox/Vox/install/vox/share/vox/description/.robot_core.xacro.swp
[1.784s] -- Up-to-date symlink: /home/vox/Vox/install/vox/share/vox/description/camera.xacro
[1.786s] -- Up-to-date symlink: /home/vox/Vox/install/vox/share/vox/description/colors.xacro
[1.787s] -- Up-to-date symlink: /home/vox/Vox/install/vox/share/vox/description/gazebo_controls.xacro
[1.788s] -- Up-to-date symlink: /home/vox/Vox/install/vox/share/vox/description/laser.xacro
[1.789s] -- Up-to-date symlink: /home/vox/Vox/install/vox/share/vox/description/robot.urdf.xacro
[1.790s] -- Up-to-date symlink: /home/vox/Vox/install/vox/share/vox/description/robot_core.xacro
[1.791s] -- Up-to-date symlink: /home/vox/Vox/install/vox/share/vox/description/ros2_control.xacro
[1.794s] -- Up-to-date symlink: /home/vox/Vox/install/vox/share/vox/launch/camera.launch.py
[1.795s] -- Up-to-date symlink: /home/vox/Vox/install/vox/share/vox/launch/joystick.launch.py
[1.797s] -- Up-to-date symlink: /home/vox/Vox/install/vox/share/vox/launch/launch_robot_no_joystick.launch.py
[1.798s] -- Up-to-date symlink: /home/vox/Vox/install/vox/share/vox/launch/launch_sim.launch.py
[1.801s] -- Up-to-date symlink: /home/vox/Vox/install/vox/share/vox/launch/launch_sim_no_joystick.launch.py
[1.802s] -- Symlinking: /home/vox/Vox/install/vox/share/vox/launch/lidar.launch.py
[1.843s] -- Up-to-date symlink: /home/vox/Vox/install/vox/share/vox/launch/rsp.launch.py
[1.854s] -- Up-to-date symlink: /home/vox/Vox/install/vox/share/vox/worlds/sim.world
[1.855s] -- Up-to-date symlink: /home/vox/Vox/install/vox/share/ament_index/resource_index/package_run_dependencies/vox
[1.859s] -- Up-to-date symlink: /home/vox/Vox/install/vox/share/ament_index/resource_index/parent_prefix_path/vox
[1.861s] -- Up-to-date symlink: /home/vox/Vox/install/vox/share/vox/environment/ament_prefix_path.sh
[1.862s] -- Up-to-date symlink: /home/vox/Vox/install/vox/share/vox/environment/ament_prefix_path.dsv
[1.866s] -- Up-to-date symlink: /home/vox/Vox/install/vox/share/vox/environment/path.sh
[1.867s] -- Up-to-date symlink: /home/vox/Vox/install/vox/share/vox/environment/path.dsv
[1.868s] -- Up-to-date symlink: /home/vox/Vox/install/vox/share/vox/local_setup.bash
[1.871s] -- Up-to-date symlink: /home/vox/Vox/install/vox/share/vox/local_setup.sh
[1.874s] -- Up-to-date symlink: /home/vox/Vox/install/vox/share/vox/local_setup.zsh
[1.875s] -- Up-to-date symlink: /home/vox/Vox/install/vox/share/vox/local_setup.dsv
[1.876s] -- Symlinking: /home/vox/Vox/install/vox/share/vox/package.dsv
[1.921s] -- Up-to-date symlink: /home/vox/Vox/install/vox/share/ament_index/resource_index/packages/vox
[1.925s] -- Up-to-date symlink: /home/vox/Vox/install/vox/share/vox/cmake/voxConfig.cmake
[1.927s] -- Up-to-date symlink: /home/vox/Vox/install/vox/share/vox/cmake/voxConfig-version.cmake
[1.928s] -- Up-to-date symlink: /home/vox/Vox/install/vox/share/vox/package.xml
[1.936s] Invoked command in '/home/vox/Vox/build/vox' returned '0': CMAKE_PREFIX_PATH=${CMAKE_PREFIX_PATH}:/home/vox/Vox/install/serial_motor_demo:/opt/ros/iron /usr/bin/cmake --install /home/vox/Vox/build/vox
