[3.271s] Invoking command in '/home/vox/Vox/build/serial_motor_demo': CMAKE_PREFIX_PATH=/home/vox/Vox/install/serial_motor_demo_msgs:/home/vox/Vox/install/vox:/home/vox/Vox/install/diffdrive_arduino LD_LIBRARY_PATH=/home/vox/Vox/install/serial_motor_demo_msgs/lib:/home/vox/Vox/install/diffdrive_arduino/lib:/opt/ros/iron/lib/aarch64-linux-gnu:/opt/ros/iron/lib:/opt/vc/lib PYTHONPATH=/home/vox/Vox/build/serial_motor_demo/prefix_override:/home/vox/Vox/install/serial_motor_demo/lib/python3.10/site-packages:/home/vox/Vox/install/serial_motor_demo_msgs/lib/python3.10/site-packages:/home/vox/Vox/build/serial_motor_demo:/home/vox/Vox/install/serial_motor_demo/lib/python3.10/site-packages:/opt/ros/iron/lib/python3.10/site-packages /usr/bin/python3 -W ignore:setup.py install is deprecated setup.py develop --editable --build-directory /home/vox/Vox/build/serial_motor_demo/build --no-deps symlink_data
[4.174s] /usr/lib/python3/dist-packages/setuptools/dist.py:723: UserWarning: Usage of dash-separated 'script-dir' will not be supported in future versions. Please use the underscore name 'script_dir' instead
[4.175s]   warnings.warn(
[4.318s] running develop
[4.326s] /usr/lib/python3/dist-packages/setuptools/command/easy_install.py:158: EasyInstallDeprecationWarning: easy_install command is deprecated. Use build and pip and other standards-based tools.
[4.327s]   warnings.warn(
[4.948s] running egg_info
[4.948s] creating serial_motor_demo.egg-info
[4.949s] writing serial_motor_demo.egg-info/PKG-INFO
[4.950s] writing dependency_links to serial_motor_demo.egg-info/dependency_links.txt
[4.950s] writing entry points to serial_motor_demo.egg-info/entry_points.txt
[4.951s] writing requirements to serial_motor_demo.egg-info/requires.txt
[4.951s] writing top-level names to serial_motor_demo.egg-info/top_level.txt
[4.952s] writing manifest file 'serial_motor_demo.egg-info/SOURCES.txt'
[4.962s] reading manifest file 'serial_motor_demo.egg-info/SOURCES.txt'
[4.964s] writing manifest file 'serial_motor_demo.egg-info/SOURCES.txt'
[4.970s] running build_ext
[4.971s] Creating /home/vox/Vox/install/serial_motor_demo/lib/python3.10/site-packages/serial-motor-demo.egg-link (link to .)
[4.975s] Installing driver script to /home/vox/Vox/install/serial_motor_demo/lib/serial_motor_demo
[4.975s] Installing gui script to /home/vox/Vox/install/serial_motor_demo/lib/serial_motor_demo
[4.977s] 
[4.977s] Installed /home/vox/Vox/build/serial_motor_demo
[4.978s] running symlink_data
[4.978s] creating /home/vox/Vox/install/serial_motor_demo/share/ament_index
[4.979s] creating /home/vox/Vox/install/serial_motor_demo/share/ament_index/resource_index
[4.979s] creating /home/vox/Vox/install/serial_motor_demo/share/ament_index/resource_index/packages
[4.980s] symbolically linking /home/vox/Vox/build/serial_motor_demo/resource/serial_motor_demo -> /home/vox/Vox/install/serial_motor_demo/share/ament_index/resource_index/packages
[4.981s] symbolically linking /home/vox/Vox/build/serial_motor_demo/package.xml -> /home/vox/Vox/install/serial_motor_demo/share/serial_motor_demo
[5.110s] Invoked command in '/home/vox/Vox/build/serial_motor_demo' returned '0': CMAKE_PREFIX_PATH=/home/vox/Vox/install/serial_motor_demo_msgs:/home/vox/Vox/install/vox:/home/vox/Vox/install/diffdrive_arduino LD_LIBRARY_PATH=/home/vox/Vox/install/serial_motor_demo_msgs/lib:/home/vox/Vox/install/diffdrive_arduino/lib:/opt/ros/iron/lib/aarch64-linux-gnu:/opt/ros/iron/lib:/opt/vc/lib PYTHONPATH=/home/vox/Vox/build/serial_motor_demo/prefix_override:/home/vox/Vox/install/serial_motor_demo/lib/python3.10/site-packages:/home/vox/Vox/install/serial_motor_demo_msgs/lib/python3.10/site-packages:/home/vox/Vox/build/serial_motor_demo:/home/vox/Vox/install/serial_motor_demo/lib/python3.10/site-packages:/opt/ros/iron/lib/python3.10/site-packages /usr/bin/python3 -W ignore:setup.py install is deprecated setup.py develop --editable --build-directory /home/vox/Vox/build/serial_motor_demo/build --no-deps symlink_data
