[0.077s] Invoking command in '/home/vox/Vox/build/diffdrive_arduino': CMAKE_PREFIX_PATH=${CMAKE_PREFIX_PATH}:/home/vox/Vox/install/serial_motor_demo:/opt/ros/iron /usr/bin/cmake --build /home/vox/Vox/build/diffdrive_arduino -- -j4 -l4
[0.374s] [ 50%] [32mBuilding CXX object CMakeFiles/diffdrive_arduino.dir/hardware/diffbot_system.cpp.o[0m
[19.807s] [100%] [32m[1mLinking CXX shared library libdiffdrive_arduino.so[0m
[20.801s] [100%] Built target diffdrive_arduino
[20.841s] Invoked command in '/home/vox/Vox/build/diffdrive_arduino' returned '0': CMAKE_PREFIX_PATH=${CMAKE_PREFIX_PATH}:/home/vox/Vox/install/serial_motor_demo:/opt/ros/iron /usr/bin/cmake --build /home/vox/Vox/build/diffdrive_arduino -- -j4 -l4
[20.993s] Invoking command in '/home/vox/Vox/build/diffdrive_arduino': CMAKE_PREFIX_PATH=${CMAKE_PREFIX_PATH}:/home/vox/Vox/install/serial_motor_demo:/opt/ros/iron /usr/bin/cmake --install /home/vox/Vox/build/diffdrive_arduino
[21.024s] -- Install configuration: ""
[21.026s] -- Execute custom install script
[21.027s] -- Up-to-date symlink: /home/vox/Vox/install/diffdrive_arduino/share/diffdrive_arduino//diffdrive_arduino.xml
[21.029s] -- Up-to-date symlink: /home/vox/Vox/install/diffdrive_arduino/include/diffdrive_arduino/diffdrive_arduino/arduino_comms.hpp
[21.030s] -- Up-to-date symlink: /home/vox/Vox/install/diffdrive_arduino/include/diffdrive_arduino/diffdrive_arduino/diffbot_system.hpp
[21.031s] -- Up-to-date symlink: /home/vox/Vox/install/diffdrive_arduino/include/diffdrive_arduino/diffdrive_arduino/visibility_control.h
[21.031s] -- Up-to-date symlink: /home/vox/Vox/install/diffdrive_arduino/include/diffdrive_arduino/diffdrive_arduino/wheel.hpp
[21.033s] -- Up-to-date symlink: /home/vox/Vox/install/diffdrive_arduino/share/diffdrive_arduino/launch/view_robot.launch.py
[21.034s] -- Up-to-date symlink: /home/vox/Vox/install/diffdrive_arduino/share/diffdrive_arduino/ros2_control/diffbot.ros2_control.xacro
[21.035s] -- Up-to-date symlink: /home/vox/Vox/install/diffdrive_arduino/share/diffdrive_arduino/urdf/diffbot.materials.xacro
[21.036s] -- Up-to-date symlink: /home/vox/Vox/install/diffdrive_arduino/share/diffdrive_arduino/urdf/diffbot.urdf.xacro
[21.036s] -- Up-to-date symlink: /home/vox/Vox/install/diffdrive_arduino/share/diffdrive_arduino/urdf/diffbot_description.urdf.xacro
[21.038s] -- Up-to-date symlink: /home/vox/Vox/install/diffdrive_arduino/share/diffdrive_arduino/rviz/diffbot.rviz
[21.039s] -- Up-to-date symlink: /home/vox/Vox/install/diffdrive_arduino/share/diffdrive_arduino/rviz/diffbot_view.rviz
[21.040s] -- Up-to-date symlink: /home/vox/Vox/install/diffdrive_arduino/share/diffdrive_arduino/launch/diffbot.launch.py
[21.041s] -- Up-to-date symlink: /home/vox/Vox/install/diffdrive_arduino/share/diffdrive_arduino/config/diffbot_controllers.yaml
[21.042s] -- Up-to-date symlink: /home/vox/Vox/install/diffdrive_arduino/share/diffdrive_arduino/environment/library_path.sh
[21.043s] -- Up-to-date symlink: /home/vox/Vox/install/diffdrive_arduino/share/diffdrive_arduino/environment/library_path.dsv
[21.044s] -- Up-to-date symlink: /home/vox/Vox/install/diffdrive_arduino/share/ament_index/resource_index/package_run_dependencies/diffdrive_arduino
[21.045s] -- Up-to-date symlink: /home/vox/Vox/install/diffdrive_arduino/share/ament_index/resource_index/parent_prefix_path/diffdrive_arduino
[21.046s] -- Up-to-date symlink: /home/vox/Vox/install/diffdrive_arduino/share/diffdrive_arduino/environment/ament_prefix_path.sh
[21.047s] -- Up-to-date symlink: /home/vox/Vox/install/diffdrive_arduino/share/diffdrive_arduino/environment/ament_prefix_path.dsv
[21.047s] -- Up-to-date symlink: /home/vox/Vox/install/diffdrive_arduino/share/diffdrive_arduino/environment/path.sh
[21.048s] -- Up-to-date symlink: /home/vox/Vox/install/diffdrive_arduino/share/diffdrive_arduino/environment/path.dsv
[21.049s] -- Up-to-date symlink: /home/vox/Vox/install/diffdrive_arduino/share/diffdrive_arduino/local_setup.bash
[21.050s] -- Up-to-date symlink: /home/vox/Vox/install/diffdrive_arduino/share/diffdrive_arduino/local_setup.sh
[21.051s] -- Up-to-date symlink: /home/vox/Vox/install/diffdrive_arduino/share/diffdrive_arduino/local_setup.zsh
[21.051s] -- Up-to-date symlink: /home/vox/Vox/install/diffdrive_arduino/share/diffdrive_arduino/local_setup.dsv
[21.052s] -- Symlinking: /home/vox/Vox/install/diffdrive_arduino/share/diffdrive_arduino/package.dsv
[21.089s] -- Up-to-date symlink: /home/vox/Vox/install/diffdrive_arduino/share/ament_index/resource_index/packages/diffdrive_arduino
[21.090s] -- Up-to-date symlink: /home/vox/Vox/install/diffdrive_arduino/share/ament_index/resource_index/hardware_interface__pluginlib__plugin/diffdrive_arduino
[21.091s] -- Up-to-date symlink: /home/vox/Vox/install/diffdrive_arduino/share/diffdrive_arduino/cmake/ament_cmake_export_targets-extras.cmake
[21.092s] -- Up-to-date symlink: /home/vox/Vox/install/diffdrive_arduino/share/diffdrive_arduino/cmake/ament_cmake_export_dependencies-extras.cmake
[21.093s] -- Up-to-date symlink: /home/vox/Vox/install/diffdrive_arduino/share/diffdrive_arduino/cmake/diffdrive_arduinoConfig.cmake
[21.094s] -- Up-to-date symlink: /home/vox/Vox/install/diffdrive_arduino/share/diffdrive_arduino/cmake/diffdrive_arduinoConfig-version.cmake
[21.094s] -- Up-to-date symlink: /home/vox/Vox/install/diffdrive_arduino/share/diffdrive_arduino/package.xml
[21.096s] -- Installing: /home/vox/Vox/install/diffdrive_arduino/lib/libdiffdrive_arduino.so
[21.104s] -- Set runtime path of "/home/vox/Vox/install/diffdrive_arduino/lib/libdiffdrive_arduino.so" to ""
[21.104s] -- Up-to-date: /home/vox/Vox/install/diffdrive_arduino/share/diffdrive_arduino/cmake/export_diffdrive_arduinoExport.cmake
[21.105s] -- Up-to-date: /home/vox/Vox/install/diffdrive_arduino/share/diffdrive_arduino/cmake/export_diffdrive_arduinoExport-noconfig.cmake
[21.113s] Invoked command in '/home/vox/Vox/build/diffdrive_arduino' returned '0': CMAKE_PREFIX_PATH=${CMAKE_PREFIX_PATH}:/home/vox/Vox/install/serial_motor_demo:/opt/ros/iron /usr/bin/cmake --install /home/vox/Vox/build/diffdrive_arduino
