[35m[1mConsolidate compiler generated dependencies of target diffdrive_arduino[0m
[ 50%] [32mBuilding CXX object CMakeFiles/diffdrive_arduino.dir/hardware/diffbot_system.cpp.o[0m
In file included from [01m[K/opt/ros/iron/include/rclcpp/rclcpp/logging.hpp:24[m[K,
                 from [01m[K/opt/ros/iron/include/rclcpp/rclcpp/client.hpp:43[m[K,
                 from [01m[K/opt/ros/iron/include/rclcpp/rclcpp/callback_group.hpp:24[m[K,
                 from [01m[K/opt/ros/iron/include/rclcpp/rclcpp/any_executable.hpp:20[m[K,
                 from [01m[K/opt/ros/iron/include/rclcpp/rclcpp/memory_strategy.hpp:25[m[K,
                 from [01m[K/opt/ros/iron/include/rclcpp/rclcpp/memory_strategies.hpp:18[m[K,
                 from [01m[K/opt/ros/iron/include/rclcpp/rclcpp/executor_options.hpp:20[m[K,
                 from [01m[K/opt/ros/iron/include/rclcpp/rclcpp/executor.hpp:37[m[K,
                 from [01m[K/opt/ros/iron/include/rclcpp/rclcpp/executors/multi_threaded_executor.hpp:25[m[K,
                 from [01m[K/opt/ros/iron/include/rclcpp/rclcpp/executors.hpp:21[m[K,
                 from [01m[K/opt/ros/iron/include/rclcpp/rclcpp/rclcpp.hpp:167[m[K,
                 from [01m[K/home/vox/Vox/src/diffdrive_arduino/hardware/diffbot_system.cpp:24[m[K:
[01m[K/home/vox/Vox/src/diffdrive_arduino/hardware/diffbot_system.cpp:[m[K In member function ‘[01m[Kvirtual hardware_interface::return_type diffdrive_arduino::DiffDriveArduinoHardware::read(const rclcpp::Time&, const rclcpp::Duration&)[m[K’:
[01m[K/home/vox/Vox/src/diffdrive_arduino/hardware/diffbot_system.cpp:239:97:[m[K [01;31m[Kerror: [m[K‘[01m[Kwheel_fl[m[K’ was not declared in this scope; did you mean ‘[01m[Kwheel_fl_[m[K’?
  239 |   RCLCPP_INFO(rclcpp::get_logger("DiffDriveArduinoHardware"), "reading... left: %d, right: %d", [01;31m[Kwheel_fl[m[K.vel, wheel_fr.vel);
      |                                                                                                 [01;31m[K^~~~~~~~[m[K
[01m[K/home/vox/Vox/src/diffdrive_arduino/hardware/diffbot_system.cpp:239:111:[m[K [01;31m[Kerror: [m[K‘[01m[Kwheel_fr[m[K’ was not declared in this scope; did you mean ‘[01m[Kwheel_fr_[m[K’?
  239 | LCPP_INFO(rclcpp::get_logger("DiffDriveArduinoHardware"), "reading... left: %d, right: %d", wheel_fl.vel, [01;31m[Kwheel_fr[m[K.vel);
      |                                                                                                           [01;31m[K^~~~~~~~[m[K

gmake[2]: *** [CMakeFiles/diffdrive_arduino.dir/build.make:76: CMakeFiles/diffdrive_arduino.dir/hardware/diffbot_system.cpp.o] Error 1
gmake[1]: *** [CMakeFiles/Makefile2:137: CMakeFiles/diffdrive_arduino.dir/all] Error 2
gmake: *** [Makefile:146: all] Error 2
