[1.399s] Invoking command in '/home/vox/Vox/build/mpu9250driver': CMAKE_PREFIX_PATH=${CMAKE_PREFIX_PATH}:/home/vox/Vox/install/serial_motor_demo:/home/vox/Vox/install/ball_tracker:/opt/ros/iron /usr/bin/cmake /home/vox/Vox/src/ros2_mpu9250_driver -DAMENT_CMAKE_SYMLINK_INSTALL=1 -DCMAKE_INSTALL_PREFIX=/home/vox/Vox/install/mpu9250driver
[1.766s] -- The C compiler identification is GNU 11.4.0
[2.097s] -- The CXX compiler identification is GNU 11.4.0
[2.141s] -- Detecting C compiler ABI info
[2.575s] -- Detecting C compiler ABI info - done
[2.608s] -- Check for working C compiler: /usr/bin/cc - skipped
[2.611s] -- Detecting C compile features
[2.614s] -- Detecting C compile features - done
[2.631s] -- Detecting CXX compiler ABI info
[3.104s] -- Detecting CXX compiler ABI info - done
[3.138s] -- Check for working CXX compiler: /usr/bin/c++ - skipped
[3.139s] -- Detecting CXX compile features
[3.141s] -- Detecting CXX compile features - done
[3.172s] -- Found ament_cmake: 2.0.5 (/opt/ros/iron/share/ament_cmake/cmake)
[4.349s] -- Found Python3: /usr/bin/python3.10 (found version "3.10.12") found components: Interpreter 
[4.683s] -- Override CMake install command with custom implementation using symlinks instead of copying resources
[4.973s] -- Found rclcpp: 21.0.6 (/opt/ros/iron/share/rclcpp/cmake)
[5.358s] -- Found rosidl_generator_c: 4.0.1 (/opt/ros/iron/share/rosidl_generator_c/cmake)
[5.463s] -- Found rosidl_generator_cpp: 4.0.1 (/opt/ros/iron/share/rosidl_generator_cpp/cmake)
[5.586s] -- Using all available rosidl_typesupport_c: rosidl_typesupport_fastrtps_c;rosidl_typesupport_introspection_c
[5.730s] -- Using all available rosidl_typesupport_cpp: rosidl_typesupport_fastrtps_cpp;rosidl_typesupport_introspection_cpp
[6.601s] -- Found rmw_implementation_cmake: 7.1.0 (/opt/ros/iron/share/rmw_implementation_cmake/cmake)
[6.627s] -- Found rmw_fastrtps_cpp: 7.1.3 (/opt/ros/iron/share/rmw_fastrtps_cpp/cmake)
[7.460s] -- Found OpenSSL: /usr/lib/aarch64-linux-gnu/libcrypto.so (found version "3.0.2")  
[7.694s] -- Found FastRTPS: /opt/ros/iron/include  
[8.083s] -- Using RMW implementation 'rmw_fastrtps_cpp' as default
[8.979s] -- Found sensor_msgs: 5.0.1 (/opt/ros/iron/share/sensor_msgs/cmake)
[10.441s] -- Configuring done
[10.555s] -- Generating done
[10.572s] -- Build files have been written to: /home/vox/Vox/build/mpu9250driver
[10.647s] Invoked command in '/home/vox/Vox/build/mpu9250driver' returned '0': CMAKE_PREFIX_PATH=${CMAKE_PREFIX_PATH}:/home/vox/Vox/install/serial_motor_demo:/home/vox/Vox/install/ball_tracker:/opt/ros/iron /usr/bin/cmake /home/vox/Vox/src/ros2_mpu9250_driver -DAMENT_CMAKE_SYMLINK_INSTALL=1 -DCMAKE_INSTALL_PREFIX=/home/vox/Vox/install/mpu9250driver
[10.649s] Invoking command in '/home/vox/Vox/build/mpu9250driver': CMAKE_PREFIX_PATH=${CMAKE_PREFIX_PATH}:/home/vox/Vox/install/serial_motor_demo:/home/vox/Vox/install/ball_tracker:/opt/ros/iron /usr/bin/cmake --build /home/vox/Vox/build/mpu9250driver -- -j4 -l4
[11.077s] [ 16%] [32mBuilding CXX object lib/mpu9250sensor/CMakeFiles/mpu9250sensor.dir/src/mpu9250sensor.cpp.o[0m
[11.105s] [ 33%] [32mBuilding CXX object lib/i2c/CMakeFiles/linux_i2c_communicator.dir/src/LinuxI2cCommunicator.cpp.o[0m
[13.421s] [ 50%] [32m[1mLinking CXX static library liblinux_i2c_communicator.a[0m
[13.664s] [ 50%] Built target linux_i2c_communicator
[15.806s] [ 66%] [32m[1mLinking CXX static library libmpu9250sensor.a[0m
[16.097s] [ 66%] Built target mpu9250sensor
[16.199s] [ 83%] [32mBuilding CXX object CMakeFiles/mpu9250driver.dir/src/mpu9250driver.cpp.o[0m
[47.076s] [100%] [32m[1mLinking CXX executable mpu9250driver[0m
[48.343s] [100%] Built target mpu9250driver
[48.892s] Invoked command in '/home/vox/Vox/build/mpu9250driver' returned '0': CMAKE_PREFIX_PATH=${CMAKE_PREFIX_PATH}:/home/vox/Vox/install/serial_motor_demo:/home/vox/Vox/install/ball_tracker:/opt/ros/iron /usr/bin/cmake --build /home/vox/Vox/build/mpu9250driver -- -j4 -l4
[49.070s] Invoking command in '/home/vox/Vox/build/mpu9250driver': CMAKE_PREFIX_PATH=${CMAKE_PREFIX_PATH}:/home/vox/Vox/install/serial_motor_demo:/home/vox/Vox/install/ball_tracker:/opt/ros/iron /usr/bin/cmake --install /home/vox/Vox/build/mpu9250driver
[49.096s] -- Install configuration: ""
[49.099s] -- Execute custom install script
[49.101s] -- Symlinking: /home/vox/Vox/install/mpu9250driver/lib/mpu9250driver/mpu9250driver
[49.136s] -- Symlinking: /home/vox/Vox/install/mpu9250driver/share/mpu9250driver//launch/mpu9250driver_launch.py
[49.170s] -- Symlinking: /home/vox/Vox/install/mpu9250driver/share/mpu9250driver//params/mpu9250.yaml
[49.205s] -- Symlinking: /home/vox/Vox/install/mpu9250driver/share/ament_index/resource_index/package_run_dependencies/mpu9250driver
[49.279s] -- Symlinking: /home/vox/Vox/install/mpu9250driver/share/ament_index/resource_index/parent_prefix_path/mpu9250driver
[49.312s] -- Symlinking: /home/vox/Vox/install/mpu9250driver/share/mpu9250driver/environment/ament_prefix_path.sh
[49.346s] -- Symlinking: /home/vox/Vox/install/mpu9250driver/share/mpu9250driver/environment/ament_prefix_path.dsv
[49.379s] -- Symlinking: /home/vox/Vox/install/mpu9250driver/share/mpu9250driver/environment/path.sh
[49.412s] -- Symlinking: /home/vox/Vox/install/mpu9250driver/share/mpu9250driver/environment/path.dsv
[49.445s] -- Symlinking: /home/vox/Vox/install/mpu9250driver/share/mpu9250driver/local_setup.bash
[49.478s] -- Symlinking: /home/vox/Vox/install/mpu9250driver/share/mpu9250driver/local_setup.sh
[49.510s] -- Symlinking: /home/vox/Vox/install/mpu9250driver/share/mpu9250driver/local_setup.zsh
[49.543s] -- Symlinking: /home/vox/Vox/install/mpu9250driver/share/mpu9250driver/local_setup.dsv
[49.577s] -- Symlinking: /home/vox/Vox/install/mpu9250driver/share/mpu9250driver/package.dsv
[49.611s] -- Symlinking: /home/vox/Vox/install/mpu9250driver/share/ament_index/resource_index/packages/mpu9250driver
[49.646s] -- Symlinking: /home/vox/Vox/install/mpu9250driver/share/mpu9250driver/cmake/mpu9250driverConfig.cmake
[49.678s] -- Symlinking: /home/vox/Vox/install/mpu9250driver/share/mpu9250driver/cmake/mpu9250driverConfig-version.cmake
[49.711s] -- Symlinking: /home/vox/Vox/install/mpu9250driver/share/mpu9250driver/package.xml
[49.752s] Invoked command in '/home/vox/Vox/build/mpu9250driver' returned '0': CMAKE_PREFIX_PATH=${CMAKE_PREFIX_PATH}:/home/vox/Vox/install/serial_motor_demo:/home/vox/Vox/install/ball_tracker:/opt/ros/iron /usr/bin/cmake --install /home/vox/Vox/build/mpu9250driver
