[4.494s] Invoking command in '/home/vox/Vox/build/serial_motor_demo': CMAKE_PREFIX_PATH=/home/vox/Vox/install/serial_motor_demo_msgs:/home/vox/Vox/install/vox:/home/vox/Vox/install/diffdrive_arduino LD_LIBRARY_PATH=/home/vox/Vox/install/serial_motor_demo_msgs/lib:/home/vox/Vox/install/diffdrive_arduino/lib:/opt/ros/iron/lib/aarch64-linux-gnu:/opt/ros/iron/lib:/opt/vc/lib PYTHONPATH=/home/vox/Vox/build/serial_motor_demo/prefix_override:/home/vox/Vox/install/serial_motor_demo/lib/python3.10/site-packages:/home/vox/Vox/install/serial_motor_demo_msgs/lib/python3.10/site-packages:/home/vox/Vox/build/serial_motor_demo:/home/vox/Vox/install/serial_motor_demo/lib/python3.10/site-packages:/opt/ros/iron/lib/python3.10/site-packages /usr/bin/python3 -W ignore:setup.py install is deprecated setup.py develop --editable --build-directory /home/vox/Vox/build/serial_motor_demo/build --no-deps symlink_data
[5.677s] /usr/lib/python3/dist-packages/setuptools/dist.py:723: UserWarning: Usage of dash-separated 'script-dir' will not be supported in future versions. Please use the underscore name 'script_dir' instead
[5.677s]   warnings.warn(
[5.862s] running develop
[5.863s] /usr/lib/python3/dist-packages/setuptools/command/easy_install.py:158: EasyInstallDeprecationWarning: easy_install command is deprecated. Use build and pip and other standards-based tools.
[5.864s]   warnings.warn(
[6.902s] running egg_info
[6.903s] writing serial_motor_demo.egg-info/PKG-INFO
[6.904s] writing dependency_links to serial_motor_demo.egg-info/dependency_links.txt
[6.905s] writing entry points to serial_motor_demo.egg-info/entry_points.txt
[6.906s] writing requirements to serial_motor_demo.egg-info/requires.txt
[6.907s] writing top-level names to serial_motor_demo.egg-info/top_level.txt
[6.915s] reading manifest file 'serial_motor_demo.egg-info/SOURCES.txt'
[6.919s] writing manifest file 'serial_motor_demo.egg-info/SOURCES.txt'
[6.925s] running build_ext
[6.926s] Creating /home/vox/Vox/install/serial_motor_demo/lib/python3.10/site-packages/serial-motor-demo.egg-link (link to .)
[6.931s] Installing driver script to /home/vox/Vox/install/serial_motor_demo/lib/serial_motor_demo
[6.932s] Installing gui script to /home/vox/Vox/install/serial_motor_demo/lib/serial_motor_demo
[6.934s] 
[6.934s] Installed /home/vox/Vox/build/serial_motor_demo
[6.935s] running symlink_data
[7.081s] Invoked command in '/home/vox/Vox/build/serial_motor_demo' returned '0': CMAKE_PREFIX_PATH=/home/vox/Vox/install/serial_motor_demo_msgs:/home/vox/Vox/install/vox:/home/vox/Vox/install/diffdrive_arduino LD_LIBRARY_PATH=/home/vox/Vox/install/serial_motor_demo_msgs/lib:/home/vox/Vox/install/diffdrive_arduino/lib:/opt/ros/iron/lib/aarch64-linux-gnu:/opt/ros/iron/lib:/opt/vc/lib PYTHONPATH=/home/vox/Vox/build/serial_motor_demo/prefix_override:/home/vox/Vox/install/serial_motor_demo/lib/python3.10/site-packages:/home/vox/Vox/install/serial_motor_demo_msgs/lib/python3.10/site-packages:/home/vox/Vox/build/serial_motor_demo:/home/vox/Vox/install/serial_motor_demo/lib/python3.10/site-packages:/opt/ros/iron/lib/python3.10/site-packages /usr/bin/python3 -W ignore:setup.py install is deprecated setup.py develop --editable --build-directory /home/vox/Vox/build/serial_motor_demo/build --no-deps symlink_data
