[0.433s] DEBUG:colcon:Command line arguments: ['/usr/bin/colcon', 'build', '--symlink-install']
[0.433s] DEBUG:colcon:Parsed command line arguments: Namespace(log_base=None, log_level=None, verb_name='build', build_base='build', install_base='install', merge_install=False, symlink_install=True, test_result_base=None, continue_on_error=False, executor='parallel', parallel_workers=4, event_handlers=None, ignore_user_meta=False, metas=['./colcon.meta'], base_paths=['.'], packages_ignore=None, packages_ignore_regex=None, paths=None, packages_up_to=None, packages_up_to_regex=None, packages_above=None, packages_above_and_dependencies=None, packages_above_depth=None, packages_select_by_dep=None, packages_skip_by_dep=None, packages_skip_up_to=None, packages_select_build_failed=False, packages_skip_build_finished=False, packages_select_test_failures=False, packages_skip_test_passed=False, packages_select=None, packages_skip=None, packages_select_regex=None, packages_skip_regex=None, packages_start=None, packages_end=None, allow_overriding=[], cmake_args=None, cmake_target=None, cmake_target_skip_unavailable=False, cmake_clean_cache=False, cmake_clean_first=False, cmake_force_configure=False, ament_cmake_args=None, catkin_cmake_args=None, catkin_skip_building_tests=False, mixin_files=None, mixin=None, verb_parser=<colcon_mixin.mixin.mixin_argument.MixinArgumentDecorator object at 0xffffa9a14a90>, verb_extension=<colcon_core.verb.build.BuildVerb object at 0xffffa9b5d1b0>, main=<bound method BuildVerb.main of <colcon_core.verb.build.BuildVerb object at 0xffffa9b5d1b0>>, mixin_verb=('build',))
[1.128s] Level 1:colcon.colcon_core.package_discovery:discover_packages(colcon_meta) check parameters
[1.128s] Level 1:colcon.colcon_core.package_discovery:discover_packages(recursive) check parameters
[1.129s] Level 1:colcon.colcon_core.package_discovery:discover_packages(ignore) check parameters
[1.129s] Level 1:colcon.colcon_core.package_discovery:discover_packages(path) check parameters
[1.129s] Level 1:colcon.colcon_core.package_discovery:discover_packages(colcon_meta) discover
[1.129s] Level 1:colcon.colcon_core.package_discovery:discover_packages(recursive) discover
[1.129s] INFO:colcon.colcon_core.package_discovery:Crawling recursively for packages in '/home/vox/Vox'
[1.130s] Level 1:colcon.colcon_core.package_identification:_identify(.) by extensions ['ignore', 'ignore_ament_install']
[1.130s] Level 1:colcon.colcon_core.package_identification:_identify(.) by extension 'ignore'
[1.130s] Level 1:colcon.colcon_core.package_identification:_identify(.) by extension 'ignore_ament_install'
[1.131s] Level 1:colcon.colcon_core.package_identification:_identify(.) by extensions ['colcon_pkg']
[1.131s] Level 1:colcon.colcon_core.package_identification:_identify(.) by extension 'colcon_pkg'
[1.131s] Level 1:colcon.colcon_core.package_identification:_identify(.) by extensions ['colcon_meta']
[1.131s] Level 1:colcon.colcon_core.package_identification:_identify(.) by extension 'colcon_meta'
[1.131s] Level 1:colcon.colcon_core.package_identification:_identify(.) by extensions ['ros']
[1.131s] Level 1:colcon.colcon_core.package_identification:_identify(.) by extension 'ros'
[1.179s] Level 1:colcon.colcon_core.package_identification:_identify(.) by extensions ['cmake', 'python']
[1.179s] Level 1:colcon.colcon_core.package_identification:_identify(.) by extension 'cmake'
[1.179s] Level 1:colcon.colcon_core.package_identification:_identify(.) by extension 'python'
[1.179s] Level 1:colcon.colcon_core.package_identification:_identify(.) by extensions ['python_setup_py']
[1.180s] Level 1:colcon.colcon_core.package_identification:_identify(.) by extension 'python_setup_py'
[1.180s] Level 1:colcon.colcon_core.package_identification:_identify(build) by extensions ['ignore', 'ignore_ament_install']
[1.181s] Level 1:colcon.colcon_core.package_identification:_identify(build) by extension 'ignore'
[1.181s] Level 1:colcon.colcon_core.package_identification:_identify(build) ignored
[1.181s] Level 1:colcon.colcon_core.package_identification:_identify(install) by extensions ['ignore', 'ignore_ament_install']
[1.182s] Level 1:colcon.colcon_core.package_identification:_identify(install) by extension 'ignore'
[1.182s] Level 1:colcon.colcon_core.package_identification:_identify(install) ignored
[1.182s] Level 1:colcon.colcon_core.package_identification:_identify(log) by extensions ['ignore', 'ignore_ament_install']
[1.183s] Level 1:colcon.colcon_core.package_identification:_identify(log) by extension 'ignore'
[1.183s] Level 1:colcon.colcon_core.package_identification:_identify(log) ignored
[1.183s] Level 1:colcon.colcon_core.package_identification:_identify(src) by extensions ['ignore', 'ignore_ament_install']
[1.184s] Level 1:colcon.colcon_core.package_identification:_identify(src) by extension 'ignore'
[1.184s] Level 1:colcon.colcon_core.package_identification:_identify(src) by extension 'ignore_ament_install'
[1.184s] Level 1:colcon.colcon_core.package_identification:_identify(src) by extensions ['colcon_pkg']
[1.184s] Level 1:colcon.colcon_core.package_identification:_identify(src) by extension 'colcon_pkg'
[1.184s] Level 1:colcon.colcon_core.package_identification:_identify(src) by extensions ['colcon_meta']
[1.184s] Level 1:colcon.colcon_core.package_identification:_identify(src) by extension 'colcon_meta'
[1.185s] Level 1:colcon.colcon_core.package_identification:_identify(src) by extensions ['ros']
[1.185s] Level 1:colcon.colcon_core.package_identification:_identify(src) by extension 'ros'
[1.185s] Level 1:colcon.colcon_core.package_identification:_identify(src) by extensions ['cmake', 'python']
[1.185s] Level 1:colcon.colcon_core.package_identification:_identify(src) by extension 'cmake'
[1.185s] Level 1:colcon.colcon_core.package_identification:_identify(src) by extension 'python'
[1.185s] Level 1:colcon.colcon_core.package_identification:_identify(src) by extensions ['python_setup_py']
[1.186s] Level 1:colcon.colcon_core.package_identification:_identify(src) by extension 'python_setup_py'
[1.186s] Level 1:colcon.colcon_core.package_identification:_identify(src/ball_tracker) by extensions ['ignore', 'ignore_ament_install']
[1.186s] Level 1:colcon.colcon_core.package_identification:_identify(src/ball_tracker) by extension 'ignore'
[1.187s] Level 1:colcon.colcon_core.package_identification:_identify(src/ball_tracker) by extension 'ignore_ament_install'
[1.187s] Level 1:colcon.colcon_core.package_identification:_identify(src/ball_tracker) by extensions ['colcon_pkg']
[1.187s] Level 1:colcon.colcon_core.package_identification:_identify(src/ball_tracker) by extension 'colcon_pkg'
[1.187s] Level 1:colcon.colcon_core.package_identification:_identify(src/ball_tracker) by extensions ['colcon_meta']
[1.187s] Level 1:colcon.colcon_core.package_identification:_identify(src/ball_tracker) by extension 'colcon_meta'
[1.187s] Level 1:colcon.colcon_core.package_identification:_identify(src/ball_tracker) by extensions ['ros']
[1.187s] Level 1:colcon.colcon_core.package_identification:_identify(src/ball_tracker) by extension 'ros'
[1.197s] DEBUG:colcon.colcon_core.package_identification:Package 'src/ball_tracker' with type 'ros.ament_python' and name 'ball_tracker'
[1.197s] Level 1:colcon.colcon_core.package_identification:_identify(src/diffdrive_arduino) by extensions ['ignore', 'ignore_ament_install']
[1.198s] Level 1:colcon.colcon_core.package_identification:_identify(src/diffdrive_arduino) by extension 'ignore'
[1.199s] Level 1:colcon.colcon_core.package_identification:_identify(src/diffdrive_arduino) by extension 'ignore_ament_install'
[1.199s] Level 1:colcon.colcon_core.package_identification:_identify(src/diffdrive_arduino) by extensions ['colcon_pkg']
[1.199s] Level 1:colcon.colcon_core.package_identification:_identify(src/diffdrive_arduino) by extension 'colcon_pkg'
[1.199s] Level 1:colcon.colcon_core.package_identification:_identify(src/diffdrive_arduino) by extensions ['colcon_meta']
[1.199s] Level 1:colcon.colcon_core.package_identification:_identify(src/diffdrive_arduino) by extension 'colcon_meta'
[1.199s] Level 1:colcon.colcon_core.package_identification:_identify(src/diffdrive_arduino) by extensions ['ros']
[1.200s] Level 1:colcon.colcon_core.package_identification:_identify(src/diffdrive_arduino) by extension 'ros'
[1.203s] DEBUG:colcon.colcon_core.package_identification:Package 'src/diffdrive_arduino' with type 'ros.ament_cmake' and name 'diffdrive_arduino'
[1.204s] Level 1:colcon.colcon_core.package_identification:_identify(src/ros2_mpu9250_driver) by extensions ['ignore', 'ignore_ament_install']
[1.204s] Level 1:colcon.colcon_core.package_identification:_identify(src/ros2_mpu9250_driver) by extension 'ignore'
[1.204s] Level 1:colcon.colcon_core.package_identification:_identify(src/ros2_mpu9250_driver) by extension 'ignore_ament_install'
[1.205s] Level 1:colcon.colcon_core.package_identification:_identify(src/ros2_mpu9250_driver) by extensions ['colcon_pkg']
[1.205s] Level 1:colcon.colcon_core.package_identification:_identify(src/ros2_mpu9250_driver) by extension 'colcon_pkg'
[1.205s] Level 1:colcon.colcon_core.package_identification:_identify(src/ros2_mpu9250_driver) by extensions ['colcon_meta']
[1.205s] Level 1:colcon.colcon_core.package_identification:_identify(src/ros2_mpu9250_driver) by extension 'colcon_meta'
[1.205s] Level 1:colcon.colcon_core.package_identification:_identify(src/ros2_mpu9250_driver) by extensions ['ros']
[1.205s] Level 1:colcon.colcon_core.package_identification:_identify(src/ros2_mpu9250_driver) by extension 'ros'
[1.207s] DEBUG:colcon.colcon_core.package_identification:Package 'src/ros2_mpu9250_driver' with type 'ros.ament_cmake' and name 'mpu9250driver'
[1.208s] Level 1:colcon.colcon_core.package_identification:_identify(src/serial_motor_demo) by extensions ['ignore', 'ignore_ament_install']
[1.208s] Level 1:colcon.colcon_core.package_identification:_identify(src/serial_motor_demo) by extension 'ignore'
[1.208s] Level 1:colcon.colcon_core.package_identification:_identify(src/serial_motor_demo) by extension 'ignore_ament_install'
[1.209s] Level 1:colcon.colcon_core.package_identification:_identify(src/serial_motor_demo) by extensions ['colcon_pkg']
[1.209s] Level 1:colcon.colcon_core.package_identification:_identify(src/serial_motor_demo) by extension 'colcon_pkg'
[1.209s] Level 1:colcon.colcon_core.package_identification:_identify(src/serial_motor_demo) by extensions ['colcon_meta']
[1.209s] Level 1:colcon.colcon_core.package_identification:_identify(src/serial_motor_demo) by extension 'colcon_meta'
[1.209s] Level 1:colcon.colcon_core.package_identification:_identify(src/serial_motor_demo) by extensions ['ros']
[1.209s] Level 1:colcon.colcon_core.package_identification:_identify(src/serial_motor_demo) by extension 'ros'
[1.210s] Level 1:colcon.colcon_core.package_identification:_identify(src/serial_motor_demo) by extensions ['cmake', 'python']
[1.210s] Level 1:colcon.colcon_core.package_identification:_identify(src/serial_motor_demo) by extension 'cmake'
[1.210s] Level 1:colcon.colcon_core.package_identification:_identify(src/serial_motor_demo) by extension 'python'
[1.210s] Level 1:colcon.colcon_core.package_identification:_identify(src/serial_motor_demo) by extensions ['python_setup_py']
[1.210s] Level 1:colcon.colcon_core.package_identification:_identify(src/serial_motor_demo) by extension 'python_setup_py'
[1.211s] Level 1:colcon.colcon_core.package_identification:_identify(src/serial_motor_demo/serial_motor_demo) by extensions ['ignore', 'ignore_ament_install']
[1.211s] Level 1:colcon.colcon_core.package_identification:_identify(src/serial_motor_demo/serial_motor_demo) by extension 'ignore'
[1.211s] Level 1:colcon.colcon_core.package_identification:_identify(src/serial_motor_demo/serial_motor_demo) by extension 'ignore_ament_install'
[1.211s] Level 1:colcon.colcon_core.package_identification:_identify(src/serial_motor_demo/serial_motor_demo) by extensions ['colcon_pkg']
[1.211s] Level 1:colcon.colcon_core.package_identification:_identify(src/serial_motor_demo/serial_motor_demo) by extension 'colcon_pkg'
[1.211s] Level 1:colcon.colcon_core.package_identification:_identify(src/serial_motor_demo/serial_motor_demo) by extensions ['colcon_meta']
[1.212s] Level 1:colcon.colcon_core.package_identification:_identify(src/serial_motor_demo/serial_motor_demo) by extension 'colcon_meta'
[1.212s] Level 1:colcon.colcon_core.package_identification:_identify(src/serial_motor_demo/serial_motor_demo) by extensions ['ros']
[1.212s] Level 1:colcon.colcon_core.package_identification:_identify(src/serial_motor_demo/serial_motor_demo) by extension 'ros'
[1.214s] DEBUG:colcon.colcon_core.package_identification:Package 'src/serial_motor_demo/serial_motor_demo' with type 'ros.ament_python' and name 'serial_motor_demo'
[1.215s] Level 1:colcon.colcon_core.package_identification:_identify(src/serial_motor_demo/serial_motor_demo_msgs) by extensions ['ignore', 'ignore_ament_install']
[1.215s] Level 1:colcon.colcon_core.package_identification:_identify(src/serial_motor_demo/serial_motor_demo_msgs) by extension 'ignore'
[1.215s] Level 1:colcon.colcon_core.package_identification:_identify(src/serial_motor_demo/serial_motor_demo_msgs) by extension 'ignore_ament_install'
[1.216s] Level 1:colcon.colcon_core.package_identification:_identify(src/serial_motor_demo/serial_motor_demo_msgs) by extensions ['colcon_pkg']
[1.216s] Level 1:colcon.colcon_core.package_identification:_identify(src/serial_motor_demo/serial_motor_demo_msgs) by extension 'colcon_pkg'
[1.216s] Level 1:colcon.colcon_core.package_identification:_identify(src/serial_motor_demo/serial_motor_demo_msgs) by extensions ['colcon_meta']
[1.216s] Level 1:colcon.colcon_core.package_identification:_identify(src/serial_motor_demo/serial_motor_demo_msgs) by extension 'colcon_meta'
[1.216s] Level 1:colcon.colcon_core.package_identification:_identify(src/serial_motor_demo/serial_motor_demo_msgs) by extensions ['ros']
[1.216s] Level 1:colcon.colcon_core.package_identification:_identify(src/serial_motor_demo/serial_motor_demo_msgs) by extension 'ros'
[1.218s] DEBUG:colcon.colcon_core.package_identification:Package 'src/serial_motor_demo/serial_motor_demo_msgs' with type 'ros.ament_cmake' and name 'serial_motor_demo_msgs'
[1.219s] Level 1:colcon.colcon_core.package_identification:_identify(src/vox) by extensions ['ignore', 'ignore_ament_install']
[1.219s] Level 1:colcon.colcon_core.package_identification:_identify(src/vox) by extension 'ignore'
[1.219s] Level 1:colcon.colcon_core.package_identification:_identify(src/vox) by extension 'ignore_ament_install'
[1.219s] Level 1:colcon.colcon_core.package_identification:_identify(src/vox) by extensions ['colcon_pkg']
[1.220s] Level 1:colcon.colcon_core.package_identification:_identify(src/vox) by extension 'colcon_pkg'
[1.220s] Level 1:colcon.colcon_core.package_identification:_identify(src/vox) by extensions ['colcon_meta']
[1.220s] Level 1:colcon.colcon_core.package_identification:_identify(src/vox) by extension 'colcon_meta'
[1.220s] Level 1:colcon.colcon_core.package_identification:_identify(src/vox) by extensions ['ros']
[1.220s] Level 1:colcon.colcon_core.package_identification:_identify(src/vox) by extension 'ros'
[1.222s] DEBUG:colcon.colcon_core.package_identification:Package 'src/vox' with type 'ros.ament_cmake' and name 'vox'
[1.222s] Level 1:colcon.colcon_core.package_discovery:discover_packages(recursive) using defaults
[1.222s] Level 1:colcon.colcon_core.package_discovery:discover_packages(ignore) discover
[1.222s] Level 1:colcon.colcon_core.package_discovery:discover_packages(ignore) using defaults
[1.223s] Level 1:colcon.colcon_core.package_discovery:discover_packages(path) discover
[1.223s] Level 1:colcon.colcon_core.package_discovery:discover_packages(path) using defaults
[1.302s] Level 1:colcon.colcon_core.package_discovery:discover_packages(prefix_path) check parameters
[1.302s] Level 1:colcon.colcon_core.package_discovery:discover_packages(prefix_path) discover
[1.316s] DEBUG:colcon.colcon_installed_package_information.package_discovery:Found 267 installed packages in /opt/ros/iron
[1.357s] Level 1:colcon.colcon_core.package_discovery:discover_packages(prefix_path) using defaults
[1.511s] Level 5:colcon.colcon_core.verb:set package 'ball_tracker' build argument 'cmake_args' from command line to 'None'
[1.512s] Level 5:colcon.colcon_core.verb:set package 'ball_tracker' build argument 'cmake_target' from command line to 'None'
[1.512s] Level 5:colcon.colcon_core.verb:set package 'ball_tracker' build argument 'cmake_target_skip_unavailable' from command line to 'False'
[1.512s] Level 5:colcon.colcon_core.verb:set package 'ball_tracker' build argument 'cmake_clean_cache' from command line to 'False'
[1.512s] Level 5:colcon.colcon_core.verb:set package 'ball_tracker' build argument 'cmake_clean_first' from command line to 'False'
[1.512s] Level 5:colcon.colcon_core.verb:set package 'ball_tracker' build argument 'cmake_force_configure' from command line to 'False'
[1.512s] Level 5:colcon.colcon_core.verb:set package 'ball_tracker' build argument 'ament_cmake_args' from command line to 'None'
[1.512s] Level 5:colcon.colcon_core.verb:set package 'ball_tracker' build argument 'catkin_cmake_args' from command line to 'None'
[1.513s] Level 5:colcon.colcon_core.verb:set package 'ball_tracker' build argument 'catkin_skip_building_tests' from command line to 'False'
[1.513s] DEBUG:colcon.colcon_core.verb:Building package 'ball_tracker' with the following arguments: {'ament_cmake_args': None, 'build_base': '/home/vox/Vox/build/ball_tracker', 'catkin_cmake_args': None, 'catkin_skip_building_tests': False, 'cmake_args': None, 'cmake_clean_cache': False, 'cmake_clean_first': False, 'cmake_force_configure': False, 'cmake_target': None, 'cmake_target_skip_unavailable': False, 'install_base': '/home/vox/Vox/install/ball_tracker', 'merge_install': False, 'path': '/home/vox/Vox/src/ball_tracker', 'symlink_install': True, 'test_result_base': None}
[1.514s] Level 5:colcon.colcon_core.verb:set package 'diffdrive_arduino' build argument 'cmake_args' from command line to 'None'
[1.514s] Level 5:colcon.colcon_core.verb:set package 'diffdrive_arduino' build argument 'cmake_target' from command line to 'None'
[1.514s] Level 5:colcon.colcon_core.verb:set package 'diffdrive_arduino' build argument 'cmake_target_skip_unavailable' from command line to 'False'
[1.514s] Level 5:colcon.colcon_core.verb:set package 'diffdrive_arduino' build argument 'cmake_clean_cache' from command line to 'False'
[1.515s] Level 5:colcon.colcon_core.verb:set package 'diffdrive_arduino' build argument 'cmake_clean_first' from command line to 'False'
[1.515s] Level 5:colcon.colcon_core.verb:set package 'diffdrive_arduino' build argument 'cmake_force_configure' from command line to 'False'
[1.515s] Level 5:colcon.colcon_core.verb:set package 'diffdrive_arduino' build argument 'ament_cmake_args' from command line to 'None'
[1.515s] Level 5:colcon.colcon_core.verb:set package 'diffdrive_arduino' build argument 'catkin_cmake_args' from command line to 'None'
[1.515s] Level 5:colcon.colcon_core.verb:set package 'diffdrive_arduino' build argument 'catkin_skip_building_tests' from command line to 'False'
[1.515s] DEBUG:colcon.colcon_core.verb:Building package 'diffdrive_arduino' with the following arguments: {'ament_cmake_args': None, 'build_base': '/home/vox/Vox/build/diffdrive_arduino', 'catkin_cmake_args': None, 'catkin_skip_building_tests': False, 'cmake_args': None, 'cmake_clean_cache': False, 'cmake_clean_first': False, 'cmake_force_configure': False, 'cmake_target': None, 'cmake_target_skip_unavailable': False, 'install_base': '/home/vox/Vox/install/diffdrive_arduino', 'merge_install': False, 'path': '/home/vox/Vox/src/diffdrive_arduino', 'symlink_install': True, 'test_result_base': None}
[1.516s] Level 5:colcon.colcon_core.verb:set package 'mpu9250driver' build argument 'cmake_args' from command line to 'None'
[1.517s] Level 5:colcon.colcon_core.verb:set package 'mpu9250driver' build argument 'cmake_target' from command line to 'None'
[1.517s] Level 5:colcon.colcon_core.verb:set package 'mpu9250driver' build argument 'cmake_target_skip_unavailable' from command line to 'False'
[1.517s] Level 5:colcon.colcon_core.verb:set package 'mpu9250driver' build argument 'cmake_clean_cache' from command line to 'False'
[1.517s] Level 5:colcon.colcon_core.verb:set package 'mpu9250driver' build argument 'cmake_clean_first' from command line to 'False'
[1.517s] Level 5:colcon.colcon_core.verb:set package 'mpu9250driver' build argument 'cmake_force_configure' from command line to 'False'
[1.517s] Level 5:colcon.colcon_core.verb:set package 'mpu9250driver' build argument 'ament_cmake_args' from command line to 'None'
[1.517s] Level 5:colcon.colcon_core.verb:set package 'mpu9250driver' build argument 'catkin_cmake_args' from command line to 'None'
[1.517s] Level 5:colcon.colcon_core.verb:set package 'mpu9250driver' build argument 'catkin_skip_building_tests' from command line to 'False'
[1.517s] DEBUG:colcon.colcon_core.verb:Building package 'mpu9250driver' with the following arguments: {'ament_cmake_args': None, 'build_base': '/home/vox/Vox/build/mpu9250driver', 'catkin_cmake_args': None, 'catkin_skip_building_tests': False, 'cmake_args': None, 'cmake_clean_cache': False, 'cmake_clean_first': False, 'cmake_force_configure': False, 'cmake_target': None, 'cmake_target_skip_unavailable': False, 'install_base': '/home/vox/Vox/install/mpu9250driver', 'merge_install': False, 'path': '/home/vox/Vox/src/ros2_mpu9250_driver', 'symlink_install': True, 'test_result_base': None}
[1.519s] Level 5:colcon.colcon_core.verb:set package 'serial_motor_demo_msgs' build argument 'cmake_args' from command line to 'None'
[1.519s] Level 5:colcon.colcon_core.verb:set package 'serial_motor_demo_msgs' build argument 'cmake_target' from command line to 'None'
[1.519s] Level 5:colcon.colcon_core.verb:set package 'serial_motor_demo_msgs' build argument 'cmake_target_skip_unavailable' from command line to 'False'
[1.519s] Level 5:colcon.colcon_core.verb:set package 'serial_motor_demo_msgs' build argument 'cmake_clean_cache' from command line to 'False'
[1.519s] Level 5:colcon.colcon_core.verb:set package 'serial_motor_demo_msgs' build argument 'cmake_clean_first' from command line to 'False'
[1.519s] Level 5:colcon.colcon_core.verb:set package 'serial_motor_demo_msgs' build argument 'cmake_force_configure' from command line to 'False'
[1.519s] Level 5:colcon.colcon_core.verb:set package 'serial_motor_demo_msgs' build argument 'ament_cmake_args' from command line to 'None'
[1.519s] Level 5:colcon.colcon_core.verb:set package 'serial_motor_demo_msgs' build argument 'catkin_cmake_args' from command line to 'None'
[1.520s] Level 5:colcon.colcon_core.verb:set package 'serial_motor_demo_msgs' build argument 'catkin_skip_building_tests' from command line to 'False'
[1.520s] DEBUG:colcon.colcon_core.verb:Building package 'serial_motor_demo_msgs' with the following arguments: {'ament_cmake_args': None, 'build_base': '/home/vox/Vox/build/serial_motor_demo_msgs', 'catkin_cmake_args': None, 'catkin_skip_building_tests': False, 'cmake_args': None, 'cmake_clean_cache': False, 'cmake_clean_first': False, 'cmake_force_configure': False, 'cmake_target': None, 'cmake_target_skip_unavailable': False, 'install_base': '/home/vox/Vox/install/serial_motor_demo_msgs', 'merge_install': False, 'path': '/home/vox/Vox/src/serial_motor_demo/serial_motor_demo_msgs', 'symlink_install': True, 'test_result_base': None}
[1.521s] Level 5:colcon.colcon_core.verb:set package 'vox' build argument 'cmake_args' from command line to 'None'
[1.521s] Level 5:colcon.colcon_core.verb:set package 'vox' build argument 'cmake_target' from command line to 'None'
[1.521s] Level 5:colcon.colcon_core.verb:set package 'vox' build argument 'cmake_target_skip_unavailable' from command line to 'False'
[1.521s] Level 5:colcon.colcon_core.verb:set package 'vox' build argument 'cmake_clean_cache' from command line to 'False'
[1.522s] Level 5:colcon.colcon_core.verb:set package 'vox' build argument 'cmake_clean_first' from command line to 'False'
[1.522s] Level 5:colcon.colcon_core.verb:set package 'vox' build argument 'cmake_force_configure' from command line to 'False'
[1.522s] Level 5:colcon.colcon_core.verb:set package 'vox' build argument 'ament_cmake_args' from command line to 'None'
[1.522s] Level 5:colcon.colcon_core.verb:set package 'vox' build argument 'catkin_cmake_args' from command line to 'None'
[1.522s] Level 5:colcon.colcon_core.verb:set package 'vox' build argument 'catkin_skip_building_tests' from command line to 'False'
[1.522s] DEBUG:colcon.colcon_core.verb:Building package 'vox' with the following arguments: {'ament_cmake_args': None, 'build_base': '/home/vox/Vox/build/vox', 'catkin_cmake_args': None, 'catkin_skip_building_tests': False, 'cmake_args': None, 'cmake_clean_cache': False, 'cmake_clean_first': False, 'cmake_force_configure': False, 'cmake_target': None, 'cmake_target_skip_unavailable': False, 'install_base': '/home/vox/Vox/install/vox', 'merge_install': False, 'path': '/home/vox/Vox/src/vox', 'symlink_install': True, 'test_result_base': None}
[1.523s] Level 5:colcon.colcon_core.verb:set package 'serial_motor_demo' build argument 'cmake_args' from command line to 'None'
[1.524s] Level 5:colcon.colcon_core.verb:set package 'serial_motor_demo' build argument 'cmake_target' from command line to 'None'
[1.524s] Level 5:colcon.colcon_core.verb:set package 'serial_motor_demo' build argument 'cmake_target_skip_unavailable' from command line to 'False'
[1.524s] Level 5:colcon.colcon_core.verb:set package 'serial_motor_demo' build argument 'cmake_clean_cache' from command line to 'False'
[1.524s] Level 5:colcon.colcon_core.verb:set package 'serial_motor_demo' build argument 'cmake_clean_first' from command line to 'False'
[1.524s] Level 5:colcon.colcon_core.verb:set package 'serial_motor_demo' build argument 'cmake_force_configure' from command line to 'False'
[1.524s] Level 5:colcon.colcon_core.verb:set package 'serial_motor_demo' build argument 'ament_cmake_args' from command line to 'None'
[1.524s] Level 5:colcon.colcon_core.verb:set package 'serial_motor_demo' build argument 'catkin_cmake_args' from command line to 'None'
[1.524s] Level 5:colcon.colcon_core.verb:set package 'serial_motor_demo' build argument 'catkin_skip_building_tests' from command line to 'False'
[1.524s] DEBUG:colcon.colcon_core.verb:Building package 'serial_motor_demo' with the following arguments: {'ament_cmake_args': None, 'build_base': '/home/vox/Vox/build/serial_motor_demo', 'catkin_cmake_args': None, 'catkin_skip_building_tests': False, 'cmake_args': None, 'cmake_clean_cache': False, 'cmake_clean_first': False, 'cmake_force_configure': False, 'cmake_target': None, 'cmake_target_skip_unavailable': False, 'install_base': '/home/vox/Vox/install/serial_motor_demo', 'merge_install': False, 'path': '/home/vox/Vox/src/serial_motor_demo/serial_motor_demo', 'symlink_install': True, 'test_result_base': None}
[1.525s] INFO:colcon.colcon_core.executor:Executing jobs using 'parallel' executor
[1.528s] DEBUG:colcon.colcon_parallel_executor.executor.parallel:run_until_complete
[1.529s] INFO:colcon.colcon_ros.task.ament_cmake.build:Building ROS package in '/home/vox/Vox/src/serial_motor_demo/serial_motor_demo_msgs' with build type 'ament_cmake'
[1.531s] INFO:colcon.colcon_cmake.task.cmake.build:Building CMake package in '/home/vox/Vox/src/serial_motor_demo/serial_motor_demo_msgs'
[1.539s] INFO:colcon.colcon_core.plugin_system:Skipping extension 'colcon_core.shell.bat': Not used on non-Windows systems
[1.540s] INFO:colcon.colcon_core.shell:Skip shell extension 'powershell' for command environment: Not usable outside of PowerShell
[1.540s] DEBUG:colcon.colcon_core.shell:Skip shell extension 'dsv' for command environment
[1.555s] INFO:colcon.colcon_ros.task.ament_python.build:Building ROS package in '/home/vox/Vox/src/ball_tracker' with build type 'ament_python'
[1.556s] Level 1:colcon.colcon_core.shell:create_environment_hook('ball_tracker', 'ament_prefix_path')
[1.558s] INFO:colcon.colcon_core.shell:Creating environment hook '/home/vox/Vox/install/ball_tracker/share/ball_tracker/hook/ament_prefix_path.ps1'
[1.561s] INFO:colcon.colcon_core.shell:Creating environment descriptor '/home/vox/Vox/install/ball_tracker/share/ball_tracker/hook/ament_prefix_path.dsv'
[1.563s] INFO:colcon.colcon_core.shell:Creating environment hook '/home/vox/Vox/install/ball_tracker/share/ball_tracker/hook/ament_prefix_path.sh'
[1.567s] INFO:colcon.colcon_core.shell:Skip shell extension 'powershell' for command environment: Not usable outside of PowerShell
[1.567s] DEBUG:colcon.colcon_core.shell:Skip shell extension 'dsv' for command environment
[1.580s] INFO:colcon.colcon_ros.task.ament_cmake.build:Building ROS package in '/home/vox/Vox/src/diffdrive_arduino' with build type 'ament_cmake'
[1.581s] INFO:colcon.colcon_cmake.task.cmake.build:Building CMake package in '/home/vox/Vox/src/diffdrive_arduino'
[1.582s] INFO:colcon.colcon_core.shell:Skip shell extension 'powershell' for command environment: Not usable outside of PowerShell
[1.582s] DEBUG:colcon.colcon_core.shell:Skip shell extension 'dsv' for command environment
[1.597s] INFO:colcon.colcon_ros.task.ament_cmake.build:Building ROS package in '/home/vox/Vox/src/ros2_mpu9250_driver' with build type 'ament_cmake'
[1.597s] INFO:colcon.colcon_cmake.task.cmake.build:Building CMake package in '/home/vox/Vox/src/ros2_mpu9250_driver'
[1.599s] INFO:colcon.colcon_core.shell:Skip shell extension 'powershell' for command environment: Not usable outside of PowerShell
[1.599s] DEBUG:colcon.colcon_core.shell:Skip shell extension 'dsv' for command environment
[1.637s] DEBUG:colcon.colcon_core.event_handler.log_command:Invoking command in '/home/vox/Vox/build/serial_motor_demo_msgs': CMAKE_PREFIX_PATH=/opt/ros/iron /usr/bin/cmake --build /home/vox/Vox/build/serial_motor_demo_msgs -- -j4 -l4
[3.106s] INFO:colcon.colcon_core.task.python.build:Building Python package in '/home/vox/Vox/src/ball_tracker'
[3.107s] INFO:colcon.colcon_core.shell:Skip shell extension 'powershell' for command environment: Not usable outside of PowerShell
[3.107s] DEBUG:colcon.colcon_core.shell:Skip shell extension 'dsv' for command environment
[3.141s] DEBUG:colcon.colcon_core.event_handler.log_command:Invoking command in '/home/vox/Vox/build/diffdrive_arduino': CMAKE_PREFIX_PATH=/opt/ros/iron /usr/bin/cmake --build /home/vox/Vox/build/diffdrive_arduino -- -j4 -l4
[3.172s] DEBUG:colcon.colcon_core.event_handler.log_command:Invoking command in '/home/vox/Vox/build/mpu9250driver': CMAKE_PREFIX_PATH=/opt/ros/iron /usr/bin/cmake --build /home/vox/Vox/build/mpu9250driver -- -j4 -l4
[3.569s] DEBUG:colcon.colcon_core.event_handler.log_command:Invoked command in '/home/vox/Vox/build/diffdrive_arduino' returned '0': CMAKE_PREFIX_PATH=/opt/ros/iron /usr/bin/cmake --build /home/vox/Vox/build/diffdrive_arduino -- -j4 -l4
[3.608s] DEBUG:colcon.colcon_core.event_handler.log_command:Invoked command in '/home/vox/Vox/build/serial_motor_demo_msgs' returned '0': CMAKE_PREFIX_PATH=/opt/ros/iron /usr/bin/cmake --build /home/vox/Vox/build/serial_motor_demo_msgs -- -j4 -l4
[3.779s] DEBUG:colcon.colcon_core.event_handler.log_command:Invoking command in '/home/vox/Vox/build/diffdrive_arduino': CMAKE_PREFIX_PATH=/opt/ros/iron /usr/bin/cmake --install /home/vox/Vox/build/diffdrive_arduino
[3.899s] Level 1:colcon.colcon_core.environment:create_environment_scripts_only(diffdrive_arduino)
[3.909s] DEBUG:colcon.colcon_core.event_handler.log_command:Invoked command in '/home/vox/Vox/build/diffdrive_arduino' returned '0': CMAKE_PREFIX_PATH=/opt/ros/iron /usr/bin/cmake --install /home/vox/Vox/build/diffdrive_arduino
[3.913s] Level 1:colcon.colcon_core.environment:checking '/home/vox/Vox/install/diffdrive_arduino' for CMake module files
[3.917s] Level 1:colcon.colcon_core.environment:checking '/home/vox/Vox/install/diffdrive_arduino' for CMake config files
[3.920s] Level 1:colcon.colcon_core.shell:create_environment_hook('diffdrive_arduino', 'cmake_prefix_path')
[3.921s] INFO:colcon.colcon_core.shell:Creating environment hook '/home/vox/Vox/install/diffdrive_arduino/share/diffdrive_arduino/hook/cmake_prefix_path.ps1'
[3.923s] INFO:colcon.colcon_core.shell:Creating environment descriptor '/home/vox/Vox/install/diffdrive_arduino/share/diffdrive_arduino/hook/cmake_prefix_path.dsv'
[3.926s] INFO:colcon.colcon_core.shell:Creating environment hook '/home/vox/Vox/install/diffdrive_arduino/share/diffdrive_arduino/hook/cmake_prefix_path.sh'
[3.929s] Level 1:colcon.colcon_core.environment:checking '/home/vox/Vox/install/diffdrive_arduino/lib'
[3.930s] Level 1:colcon.colcon_core.shell:create_environment_hook('diffdrive_arduino', 'ld_library_path_lib')
[3.931s] INFO:colcon.colcon_core.shell:Creating environment hook '/home/vox/Vox/install/diffdrive_arduino/share/diffdrive_arduino/hook/ld_library_path_lib.ps1'
[3.934s] INFO:colcon.colcon_core.shell:Creating environment descriptor '/home/vox/Vox/install/diffdrive_arduino/share/diffdrive_arduino/hook/ld_library_path_lib.dsv'
[3.935s] INFO:colcon.colcon_core.shell:Creating environment hook '/home/vox/Vox/install/diffdrive_arduino/share/diffdrive_arduino/hook/ld_library_path_lib.sh'
[3.938s] Level 1:colcon.colcon_core.environment:checking '/home/vox/Vox/install/diffdrive_arduino/bin'
[3.938s] Level 1:colcon.colcon_core.environment:checking '/home/vox/Vox/install/diffdrive_arduino/lib/pkgconfig/diffdrive_arduino.pc'
[3.939s] Level 1:colcon.colcon_core.environment:checking '/home/vox/Vox/install/diffdrive_arduino/lib/python3.10/site-packages'
[3.940s] Level 1:colcon.colcon_core.environment:checking '/home/vox/Vox/install/diffdrive_arduino/bin'
[3.942s] INFO:colcon.colcon_core.shell:Creating package script '/home/vox/Vox/install/diffdrive_arduino/share/diffdrive_arduino/package.ps1'
[3.946s] INFO:colcon.colcon_core.shell:Creating package descriptor '/home/vox/Vox/install/diffdrive_arduino/share/diffdrive_arduino/package.dsv'
[3.949s] INFO:colcon.colcon_core.shell:Creating package script '/home/vox/Vox/install/diffdrive_arduino/share/diffdrive_arduino/package.sh'
[3.953s] INFO:colcon.colcon_core.shell:Creating package script '/home/vox/Vox/install/diffdrive_arduino/share/diffdrive_arduino/package.bash'
[3.957s] INFO:colcon.colcon_core.shell:Creating package script '/home/vox/Vox/install/diffdrive_arduino/share/diffdrive_arduino/package.zsh'
[3.961s] Level 1:colcon.colcon_core.environment:create_file_with_runtime_dependencies(/home/vox/Vox/install/diffdrive_arduino/share/colcon-core/packages/diffdrive_arduino)
[4.093s] Level 1:colcon.colcon_core.environment:create_environment_scripts_only(diffdrive_arduino)
[4.094s] Level 1:colcon.colcon_core.environment:checking '/home/vox/Vox/install/diffdrive_arduino' for CMake module files
[4.098s] Level 1:colcon.colcon_core.environment:checking '/home/vox/Vox/install/diffdrive_arduino' for CMake config files
[4.101s] Level 1:colcon.colcon_core.shell:create_environment_hook('diffdrive_arduino', 'cmake_prefix_path')
[4.102s] INFO:colcon.colcon_core.shell:Creating environment hook '/home/vox/Vox/install/diffdrive_arduino/share/diffdrive_arduino/hook/cmake_prefix_path.ps1'
[4.104s] INFO:colcon.colcon_core.shell:Creating environment descriptor '/home/vox/Vox/install/diffdrive_arduino/share/diffdrive_arduino/hook/cmake_prefix_path.dsv'
[4.106s] INFO:colcon.colcon_core.shell:Creating environment hook '/home/vox/Vox/install/diffdrive_arduino/share/diffdrive_arduino/hook/cmake_prefix_path.sh'
[4.109s] Level 1:colcon.colcon_core.environment:checking '/home/vox/Vox/install/diffdrive_arduino/lib'
[4.110s] Level 1:colcon.colcon_core.shell:create_environment_hook('diffdrive_arduino', 'ld_library_path_lib')
[4.111s] INFO:colcon.colcon_core.shell:Creating environment hook '/home/vox/Vox/install/diffdrive_arduino/share/diffdrive_arduino/hook/ld_library_path_lib.ps1'
[4.114s] INFO:colcon.colcon_core.shell:Creating environment descriptor '/home/vox/Vox/install/diffdrive_arduino/share/diffdrive_arduino/hook/ld_library_path_lib.dsv'
[4.116s] INFO:colcon.colcon_core.shell:Creating environment hook '/home/vox/Vox/install/diffdrive_arduino/share/diffdrive_arduino/hook/ld_library_path_lib.sh'
[4.118s] Level 1:colcon.colcon_core.environment:checking '/home/vox/Vox/install/diffdrive_arduino/bin'
[4.118s] Level 1:colcon.colcon_core.environment:checking '/home/vox/Vox/install/diffdrive_arduino/lib/pkgconfig/diffdrive_arduino.pc'
[4.119s] Level 1:colcon.colcon_core.environment:checking '/home/vox/Vox/install/diffdrive_arduino/lib/python3.10/site-packages'
[4.120s] Level 1:colcon.colcon_core.environment:checking '/home/vox/Vox/install/diffdrive_arduino/bin'
[4.122s] INFO:colcon.colcon_core.shell:Creating package script '/home/vox/Vox/install/diffdrive_arduino/share/diffdrive_arduino/package.ps1'
[4.125s] INFO:colcon.colcon_core.shell:Creating package descriptor '/home/vox/Vox/install/diffdrive_arduino/share/diffdrive_arduino/package.dsv'
[4.127s] INFO:colcon.colcon_core.shell:Creating package script '/home/vox/Vox/install/diffdrive_arduino/share/diffdrive_arduino/package.sh'
[4.130s] INFO:colcon.colcon_core.shell:Creating package script '/home/vox/Vox/install/diffdrive_arduino/share/diffdrive_arduino/package.bash'
[4.132s] INFO:colcon.colcon_core.shell:Creating package script '/home/vox/Vox/install/diffdrive_arduino/share/diffdrive_arduino/package.zsh'
[4.134s] Level 1:colcon.colcon_core.environment:create_file_with_runtime_dependencies(/home/vox/Vox/install/diffdrive_arduino/share/colcon-core/packages/diffdrive_arduino)
[4.139s] INFO:colcon.colcon_ros.task.ament_cmake.build:Building ROS package in '/home/vox/Vox/src/vox' with build type 'ament_cmake'
[4.139s] INFO:colcon.colcon_cmake.task.cmake.build:Building CMake package in '/home/vox/Vox/src/vox'
[4.140s] INFO:colcon.colcon_core.shell:Skip shell extension 'powershell' for command environment: Not usable outside of PowerShell
[4.141s] DEBUG:colcon.colcon_core.shell:Skip shell extension 'dsv' for command environment
[4.177s] DEBUG:colcon.colcon_core.event_handler.log_command:Invoking command in '/home/vox/Vox/build/vox': CMAKE_PREFIX_PATH=/opt/ros/iron /usr/bin/cmake --build /home/vox/Vox/build/vox -- -j4 -l4
[4.293s] DEBUG:colcon.colcon_core.event_handler.log_command:Invoking command in '/home/vox/Vox/build/serial_motor_demo_msgs': CMAKE_PREFIX_PATH=/opt/ros/iron /usr/bin/cmake --install /home/vox/Vox/build/serial_motor_demo_msgs
[4.394s] DEBUG:colcon.colcon_core.event_handler.log_command:Invoked command in '/home/vox/Vox/build/vox' returned '0': CMAKE_PREFIX_PATH=/opt/ros/iron /usr/bin/cmake --build /home/vox/Vox/build/vox -- -j4 -l4
[4.572s] DEBUG:colcon.colcon_core.event_handler.log_command:Invoking command in '/home/vox/Vox/build/vox': CMAKE_PREFIX_PATH=/opt/ros/iron /usr/bin/cmake --install /home/vox/Vox/build/vox
[4.734s] Level 1:colcon.colcon_core.environment:create_environment_scripts_only(serial_motor_demo_msgs)
[4.735s] Level 1:colcon.colcon_core.environment:checking '/home/vox/Vox/install/serial_motor_demo_msgs' for CMake module files
[4.738s] DEBUG:colcon.colcon_core.event_handler.log_command:Invoked command in '/home/vox/Vox/build/serial_motor_demo_msgs' returned '0': CMAKE_PREFIX_PATH=/opt/ros/iron /usr/bin/cmake --install /home/vox/Vox/build/serial_motor_demo_msgs
[4.747s] Level 1:colcon.colcon_core.environment:checking '/home/vox/Vox/install/serial_motor_demo_msgs' for CMake config files
[4.752s] Level 1:colcon.colcon_core.shell:create_environment_hook('serial_motor_demo_msgs', 'cmake_prefix_path')
[4.753s] INFO:colcon.colcon_core.shell:Creating environment hook '/home/vox/Vox/install/serial_motor_demo_msgs/share/serial_motor_demo_msgs/hook/cmake_prefix_path.ps1'
[4.756s] INFO:colcon.colcon_core.shell:Creating environment descriptor '/home/vox/Vox/install/serial_motor_demo_msgs/share/serial_motor_demo_msgs/hook/cmake_prefix_path.dsv'
[4.758s] INFO:colcon.colcon_core.shell:Creating environment hook '/home/vox/Vox/install/serial_motor_demo_msgs/share/serial_motor_demo_msgs/hook/cmake_prefix_path.sh'
[4.761s] Level 1:colcon.colcon_core.environment:checking '/home/vox/Vox/install/serial_motor_demo_msgs/lib'
[4.762s] Level 1:colcon.colcon_core.shell:create_environment_hook('serial_motor_demo_msgs', 'ld_library_path_lib')
[4.763s] INFO:colcon.colcon_core.shell:Creating environment hook '/home/vox/Vox/install/serial_motor_demo_msgs/share/serial_motor_demo_msgs/hook/ld_library_path_lib.ps1'
[4.766s] INFO:colcon.colcon_core.shell:Creating environment descriptor '/home/vox/Vox/install/serial_motor_demo_msgs/share/serial_motor_demo_msgs/hook/ld_library_path_lib.dsv'
[4.768s] INFO:colcon.colcon_core.shell:Creating environment hook '/home/vox/Vox/install/serial_motor_demo_msgs/share/serial_motor_demo_msgs/hook/ld_library_path_lib.sh'
[4.770s] Level 1:colcon.colcon_core.environment:checking '/home/vox/Vox/install/serial_motor_demo_msgs/bin'
[4.771s] Level 1:colcon.colcon_core.environment:checking '/home/vox/Vox/install/serial_motor_demo_msgs/lib/pkgconfig/serial_motor_demo_msgs.pc'
[4.772s] Level 1:colcon.colcon_core.environment:checking '/home/vox/Vox/install/serial_motor_demo_msgs/lib/python3.10/site-packages'
[4.772s] Level 1:colcon.colcon_core.shell:create_environment_hook('serial_motor_demo_msgs', 'pythonpath')
[4.773s] INFO:colcon.colcon_core.shell:Creating environment hook '/home/vox/Vox/install/serial_motor_demo_msgs/share/serial_motor_demo_msgs/hook/pythonpath.ps1'
[4.777s] INFO:colcon.colcon_core.shell:Creating environment descriptor '/home/vox/Vox/install/serial_motor_demo_msgs/share/serial_motor_demo_msgs/hook/pythonpath.dsv'
[4.779s] INFO:colcon.colcon_core.shell:Creating environment hook '/home/vox/Vox/install/serial_motor_demo_msgs/share/serial_motor_demo_msgs/hook/pythonpath.sh'
[4.782s] Level 1:colcon.colcon_core.environment:checking '/home/vox/Vox/install/serial_motor_demo_msgs/bin'
[4.784s] INFO:colcon.colcon_core.shell:Creating package script '/home/vox/Vox/install/serial_motor_demo_msgs/share/serial_motor_demo_msgs/package.ps1'
[4.787s] INFO:colcon.colcon_core.shell:Creating package descriptor '/home/vox/Vox/install/serial_motor_demo_msgs/share/serial_motor_demo_msgs/package.dsv'
[4.789s] INFO:colcon.colcon_core.shell:Creating package script '/home/vox/Vox/install/serial_motor_demo_msgs/share/serial_motor_demo_msgs/package.sh'
[4.792s] INFO:colcon.colcon_core.shell:Creating package script '/home/vox/Vox/install/serial_motor_demo_msgs/share/serial_motor_demo_msgs/package.bash'
[4.794s] INFO:colcon.colcon_core.shell:Creating package script '/home/vox/Vox/install/serial_motor_demo_msgs/share/serial_motor_demo_msgs/package.zsh'
[4.796s] Level 1:colcon.colcon_core.environment:create_file_with_runtime_dependencies(/home/vox/Vox/install/serial_motor_demo_msgs/share/colcon-core/packages/serial_motor_demo_msgs)
[4.805s] Level 1:colcon.colcon_core.environment:create_environment_scripts_only(vox)
[4.806s] Level 1:colcon.colcon_core.environment:checking '/home/vox/Vox/install/vox' for CMake module files
[4.808s] DEBUG:colcon.colcon_core.event_handler.log_command:Invoked command in '/home/vox/Vox/build/vox' returned '0': CMAKE_PREFIX_PATH=/opt/ros/iron /usr/bin/cmake --install /home/vox/Vox/build/vox
[4.811s] Level 1:colcon.colcon_core.environment:checking '/home/vox/Vox/install/vox' for CMake config files
[4.813s] Level 1:colcon.colcon_core.shell:create_environment_hook('vox', 'cmake_prefix_path')
[4.814s] INFO:colcon.colcon_core.shell:Creating environment hook '/home/vox/Vox/install/vox/share/vox/hook/cmake_prefix_path.ps1'
[4.817s] INFO:colcon.colcon_core.shell:Creating environment descriptor '/home/vox/Vox/install/vox/share/vox/hook/cmake_prefix_path.dsv'
[4.819s] INFO:colcon.colcon_core.shell:Creating environment hook '/home/vox/Vox/install/vox/share/vox/hook/cmake_prefix_path.sh'
[4.823s] Level 1:colcon.colcon_core.environment:checking '/home/vox/Vox/install/vox/bin'
[4.824s] Level 1:colcon.colcon_core.environment:checking '/home/vox/Vox/install/vox/lib/pkgconfig/vox.pc'
[4.825s] Level 1:colcon.colcon_core.environment:checking '/home/vox/Vox/install/vox/lib/python3.10/site-packages'
[4.826s] Level 1:colcon.colcon_core.environment:checking '/home/vox/Vox/install/vox/bin'
[4.828s] INFO:colcon.colcon_core.shell:Creating package script '/home/vox/Vox/install/vox/share/vox/package.ps1'
[4.831s] INFO:colcon.colcon_core.shell:Creating package descriptor '/home/vox/Vox/install/vox/share/vox/package.dsv'
[4.833s] INFO:colcon.colcon_core.shell:Creating package script '/home/vox/Vox/install/vox/share/vox/package.sh'
[4.836s] INFO:colcon.colcon_core.shell:Creating package script '/home/vox/Vox/install/vox/share/vox/package.bash'
[4.838s] INFO:colcon.colcon_core.shell:Creating package script '/home/vox/Vox/install/vox/share/vox/package.zsh'
[4.841s] Level 1:colcon.colcon_core.environment:create_file_with_runtime_dependencies(/home/vox/Vox/install/vox/share/colcon-core/packages/vox)
[4.947s] Level 1:colcon.colcon_core.environment:create_environment_scripts_only(vox)
[4.948s] Level 1:colcon.colcon_core.environment:checking '/home/vox/Vox/install/vox' for CMake module files
[4.951s] Level 1:colcon.colcon_core.environment:checking '/home/vox/Vox/install/vox' for CMake config files
[4.953s] Level 1:colcon.colcon_core.shell:create_environment_hook('vox', 'cmake_prefix_path')
[4.954s] INFO:colcon.colcon_core.shell:Creating environment hook '/home/vox/Vox/install/vox/share/vox/hook/cmake_prefix_path.ps1'
[4.956s] INFO:colcon.colcon_core.shell:Creating environment descriptor '/home/vox/Vox/install/vox/share/vox/hook/cmake_prefix_path.dsv'
[4.958s] INFO:colcon.colcon_core.shell:Creating environment hook '/home/vox/Vox/install/vox/share/vox/hook/cmake_prefix_path.sh'
[4.961s] Level 1:colcon.colcon_core.environment:checking '/home/vox/Vox/install/vox/bin'
[4.961s] Level 1:colcon.colcon_core.environment:checking '/home/vox/Vox/install/vox/lib/pkgconfig/vox.pc'
[4.962s] Level 1:colcon.colcon_core.environment:checking '/home/vox/Vox/install/vox/lib/python3.10/site-packages'
[4.964s] Level 1:colcon.colcon_core.environment:checking '/home/vox/Vox/install/vox/bin'
[4.965s] INFO:colcon.colcon_core.shell:Creating package script '/home/vox/Vox/install/vox/share/vox/package.ps1'
[4.969s] INFO:colcon.colcon_core.shell:Creating package descriptor '/home/vox/Vox/install/vox/share/vox/package.dsv'
[4.971s] INFO:colcon.colcon_core.shell:Creating package script '/home/vox/Vox/install/vox/share/vox/package.sh'
[4.974s] INFO:colcon.colcon_core.shell:Creating package script '/home/vox/Vox/install/vox/share/vox/package.bash'
[4.976s] INFO:colcon.colcon_core.shell:Creating package script '/home/vox/Vox/install/vox/share/vox/package.zsh'
[4.979s] Level 1:colcon.colcon_core.environment:create_file_with_runtime_dependencies(/home/vox/Vox/install/vox/share/colcon-core/packages/vox)
[5.342s] DEBUG:colcon.colcon_core.event_handler.log_command:Invoking command in '/home/vox/Vox/build/ball_tracker': PYTHONPATH=/home/vox/Vox/build/ball_tracker/prefix_override:/home/vox/Vox/install/ball_tracker/lib/python3.10/site-packages:${PYTHONPATH} /usr/bin/python3 -W ignore:setup.py install is deprecated setup.py develop --editable --build-directory /home/vox/Vox/build/ball_tracker/build --no-deps symlink_data
[5.455s] Level 1:colcon.colcon_core.environment:create_environment_scripts_only(serial_motor_demo_msgs)
[5.457s] Level 1:colcon.colcon_core.environment:checking '/home/vox/Vox/install/serial_motor_demo_msgs' for CMake module files
[5.461s] Level 1:colcon.colcon_core.environment:checking '/home/vox/Vox/install/serial_motor_demo_msgs' for CMake config files
[5.466s] Level 1:colcon.colcon_core.shell:create_environment_hook('serial_motor_demo_msgs', 'cmake_prefix_path')
[5.467s] INFO:colcon.colcon_core.shell:Creating environment hook '/home/vox/Vox/install/serial_motor_demo_msgs/share/serial_motor_demo_msgs/hook/cmake_prefix_path.ps1'
[5.469s] INFO:colcon.colcon_core.shell:Creating environment descriptor '/home/vox/Vox/install/serial_motor_demo_msgs/share/serial_motor_demo_msgs/hook/cmake_prefix_path.dsv'
[5.471s] INFO:colcon.colcon_core.shell:Creating environment hook '/home/vox/Vox/install/serial_motor_demo_msgs/share/serial_motor_demo_msgs/hook/cmake_prefix_path.sh'
[5.476s] Level 1:colcon.colcon_core.environment:checking '/home/vox/Vox/install/serial_motor_demo_msgs/lib'
[5.476s] Level 1:colcon.colcon_core.shell:create_environment_hook('serial_motor_demo_msgs', 'ld_library_path_lib')
[5.477s] INFO:colcon.colcon_core.shell:Creating environment hook '/home/vox/Vox/install/serial_motor_demo_msgs/share/serial_motor_demo_msgs/hook/ld_library_path_lib.ps1'
[5.479s] INFO:colcon.colcon_core.shell:Creating environment descriptor '/home/vox/Vox/install/serial_motor_demo_msgs/share/serial_motor_demo_msgs/hook/ld_library_path_lib.dsv'
[5.482s] INFO:colcon.colcon_core.shell:Creating environment hook '/home/vox/Vox/install/serial_motor_demo_msgs/share/serial_motor_demo_msgs/hook/ld_library_path_lib.sh'
[5.484s] Level 1:colcon.colcon_core.environment:checking '/home/vox/Vox/install/serial_motor_demo_msgs/bin'
[5.485s] Level 1:colcon.colcon_core.environment:checking '/home/vox/Vox/install/serial_motor_demo_msgs/lib/pkgconfig/serial_motor_demo_msgs.pc'
[5.486s] Level 1:colcon.colcon_core.environment:checking '/home/vox/Vox/install/serial_motor_demo_msgs/lib/python3.10/site-packages'
[5.486s] Level 1:colcon.colcon_core.shell:create_environment_hook('serial_motor_demo_msgs', 'pythonpath')
[5.487s] INFO:colcon.colcon_core.shell:Creating environment hook '/home/vox/Vox/install/serial_motor_demo_msgs/share/serial_motor_demo_msgs/hook/pythonpath.ps1'
[5.489s] INFO:colcon.colcon_core.shell:Creating environment descriptor '/home/vox/Vox/install/serial_motor_demo_msgs/share/serial_motor_demo_msgs/hook/pythonpath.dsv'
[5.491s] INFO:colcon.colcon_core.shell:Creating environment hook '/home/vox/Vox/install/serial_motor_demo_msgs/share/serial_motor_demo_msgs/hook/pythonpath.sh'
[5.494s] Level 1:colcon.colcon_core.environment:checking '/home/vox/Vox/install/serial_motor_demo_msgs/bin'
[5.496s] INFO:colcon.colcon_core.shell:Creating package script '/home/vox/Vox/install/serial_motor_demo_msgs/share/serial_motor_demo_msgs/package.ps1'
[5.499s] INFO:colcon.colcon_core.shell:Creating package descriptor '/home/vox/Vox/install/serial_motor_demo_msgs/share/serial_motor_demo_msgs/package.dsv'
[5.502s] INFO:colcon.colcon_core.shell:Creating package script '/home/vox/Vox/install/serial_motor_demo_msgs/share/serial_motor_demo_msgs/package.sh'
[5.505s] INFO:colcon.colcon_core.shell:Creating package script '/home/vox/Vox/install/serial_motor_demo_msgs/share/serial_motor_demo_msgs/package.bash'
[5.507s] INFO:colcon.colcon_core.shell:Creating package script '/home/vox/Vox/install/serial_motor_demo_msgs/share/serial_motor_demo_msgs/package.zsh'
[5.510s] Level 1:colcon.colcon_core.environment:create_file_with_runtime_dependencies(/home/vox/Vox/install/serial_motor_demo_msgs/share/colcon-core/packages/serial_motor_demo_msgs)
[5.511s] INFO:colcon.colcon_ros.task.ament_python.build:Building ROS package in '/home/vox/Vox/src/serial_motor_demo/serial_motor_demo' with build type 'ament_python'
[5.512s] Level 1:colcon.colcon_core.shell:create_environment_hook('serial_motor_demo', 'ament_prefix_path')
[5.514s] INFO:colcon.colcon_core.shell:Creating environment hook '/home/vox/Vox/install/serial_motor_demo/share/serial_motor_demo/hook/ament_prefix_path.ps1'
[5.519s] INFO:colcon.colcon_core.shell:Creating environment descriptor '/home/vox/Vox/install/serial_motor_demo/share/serial_motor_demo/hook/ament_prefix_path.dsv'
[5.521s] INFO:colcon.colcon_core.shell:Creating environment hook '/home/vox/Vox/install/serial_motor_demo/share/serial_motor_demo/hook/ament_prefix_path.sh'
[5.524s] INFO:colcon.colcon_core.shell:Skip shell extension 'powershell' for command environment: Not usable outside of PowerShell
[5.525s] DEBUG:colcon.colcon_core.shell:Skip shell extension 'dsv' for command environment
[7.123s] INFO:colcon.colcon_core.task.python.build:Building Python package in '/home/vox/Vox/src/serial_motor_demo/serial_motor_demo'
[7.124s] INFO:colcon.colcon_core.shell:Skip shell extension 'powershell' for command environment: Not usable outside of PowerShell
[7.125s] DEBUG:colcon.colcon_core.shell:Skip shell extension 'dsv' for command environment
[8.298s] Level 1:colcon.colcon_core.shell:create_environment_hook('ball_tracker', 'pythonpath_develop')
[8.299s] INFO:colcon.colcon_core.shell:Creating environment hook '/home/vox/Vox/build/ball_tracker/share/ball_tracker/hook/pythonpath_develop.ps1'
[8.300s] DEBUG:colcon.colcon_core.event_handler.log_command:Invoked command in '/home/vox/Vox/build/ball_tracker' returned '0': PYTHONPATH=/home/vox/Vox/build/ball_tracker/prefix_override:/home/vox/Vox/install/ball_tracker/lib/python3.10/site-packages:${PYTHONPATH} /usr/bin/python3 -W ignore:setup.py install is deprecated setup.py develop --editable --build-directory /home/vox/Vox/build/ball_tracker/build --no-deps symlink_data
[8.303s] INFO:colcon.colcon_core.shell:Creating environment descriptor '/home/vox/Vox/build/ball_tracker/share/ball_tracker/hook/pythonpath_develop.dsv'
[8.305s] INFO:colcon.colcon_core.shell:Creating environment hook '/home/vox/Vox/build/ball_tracker/share/ball_tracker/hook/pythonpath_develop.sh'
[8.308s] Level 1:colcon.colcon_core.environment:checking '/home/vox/Vox/install/ball_tracker' for CMake module files
[8.311s] Level 1:colcon.colcon_core.environment:checking '/home/vox/Vox/install/ball_tracker' for CMake config files
[8.315s] Level 1:colcon.colcon_core.environment:checking '/home/vox/Vox/install/ball_tracker/lib'
[8.316s] Level 1:colcon.colcon_core.environment:checking '/home/vox/Vox/install/ball_tracker/bin'
[8.316s] Level 1:colcon.colcon_core.environment:checking '/home/vox/Vox/install/ball_tracker/lib/pkgconfig/ball_tracker.pc'
[8.318s] Level 1:colcon.colcon_core.environment:checking '/home/vox/Vox/install/ball_tracker/lib/python3.10/site-packages'
[8.318s] Level 1:colcon.colcon_core.shell:create_environment_hook('ball_tracker', 'pythonpath')
[8.320s] INFO:colcon.colcon_core.shell:Creating environment hook '/home/vox/Vox/install/ball_tracker/share/ball_tracker/hook/pythonpath.ps1'
[8.322s] INFO:colcon.colcon_core.shell:Creating environment descriptor '/home/vox/Vox/install/ball_tracker/share/ball_tracker/hook/pythonpath.dsv'
[8.324s] INFO:colcon.colcon_core.shell:Creating environment hook '/home/vox/Vox/install/ball_tracker/share/ball_tracker/hook/pythonpath.sh'
[8.327s] Level 1:colcon.colcon_core.environment:checking '/home/vox/Vox/install/ball_tracker/bin'
[8.328s] Level 1:colcon.colcon_core.environment:create_environment_scripts_only(ball_tracker)
[8.329s] INFO:colcon.colcon_core.shell:Creating package script '/home/vox/Vox/install/ball_tracker/share/ball_tracker/package.ps1'
[8.332s] INFO:colcon.colcon_core.shell:Creating package descriptor '/home/vox/Vox/install/ball_tracker/share/ball_tracker/package.dsv'
[8.335s] INFO:colcon.colcon_core.shell:Creating package script '/home/vox/Vox/install/ball_tracker/share/ball_tracker/package.sh'
[8.338s] INFO:colcon.colcon_core.shell:Creating package script '/home/vox/Vox/install/ball_tracker/share/ball_tracker/package.bash'
[8.340s] INFO:colcon.colcon_core.shell:Creating package script '/home/vox/Vox/install/ball_tracker/share/ball_tracker/package.zsh'
[8.343s] Level 1:colcon.colcon_core.environment:create_file_with_runtime_dependencies(/home/vox/Vox/install/ball_tracker/share/colcon-core/packages/ball_tracker)
[9.285s] DEBUG:colcon.colcon_core.event_handler.log_command:Invoking command in '/home/vox/Vox/build/serial_motor_demo': AMENT_PREFIX_PATH=/home/vox/Vox/install/serial_motor_demo_msgs:${AMENT_PREFIX_PATH} CMAKE_PREFIX_PATH=/home/vox/Vox/install/serial_motor_demo_msgs LD_LIBRARY_PATH=/home/vox/Vox/install/serial_motor_demo_msgs/lib:${LD_LIBRARY_PATH} PYTHONPATH=/home/vox/Vox/build/serial_motor_demo/prefix_override:/home/vox/Vox/install/serial_motor_demo/lib/python3.10/site-packages:/home/vox/Vox/install/serial_motor_demo_msgs/lib/python3.10/site-packages:${PYTHONPATH} /usr/bin/python3 -W ignore:setup.py install is deprecated setup.py develop --editable --build-directory /home/vox/Vox/build/serial_motor_demo/build --no-deps symlink_data
[11.891s] Level 1:colcon.colcon_core.shell:create_environment_hook('serial_motor_demo', 'pythonpath_develop')
[11.893s] INFO:colcon.colcon_core.shell:Creating environment hook '/home/vox/Vox/build/serial_motor_demo/share/serial_motor_demo/hook/pythonpath_develop.ps1'
[11.894s] DEBUG:colcon.colcon_core.event_handler.log_command:Invoked command in '/home/vox/Vox/build/serial_motor_demo' returned '0': AMENT_PREFIX_PATH=/home/vox/Vox/install/serial_motor_demo_msgs:${AMENT_PREFIX_PATH} CMAKE_PREFIX_PATH=/home/vox/Vox/install/serial_motor_demo_msgs LD_LIBRARY_PATH=/home/vox/Vox/install/serial_motor_demo_msgs/lib:${LD_LIBRARY_PATH} PYTHONPATH=/home/vox/Vox/build/serial_motor_demo/prefix_override:/home/vox/Vox/install/serial_motor_demo/lib/python3.10/site-packages:/home/vox/Vox/install/serial_motor_demo_msgs/lib/python3.10/site-packages:${PYTHONPATH} /usr/bin/python3 -W ignore:setup.py install is deprecated setup.py develop --editable --build-directory /home/vox/Vox/build/serial_motor_demo/build --no-deps symlink_data
[11.896s] INFO:colcon.colcon_core.shell:Creating environment descriptor '/home/vox/Vox/build/serial_motor_demo/share/serial_motor_demo/hook/pythonpath_develop.dsv'
[11.899s] INFO:colcon.colcon_core.shell:Creating environment hook '/home/vox/Vox/build/serial_motor_demo/share/serial_motor_demo/hook/pythonpath_develop.sh'
[11.902s] Level 1:colcon.colcon_core.environment:checking '/home/vox/Vox/install/serial_motor_demo' for CMake module files
[11.905s] Level 1:colcon.colcon_core.environment:checking '/home/vox/Vox/install/serial_motor_demo' for CMake config files
[11.908s] Level 1:colcon.colcon_core.environment:checking '/home/vox/Vox/install/serial_motor_demo/lib'
[11.909s] Level 1:colcon.colcon_core.environment:checking '/home/vox/Vox/install/serial_motor_demo/bin'
[11.909s] Level 1:colcon.colcon_core.environment:checking '/home/vox/Vox/install/serial_motor_demo/lib/pkgconfig/serial_motor_demo.pc'
[11.910s] Level 1:colcon.colcon_core.environment:checking '/home/vox/Vox/install/serial_motor_demo/lib/python3.10/site-packages'
[11.910s] Level 1:colcon.colcon_core.shell:create_environment_hook('serial_motor_demo', 'pythonpath')
[11.911s] INFO:colcon.colcon_core.shell:Creating environment hook '/home/vox/Vox/install/serial_motor_demo/share/serial_motor_demo/hook/pythonpath.ps1'
[11.914s] INFO:colcon.colcon_core.shell:Creating environment descriptor '/home/vox/Vox/install/serial_motor_demo/share/serial_motor_demo/hook/pythonpath.dsv'
[11.916s] INFO:colcon.colcon_core.shell:Creating environment hook '/home/vox/Vox/install/serial_motor_demo/share/serial_motor_demo/hook/pythonpath.sh'
[11.919s] Level 1:colcon.colcon_core.environment:checking '/home/vox/Vox/install/serial_motor_demo/bin'
[11.920s] Level 1:colcon.colcon_core.environment:create_environment_scripts_only(serial_motor_demo)
[11.921s] INFO:colcon.colcon_core.shell:Creating package script '/home/vox/Vox/install/serial_motor_demo/share/serial_motor_demo/package.ps1'
[11.924s] INFO:colcon.colcon_core.shell:Creating package descriptor '/home/vox/Vox/install/serial_motor_demo/share/serial_motor_demo/package.dsv'
[11.927s] INFO:colcon.colcon_core.shell:Creating package script '/home/vox/Vox/install/serial_motor_demo/share/serial_motor_demo/package.sh'
[11.930s] INFO:colcon.colcon_core.shell:Creating package script '/home/vox/Vox/install/serial_motor_demo/share/serial_motor_demo/package.bash'
[11.932s] INFO:colcon.colcon_core.shell:Creating package script '/home/vox/Vox/install/serial_motor_demo/share/serial_motor_demo/package.zsh'
[11.934s] Level 1:colcon.colcon_core.environment:create_file_with_runtime_dependencies(/home/vox/Vox/install/serial_motor_demo/share/colcon-core/packages/serial_motor_demo)
[23.947s] DEBUG:colcon.colcon_core.event_handler.log_command:Invoked command in '/home/vox/Vox/build/mpu9250driver' returned '2': CMAKE_PREFIX_PATH=/opt/ros/iron /usr/bin/cmake --build /home/vox/Vox/build/mpu9250driver -- -j4 -l4
[24.088s] Level 1:colcon.colcon_core.environment:create_environment_scripts_only(mpu9250driver)
[24.089s] Level 1:colcon.colcon_core.environment:checking '/home/vox/Vox/install/mpu9250driver' for CMake module files
[24.093s] Level 1:colcon.colcon_core.environment:checking '/home/vox/Vox/install/mpu9250driver' for CMake config files
[24.097s] Level 1:colcon.colcon_core.shell:create_environment_hook('mpu9250driver', 'cmake_prefix_path')
[24.099s] INFO:colcon.colcon_core.shell:Creating environment hook '/home/vox/Vox/install/mpu9250driver/share/mpu9250driver/hook/cmake_prefix_path.ps1'
[24.101s] INFO:colcon.colcon_core.shell:Creating environment descriptor '/home/vox/Vox/install/mpu9250driver/share/mpu9250driver/hook/cmake_prefix_path.dsv'
[24.103s] INFO:colcon.colcon_core.shell:Creating environment hook '/home/vox/Vox/install/mpu9250driver/share/mpu9250driver/hook/cmake_prefix_path.sh'
[24.105s] Level 1:colcon.colcon_core.environment:checking '/home/vox/Vox/install/mpu9250driver/lib'
[24.106s] Level 1:colcon.colcon_core.environment:checking '/home/vox/Vox/install/mpu9250driver/bin'
[24.106s] Level 1:colcon.colcon_core.environment:checking '/home/vox/Vox/install/mpu9250driver/lib/pkgconfig/mpu9250driver.pc'
[24.107s] Level 1:colcon.colcon_core.environment:checking '/home/vox/Vox/install/mpu9250driver/lib/python3.10/site-packages'
[24.107s] Level 1:colcon.colcon_core.environment:checking '/home/vox/Vox/install/mpu9250driver/bin'
[24.109s] INFO:colcon.colcon_core.shell:Creating package script '/home/vox/Vox/install/mpu9250driver/share/mpu9250driver/package.ps1'
[24.111s] INFO:colcon.colcon_core.shell:Creating package descriptor '/home/vox/Vox/install/mpu9250driver/share/mpu9250driver/package.dsv'
[24.113s] INFO:colcon.colcon_core.shell:Creating package script '/home/vox/Vox/install/mpu9250driver/share/mpu9250driver/package.sh'
[24.115s] INFO:colcon.colcon_core.shell:Creating package script '/home/vox/Vox/install/mpu9250driver/share/mpu9250driver/package.bash'
[24.117s] INFO:colcon.colcon_core.shell:Creating package script '/home/vox/Vox/install/mpu9250driver/share/mpu9250driver/package.zsh'
[24.118s] Level 1:colcon.colcon_core.environment:create_file_with_runtime_dependencies(/home/vox/Vox/install/mpu9250driver/share/colcon-core/packages/mpu9250driver)
[24.129s] DEBUG:colcon.colcon_parallel_executor.executor.parallel:closing loop
[24.130s] DEBUG:colcon.colcon_parallel_executor.executor.parallel:loop closed
[24.130s] DEBUG:colcon.colcon_parallel_executor.executor.parallel:run_until_complete finished with '2'
[24.131s] DEBUG:colcon.colcon_core.event_reactor:joining thread
[24.155s] INFO:colcon.colcon_core.plugin_system:Skipping extension 'colcon_notification.desktop_notification.notify_send': Could not find 'notify-send'
[24.156s] INFO:colcon.colcon_core.plugin_system:Skipping extension 'colcon_notification.desktop_notification.terminal_notifier': Not used on non-Darwin systems
[24.156s] INFO:colcon.colcon_core.plugin_system:Skipping extension 'colcon_notification.desktop_notification.win32': Not used on non-Windows systems
[24.156s] INFO:colcon.colcon_notification.desktop_notification:Sending desktop notification using 'notify2'
[24.159s] DEBUG:colcon.colcon_notification.desktop_notification.notify2:Failed to initialize notify2: org.freedesktop.DBus.Error.ServiceUnknown: The name org.freedesktop.Notifications was not provided by any .service files
[24.159s] DEBUG:colcon.colcon_core.event_reactor:joined thread
[24.160s] INFO:colcon.colcon_core.shell:Creating prefix script '/home/vox/Vox/install/local_setup.ps1'
[24.164s] INFO:colcon.colcon_core.shell:Creating prefix util module '/home/vox/Vox/install/_local_setup_util_ps1.py'
[24.169s] INFO:colcon.colcon_core.shell:Creating prefix chain script '/home/vox/Vox/install/setup.ps1'
[24.173s] INFO:colcon.colcon_core.shell:Creating prefix script '/home/vox/Vox/install/local_setup.sh'
[24.176s] INFO:colcon.colcon_core.shell:Creating prefix util module '/home/vox/Vox/install/_local_setup_util_sh.py'
[24.178s] INFO:colcon.colcon_core.shell:Creating prefix chain script '/home/vox/Vox/install/setup.sh'
[24.183s] INFO:colcon.colcon_core.shell:Creating prefix script '/home/vox/Vox/install/local_setup.bash'
[24.185s] INFO:colcon.colcon_core.shell:Creating prefix chain script '/home/vox/Vox/install/setup.bash'
[24.188s] INFO:colcon.colcon_core.shell:Creating prefix script '/home/vox/Vox/install/local_setup.zsh'
[24.190s] INFO:colcon.colcon_core.shell:Creating prefix chain script '/home/vox/Vox/install/setup.zsh'
