[4.042s] Invoking command in '/home/vox/Vox/build/ball_tracker': PYTHONPATH=/home/vox/Vox/build/ball_tracker/prefix_override:/home/vox/Vox/install/ball_tracker/lib/python3.10/site-packages:${PYTHONPATH} /usr/bin/python3 -W ignore:setup.py install is deprecated setup.py develop --editable --build-directory /home/vox/Vox/build/ball_tracker/build --no-deps symlink_data
[5.390s] /usr/lib/python3/dist-packages/setuptools/dist.py:723: UserWarning: Usage of dash-separated 'script-dir' will not be supported in future versions. Please use the underscore name 'script_dir' instead
[5.391s]   warnings.warn(
[5.603s] running develop
[5.606s] /usr/lib/python3/dist-packages/setuptools/command/easy_install.py:158: EasyInstallDeprecationWarning: easy_install command is deprecated. Use build and pip and other standards-based tools.
[5.607s]   warnings.warn(
[6.750s] running egg_info
[6.751s] creating ball_tracker.egg-info
[6.752s] writing ball_tracker.egg-info/PKG-INFO
[6.753s] writing dependency_links to ball_tracker.egg-info/dependency_links.txt
[6.755s] writing entry points to ball_tracker.egg-info/entry_points.txt
[6.756s] writing requirements to ball_tracker.egg-info/requires.txt
[6.756s] writing top-level names to ball_tracker.egg-info/top_level.txt
[6.758s] writing manifest file 'ball_tracker.egg-info/SOURCES.txt'
[6.767s] reading manifest file 'ball_tracker.egg-info/SOURCES.txt'
[6.771s] writing manifest file 'ball_tracker.egg-info/SOURCES.txt'
[6.779s] running build_ext
[6.780s] Creating /home/vox/Vox/install/ball_tracker/lib/python3.10/site-packages/ball-tracker.egg-link (link to .)
[6.786s] Installing detect_ball script to /home/vox/Vox/install/ball_tracker/lib/ball_tracker
[6.787s] Installing detect_ball_3d script to /home/vox/Vox/install/ball_tracker/lib/ball_tracker
[6.788s] Installing follow_ball script to /home/vox/Vox/install/ball_tracker/lib/ball_tracker
[6.790s] 
[6.791s] Installed /home/vox/Vox/build/ball_tracker
[6.792s] running symlink_data
[6.792s] creating /home/vox/Vox/install/ball_tracker/share/ament_index
[6.793s] creating /home/vox/Vox/install/ball_tracker/share/ament_index/resource_index
[6.793s] creating /home/vox/Vox/install/ball_tracker/share/ament_index/resource_index/packages
[6.794s] symbolically linking /home/vox/Vox/build/ball_tracker/resource/ball_tracker -> /home/vox/Vox/install/ball_tracker/share/ament_index/resource_index/packages
[6.795s] symbolically linking /home/vox/Vox/build/ball_tracker/package.xml -> /home/vox/Vox/install/ball_tracker/share/ball_tracker
[6.798s] creating /home/vox/Vox/install/ball_tracker/share/ball_tracker/launch
[6.800s] symbolically linking /home/vox/Vox/build/ball_tracker/launch/example_launch_include.launch.py -> /home/vox/Vox/install/ball_tracker/share/ball_tracker/launch
[6.802s] symbolically linking /home/vox/Vox/build/ball_tracker/launch/ball_tracker.launch.py -> /home/vox/Vox/install/ball_tracker/share/ball_tracker/launch
[6.804s] creating /home/vox/Vox/install/ball_tracker/share/ball_tracker/config
[6.806s] symbolically linking /home/vox/Vox/build/ball_tracker/config/ball_tracker_params_example.yaml -> /home/vox/Vox/install/ball_tracker/share/ball_tracker/config
[6.993s] Invoked command in '/home/vox/Vox/build/ball_tracker' returned '0': PYTHONPATH=/home/vox/Vox/build/ball_tracker/prefix_override:/home/vox/Vox/install/ball_tracker/lib/python3.10/site-packages:${PYTHONPATH} /usr/bin/python3 -W ignore:setup.py install is deprecated setup.py develop --editable --build-directory /home/vox/Vox/build/ball_tracker/build --no-deps symlink_data
