[0.103s] Invoking command in '/home/vox/Vox/build/serial_motor_demo_msgs': CMAKE_PREFIX_PATH=/opt/ros/iron /usr/bin/cmake --build /home/vox/Vox/build/serial_motor_demo_msgs -- -j4 -l4
[1.603s] [  1%] Built target serial_motor_demo_msgs__rosidl_generator_type_description
[1.604s] [  1%] Built target ament_cmake_python_symlink_serial_motor_demo_msgs
[1.604s] [  3%] Built target serial_motor_demo_msgs__cpp
[1.605s] [ 24%] Built target serial_motor_demo_msgs__rosidl_generator_c
[1.605s] [ 33%] Built target serial_motor_demo_msgs__rosidl_typesupport_cpp
[1.606s] [ 42%] Built target serial_motor_demo_msgs__rosidl_typesupport_fastrtps_c
[1.606s] [ 51%] Built target serial_motor_demo_msgs__rosidl_typesupport_introspection_c
[1.606s] [ 61%] Built target serial_motor_demo_msgs__rosidl_typesupport_c
[1.607s] [ 70%] Built target serial_motor_demo_msgs__rosidl_typesupport_introspection_cpp
[1.607s] [ 79%] Built target serial_motor_demo_msgs__rosidl_typesupport_fastrtps_cpp
[1.608s] [ 79%] Built target serial_motor_demo_msgs
[1.609s] [ 81%] Built target serial_motor_demo_msgs__py
[1.609s] [ 88%] Built target serial_motor_demo_msgs__rosidl_generator_py
[1.610s] [ 92%] Built target serial_motor_demo_msgs__rosidl_typesupport_fastrtps_c__pyext
[1.612s] [ 96%] Built target serial_motor_demo_msgs__rosidl_typesupport_c__pyext
[1.615s] [100%] Built target serial_motor_demo_msgs__rosidl_typesupport_introspection_c__pyext
[1.775s] running egg_info
[1.780s] writing serial_motor_demo_msgs.egg-info/PKG-INFO
[1.781s] writing dependency_links to serial_motor_demo_msgs.egg-info/dependency_links.txt
[1.783s] writing top-level names to serial_motor_demo_msgs.egg-info/top_level.txt
[1.797s] reading manifest file 'serial_motor_demo_msgs.egg-info/SOURCES.txt'
[1.801s] writing manifest file 'serial_motor_demo_msgs.egg-info/SOURCES.txt'
[1.992s] [100%] Built target ament_cmake_python_build_serial_motor_demo_msgs_egg
[2.052s] Invoked command in '/home/vox/Vox/build/serial_motor_demo_msgs' returned '0': CMAKE_PREFIX_PATH=/opt/ros/iron /usr/bin/cmake --build /home/vox/Vox/build/serial_motor_demo_msgs -- -j4 -l4
[2.761s] Invoking command in '/home/vox/Vox/build/serial_motor_demo_msgs': CMAKE_PREFIX_PATH=/opt/ros/iron /usr/bin/cmake --install /home/vox/Vox/build/serial_motor_demo_msgs
[2.797s] -- Install configuration: ""
[2.800s] -- Execute custom install script
[2.802s] -- Up-to-date symlink: /home/vox/Vox/install/serial_motor_demo_msgs/share/ament_index/resource_index/rosidl_interfaces/serial_motor_demo_msgs
[2.804s] -- Up-to-date symlink: /home/vox/Vox/install/serial_motor_demo_msgs/share/serial_motor_demo_msgs/msg/MotorCommand.json
[2.805s] -- Up-to-date symlink: /home/vox/Vox/install/serial_motor_demo_msgs/share/serial_motor_demo_msgs/msg/MotorVels.json
[2.808s] -- Up-to-date symlink: /home/vox/Vox/install/serial_motor_demo_msgs/share/serial_motor_demo_msgs/msg/EncoderVals.json
[2.811s] -- Up-to-date symlink: /home/vox/Vox/install/serial_motor_demo_msgs/include/serial_motor_demo_msgs/serial_motor_demo_msgs/msg/detail/encoder_vals__functions.h
[2.813s] -- Up-to-date symlink: /home/vox/Vox/install/serial_motor_demo_msgs/include/serial_motor_demo_msgs/serial_motor_demo_msgs/msg/detail/encoder_vals__struct.h
[2.815s] -- Up-to-date symlink: /home/vox/Vox/install/serial_motor_demo_msgs/include/serial_motor_demo_msgs/serial_motor_demo_msgs/msg/detail/encoder_vals__type_support.h
[2.816s] -- Up-to-date symlink: /home/vox/Vox/install/serial_motor_demo_msgs/include/serial_motor_demo_msgs/serial_motor_demo_msgs/msg/detail/motor_command__functions.h
[2.818s] -- Up-to-date symlink: /home/vox/Vox/install/serial_motor_demo_msgs/include/serial_motor_demo_msgs/serial_motor_demo_msgs/msg/detail/motor_command__struct.h
[2.819s] -- Up-to-date symlink: /home/vox/Vox/install/serial_motor_demo_msgs/include/serial_motor_demo_msgs/serial_motor_demo_msgs/msg/detail/motor_command__type_support.h
[2.821s] -- Up-to-date symlink: /home/vox/Vox/install/serial_motor_demo_msgs/include/serial_motor_demo_msgs/serial_motor_demo_msgs/msg/detail/motor_vels__functions.h
[2.822s] -- Up-to-date symlink: /home/vox/Vox/install/serial_motor_demo_msgs/include/serial_motor_demo_msgs/serial_motor_demo_msgs/msg/detail/motor_vels__struct.h
[2.824s] -- Up-to-date symlink: /home/vox/Vox/install/serial_motor_demo_msgs/include/serial_motor_demo_msgs/serial_motor_demo_msgs/msg/detail/motor_vels__type_support.h
[2.825s] -- Up-to-date symlink: /home/vox/Vox/install/serial_motor_demo_msgs/include/serial_motor_demo_msgs/serial_motor_demo_msgs/msg/encoder_vals.h
[2.826s] -- Up-to-date symlink: /home/vox/Vox/install/serial_motor_demo_msgs/include/serial_motor_demo_msgs/serial_motor_demo_msgs/msg/motor_command.h
[2.828s] -- Up-to-date symlink: /home/vox/Vox/install/serial_motor_demo_msgs/include/serial_motor_demo_msgs/serial_motor_demo_msgs/msg/motor_vels.h
[2.829s] -- Up-to-date symlink: /home/vox/Vox/install/serial_motor_demo_msgs/include/serial_motor_demo_msgs/serial_motor_demo_msgs/msg/rosidl_generator_c__visibility_control.h
[2.830s] -- Up-to-date symlink: /home/vox/Vox/install/serial_motor_demo_msgs/share/serial_motor_demo_msgs/environment/library_path.sh
[2.832s] -- Up-to-date symlink: /home/vox/Vox/install/serial_motor_demo_msgs/share/serial_motor_demo_msgs/environment/library_path.dsv
[2.837s] -- Up-to-date symlink: /home/vox/Vox/install/serial_motor_demo_msgs/include/serial_motor_demo_msgs/serial_motor_demo_msgs/msg/detail/encoder_vals__rosidl_typesupport_fastrtps_c.h
[2.839s] -- Up-to-date symlink: /home/vox/Vox/install/serial_motor_demo_msgs/include/serial_motor_demo_msgs/serial_motor_demo_msgs/msg/detail/motor_command__rosidl_typesupport_fastrtps_c.h
[2.841s] -- Up-to-date symlink: /home/vox/Vox/install/serial_motor_demo_msgs/include/serial_motor_demo_msgs/serial_motor_demo_msgs/msg/detail/motor_vels__rosidl_typesupport_fastrtps_c.h
[2.844s] -- Up-to-date symlink: /home/vox/Vox/install/serial_motor_demo_msgs/include/serial_motor_demo_msgs/serial_motor_demo_msgs/msg/rosidl_typesupport_fastrtps_c__visibility_control.h
[2.848s] -- Up-to-date symlink: /home/vox/Vox/install/serial_motor_demo_msgs/include/serial_motor_demo_msgs/serial_motor_demo_msgs/msg/detail/encoder_vals__rosidl_typesupport_introspection_c.h
[2.850s] -- Up-to-date symlink: /home/vox/Vox/install/serial_motor_demo_msgs/include/serial_motor_demo_msgs/serial_motor_demo_msgs/msg/detail/motor_command__rosidl_typesupport_introspection_c.h
[2.853s] -- Up-to-date symlink: /home/vox/Vox/install/serial_motor_demo_msgs/include/serial_motor_demo_msgs/serial_motor_demo_msgs/msg/detail/motor_vels__rosidl_typesupport_introspection_c.h
[2.855s] -- Up-to-date symlink: /home/vox/Vox/install/serial_motor_demo_msgs/include/serial_motor_demo_msgs/serial_motor_demo_msgs/msg/rosidl_typesupport_introspection_c__visibility_control.h
[2.859s] -- Up-to-date symlink: /home/vox/Vox/install/serial_motor_demo_msgs/include/serial_motor_demo_msgs/serial_motor_demo_msgs/msg/detail/encoder_vals__builder.hpp
[2.861s] -- Up-to-date symlink: /home/vox/Vox/install/serial_motor_demo_msgs/include/serial_motor_demo_msgs/serial_motor_demo_msgs/msg/detail/encoder_vals__struct.hpp
[2.863s] -- Up-to-date symlink: /home/vox/Vox/install/serial_motor_demo_msgs/include/serial_motor_demo_msgs/serial_motor_demo_msgs/msg/detail/encoder_vals__traits.hpp
[2.865s] -- Up-to-date symlink: /home/vox/Vox/install/serial_motor_demo_msgs/include/serial_motor_demo_msgs/serial_motor_demo_msgs/msg/detail/motor_command__builder.hpp
[2.867s] -- Up-to-date symlink: /home/vox/Vox/install/serial_motor_demo_msgs/include/serial_motor_demo_msgs/serial_motor_demo_msgs/msg/detail/motor_command__struct.hpp
[2.870s] -- Up-to-date symlink: /home/vox/Vox/install/serial_motor_demo_msgs/include/serial_motor_demo_msgs/serial_motor_demo_msgs/msg/detail/motor_command__traits.hpp
[2.872s] -- Up-to-date symlink: /home/vox/Vox/install/serial_motor_demo_msgs/include/serial_motor_demo_msgs/serial_motor_demo_msgs/msg/detail/motor_vels__builder.hpp
[2.874s] -- Up-to-date symlink: /home/vox/Vox/install/serial_motor_demo_msgs/include/serial_motor_demo_msgs/serial_motor_demo_msgs/msg/detail/motor_vels__struct.hpp
[2.876s] -- Up-to-date symlink: /home/vox/Vox/install/serial_motor_demo_msgs/include/serial_motor_demo_msgs/serial_motor_demo_msgs/msg/detail/motor_vels__traits.hpp
[2.878s] -- Up-to-date symlink: /home/vox/Vox/install/serial_motor_demo_msgs/include/serial_motor_demo_msgs/serial_motor_demo_msgs/msg/encoder_vals.hpp
[2.881s] -- Up-to-date symlink: /home/vox/Vox/install/serial_motor_demo_msgs/include/serial_motor_demo_msgs/serial_motor_demo_msgs/msg/motor_command.hpp
[2.883s] -- Up-to-date symlink: /home/vox/Vox/install/serial_motor_demo_msgs/include/serial_motor_demo_msgs/serial_motor_demo_msgs/msg/motor_vels.hpp
[2.888s] -- Up-to-date symlink: /home/vox/Vox/install/serial_motor_demo_msgs/include/serial_motor_demo_msgs/serial_motor_demo_msgs/msg/detail/encoder_vals__rosidl_typesupport_fastrtps_cpp.hpp
[2.890s] -- Up-to-date symlink: /home/vox/Vox/install/serial_motor_demo_msgs/include/serial_motor_demo_msgs/serial_motor_demo_msgs/msg/detail/motor_command__rosidl_typesupport_fastrtps_cpp.hpp
[2.892s] -- Up-to-date symlink: /home/vox/Vox/install/serial_motor_demo_msgs/include/serial_motor_demo_msgs/serial_motor_demo_msgs/msg/detail/motor_vels__rosidl_typesupport_fastrtps_cpp.hpp
[2.895s] -- Up-to-date symlink: /home/vox/Vox/install/serial_motor_demo_msgs/include/serial_motor_demo_msgs/serial_motor_demo_msgs/msg/rosidl_typesupport_fastrtps_cpp__visibility_control.h
[2.903s] -- Up-to-date symlink: /home/vox/Vox/install/serial_motor_demo_msgs/include/serial_motor_demo_msgs/serial_motor_demo_msgs/msg/detail/encoder_vals__rosidl_typesupport_introspection_cpp.hpp
[2.903s] -- Up-to-date symlink: /home/vox/Vox/install/serial_motor_demo_msgs/include/serial_motor_demo_msgs/serial_motor_demo_msgs/msg/detail/motor_command__rosidl_typesupport_introspection_cpp.hpp
[2.904s] -- Up-to-date symlink: /home/vox/Vox/install/serial_motor_demo_msgs/include/serial_motor_demo_msgs/serial_motor_demo_msgs/msg/detail/motor_vels__rosidl_typesupport_introspection_cpp.hpp
[2.904s] -- Up-to-date symlink: /home/vox/Vox/install/serial_motor_demo_msgs/share/serial_motor_demo_msgs/environment/pythonpath.sh
[2.905s] -- Up-to-date symlink: /home/vox/Vox/install/serial_motor_demo_msgs/share/serial_motor_demo_msgs/environment/pythonpath.dsv
[2.908s] -- Up-to-date symlink: /home/vox/Vox/install/serial_motor_demo_msgs/lib/python3.10/site-packages/serial_motor_demo_msgs-0.0.0-py3.10.egg-info/PKG-INFO
[2.909s] -- Up-to-date symlink: /home/vox/Vox/install/serial_motor_demo_msgs/lib/python3.10/site-packages/serial_motor_demo_msgs-0.0.0-py3.10.egg-info/SOURCES.txt
[2.909s] -- Up-to-date symlink: /home/vox/Vox/install/serial_motor_demo_msgs/lib/python3.10/site-packages/serial_motor_demo_msgs-0.0.0-py3.10.egg-info/dependency_links.txt
[2.910s] -- Up-to-date symlink: /home/vox/Vox/install/serial_motor_demo_msgs/lib/python3.10/site-packages/serial_motor_demo_msgs-0.0.0-py3.10.egg-info/top_level.txt
[2.915s] -- Up-to-date symlink: /home/vox/Vox/install/serial_motor_demo_msgs/lib/python3.10/site-packages/serial_motor_demo_msgs/__init__.py
[2.917s] -- Up-to-date symlink: /home/vox/Vox/install/serial_motor_demo_msgs/lib/python3.10/site-packages/serial_motor_demo_msgs/_serial_motor_demo_msgs_s.ep.rosidl_typesupport_c.c
[2.920s] -- Up-to-date symlink: /home/vox/Vox/install/serial_motor_demo_msgs/lib/python3.10/site-packages/serial_motor_demo_msgs/_serial_motor_demo_msgs_s.ep.rosidl_typesupport_fastrtps_c.c
[2.922s] -- Up-to-date symlink: /home/vox/Vox/install/serial_motor_demo_msgs/lib/python3.10/site-packages/serial_motor_demo_msgs/_serial_motor_demo_msgs_s.ep.rosidl_typesupport_introspection_c.c
[2.924s] -- Up-to-date symlink: /home/vox/Vox/install/serial_motor_demo_msgs/lib/python3.10/site-packages/serial_motor_demo_msgs/libserial_motor_demo_msgs__rosidl_generator_py.so
[2.927s] -- Up-to-date symlink: /home/vox/Vox/install/serial_motor_demo_msgs/lib/python3.10/site-packages/serial_motor_demo_msgs/msg/__init__.py
[2.929s] -- Up-to-date symlink: /home/vox/Vox/install/serial_motor_demo_msgs/lib/python3.10/site-packages/serial_motor_demo_msgs/msg/_encoder_vals.py
[2.931s] -- Up-to-date symlink: /home/vox/Vox/install/serial_motor_demo_msgs/lib/python3.10/site-packages/serial_motor_demo_msgs/msg/_encoder_vals_s.c
[2.935s] -- Up-to-date symlink: /home/vox/Vox/install/serial_motor_demo_msgs/lib/python3.10/site-packages/serial_motor_demo_msgs/msg/_motor_command.py
[2.937s] -- Up-to-date symlink: /home/vox/Vox/install/serial_motor_demo_msgs/lib/python3.10/site-packages/serial_motor_demo_msgs/msg/_motor_command_s.c
[2.939s] -- Up-to-date symlink: /home/vox/Vox/install/serial_motor_demo_msgs/lib/python3.10/site-packages/serial_motor_demo_msgs/msg/_motor_vels.py
[2.941s] -- Up-to-date symlink: /home/vox/Vox/install/serial_motor_demo_msgs/lib/python3.10/site-packages/serial_motor_demo_msgs/msg/_motor_vels_s.c
[2.945s] -- Up-to-date symlink: /home/vox/Vox/install/serial_motor_demo_msgs/lib/python3.10/site-packages/serial_motor_demo_msgs/serial_motor_demo_msgs_s__rosidl_typesupport_c.cpython-310-aarch64-linux-gnu.so
[2.953s] -- Up-to-date symlink: /home/vox/Vox/install/serial_motor_demo_msgs/lib/python3.10/site-packages/serial_motor_demo_msgs/serial_motor_demo_msgs_s__rosidl_typesupport_fastrtps_c.cpython-310-aarch64-linux-gnu.so
[2.958s] -- Up-to-date symlink: /home/vox/Vox/install/serial_motor_demo_msgs/lib/python3.10/site-packages/serial_motor_demo_msgs/serial_motor_demo_msgs_s__rosidl_typesupport_introspection_c.cpython-310-aarch64-linux-gnu.so
[2.971s] -- Up-to-date symlink: /home/vox/Vox/install/serial_motor_demo_msgs/lib/python3.10/site-packages/serial_motor_demo_msgs/serial_motor_demo_msgs_s__rosidl_typesupport_fastrtps_c.cpython-310-aarch64-linux-gnu.so
[2.974s] -- Up-to-date symlink: /home/vox/Vox/install/serial_motor_demo_msgs/lib/python3.10/site-packages/serial_motor_demo_msgs/serial_motor_demo_msgs_s__rosidl_typesupport_introspection_c.cpython-310-aarch64-linux-gnu.so
[2.976s] -- Up-to-date symlink: /home/vox/Vox/install/serial_motor_demo_msgs/lib/python3.10/site-packages/serial_motor_demo_msgs/serial_motor_demo_msgs_s__rosidl_typesupport_c.cpython-310-aarch64-linux-gnu.so
[2.977s] -- Up-to-date symlink: /home/vox/Vox/install/serial_motor_demo_msgs/share/serial_motor_demo_msgs/msg/MotorCommand.idl
[2.984s] -- Up-to-date symlink: /home/vox/Vox/install/serial_motor_demo_msgs/share/serial_motor_demo_msgs/msg/MotorVels.idl
[2.992s] -- Up-to-date symlink: /home/vox/Vox/install/serial_motor_demo_msgs/share/serial_motor_demo_msgs/msg/EncoderVals.idl
[2.993s] -- Up-to-date symlink: /home/vox/Vox/install/serial_motor_demo_msgs/share/serial_motor_demo_msgs/msg/MotorCommand.msg
[2.994s] -- Up-to-date symlink: /home/vox/Vox/install/serial_motor_demo_msgs/share/serial_motor_demo_msgs/msg/MotorVels.msg
[2.995s] -- Up-to-date symlink: /home/vox/Vox/install/serial_motor_demo_msgs/share/serial_motor_demo_msgs/msg/EncoderVals.msg
[3.000s] -- Up-to-date symlink: /home/vox/Vox/install/serial_motor_demo_msgs/share/ament_index/resource_index/package_run_dependencies/serial_motor_demo_msgs
[3.001s] -- Up-to-date symlink: /home/vox/Vox/install/serial_motor_demo_msgs/share/ament_index/resource_index/parent_prefix_path/serial_motor_demo_msgs
[3.003s] -- Up-to-date symlink: /home/vox/Vox/install/serial_motor_demo_msgs/share/serial_motor_demo_msgs/environment/ament_prefix_path.sh
[3.004s] -- Up-to-date symlink: /home/vox/Vox/install/serial_motor_demo_msgs/share/serial_motor_demo_msgs/environment/ament_prefix_path.dsv
[3.005s] -- Up-to-date symlink: /home/vox/Vox/install/serial_motor_demo_msgs/share/serial_motor_demo_msgs/environment/path.sh
[3.006s] -- Up-to-date symlink: /home/vox/Vox/install/serial_motor_demo_msgs/share/serial_motor_demo_msgs/environment/path.dsv
[3.015s] -- Up-to-date symlink: /home/vox/Vox/install/serial_motor_demo_msgs/share/serial_motor_demo_msgs/local_setup.bash
[3.016s] -- Up-to-date symlink: /home/vox/Vox/install/serial_motor_demo_msgs/share/serial_motor_demo_msgs/local_setup.sh
[3.017s] -- Up-to-date symlink: /home/vox/Vox/install/serial_motor_demo_msgs/share/serial_motor_demo_msgs/local_setup.zsh
[3.018s] -- Up-to-date symlink: /home/vox/Vox/install/serial_motor_demo_msgs/share/serial_motor_demo_msgs/local_setup.dsv
[3.019s] -- Symlinking: /home/vox/Vox/install/serial_motor_demo_msgs/share/serial_motor_demo_msgs/package.dsv
[3.049s] -- Up-to-date symlink: /home/vox/Vox/install/serial_motor_demo_msgs/share/ament_index/resource_index/packages/serial_motor_demo_msgs
[3.050s] -- Up-to-date symlink: /home/vox/Vox/install/serial_motor_demo_msgs/share/serial_motor_demo_msgs/cmake/rosidl_cmake-extras.cmake
[3.055s] -- Up-to-date symlink: /home/vox/Vox/install/serial_motor_demo_msgs/share/serial_motor_demo_msgs/cmake/ament_cmake_export_include_directories-extras.cmake
[3.055s] -- Up-to-date symlink: /home/vox/Vox/install/serial_motor_demo_msgs/share/serial_motor_demo_msgs/cmake/ament_cmake_export_libraries-extras.cmake
[3.056s] -- Up-to-date symlink: /home/vox/Vox/install/serial_motor_demo_msgs/share/serial_motor_demo_msgs/cmake/ament_cmake_export_targets-extras.cmake
[3.056s] -- Up-to-date symlink: /home/vox/Vox/install/serial_motor_demo_msgs/share/serial_motor_demo_msgs/cmake/rosidl_cmake_export_typesupport_targets-extras.cmake
[3.057s] -- Up-to-date symlink: /home/vox/Vox/install/serial_motor_demo_msgs/share/serial_motor_demo_msgs/cmake/ament_cmake_export_dependencies-extras.cmake
[3.057s] -- Up-to-date symlink: /home/vox/Vox/install/serial_motor_demo_msgs/share/serial_motor_demo_msgs/cmake/rosidl_cmake_export_typesupport_libraries-extras.cmake
[3.058s] -- Up-to-date symlink: /home/vox/Vox/install/serial_motor_demo_msgs/share/serial_motor_demo_msgs/cmake/serial_motor_demo_msgsConfig.cmake
[3.058s] -- Up-to-date symlink: /home/vox/Vox/install/serial_motor_demo_msgs/share/serial_motor_demo_msgs/cmake/serial_motor_demo_msgsConfig-version.cmake
[3.059s] -- Up-to-date symlink: /home/vox/Vox/install/serial_motor_demo_msgs/share/serial_motor_demo_msgs/package.xml
[3.059s] -- Up-to-date: /home/vox/Vox/install/serial_motor_demo_msgs/lib/libserial_motor_demo_msgs__rosidl_generator_c.so
[3.060s] -- Up-to-date: /home/vox/Vox/install/serial_motor_demo_msgs/lib/libserial_motor_demo_msgs__rosidl_typesupport_fastrtps_c.so
[3.060s] -- Up-to-date: /home/vox/Vox/install/serial_motor_demo_msgs/lib/libserial_motor_demo_msgs__rosidl_typesupport_introspection_c.so
[3.063s] -- Up-to-date: /home/vox/Vox/install/serial_motor_demo_msgs/lib/libserial_motor_demo_msgs__rosidl_typesupport_c.so
[3.064s] -- Up-to-date: /home/vox/Vox/install/serial_motor_demo_msgs/lib/libserial_motor_demo_msgs__rosidl_typesupport_fastrtps_cpp.so
[3.064s] -- Up-to-date: /home/vox/Vox/install/serial_motor_demo_msgs/lib/libserial_motor_demo_msgs__rosidl_typesupport_introspection_cpp.so
[3.066s] -- Up-to-date: /home/vox/Vox/install/serial_motor_demo_msgs/lib/libserial_motor_demo_msgs__rosidl_typesupport_cpp.so
[3.241s] Listing '/home/vox/Vox/install/serial_motor_demo_msgs/lib/python3.10/site-packages/serial_motor_demo_msgs'...
[3.243s] Listing '/home/vox/Vox/install/serial_motor_demo_msgs/lib/python3.10/site-packages/serial_motor_demo_msgs/msg'...
[3.271s] -- Up-to-date: /home/vox/Vox/install/serial_motor_demo_msgs/lib/libserial_motor_demo_msgs__rosidl_generator_py.so
[3.273s] -- Up-to-date: /home/vox/Vox/install/serial_motor_demo_msgs/share/serial_motor_demo_msgs/cmake/export_serial_motor_demo_msgs__rosidl_generator_cExport.cmake
[3.274s] -- Up-to-date: /home/vox/Vox/install/serial_motor_demo_msgs/share/serial_motor_demo_msgs/cmake/export_serial_motor_demo_msgs__rosidl_generator_cExport-noconfig.cmake
[3.275s] -- Up-to-date: /home/vox/Vox/install/serial_motor_demo_msgs/share/serial_motor_demo_msgs/cmake/export_serial_motor_demo_msgs__rosidl_typesupport_fastrtps_cExport.cmake
[3.276s] -- Up-to-date: /home/vox/Vox/install/serial_motor_demo_msgs/share/serial_motor_demo_msgs/cmake/export_serial_motor_demo_msgs__rosidl_typesupport_fastrtps_cExport-noconfig.cmake
[3.277s] -- Up-to-date: /home/vox/Vox/install/serial_motor_demo_msgs/share/serial_motor_demo_msgs/cmake/serial_motor_demo_msgs__rosidl_typesupport_introspection_cExport.cmake
[3.278s] -- Up-to-date: /home/vox/Vox/install/serial_motor_demo_msgs/share/serial_motor_demo_msgs/cmake/serial_motor_demo_msgs__rosidl_typesupport_introspection_cExport-noconfig.cmake
[3.279s] -- Up-to-date: /home/vox/Vox/install/serial_motor_demo_msgs/share/serial_motor_demo_msgs/cmake/serial_motor_demo_msgs__rosidl_typesupport_cExport.cmake
[3.280s] -- Up-to-date: /home/vox/Vox/install/serial_motor_demo_msgs/share/serial_motor_demo_msgs/cmake/serial_motor_demo_msgs__rosidl_typesupport_cExport-noconfig.cmake
[3.281s] -- Up-to-date: /home/vox/Vox/install/serial_motor_demo_msgs/share/serial_motor_demo_msgs/cmake/export_serial_motor_demo_msgs__rosidl_generator_cppExport.cmake
[3.283s] -- Up-to-date: /home/vox/Vox/install/serial_motor_demo_msgs/share/serial_motor_demo_msgs/cmake/export_serial_motor_demo_msgs__rosidl_typesupport_fastrtps_cppExport.cmake
[3.283s] -- Up-to-date: /home/vox/Vox/install/serial_motor_demo_msgs/share/serial_motor_demo_msgs/cmake/export_serial_motor_demo_msgs__rosidl_typesupport_fastrtps_cppExport-noconfig.cmake
[3.285s] -- Up-to-date: /home/vox/Vox/install/serial_motor_demo_msgs/share/serial_motor_demo_msgs/cmake/serial_motor_demo_msgs__rosidl_typesupport_introspection_cppExport.cmake
[3.285s] -- Up-to-date: /home/vox/Vox/install/serial_motor_demo_msgs/share/serial_motor_demo_msgs/cmake/serial_motor_demo_msgs__rosidl_typesupport_introspection_cppExport-noconfig.cmake
[3.287s] -- Up-to-date: /home/vox/Vox/install/serial_motor_demo_msgs/share/serial_motor_demo_msgs/cmake/serial_motor_demo_msgs__rosidl_typesupport_cppExport.cmake
[3.287s] -- Up-to-date: /home/vox/Vox/install/serial_motor_demo_msgs/share/serial_motor_demo_msgs/cmake/serial_motor_demo_msgs__rosidl_typesupport_cppExport-noconfig.cmake
[3.289s] -- Up-to-date: /home/vox/Vox/install/serial_motor_demo_msgs/share/serial_motor_demo_msgs/cmake/export_serial_motor_demo_msgs__rosidl_generator_pyExport.cmake
[3.289s] -- Up-to-date: /home/vox/Vox/install/serial_motor_demo_msgs/share/serial_motor_demo_msgs/cmake/export_serial_motor_demo_msgs__rosidl_generator_pyExport-noconfig.cmake
[3.299s] Invoked command in '/home/vox/Vox/build/serial_motor_demo_msgs' returned '0': CMAKE_PREFIX_PATH=/opt/ros/iron /usr/bin/cmake --install /home/vox/Vox/build/serial_motor_demo_msgs
