[3.709s] Invoking command in '/home/vox/Vox/build/ball_tracker': PYTHONPATH=/home/vox/Vox/build/ball_tracker/prefix_override:/home/vox/Vox/install/ball_tracker/lib/python3.10/site-packages:${PYTHONPATH} /usr/bin/python3 -W ignore:setup.py install is deprecated setup.py develop --editable --build-directory /home/vox/Vox/build/ball_tracker/build --no-deps symlink_data
[4.770s] /usr/lib/python3/dist-packages/setuptools/dist.py:723: UserWarning: Usage of dash-separated 'script-dir' will not be supported in future versions. Please use the underscore name 'script_dir' instead
[4.771s]   warnings.warn(
[4.930s] running develop
[4.931s] /usr/lib/python3/dist-packages/setuptools/command/easy_install.py:158: EasyInstallDeprecationWarning: easy_install command is deprecated. Use build and pip and other standards-based tools.
[4.932s]   warnings.warn(
[5.802s] running egg_info
[5.803s] writing ball_tracker.egg-info/PKG-INFO
[5.804s] writing dependency_links to ball_tracker.egg-info/dependency_links.txt
[5.805s] writing entry points to ball_tracker.egg-info/entry_points.txt
[5.806s] writing requirements to ball_tracker.egg-info/requires.txt
[5.807s] writing top-level names to ball_tracker.egg-info/top_level.txt
[5.815s] reading manifest file 'ball_tracker.egg-info/SOURCES.txt'
[5.818s] writing manifest file 'ball_tracker.egg-info/SOURCES.txt'
[5.824s] running build_ext
[5.825s] Creating /home/vox/Vox/install/ball_tracker/lib/python3.10/site-packages/ball-tracker.egg-link (link to .)
[5.829s] Installing detect_ball script to /home/vox/Vox/install/ball_tracker/lib/ball_tracker
[5.830s] Installing detect_ball_3d script to /home/vox/Vox/install/ball_tracker/lib/ball_tracker
[5.830s] Installing follow_ball script to /home/vox/Vox/install/ball_tracker/lib/ball_tracker
[5.832s] 
[5.832s] Installed /home/vox/Vox/build/ball_tracker
[5.833s] running symlink_data
[5.981s] Invoked command in '/home/vox/Vox/build/ball_tracker' returned '0': PYTHONPATH=/home/vox/Vox/build/ball_tracker/prefix_override:/home/vox/Vox/install/ball_tracker/lib/python3.10/site-packages:${PYTHONPATH} /usr/bin/python3 -W ignore:setup.py install is deprecated setup.py develop --editable --build-directory /home/vox/Vox/build/ball_tracker/build --no-deps symlink_data
