[0.435s] DEBUG:colcon:Command line arguments: ['/usr/bin/colcon', 'build', '--symlink-install']
[0.436s] DEBUG:colcon:Parsed command line arguments: Namespace(log_base=None, log_level=None, verb_name='build', build_base='build', install_base='install', merge_install=False, symlink_install=True, test_result_base=None, continue_on_error=False, executor='parallel', parallel_workers=4, event_handlers=None, ignore_user_meta=False, metas=['./colcon.meta'], base_paths=['.'], packages_ignore=None, packages_ignore_regex=None, paths=None, packages_up_to=None, packages_up_to_regex=None, packages_above=None, packages_above_and_dependencies=None, packages_above_depth=None, packages_select_by_dep=None, packages_skip_by_dep=None, packages_skip_up_to=None, packages_select_build_failed=False, packages_skip_build_finished=False, packages_select_test_failures=False, packages_skip_test_passed=False, packages_select=None, packages_skip=None, packages_select_regex=None, packages_skip_regex=None, packages_start=None, packages_end=None, allow_overriding=[], cmake_args=None, cmake_target=None, cmake_target_skip_unavailable=False, cmake_clean_cache=False, cmake_clean_first=False, cmake_force_configure=False, ament_cmake_args=None, catkin_cmake_args=None, catkin_skip_building_tests=False, mixin_files=None, mixin=None, verb_parser=<colcon_mixin.mixin.mixin_argument.MixinArgumentDecorator object at 0xffffb2c88a90>, verb_extension=<colcon_core.verb.build.BuildVerb object at 0xffffb2dd11b0>, main=<bound method BuildVerb.main of <colcon_core.verb.build.BuildVerb object at 0xffffb2dd11b0>>, mixin_verb=('build',))
[1.129s] Level 1:colcon.colcon_core.package_discovery:discover_packages(colcon_meta) check parameters
[1.129s] Level 1:colcon.colcon_core.package_discovery:discover_packages(recursive) check parameters
[1.129s] Level 1:colcon.colcon_core.package_discovery:discover_packages(ignore) check parameters
[1.129s] Level 1:colcon.colcon_core.package_discovery:discover_packages(path) check parameters
[1.129s] Level 1:colcon.colcon_core.package_discovery:discover_packages(colcon_meta) discover
[1.130s] Level 1:colcon.colcon_core.package_discovery:discover_packages(recursive) discover
[1.130s] INFO:colcon.colcon_core.package_discovery:Crawling recursively for packages in '/home/vox/Vox'
[1.130s] Level 1:colcon.colcon_core.package_identification:_identify(.) by extensions ['ignore', 'ignore_ament_install']
[1.131s] Level 1:colcon.colcon_core.package_identification:_identify(.) by extension 'ignore'
[1.131s] Level 1:colcon.colcon_core.package_identification:_identify(.) by extension 'ignore_ament_install'
[1.131s] Level 1:colcon.colcon_core.package_identification:_identify(.) by extensions ['colcon_pkg']
[1.131s] Level 1:colcon.colcon_core.package_identification:_identify(.) by extension 'colcon_pkg'
[1.132s] Level 1:colcon.colcon_core.package_identification:_identify(.) by extensions ['colcon_meta']
[1.132s] Level 1:colcon.colcon_core.package_identification:_identify(.) by extension 'colcon_meta'
[1.132s] Level 1:colcon.colcon_core.package_identification:_identify(.) by extensions ['ros']
[1.132s] Level 1:colcon.colcon_core.package_identification:_identify(.) by extension 'ros'
[1.179s] Level 1:colcon.colcon_core.package_identification:_identify(.) by extensions ['cmake', 'python']
[1.179s] Level 1:colcon.colcon_core.package_identification:_identify(.) by extension 'cmake'
[1.179s] Level 1:colcon.colcon_core.package_identification:_identify(.) by extension 'python'
[1.179s] Level 1:colcon.colcon_core.package_identification:_identify(.) by extensions ['python_setup_py']
[1.180s] Level 1:colcon.colcon_core.package_identification:_identify(.) by extension 'python_setup_py'
[1.180s] Level 1:colcon.colcon_core.package_identification:_identify(build) by extensions ['ignore', 'ignore_ament_install']
[1.181s] Level 1:colcon.colcon_core.package_identification:_identify(build) by extension 'ignore'
[1.181s] Level 1:colcon.colcon_core.package_identification:_identify(build) ignored
[1.181s] Level 1:colcon.colcon_core.package_identification:_identify(install) by extensions ['ignore', 'ignore_ament_install']
[1.182s] Level 1:colcon.colcon_core.package_identification:_identify(install) by extension 'ignore'
[1.182s] Level 1:colcon.colcon_core.package_identification:_identify(install) ignored
[1.183s] Level 1:colcon.colcon_core.package_identification:_identify(log) by extensions ['ignore', 'ignore_ament_install']
[1.183s] Level 1:colcon.colcon_core.package_identification:_identify(log) by extension 'ignore'
[1.183s] Level 1:colcon.colcon_core.package_identification:_identify(log) ignored
[1.184s] Level 1:colcon.colcon_core.package_identification:_identify(src) by extensions ['ignore', 'ignore_ament_install']
[1.184s] Level 1:colcon.colcon_core.package_identification:_identify(src) by extension 'ignore'
[1.184s] Level 1:colcon.colcon_core.package_identification:_identify(src) by extension 'ignore_ament_install'
[1.184s] Level 1:colcon.colcon_core.package_identification:_identify(src) by extensions ['colcon_pkg']
[1.184s] Level 1:colcon.colcon_core.package_identification:_identify(src) by extension 'colcon_pkg'
[1.185s] Level 1:colcon.colcon_core.package_identification:_identify(src) by extensions ['colcon_meta']
[1.185s] Level 1:colcon.colcon_core.package_identification:_identify(src) by extension 'colcon_meta'
[1.185s] Level 1:colcon.colcon_core.package_identification:_identify(src) by extensions ['ros']
[1.185s] Level 1:colcon.colcon_core.package_identification:_identify(src) by extension 'ros'
[1.185s] Level 1:colcon.colcon_core.package_identification:_identify(src) by extensions ['cmake', 'python']
[1.185s] Level 1:colcon.colcon_core.package_identification:_identify(src) by extension 'cmake'
[1.186s] Level 1:colcon.colcon_core.package_identification:_identify(src) by extension 'python'
[1.186s] Level 1:colcon.colcon_core.package_identification:_identify(src) by extensions ['python_setup_py']
[1.186s] Level 1:colcon.colcon_core.package_identification:_identify(src) by extension 'python_setup_py'
[1.186s] Level 1:colcon.colcon_core.package_identification:_identify(src/ball_tracker) by extensions ['ignore', 'ignore_ament_install']
[1.187s] Level 1:colcon.colcon_core.package_identification:_identify(src/ball_tracker) by extension 'ignore'
[1.187s] Level 1:colcon.colcon_core.package_identification:_identify(src/ball_tracker) by extension 'ignore_ament_install'
[1.187s] Level 1:colcon.colcon_core.package_identification:_identify(src/ball_tracker) by extensions ['colcon_pkg']
[1.187s] Level 1:colcon.colcon_core.package_identification:_identify(src/ball_tracker) by extension 'colcon_pkg'
[1.187s] Level 1:colcon.colcon_core.package_identification:_identify(src/ball_tracker) by extensions ['colcon_meta']
[1.187s] Level 1:colcon.colcon_core.package_identification:_identify(src/ball_tracker) by extension 'colcon_meta'
[1.188s] Level 1:colcon.colcon_core.package_identification:_identify(src/ball_tracker) by extensions ['ros']
[1.188s] Level 1:colcon.colcon_core.package_identification:_identify(src/ball_tracker) by extension 'ros'
[1.197s] DEBUG:colcon.colcon_core.package_identification:Package 'src/ball_tracker' with type 'ros.ament_python' and name 'ball_tracker'
[1.198s] Level 1:colcon.colcon_core.package_identification:_identify(src/diffdrive_arduino) by extensions ['ignore', 'ignore_ament_install']
[1.198s] Level 1:colcon.colcon_core.package_identification:_identify(src/diffdrive_arduino) by extension 'ignore'
[1.199s] Level 1:colcon.colcon_core.package_identification:_identify(src/diffdrive_arduino) by extension 'ignore_ament_install'
[1.199s] Level 1:colcon.colcon_core.package_identification:_identify(src/diffdrive_arduino) by extensions ['colcon_pkg']
[1.199s] Level 1:colcon.colcon_core.package_identification:_identify(src/diffdrive_arduino) by extension 'colcon_pkg'
[1.199s] Level 1:colcon.colcon_core.package_identification:_identify(src/diffdrive_arduino) by extensions ['colcon_meta']
[1.200s] Level 1:colcon.colcon_core.package_identification:_identify(src/diffdrive_arduino) by extension 'colcon_meta'
[1.200s] Level 1:colcon.colcon_core.package_identification:_identify(src/diffdrive_arduino) by extensions ['ros']
[1.200s] Level 1:colcon.colcon_core.package_identification:_identify(src/diffdrive_arduino) by extension 'ros'
[1.204s] DEBUG:colcon.colcon_core.package_identification:Package 'src/diffdrive_arduino' with type 'ros.ament_cmake' and name 'diffdrive_arduino'
[1.204s] Level 1:colcon.colcon_core.package_identification:_identify(src/ros2_mpu9250_driver) by extensions ['ignore', 'ignore_ament_install']
[1.205s] Level 1:colcon.colcon_core.package_identification:_identify(src/ros2_mpu9250_driver) by extension 'ignore'
[1.205s] Level 1:colcon.colcon_core.package_identification:_identify(src/ros2_mpu9250_driver) by extension 'ignore_ament_install'
[1.205s] Level 1:colcon.colcon_core.package_identification:_identify(src/ros2_mpu9250_driver) by extensions ['colcon_pkg']
[1.205s] Level 1:colcon.colcon_core.package_identification:_identify(src/ros2_mpu9250_driver) by extension 'colcon_pkg'
[1.205s] Level 1:colcon.colcon_core.package_identification:_identify(src/ros2_mpu9250_driver) by extensions ['colcon_meta']
[1.205s] Level 1:colcon.colcon_core.package_identification:_identify(src/ros2_mpu9250_driver) by extension 'colcon_meta'
[1.206s] Level 1:colcon.colcon_core.package_identification:_identify(src/ros2_mpu9250_driver) by extensions ['ros']
[1.206s] Level 1:colcon.colcon_core.package_identification:_identify(src/ros2_mpu9250_driver) by extension 'ros'
[1.207s] DEBUG:colcon.colcon_core.package_identification:Package 'src/ros2_mpu9250_driver' with type 'ros.ament_cmake' and name 'mpu9250driver'
[1.208s] Level 1:colcon.colcon_core.package_identification:_identify(src/serial_motor_demo) by extensions ['ignore', 'ignore_ament_install']
[1.208s] Level 1:colcon.colcon_core.package_identification:_identify(src/serial_motor_demo) by extension 'ignore'
[1.209s] Level 1:colcon.colcon_core.package_identification:_identify(src/serial_motor_demo) by extension 'ignore_ament_install'
[1.209s] Level 1:colcon.colcon_core.package_identification:_identify(src/serial_motor_demo) by extensions ['colcon_pkg']
[1.209s] Level 1:colcon.colcon_core.package_identification:_identify(src/serial_motor_demo) by extension 'colcon_pkg'
[1.209s] Level 1:colcon.colcon_core.package_identification:_identify(src/serial_motor_demo) by extensions ['colcon_meta']
[1.209s] Level 1:colcon.colcon_core.package_identification:_identify(src/serial_motor_demo) by extension 'colcon_meta'
[1.209s] Level 1:colcon.colcon_core.package_identification:_identify(src/serial_motor_demo) by extensions ['ros']
[1.209s] Level 1:colcon.colcon_core.package_identification:_identify(src/serial_motor_demo) by extension 'ros'
[1.210s] Level 1:colcon.colcon_core.package_identification:_identify(src/serial_motor_demo) by extensions ['cmake', 'python']
[1.210s] Level 1:colcon.colcon_core.package_identification:_identify(src/serial_motor_demo) by extension 'cmake'
[1.210s] Level 1:colcon.colcon_core.package_identification:_identify(src/serial_motor_demo) by extension 'python'
[1.210s] Level 1:colcon.colcon_core.package_identification:_identify(src/serial_motor_demo) by extensions ['python_setup_py']
[1.210s] Level 1:colcon.colcon_core.package_identification:_identify(src/serial_motor_demo) by extension 'python_setup_py'
[1.211s] Level 1:colcon.colcon_core.package_identification:_identify(src/serial_motor_demo/serial_motor_demo) by extensions ['ignore', 'ignore_ament_install']
[1.211s] Level 1:colcon.colcon_core.package_identification:_identify(src/serial_motor_demo/serial_motor_demo) by extension 'ignore'
[1.211s] Level 1:colcon.colcon_core.package_identification:_identify(src/serial_motor_demo/serial_motor_demo) by extension 'ignore_ament_install'
[1.212s] Level 1:colcon.colcon_core.package_identification:_identify(src/serial_motor_demo/serial_motor_demo) by extensions ['colcon_pkg']
[1.212s] Level 1:colcon.colcon_core.package_identification:_identify(src/serial_motor_demo/serial_motor_demo) by extension 'colcon_pkg'
[1.212s] Level 1:colcon.colcon_core.package_identification:_identify(src/serial_motor_demo/serial_motor_demo) by extensions ['colcon_meta']
[1.212s] Level 1:colcon.colcon_core.package_identification:_identify(src/serial_motor_demo/serial_motor_demo) by extension 'colcon_meta'
[1.212s] Level 1:colcon.colcon_core.package_identification:_identify(src/serial_motor_demo/serial_motor_demo) by extensions ['ros']
[1.212s] Level 1:colcon.colcon_core.package_identification:_identify(src/serial_motor_demo/serial_motor_demo) by extension 'ros'
[1.215s] DEBUG:colcon.colcon_core.package_identification:Package 'src/serial_motor_demo/serial_motor_demo' with type 'ros.ament_python' and name 'serial_motor_demo'
[1.215s] Level 1:colcon.colcon_core.package_identification:_identify(src/serial_motor_demo/serial_motor_demo_msgs) by extensions ['ignore', 'ignore_ament_install']
[1.216s] Level 1:colcon.colcon_core.package_identification:_identify(src/serial_motor_demo/serial_motor_demo_msgs) by extension 'ignore'
[1.216s] Level 1:colcon.colcon_core.package_identification:_identify(src/serial_motor_demo/serial_motor_demo_msgs) by extension 'ignore_ament_install'
[1.216s] Level 1:colcon.colcon_core.package_identification:_identify(src/serial_motor_demo/serial_motor_demo_msgs) by extensions ['colcon_pkg']
[1.216s] Level 1:colcon.colcon_core.package_identification:_identify(src/serial_motor_demo/serial_motor_demo_msgs) by extension 'colcon_pkg'
[1.216s] Level 1:colcon.colcon_core.package_identification:_identify(src/serial_motor_demo/serial_motor_demo_msgs) by extensions ['colcon_meta']
[1.216s] Level 1:colcon.colcon_core.package_identification:_identify(src/serial_motor_demo/serial_motor_demo_msgs) by extension 'colcon_meta'
[1.217s] Level 1:colcon.colcon_core.package_identification:_identify(src/serial_motor_demo/serial_motor_demo_msgs) by extensions ['ros']
[1.217s] Level 1:colcon.colcon_core.package_identification:_identify(src/serial_motor_demo/serial_motor_demo_msgs) by extension 'ros'
[1.219s] DEBUG:colcon.colcon_core.package_identification:Package 'src/serial_motor_demo/serial_motor_demo_msgs' with type 'ros.ament_cmake' and name 'serial_motor_demo_msgs'
[1.219s] Level 1:colcon.colcon_core.package_identification:_identify(src/vox) by extensions ['ignore', 'ignore_ament_install']
[1.220s] Level 1:colcon.colcon_core.package_identification:_identify(src/vox) by extension 'ignore'
[1.220s] Level 1:colcon.colcon_core.package_identification:_identify(src/vox) by extension 'ignore_ament_install'
[1.220s] Level 1:colcon.colcon_core.package_identification:_identify(src/vox) by extensions ['colcon_pkg']
[1.220s] Level 1:colcon.colcon_core.package_identification:_identify(src/vox) by extension 'colcon_pkg'
[1.220s] Level 1:colcon.colcon_core.package_identification:_identify(src/vox) by extensions ['colcon_meta']
[1.220s] Level 1:colcon.colcon_core.package_identification:_identify(src/vox) by extension 'colcon_meta'
[1.221s] Level 1:colcon.colcon_core.package_identification:_identify(src/vox) by extensions ['ros']
[1.221s] Level 1:colcon.colcon_core.package_identification:_identify(src/vox) by extension 'ros'
[1.222s] DEBUG:colcon.colcon_core.package_identification:Package 'src/vox' with type 'ros.ament_cmake' and name 'vox'
[1.222s] Level 1:colcon.colcon_core.package_discovery:discover_packages(recursive) using defaults
[1.223s] Level 1:colcon.colcon_core.package_discovery:discover_packages(ignore) discover
[1.223s] Level 1:colcon.colcon_core.package_discovery:discover_packages(ignore) using defaults
[1.223s] Level 1:colcon.colcon_core.package_discovery:discover_packages(path) discover
[1.223s] Level 1:colcon.colcon_core.package_discovery:discover_packages(path) using defaults
[1.303s] Level 1:colcon.colcon_core.package_discovery:discover_packages(prefix_path) check parameters
[1.303s] Level 1:colcon.colcon_core.package_discovery:discover_packages(prefix_path) discover
[1.316s] DEBUG:colcon.colcon_installed_package_information.package_discovery:Found 267 installed packages in /opt/ros/iron
[1.358s] Level 1:colcon.colcon_core.package_discovery:discover_packages(prefix_path) using defaults
[1.513s] Level 5:colcon.colcon_core.verb:set package 'ball_tracker' build argument 'cmake_args' from command line to 'None'
[1.513s] Level 5:colcon.colcon_core.verb:set package 'ball_tracker' build argument 'cmake_target' from command line to 'None'
[1.517s] Level 5:colcon.colcon_core.verb:set package 'ball_tracker' build argument 'cmake_target_skip_unavailable' from command line to 'False'
[1.517s] Level 5:colcon.colcon_core.verb:set package 'ball_tracker' build argument 'cmake_clean_cache' from command line to 'False'
[1.518s] Level 5:colcon.colcon_core.verb:set package 'ball_tracker' build argument 'cmake_clean_first' from command line to 'False'
[1.518s] Level 5:colcon.colcon_core.verb:set package 'ball_tracker' build argument 'cmake_force_configure' from command line to 'False'
[1.518s] Level 5:colcon.colcon_core.verb:set package 'ball_tracker' build argument 'ament_cmake_args' from command line to 'None'
[1.518s] Level 5:colcon.colcon_core.verb:set package 'ball_tracker' build argument 'catkin_cmake_args' from command line to 'None'
[1.518s] Level 5:colcon.colcon_core.verb:set package 'ball_tracker' build argument 'catkin_skip_building_tests' from command line to 'False'
[1.518s] DEBUG:colcon.colcon_core.verb:Building package 'ball_tracker' with the following arguments: {'ament_cmake_args': None, 'build_base': '/home/vox/Vox/build/ball_tracker', 'catkin_cmake_args': None, 'catkin_skip_building_tests': False, 'cmake_args': None, 'cmake_clean_cache': False, 'cmake_clean_first': False, 'cmake_force_configure': False, 'cmake_target': None, 'cmake_target_skip_unavailable': False, 'install_base': '/home/vox/Vox/install/ball_tracker', 'merge_install': False, 'path': '/home/vox/Vox/src/ball_tracker', 'symlink_install': True, 'test_result_base': None}
[1.520s] Level 5:colcon.colcon_core.verb:set package 'diffdrive_arduino' build argument 'cmake_args' from command line to 'None'
[1.520s] Level 5:colcon.colcon_core.verb:set package 'diffdrive_arduino' build argument 'cmake_target' from command line to 'None'
[1.520s] Level 5:colcon.colcon_core.verb:set package 'diffdrive_arduino' build argument 'cmake_target_skip_unavailable' from command line to 'False'
[1.520s] Level 5:colcon.colcon_core.verb:set package 'diffdrive_arduino' build argument 'cmake_clean_cache' from command line to 'False'
[1.520s] Level 5:colcon.colcon_core.verb:set package 'diffdrive_arduino' build argument 'cmake_clean_first' from command line to 'False'
[1.520s] Level 5:colcon.colcon_core.verb:set package 'diffdrive_arduino' build argument 'cmake_force_configure' from command line to 'False'
[1.520s] Level 5:colcon.colcon_core.verb:set package 'diffdrive_arduino' build argument 'ament_cmake_args' from command line to 'None'
[1.520s] Level 5:colcon.colcon_core.verb:set package 'diffdrive_arduino' build argument 'catkin_cmake_args' from command line to 'None'
[1.521s] Level 5:colcon.colcon_core.verb:set package 'diffdrive_arduino' build argument 'catkin_skip_building_tests' from command line to 'False'
[1.521s] DEBUG:colcon.colcon_core.verb:Building package 'diffdrive_arduino' with the following arguments: {'ament_cmake_args': None, 'build_base': '/home/vox/Vox/build/diffdrive_arduino', 'catkin_cmake_args': None, 'catkin_skip_building_tests': False, 'cmake_args': None, 'cmake_clean_cache': False, 'cmake_clean_first': False, 'cmake_force_configure': False, 'cmake_target': None, 'cmake_target_skip_unavailable': False, 'install_base': '/home/vox/Vox/install/diffdrive_arduino', 'merge_install': False, 'path': '/home/vox/Vox/src/diffdrive_arduino', 'symlink_install': True, 'test_result_base': None}
[1.522s] Level 5:colcon.colcon_core.verb:set package 'mpu9250driver' build argument 'cmake_args' from command line to 'None'
[1.522s] Level 5:colcon.colcon_core.verb:set package 'mpu9250driver' build argument 'cmake_target' from command line to 'None'
[1.522s] Level 5:colcon.colcon_core.verb:set package 'mpu9250driver' build argument 'cmake_target_skip_unavailable' from command line to 'False'
[1.522s] Level 5:colcon.colcon_core.verb:set package 'mpu9250driver' build argument 'cmake_clean_cache' from command line to 'False'
[1.523s] Level 5:colcon.colcon_core.verb:set package 'mpu9250driver' build argument 'cmake_clean_first' from command line to 'False'
[1.523s] Level 5:colcon.colcon_core.verb:set package 'mpu9250driver' build argument 'cmake_force_configure' from command line to 'False'
[1.523s] Level 5:colcon.colcon_core.verb:set package 'mpu9250driver' build argument 'ament_cmake_args' from command line to 'None'
[1.523s] Level 5:colcon.colcon_core.verb:set package 'mpu9250driver' build argument 'catkin_cmake_args' from command line to 'None'
[1.523s] Level 5:colcon.colcon_core.verb:set package 'mpu9250driver' build argument 'catkin_skip_building_tests' from command line to 'False'
[1.523s] DEBUG:colcon.colcon_core.verb:Building package 'mpu9250driver' with the following arguments: {'ament_cmake_args': None, 'build_base': '/home/vox/Vox/build/mpu9250driver', 'catkin_cmake_args': None, 'catkin_skip_building_tests': False, 'cmake_args': None, 'cmake_clean_cache': False, 'cmake_clean_first': False, 'cmake_force_configure': False, 'cmake_target': None, 'cmake_target_skip_unavailable': False, 'install_base': '/home/vox/Vox/install/mpu9250driver', 'merge_install': False, 'path': '/home/vox/Vox/src/ros2_mpu9250_driver', 'symlink_install': True, 'test_result_base': None}
[1.525s] Level 5:colcon.colcon_core.verb:set package 'serial_motor_demo_msgs' build argument 'cmake_args' from command line to 'None'
[1.525s] Level 5:colcon.colcon_core.verb:set package 'serial_motor_demo_msgs' build argument 'cmake_target' from command line to 'None'
[1.525s] Level 5:colcon.colcon_core.verb:set package 'serial_motor_demo_msgs' build argument 'cmake_target_skip_unavailable' from command line to 'False'
[1.525s] Level 5:colcon.colcon_core.verb:set package 'serial_motor_demo_msgs' build argument 'cmake_clean_cache' from command line to 'False'
[1.525s] Level 5:colcon.colcon_core.verb:set package 'serial_motor_demo_msgs' build argument 'cmake_clean_first' from command line to 'False'
[1.525s] Level 5:colcon.colcon_core.verb:set package 'serial_motor_demo_msgs' build argument 'cmake_force_configure' from command line to 'False'
[1.525s] Level 5:colcon.colcon_core.verb:set package 'serial_motor_demo_msgs' build argument 'ament_cmake_args' from command line to 'None'
[1.525s] Level 5:colcon.colcon_core.verb:set package 'serial_motor_demo_msgs' build argument 'catkin_cmake_args' from command line to 'None'
[1.525s] Level 5:colcon.colcon_core.verb:set package 'serial_motor_demo_msgs' build argument 'catkin_skip_building_tests' from command line to 'False'
[1.526s] DEBUG:colcon.colcon_core.verb:Building package 'serial_motor_demo_msgs' with the following arguments: {'ament_cmake_args': None, 'build_base': '/home/vox/Vox/build/serial_motor_demo_msgs', 'catkin_cmake_args': None, 'catkin_skip_building_tests': False, 'cmake_args': None, 'cmake_clean_cache': False, 'cmake_clean_first': False, 'cmake_force_configure': False, 'cmake_target': None, 'cmake_target_skip_unavailable': False, 'install_base': '/home/vox/Vox/install/serial_motor_demo_msgs', 'merge_install': False, 'path': '/home/vox/Vox/src/serial_motor_demo/serial_motor_demo_msgs', 'symlink_install': True, 'test_result_base': None}
[1.527s] Level 5:colcon.colcon_core.verb:set package 'vox' build argument 'cmake_args' from command line to 'None'
[1.527s] Level 5:colcon.colcon_core.verb:set package 'vox' build argument 'cmake_target' from command line to 'None'
[1.527s] Level 5:colcon.colcon_core.verb:set package 'vox' build argument 'cmake_target_skip_unavailable' from command line to 'False'
[1.527s] Level 5:colcon.colcon_core.verb:set package 'vox' build argument 'cmake_clean_cache' from command line to 'False'
[1.527s] Level 5:colcon.colcon_core.verb:set package 'vox' build argument 'cmake_clean_first' from command line to 'False'
[1.528s] Level 5:colcon.colcon_core.verb:set package 'vox' build argument 'cmake_force_configure' from command line to 'False'
[1.528s] Level 5:colcon.colcon_core.verb:set package 'vox' build argument 'ament_cmake_args' from command line to 'None'
[1.528s] Level 5:colcon.colcon_core.verb:set package 'vox' build argument 'catkin_cmake_args' from command line to 'None'
[1.528s] Level 5:colcon.colcon_core.verb:set package 'vox' build argument 'catkin_skip_building_tests' from command line to 'False'
[1.528s] DEBUG:colcon.colcon_core.verb:Building package 'vox' with the following arguments: {'ament_cmake_args': None, 'build_base': '/home/vox/Vox/build/vox', 'catkin_cmake_args': None, 'catkin_skip_building_tests': False, 'cmake_args': None, 'cmake_clean_cache': False, 'cmake_clean_first': False, 'cmake_force_configure': False, 'cmake_target': None, 'cmake_target_skip_unavailable': False, 'install_base': '/home/vox/Vox/install/vox', 'merge_install': False, 'path': '/home/vox/Vox/src/vox', 'symlink_install': True, 'test_result_base': None}
[1.530s] Level 5:colcon.colcon_core.verb:set package 'serial_motor_demo' build argument 'cmake_args' from command line to 'None'
[1.530s] Level 5:colcon.colcon_core.verb:set package 'serial_motor_demo' build argument 'cmake_target' from command line to 'None'
[1.530s] Level 5:colcon.colcon_core.verb:set package 'serial_motor_demo' build argument 'cmake_target_skip_unavailable' from command line to 'False'
[1.530s] Level 5:colcon.colcon_core.verb:set package 'serial_motor_demo' build argument 'cmake_clean_cache' from command line to 'False'
[1.530s] Level 5:colcon.colcon_core.verb:set package 'serial_motor_demo' build argument 'cmake_clean_first' from command line to 'False'
[1.530s] Level 5:colcon.colcon_core.verb:set package 'serial_motor_demo' build argument 'cmake_force_configure' from command line to 'False'
[1.530s] Level 5:colcon.colcon_core.verb:set package 'serial_motor_demo' build argument 'ament_cmake_args' from command line to 'None'
[1.531s] Level 5:colcon.colcon_core.verb:set package 'serial_motor_demo' build argument 'catkin_cmake_args' from command line to 'None'
[1.531s] Level 5:colcon.colcon_core.verb:set package 'serial_motor_demo' build argument 'catkin_skip_building_tests' from command line to 'False'
[1.531s] DEBUG:colcon.colcon_core.verb:Building package 'serial_motor_demo' with the following arguments: {'ament_cmake_args': None, 'build_base': '/home/vox/Vox/build/serial_motor_demo', 'catkin_cmake_args': None, 'catkin_skip_building_tests': False, 'cmake_args': None, 'cmake_clean_cache': False, 'cmake_clean_first': False, 'cmake_force_configure': False, 'cmake_target': None, 'cmake_target_skip_unavailable': False, 'install_base': '/home/vox/Vox/install/serial_motor_demo', 'merge_install': False, 'path': '/home/vox/Vox/src/serial_motor_demo/serial_motor_demo', 'symlink_install': True, 'test_result_base': None}
[1.531s] INFO:colcon.colcon_core.executor:Executing jobs using 'parallel' executor
[1.535s] DEBUG:colcon.colcon_parallel_executor.executor.parallel:run_until_complete
[1.536s] INFO:colcon.colcon_ros.task.ament_cmake.build:Building ROS package in '/home/vox/Vox/src/serial_motor_demo/serial_motor_demo_msgs' with build type 'ament_cmake'
[1.537s] INFO:colcon.colcon_cmake.task.cmake.build:Building CMake package in '/home/vox/Vox/src/serial_motor_demo/serial_motor_demo_msgs'
[1.546s] INFO:colcon.colcon_core.plugin_system:Skipping extension 'colcon_core.shell.bat': Not used on non-Windows systems
[1.546s] INFO:colcon.colcon_core.shell:Skip shell extension 'powershell' for command environment: Not usable outside of PowerShell
[1.547s] DEBUG:colcon.colcon_core.shell:Skip shell extension 'dsv' for command environment
[1.562s] INFO:colcon.colcon_ros.task.ament_python.build:Building ROS package in '/home/vox/Vox/src/ball_tracker' with build type 'ament_python'
[1.563s] Level 1:colcon.colcon_core.shell:create_environment_hook('ball_tracker', 'ament_prefix_path')
[1.564s] INFO:colcon.colcon_core.shell:Creating environment hook '/home/vox/Vox/install/ball_tracker/share/ball_tracker/hook/ament_prefix_path.ps1'
[1.567s] INFO:colcon.colcon_core.shell:Creating environment descriptor '/home/vox/Vox/install/ball_tracker/share/ball_tracker/hook/ament_prefix_path.dsv'
[1.569s] INFO:colcon.colcon_core.shell:Creating environment hook '/home/vox/Vox/install/ball_tracker/share/ball_tracker/hook/ament_prefix_path.sh'
[1.572s] INFO:colcon.colcon_core.shell:Skip shell extension 'powershell' for command environment: Not usable outside of PowerShell
[1.572s] DEBUG:colcon.colcon_core.shell:Skip shell extension 'dsv' for command environment
[1.587s] INFO:colcon.colcon_ros.task.ament_cmake.build:Building ROS package in '/home/vox/Vox/src/diffdrive_arduino' with build type 'ament_cmake'
[1.587s] INFO:colcon.colcon_cmake.task.cmake.build:Building CMake package in '/home/vox/Vox/src/diffdrive_arduino'
[1.588s] INFO:colcon.colcon_core.shell:Skip shell extension 'powershell' for command environment: Not usable outside of PowerShell
[1.589s] DEBUG:colcon.colcon_core.shell:Skip shell extension 'dsv' for command environment
[1.603s] INFO:colcon.colcon_ros.task.ament_cmake.build:Building ROS package in '/home/vox/Vox/src/ros2_mpu9250_driver' with build type 'ament_cmake'
[1.604s] INFO:colcon.colcon_cmake.task.cmake.build:Building CMake package in '/home/vox/Vox/src/ros2_mpu9250_driver'
[1.605s] INFO:colcon.colcon_core.shell:Skip shell extension 'powershell' for command environment: Not usable outside of PowerShell
[1.605s] DEBUG:colcon.colcon_core.shell:Skip shell extension 'dsv' for command environment
[1.636s] DEBUG:colcon.colcon_core.event_handler.log_command:Invoking command in '/home/vox/Vox/build/serial_motor_demo_msgs': CMAKE_PREFIX_PATH=/opt/ros/iron /usr/bin/cmake --build /home/vox/Vox/build/serial_motor_demo_msgs -- -j4 -l4
[3.112s] INFO:colcon.colcon_core.task.python.build:Building Python package in '/home/vox/Vox/src/ball_tracker'
[3.113s] INFO:colcon.colcon_core.shell:Skip shell extension 'powershell' for command environment: Not usable outside of PowerShell
[3.114s] DEBUG:colcon.colcon_core.shell:Skip shell extension 'dsv' for command environment
[3.141s] DEBUG:colcon.colcon_core.event_handler.log_command:Invoking command in '/home/vox/Vox/build/diffdrive_arduino': CMAKE_PREFIX_PATH=/opt/ros/iron /usr/bin/cmake --build /home/vox/Vox/build/diffdrive_arduino -- -j4 -l4
[3.178s] DEBUG:colcon.colcon_core.event_handler.log_command:Invoking command in '/home/vox/Vox/build/mpu9250driver': CMAKE_PREFIX_PATH=/opt/ros/iron /usr/bin/cmake --build /home/vox/Vox/build/mpu9250driver -- -j4 -l4
[3.536s] DEBUG:colcon.colcon_core.event_handler.log_command:Invoked command in '/home/vox/Vox/build/diffdrive_arduino' returned '0': CMAKE_PREFIX_PATH=/opt/ros/iron /usr/bin/cmake --build /home/vox/Vox/build/diffdrive_arduino -- -j4 -l4
[3.603s] DEBUG:colcon.colcon_core.event_handler.log_command:Invoked command in '/home/vox/Vox/build/serial_motor_demo_msgs' returned '0': CMAKE_PREFIX_PATH=/opt/ros/iron /usr/bin/cmake --build /home/vox/Vox/build/serial_motor_demo_msgs -- -j4 -l4
[3.736s] DEBUG:colcon.colcon_core.event_handler.log_command:Invoking command in '/home/vox/Vox/build/diffdrive_arduino': CMAKE_PREFIX_PATH=/opt/ros/iron /usr/bin/cmake --install /home/vox/Vox/build/diffdrive_arduino
[3.892s] Level 1:colcon.colcon_core.environment:create_environment_scripts_only(diffdrive_arduino)
[3.896s] DEBUG:colcon.colcon_core.event_handler.log_command:Invoked command in '/home/vox/Vox/build/diffdrive_arduino' returned '0': CMAKE_PREFIX_PATH=/opt/ros/iron /usr/bin/cmake --install /home/vox/Vox/build/diffdrive_arduino
[3.906s] Level 1:colcon.colcon_core.environment:checking '/home/vox/Vox/install/diffdrive_arduino' for CMake module files
[3.910s] Level 1:colcon.colcon_core.environment:checking '/home/vox/Vox/install/diffdrive_arduino' for CMake config files
[3.913s] Level 1:colcon.colcon_core.shell:create_environment_hook('diffdrive_arduino', 'cmake_prefix_path')
[3.915s] INFO:colcon.colcon_core.shell:Creating environment hook '/home/vox/Vox/install/diffdrive_arduino/share/diffdrive_arduino/hook/cmake_prefix_path.ps1'
[3.917s] INFO:colcon.colcon_core.shell:Creating environment descriptor '/home/vox/Vox/install/diffdrive_arduino/share/diffdrive_arduino/hook/cmake_prefix_path.dsv'
[3.919s] INFO:colcon.colcon_core.shell:Creating environment hook '/home/vox/Vox/install/diffdrive_arduino/share/diffdrive_arduino/hook/cmake_prefix_path.sh'
[3.922s] Level 1:colcon.colcon_core.environment:checking '/home/vox/Vox/install/diffdrive_arduino/lib'
[3.923s] Level 1:colcon.colcon_core.shell:create_environment_hook('diffdrive_arduino', 'ld_library_path_lib')
[3.924s] INFO:colcon.colcon_core.shell:Creating environment hook '/home/vox/Vox/install/diffdrive_arduino/share/diffdrive_arduino/hook/ld_library_path_lib.ps1'
[3.926s] INFO:colcon.colcon_core.shell:Creating environment descriptor '/home/vox/Vox/install/diffdrive_arduino/share/diffdrive_arduino/hook/ld_library_path_lib.dsv'
[3.929s] INFO:colcon.colcon_core.shell:Creating environment hook '/home/vox/Vox/install/diffdrive_arduino/share/diffdrive_arduino/hook/ld_library_path_lib.sh'
[3.931s] Level 1:colcon.colcon_core.environment:checking '/home/vox/Vox/install/diffdrive_arduino/bin'
[3.932s] Level 1:colcon.colcon_core.environment:checking '/home/vox/Vox/install/diffdrive_arduino/lib/pkgconfig/diffdrive_arduino.pc'
[3.933s] Level 1:colcon.colcon_core.environment:checking '/home/vox/Vox/install/diffdrive_arduino/lib/python3.10/site-packages'
[3.934s] Level 1:colcon.colcon_core.environment:checking '/home/vox/Vox/install/diffdrive_arduino/bin'
[3.935s] INFO:colcon.colcon_core.shell:Creating package script '/home/vox/Vox/install/diffdrive_arduino/share/diffdrive_arduino/package.ps1'
[3.939s] INFO:colcon.colcon_core.shell:Creating package descriptor '/home/vox/Vox/install/diffdrive_arduino/share/diffdrive_arduino/package.dsv'
[3.942s] INFO:colcon.colcon_core.shell:Creating package script '/home/vox/Vox/install/diffdrive_arduino/share/diffdrive_arduino/package.sh'
[3.947s] INFO:colcon.colcon_core.shell:Creating package script '/home/vox/Vox/install/diffdrive_arduino/share/diffdrive_arduino/package.bash'
[3.951s] INFO:colcon.colcon_core.shell:Creating package script '/home/vox/Vox/install/diffdrive_arduino/share/diffdrive_arduino/package.zsh'
[3.954s] Level 1:colcon.colcon_core.environment:create_file_with_runtime_dependencies(/home/vox/Vox/install/diffdrive_arduino/share/colcon-core/packages/diffdrive_arduino)
[4.075s] Level 1:colcon.colcon_core.environment:create_environment_scripts_only(diffdrive_arduino)
[4.076s] Level 1:colcon.colcon_core.environment:checking '/home/vox/Vox/install/diffdrive_arduino' for CMake module files
[4.079s] Level 1:colcon.colcon_core.environment:checking '/home/vox/Vox/install/diffdrive_arduino' for CMake config files
[4.084s] Level 1:colcon.colcon_core.shell:create_environment_hook('diffdrive_arduino', 'cmake_prefix_path')
[4.085s] INFO:colcon.colcon_core.shell:Creating environment hook '/home/vox/Vox/install/diffdrive_arduino/share/diffdrive_arduino/hook/cmake_prefix_path.ps1'
[4.087s] INFO:colcon.colcon_core.shell:Creating environment descriptor '/home/vox/Vox/install/diffdrive_arduino/share/diffdrive_arduino/hook/cmake_prefix_path.dsv'
[4.089s] INFO:colcon.colcon_core.shell:Creating environment hook '/home/vox/Vox/install/diffdrive_arduino/share/diffdrive_arduino/hook/cmake_prefix_path.sh'
[4.092s] Level 1:colcon.colcon_core.environment:checking '/home/vox/Vox/install/diffdrive_arduino/lib'
[4.093s] Level 1:colcon.colcon_core.shell:create_environment_hook('diffdrive_arduino', 'ld_library_path_lib')
[4.094s] INFO:colcon.colcon_core.shell:Creating environment hook '/home/vox/Vox/install/diffdrive_arduino/share/diffdrive_arduino/hook/ld_library_path_lib.ps1'
[4.096s] INFO:colcon.colcon_core.shell:Creating environment descriptor '/home/vox/Vox/install/diffdrive_arduino/share/diffdrive_arduino/hook/ld_library_path_lib.dsv'
[4.098s] INFO:colcon.colcon_core.shell:Creating environment hook '/home/vox/Vox/install/diffdrive_arduino/share/diffdrive_arduino/hook/ld_library_path_lib.sh'
[4.100s] Level 1:colcon.colcon_core.environment:checking '/home/vox/Vox/install/diffdrive_arduino/bin'
[4.101s] Level 1:colcon.colcon_core.environment:checking '/home/vox/Vox/install/diffdrive_arduino/lib/pkgconfig/diffdrive_arduino.pc'
[4.102s] Level 1:colcon.colcon_core.environment:checking '/home/vox/Vox/install/diffdrive_arduino/lib/python3.10/site-packages'
[4.103s] Level 1:colcon.colcon_core.environment:checking '/home/vox/Vox/install/diffdrive_arduino/bin'
[4.104s] INFO:colcon.colcon_core.shell:Creating package script '/home/vox/Vox/install/diffdrive_arduino/share/diffdrive_arduino/package.ps1'
[4.107s] INFO:colcon.colcon_core.shell:Creating package descriptor '/home/vox/Vox/install/diffdrive_arduino/share/diffdrive_arduino/package.dsv'
[4.110s] INFO:colcon.colcon_core.shell:Creating package script '/home/vox/Vox/install/diffdrive_arduino/share/diffdrive_arduino/package.sh'
[4.113s] INFO:colcon.colcon_core.shell:Creating package script '/home/vox/Vox/install/diffdrive_arduino/share/diffdrive_arduino/package.bash'
[4.115s] INFO:colcon.colcon_core.shell:Creating package script '/home/vox/Vox/install/diffdrive_arduino/share/diffdrive_arduino/package.zsh'
[4.117s] Level 1:colcon.colcon_core.environment:create_file_with_runtime_dependencies(/home/vox/Vox/install/diffdrive_arduino/share/colcon-core/packages/diffdrive_arduino)
[4.120s] INFO:colcon.colcon_ros.task.ament_cmake.build:Building ROS package in '/home/vox/Vox/src/vox' with build type 'ament_cmake'
[4.121s] INFO:colcon.colcon_cmake.task.cmake.build:Building CMake package in '/home/vox/Vox/src/vox'
[4.122s] INFO:colcon.colcon_core.shell:Skip shell extension 'powershell' for command environment: Not usable outside of PowerShell
[4.122s] DEBUG:colcon.colcon_core.shell:Skip shell extension 'dsv' for command environment
[4.154s] DEBUG:colcon.colcon_core.event_handler.log_command:Invoking command in '/home/vox/Vox/build/vox': CMAKE_PREFIX_PATH=/opt/ros/iron /usr/bin/cmake --build /home/vox/Vox/build/vox -- -j4 -l4
[4.315s] DEBUG:colcon.colcon_core.event_handler.log_command:Invoking command in '/home/vox/Vox/build/serial_motor_demo_msgs': CMAKE_PREFIX_PATH=/opt/ros/iron /usr/bin/cmake --install /home/vox/Vox/build/serial_motor_demo_msgs
[4.334s] DEBUG:colcon.colcon_core.event_handler.log_command:Invoked command in '/home/vox/Vox/build/vox' returned '0': CMAKE_PREFIX_PATH=/opt/ros/iron /usr/bin/cmake --build /home/vox/Vox/build/vox -- -j4 -l4
[4.439s] DEBUG:colcon.colcon_core.event_handler.log_command:Invoking command in '/home/vox/Vox/build/vox': CMAKE_PREFIX_PATH=/opt/ros/iron /usr/bin/cmake --install /home/vox/Vox/build/vox
[4.600s] Level 1:colcon.colcon_core.environment:create_environment_scripts_only(vox)
[4.601s] Level 1:colcon.colcon_core.environment:checking '/home/vox/Vox/install/vox' for CMake module files
[4.604s] DEBUG:colcon.colcon_core.event_handler.log_command:Invoked command in '/home/vox/Vox/build/vox' returned '0': CMAKE_PREFIX_PATH=/opt/ros/iron /usr/bin/cmake --install /home/vox/Vox/build/vox
[4.606s] Level 1:colcon.colcon_core.environment:checking '/home/vox/Vox/install/vox' for CMake config files
[4.617s] Level 1:colcon.colcon_core.shell:create_environment_hook('vox', 'cmake_prefix_path')
[4.620s] INFO:colcon.colcon_core.shell:Creating environment hook '/home/vox/Vox/install/vox/share/vox/hook/cmake_prefix_path.ps1'
[4.626s] INFO:colcon.colcon_core.shell:Creating environment descriptor '/home/vox/Vox/install/vox/share/vox/hook/cmake_prefix_path.dsv'
[4.631s] INFO:colcon.colcon_core.shell:Creating environment hook '/home/vox/Vox/install/vox/share/vox/hook/cmake_prefix_path.sh'
[4.636s] Level 1:colcon.colcon_core.environment:checking '/home/vox/Vox/install/vox/bin'
[4.637s] Level 1:colcon.colcon_core.environment:checking '/home/vox/Vox/install/vox/lib/pkgconfig/vox.pc'
[4.639s] Level 1:colcon.colcon_core.environment:checking '/home/vox/Vox/install/vox/lib/python3.10/site-packages'
[4.640s] Level 1:colcon.colcon_core.environment:checking '/home/vox/Vox/install/vox/bin'
[4.641s] INFO:colcon.colcon_core.shell:Creating package script '/home/vox/Vox/install/vox/share/vox/package.ps1'
[4.644s] INFO:colcon.colcon_core.shell:Creating package descriptor '/home/vox/Vox/install/vox/share/vox/package.dsv'
[4.646s] INFO:colcon.colcon_core.shell:Creating package script '/home/vox/Vox/install/vox/share/vox/package.sh'
[4.649s] INFO:colcon.colcon_core.shell:Creating package script '/home/vox/Vox/install/vox/share/vox/package.bash'
[4.652s] INFO:colcon.colcon_core.shell:Creating package script '/home/vox/Vox/install/vox/share/vox/package.zsh'
[4.654s] Level 1:colcon.colcon_core.environment:create_file_with_runtime_dependencies(/home/vox/Vox/install/vox/share/colcon-core/packages/vox)
[4.771s] Level 1:colcon.colcon_core.environment:create_environment_scripts_only(vox)
[4.773s] Level 1:colcon.colcon_core.environment:checking '/home/vox/Vox/install/vox' for CMake module files
[4.777s] Level 1:colcon.colcon_core.environment:checking '/home/vox/Vox/install/vox' for CMake config files
[4.781s] Level 1:colcon.colcon_core.shell:create_environment_hook('vox', 'cmake_prefix_path')
[4.782s] INFO:colcon.colcon_core.shell:Creating environment hook '/home/vox/Vox/install/vox/share/vox/hook/cmake_prefix_path.ps1'
[4.784s] INFO:colcon.colcon_core.shell:Creating environment descriptor '/home/vox/Vox/install/vox/share/vox/hook/cmake_prefix_path.dsv'
[4.787s] INFO:colcon.colcon_core.shell:Creating environment hook '/home/vox/Vox/install/vox/share/vox/hook/cmake_prefix_path.sh'
[4.790s] Level 1:colcon.colcon_core.environment:checking '/home/vox/Vox/install/vox/bin'
[4.791s] Level 1:colcon.colcon_core.environment:checking '/home/vox/Vox/install/vox/lib/pkgconfig/vox.pc'
[4.792s] Level 1:colcon.colcon_core.environment:checking '/home/vox/Vox/install/vox/lib/python3.10/site-packages'
[4.794s] Level 1:colcon.colcon_core.environment:checking '/home/vox/Vox/install/vox/bin'
[4.795s] INFO:colcon.colcon_core.shell:Creating package script '/home/vox/Vox/install/vox/share/vox/package.ps1'
[4.798s] INFO:colcon.colcon_core.shell:Creating package descriptor '/home/vox/Vox/install/vox/share/vox/package.dsv'
[4.802s] INFO:colcon.colcon_core.shell:Creating package script '/home/vox/Vox/install/vox/share/vox/package.sh'
[4.805s] INFO:colcon.colcon_core.shell:Creating package script '/home/vox/Vox/install/vox/share/vox/package.bash'
[4.807s] INFO:colcon.colcon_core.shell:Creating package script '/home/vox/Vox/install/vox/share/vox/package.zsh'
[4.815s] Level 1:colcon.colcon_core.environment:create_file_with_runtime_dependencies(/home/vox/Vox/install/vox/share/colcon-core/packages/vox)
[4.866s] Level 1:colcon.colcon_core.environment:create_environment_scripts_only(serial_motor_demo_msgs)
[4.867s] Level 1:colcon.colcon_core.environment:checking '/home/vox/Vox/install/serial_motor_demo_msgs' for CMake module files
[4.872s] Level 1:colcon.colcon_core.environment:checking '/home/vox/Vox/install/serial_motor_demo_msgs' for CMake config files
[4.876s] DEBUG:colcon.colcon_core.event_handler.log_command:Invoked command in '/home/vox/Vox/build/serial_motor_demo_msgs' returned '0': CMAKE_PREFIX_PATH=/opt/ros/iron /usr/bin/cmake --install /home/vox/Vox/build/serial_motor_demo_msgs
[4.879s] Level 1:colcon.colcon_core.shell:create_environment_hook('serial_motor_demo_msgs', 'cmake_prefix_path')
[4.880s] INFO:colcon.colcon_core.shell:Creating environment hook '/home/vox/Vox/install/serial_motor_demo_msgs/share/serial_motor_demo_msgs/hook/cmake_prefix_path.ps1'
[4.882s] INFO:colcon.colcon_core.shell:Creating environment descriptor '/home/vox/Vox/install/serial_motor_demo_msgs/share/serial_motor_demo_msgs/hook/cmake_prefix_path.dsv'
[4.884s] INFO:colcon.colcon_core.shell:Creating environment hook '/home/vox/Vox/install/serial_motor_demo_msgs/share/serial_motor_demo_msgs/hook/cmake_prefix_path.sh'
[4.887s] Level 1:colcon.colcon_core.environment:checking '/home/vox/Vox/install/serial_motor_demo_msgs/lib'
[4.888s] Level 1:colcon.colcon_core.shell:create_environment_hook('serial_motor_demo_msgs', 'ld_library_path_lib')
[4.890s] INFO:colcon.colcon_core.shell:Creating environment hook '/home/vox/Vox/install/serial_motor_demo_msgs/share/serial_motor_demo_msgs/hook/ld_library_path_lib.ps1'
[4.892s] INFO:colcon.colcon_core.shell:Creating environment descriptor '/home/vox/Vox/install/serial_motor_demo_msgs/share/serial_motor_demo_msgs/hook/ld_library_path_lib.dsv'
[4.894s] INFO:colcon.colcon_core.shell:Creating environment hook '/home/vox/Vox/install/serial_motor_demo_msgs/share/serial_motor_demo_msgs/hook/ld_library_path_lib.sh'
[4.896s] Level 1:colcon.colcon_core.environment:checking '/home/vox/Vox/install/serial_motor_demo_msgs/bin'
[4.896s] Level 1:colcon.colcon_core.environment:checking '/home/vox/Vox/install/serial_motor_demo_msgs/lib/pkgconfig/serial_motor_demo_msgs.pc'
[4.897s] Level 1:colcon.colcon_core.environment:checking '/home/vox/Vox/install/serial_motor_demo_msgs/lib/python3.10/site-packages'
[4.898s] Level 1:colcon.colcon_core.shell:create_environment_hook('serial_motor_demo_msgs', 'pythonpath')
[4.898s] INFO:colcon.colcon_core.shell:Creating environment hook '/home/vox/Vox/install/serial_motor_demo_msgs/share/serial_motor_demo_msgs/hook/pythonpath.ps1'
[4.900s] INFO:colcon.colcon_core.shell:Creating environment descriptor '/home/vox/Vox/install/serial_motor_demo_msgs/share/serial_motor_demo_msgs/hook/pythonpath.dsv'
[4.902s] INFO:colcon.colcon_core.shell:Creating environment hook '/home/vox/Vox/install/serial_motor_demo_msgs/share/serial_motor_demo_msgs/hook/pythonpath.sh'
[4.905s] Level 1:colcon.colcon_core.environment:checking '/home/vox/Vox/install/serial_motor_demo_msgs/bin'
[4.907s] INFO:colcon.colcon_core.shell:Creating package script '/home/vox/Vox/install/serial_motor_demo_msgs/share/serial_motor_demo_msgs/package.ps1'
[4.909s] INFO:colcon.colcon_core.shell:Creating package descriptor '/home/vox/Vox/install/serial_motor_demo_msgs/share/serial_motor_demo_msgs/package.dsv'
[4.912s] INFO:colcon.colcon_core.shell:Creating package script '/home/vox/Vox/install/serial_motor_demo_msgs/share/serial_motor_demo_msgs/package.sh'
[4.914s] INFO:colcon.colcon_core.shell:Creating package script '/home/vox/Vox/install/serial_motor_demo_msgs/share/serial_motor_demo_msgs/package.bash'
[4.916s] INFO:colcon.colcon_core.shell:Creating package script '/home/vox/Vox/install/serial_motor_demo_msgs/share/serial_motor_demo_msgs/package.zsh'
[4.917s] Level 1:colcon.colcon_core.environment:create_file_with_runtime_dependencies(/home/vox/Vox/install/serial_motor_demo_msgs/share/colcon-core/packages/serial_motor_demo_msgs)
[5.308s] DEBUG:colcon.colcon_core.event_handler.log_command:Invoking command in '/home/vox/Vox/build/ball_tracker': PYTHONPATH=/home/vox/Vox/build/ball_tracker/prefix_override:/home/vox/Vox/install/ball_tracker/lib/python3.10/site-packages:${PYTHONPATH} /usr/bin/python3 -W ignore:setup.py install is deprecated setup.py develop --editable --build-directory /home/vox/Vox/build/ball_tracker/build --no-deps symlink_data
[5.589s] Level 1:colcon.colcon_core.environment:create_environment_scripts_only(serial_motor_demo_msgs)
[5.590s] Level 1:colcon.colcon_core.environment:checking '/home/vox/Vox/install/serial_motor_demo_msgs' for CMake module files
[5.595s] Level 1:colcon.colcon_core.environment:checking '/home/vox/Vox/install/serial_motor_demo_msgs' for CMake config files
[5.600s] Level 1:colcon.colcon_core.shell:create_environment_hook('serial_motor_demo_msgs', 'cmake_prefix_path')
[5.601s] INFO:colcon.colcon_core.shell:Creating environment hook '/home/vox/Vox/install/serial_motor_demo_msgs/share/serial_motor_demo_msgs/hook/cmake_prefix_path.ps1'
[5.603s] INFO:colcon.colcon_core.shell:Creating environment descriptor '/home/vox/Vox/install/serial_motor_demo_msgs/share/serial_motor_demo_msgs/hook/cmake_prefix_path.dsv'
[5.605s] INFO:colcon.colcon_core.shell:Creating environment hook '/home/vox/Vox/install/serial_motor_demo_msgs/share/serial_motor_demo_msgs/hook/cmake_prefix_path.sh'
[5.608s] Level 1:colcon.colcon_core.environment:checking '/home/vox/Vox/install/serial_motor_demo_msgs/lib'
[5.609s] Level 1:colcon.colcon_core.shell:create_environment_hook('serial_motor_demo_msgs', 'ld_library_path_lib')
[5.610s] INFO:colcon.colcon_core.shell:Creating environment hook '/home/vox/Vox/install/serial_motor_demo_msgs/share/serial_motor_demo_msgs/hook/ld_library_path_lib.ps1'
[5.612s] INFO:colcon.colcon_core.shell:Creating environment descriptor '/home/vox/Vox/install/serial_motor_demo_msgs/share/serial_motor_demo_msgs/hook/ld_library_path_lib.dsv'
[5.614s] INFO:colcon.colcon_core.shell:Creating environment hook '/home/vox/Vox/install/serial_motor_demo_msgs/share/serial_motor_demo_msgs/hook/ld_library_path_lib.sh'
[5.616s] Level 1:colcon.colcon_core.environment:checking '/home/vox/Vox/install/serial_motor_demo_msgs/bin'
[5.617s] Level 1:colcon.colcon_core.environment:checking '/home/vox/Vox/install/serial_motor_demo_msgs/lib/pkgconfig/serial_motor_demo_msgs.pc'
[5.618s] Level 1:colcon.colcon_core.environment:checking '/home/vox/Vox/install/serial_motor_demo_msgs/lib/python3.10/site-packages'
[5.618s] Level 1:colcon.colcon_core.shell:create_environment_hook('serial_motor_demo_msgs', 'pythonpath')
[5.619s] INFO:colcon.colcon_core.shell:Creating environment hook '/home/vox/Vox/install/serial_motor_demo_msgs/share/serial_motor_demo_msgs/hook/pythonpath.ps1'
[5.621s] INFO:colcon.colcon_core.shell:Creating environment descriptor '/home/vox/Vox/install/serial_motor_demo_msgs/share/serial_motor_demo_msgs/hook/pythonpath.dsv'
[5.624s] INFO:colcon.colcon_core.shell:Creating environment hook '/home/vox/Vox/install/serial_motor_demo_msgs/share/serial_motor_demo_msgs/hook/pythonpath.sh'
[5.627s] Level 1:colcon.colcon_core.environment:checking '/home/vox/Vox/install/serial_motor_demo_msgs/bin'
[5.629s] INFO:colcon.colcon_core.shell:Creating package script '/home/vox/Vox/install/serial_motor_demo_msgs/share/serial_motor_demo_msgs/package.ps1'
[5.631s] INFO:colcon.colcon_core.shell:Creating package descriptor '/home/vox/Vox/install/serial_motor_demo_msgs/share/serial_motor_demo_msgs/package.dsv'
[5.634s] INFO:colcon.colcon_core.shell:Creating package script '/home/vox/Vox/install/serial_motor_demo_msgs/share/serial_motor_demo_msgs/package.sh'
[5.637s] INFO:colcon.colcon_core.shell:Creating package script '/home/vox/Vox/install/serial_motor_demo_msgs/share/serial_motor_demo_msgs/package.bash'
[5.640s] INFO:colcon.colcon_core.shell:Creating package script '/home/vox/Vox/install/serial_motor_demo_msgs/share/serial_motor_demo_msgs/package.zsh'
[5.642s] Level 1:colcon.colcon_core.environment:create_file_with_runtime_dependencies(/home/vox/Vox/install/serial_motor_demo_msgs/share/colcon-core/packages/serial_motor_demo_msgs)
[5.647s] INFO:colcon.colcon_ros.task.ament_python.build:Building ROS package in '/home/vox/Vox/src/serial_motor_demo/serial_motor_demo' with build type 'ament_python'
[5.648s] Level 1:colcon.colcon_core.shell:create_environment_hook('serial_motor_demo', 'ament_prefix_path')
[5.650s] INFO:colcon.colcon_core.shell:Creating environment hook '/home/vox/Vox/install/serial_motor_demo/share/serial_motor_demo/hook/ament_prefix_path.ps1'
[5.652s] INFO:colcon.colcon_core.shell:Creating environment descriptor '/home/vox/Vox/install/serial_motor_demo/share/serial_motor_demo/hook/ament_prefix_path.dsv'
[5.655s] INFO:colcon.colcon_core.shell:Creating environment hook '/home/vox/Vox/install/serial_motor_demo/share/serial_motor_demo/hook/ament_prefix_path.sh'
[5.658s] INFO:colcon.colcon_core.shell:Skip shell extension 'powershell' for command environment: Not usable outside of PowerShell
[5.658s] DEBUG:colcon.colcon_core.shell:Skip shell extension 'dsv' for command environment
[7.271s] INFO:colcon.colcon_core.task.python.build:Building Python package in '/home/vox/Vox/src/serial_motor_demo/serial_motor_demo'
[7.272s] INFO:colcon.colcon_core.shell:Skip shell extension 'powershell' for command environment: Not usable outside of PowerShell
[7.273s] DEBUG:colcon.colcon_core.shell:Skip shell extension 'dsv' for command environment
[8.289s] Level 1:colcon.colcon_core.shell:create_environment_hook('ball_tracker', 'pythonpath_develop')
[8.290s] INFO:colcon.colcon_core.shell:Creating environment hook '/home/vox/Vox/build/ball_tracker/share/ball_tracker/hook/pythonpath_develop.ps1'
[8.292s] INFO:colcon.colcon_core.shell:Creating environment descriptor '/home/vox/Vox/build/ball_tracker/share/ball_tracker/hook/pythonpath_develop.dsv'
[8.295s] INFO:colcon.colcon_core.shell:Creating environment hook '/home/vox/Vox/build/ball_tracker/share/ball_tracker/hook/pythonpath_develop.sh'
[8.298s] Level 1:colcon.colcon_core.environment:checking '/home/vox/Vox/install/ball_tracker' for CMake module files
[8.301s] Level 1:colcon.colcon_core.environment:checking '/home/vox/Vox/install/ball_tracker' for CMake config files
[8.305s] Level 1:colcon.colcon_core.environment:checking '/home/vox/Vox/install/ball_tracker/lib'
[8.305s] Level 1:colcon.colcon_core.environment:checking '/home/vox/Vox/install/ball_tracker/bin'
[8.306s] Level 1:colcon.colcon_core.environment:checking '/home/vox/Vox/install/ball_tracker/lib/pkgconfig/ball_tracker.pc'
[8.307s] Level 1:colcon.colcon_core.environment:checking '/home/vox/Vox/install/ball_tracker/lib/python3.10/site-packages'
[8.309s] DEBUG:colcon.colcon_core.event_handler.log_command:Invoked command in '/home/vox/Vox/build/ball_tracker' returned '0': PYTHONPATH=/home/vox/Vox/build/ball_tracker/prefix_override:/home/vox/Vox/install/ball_tracker/lib/python3.10/site-packages:${PYTHONPATH} /usr/bin/python3 -W ignore:setup.py install is deprecated setup.py develop --editable --build-directory /home/vox/Vox/build/ball_tracker/build --no-deps symlink_data
[8.309s] Level 1:colcon.colcon_core.shell:create_environment_hook('ball_tracker', 'pythonpath')
[8.310s] INFO:colcon.colcon_core.shell:Creating environment hook '/home/vox/Vox/install/ball_tracker/share/ball_tracker/hook/pythonpath.ps1'
[8.313s] INFO:colcon.colcon_core.shell:Creating environment descriptor '/home/vox/Vox/install/ball_tracker/share/ball_tracker/hook/pythonpath.dsv'
[8.315s] INFO:colcon.colcon_core.shell:Creating environment hook '/home/vox/Vox/install/ball_tracker/share/ball_tracker/hook/pythonpath.sh'
[8.318s] Level 1:colcon.colcon_core.environment:checking '/home/vox/Vox/install/ball_tracker/bin'
[8.319s] Level 1:colcon.colcon_core.environment:create_environment_scripts_only(ball_tracker)
[8.321s] INFO:colcon.colcon_core.shell:Creating package script '/home/vox/Vox/install/ball_tracker/share/ball_tracker/package.ps1'
[8.324s] INFO:colcon.colcon_core.shell:Creating package descriptor '/home/vox/Vox/install/ball_tracker/share/ball_tracker/package.dsv'
[8.326s] INFO:colcon.colcon_core.shell:Creating package script '/home/vox/Vox/install/ball_tracker/share/ball_tracker/package.sh'
[8.329s] INFO:colcon.colcon_core.shell:Creating package script '/home/vox/Vox/install/ball_tracker/share/ball_tracker/package.bash'
[8.332s] INFO:colcon.colcon_core.shell:Creating package script '/home/vox/Vox/install/ball_tracker/share/ball_tracker/package.zsh'
[8.335s] Level 1:colcon.colcon_core.environment:create_file_with_runtime_dependencies(/home/vox/Vox/install/ball_tracker/share/colcon-core/packages/ball_tracker)
[9.418s] DEBUG:colcon.colcon_core.event_handler.log_command:Invoking command in '/home/vox/Vox/build/serial_motor_demo': AMENT_PREFIX_PATH=/home/vox/Vox/install/serial_motor_demo_msgs:${AMENT_PREFIX_PATH} CMAKE_PREFIX_PATH=/home/vox/Vox/install/serial_motor_demo_msgs LD_LIBRARY_PATH=/home/vox/Vox/install/serial_motor_demo_msgs/lib:${LD_LIBRARY_PATH} PYTHONPATH=/home/vox/Vox/build/serial_motor_demo/prefix_override:/home/vox/Vox/install/serial_motor_demo/lib/python3.10/site-packages:/home/vox/Vox/install/serial_motor_demo_msgs/lib/python3.10/site-packages:${PYTHONPATH} /usr/bin/python3 -W ignore:setup.py install is deprecated setup.py develop --editable --build-directory /home/vox/Vox/build/serial_motor_demo/build --no-deps symlink_data
[12.076s] Level 1:colcon.colcon_core.shell:create_environment_hook('serial_motor_demo', 'pythonpath_develop')
[12.078s] INFO:colcon.colcon_core.shell:Creating environment hook '/home/vox/Vox/build/serial_motor_demo/share/serial_motor_demo/hook/pythonpath_develop.ps1'
[12.079s] DEBUG:colcon.colcon_core.event_handler.log_command:Invoked command in '/home/vox/Vox/build/serial_motor_demo' returned '0': AMENT_PREFIX_PATH=/home/vox/Vox/install/serial_motor_demo_msgs:${AMENT_PREFIX_PATH} CMAKE_PREFIX_PATH=/home/vox/Vox/install/serial_motor_demo_msgs LD_LIBRARY_PATH=/home/vox/Vox/install/serial_motor_demo_msgs/lib:${LD_LIBRARY_PATH} PYTHONPATH=/home/vox/Vox/build/serial_motor_demo/prefix_override:/home/vox/Vox/install/serial_motor_demo/lib/python3.10/site-packages:/home/vox/Vox/install/serial_motor_demo_msgs/lib/python3.10/site-packages:${PYTHONPATH} /usr/bin/python3 -W ignore:setup.py install is deprecated setup.py develop --editable --build-directory /home/vox/Vox/build/serial_motor_demo/build --no-deps symlink_data
[12.081s] INFO:colcon.colcon_core.shell:Creating environment descriptor '/home/vox/Vox/build/serial_motor_demo/share/serial_motor_demo/hook/pythonpath_develop.dsv'
[12.083s] INFO:colcon.colcon_core.shell:Creating environment hook '/home/vox/Vox/build/serial_motor_demo/share/serial_motor_demo/hook/pythonpath_develop.sh'
[12.086s] Level 1:colcon.colcon_core.environment:checking '/home/vox/Vox/install/serial_motor_demo' for CMake module files
[12.089s] Level 1:colcon.colcon_core.environment:checking '/home/vox/Vox/install/serial_motor_demo' for CMake config files
[12.092s] Level 1:colcon.colcon_core.environment:checking '/home/vox/Vox/install/serial_motor_demo/lib'
[12.093s] Level 1:colcon.colcon_core.environment:checking '/home/vox/Vox/install/serial_motor_demo/bin'
[12.093s] Level 1:colcon.colcon_core.environment:checking '/home/vox/Vox/install/serial_motor_demo/lib/pkgconfig/serial_motor_demo.pc'
[12.094s] Level 1:colcon.colcon_core.environment:checking '/home/vox/Vox/install/serial_motor_demo/lib/python3.10/site-packages'
[12.095s] Level 1:colcon.colcon_core.shell:create_environment_hook('serial_motor_demo', 'pythonpath')
[12.096s] INFO:colcon.colcon_core.shell:Creating environment hook '/home/vox/Vox/install/serial_motor_demo/share/serial_motor_demo/hook/pythonpath.ps1'
[12.098s] INFO:colcon.colcon_core.shell:Creating environment descriptor '/home/vox/Vox/install/serial_motor_demo/share/serial_motor_demo/hook/pythonpath.dsv'
[12.100s] INFO:colcon.colcon_core.shell:Creating environment hook '/home/vox/Vox/install/serial_motor_demo/share/serial_motor_demo/hook/pythonpath.sh'
[12.103s] Level 1:colcon.colcon_core.environment:checking '/home/vox/Vox/install/serial_motor_demo/bin'
[12.104s] Level 1:colcon.colcon_core.environment:create_environment_scripts_only(serial_motor_demo)
[12.105s] INFO:colcon.colcon_core.shell:Creating package script '/home/vox/Vox/install/serial_motor_demo/share/serial_motor_demo/package.ps1'
[12.108s] INFO:colcon.colcon_core.shell:Creating package descriptor '/home/vox/Vox/install/serial_motor_demo/share/serial_motor_demo/package.dsv'
[12.111s] INFO:colcon.colcon_core.shell:Creating package script '/home/vox/Vox/install/serial_motor_demo/share/serial_motor_demo/package.sh'
[12.113s] INFO:colcon.colcon_core.shell:Creating package script '/home/vox/Vox/install/serial_motor_demo/share/serial_motor_demo/package.bash'
[12.115s] INFO:colcon.colcon_core.shell:Creating package script '/home/vox/Vox/install/serial_motor_demo/share/serial_motor_demo/package.zsh'
[12.118s] Level 1:colcon.colcon_core.environment:create_file_with_runtime_dependencies(/home/vox/Vox/install/serial_motor_demo/share/colcon-core/packages/serial_motor_demo)
[20.505s] DEBUG:colcon.colcon_core.event_handler.log_command:Invoked command in '/home/vox/Vox/build/mpu9250driver' returned '2': CMAKE_PREFIX_PATH=/opt/ros/iron /usr/bin/cmake --build /home/vox/Vox/build/mpu9250driver -- -j4 -l4
[20.638s] Level 1:colcon.colcon_core.environment:create_environment_scripts_only(mpu9250driver)
[20.639s] Level 1:colcon.colcon_core.environment:checking '/home/vox/Vox/install/mpu9250driver' for CMake module files
[20.643s] Level 1:colcon.colcon_core.environment:checking '/home/vox/Vox/install/mpu9250driver' for CMake config files
[20.647s] Level 1:colcon.colcon_core.shell:create_environment_hook('mpu9250driver', 'cmake_prefix_path')
[20.649s] INFO:colcon.colcon_core.shell:Creating environment hook '/home/vox/Vox/install/mpu9250driver/share/mpu9250driver/hook/cmake_prefix_path.ps1'
[20.651s] INFO:colcon.colcon_core.shell:Creating environment descriptor '/home/vox/Vox/install/mpu9250driver/share/mpu9250driver/hook/cmake_prefix_path.dsv'
[20.653s] INFO:colcon.colcon_core.shell:Creating environment hook '/home/vox/Vox/install/mpu9250driver/share/mpu9250driver/hook/cmake_prefix_path.sh'
[20.656s] Level 1:colcon.colcon_core.environment:checking '/home/vox/Vox/install/mpu9250driver/lib'
[20.656s] Level 1:colcon.colcon_core.environment:checking '/home/vox/Vox/install/mpu9250driver/bin'
[20.656s] Level 1:colcon.colcon_core.environment:checking '/home/vox/Vox/install/mpu9250driver/lib/pkgconfig/mpu9250driver.pc'
[20.657s] Level 1:colcon.colcon_core.environment:checking '/home/vox/Vox/install/mpu9250driver/lib/python3.10/site-packages'
[20.658s] Level 1:colcon.colcon_core.environment:checking '/home/vox/Vox/install/mpu9250driver/bin'
[20.659s] INFO:colcon.colcon_core.shell:Creating package script '/home/vox/Vox/install/mpu9250driver/share/mpu9250driver/package.ps1'
[20.661s] INFO:colcon.colcon_core.shell:Creating package descriptor '/home/vox/Vox/install/mpu9250driver/share/mpu9250driver/package.dsv'
[20.663s] INFO:colcon.colcon_core.shell:Creating package script '/home/vox/Vox/install/mpu9250driver/share/mpu9250driver/package.sh'
[20.665s] INFO:colcon.colcon_core.shell:Creating package script '/home/vox/Vox/install/mpu9250driver/share/mpu9250driver/package.bash'
[20.667s] INFO:colcon.colcon_core.shell:Creating package script '/home/vox/Vox/install/mpu9250driver/share/mpu9250driver/package.zsh'
[20.669s] Level 1:colcon.colcon_core.environment:create_file_with_runtime_dependencies(/home/vox/Vox/install/mpu9250driver/share/colcon-core/packages/mpu9250driver)
[20.680s] DEBUG:colcon.colcon_parallel_executor.executor.parallel:closing loop
[20.680s] DEBUG:colcon.colcon_parallel_executor.executor.parallel:loop closed
[20.681s] DEBUG:colcon.colcon_parallel_executor.executor.parallel:run_until_complete finished with '2'
[20.681s] DEBUG:colcon.colcon_core.event_reactor:joining thread
[20.707s] INFO:colcon.colcon_core.plugin_system:Skipping extension 'colcon_notification.desktop_notification.notify_send': Could not find 'notify-send'
[20.707s] INFO:colcon.colcon_core.plugin_system:Skipping extension 'colcon_notification.desktop_notification.terminal_notifier': Not used on non-Darwin systems
[20.707s] INFO:colcon.colcon_core.plugin_system:Skipping extension 'colcon_notification.desktop_notification.win32': Not used on non-Windows systems
[20.708s] INFO:colcon.colcon_notification.desktop_notification:Sending desktop notification using 'notify2'
[20.710s] DEBUG:colcon.colcon_notification.desktop_notification.notify2:Failed to initialize notify2: org.freedesktop.DBus.Error.ServiceUnknown: The name org.freedesktop.Notifications was not provided by any .service files
[20.711s] DEBUG:colcon.colcon_core.event_reactor:joined thread
[20.712s] INFO:colcon.colcon_core.shell:Creating prefix script '/home/vox/Vox/install/local_setup.ps1'
[20.715s] INFO:colcon.colcon_core.shell:Creating prefix util module '/home/vox/Vox/install/_local_setup_util_ps1.py'
[20.720s] INFO:colcon.colcon_core.shell:Creating prefix chain script '/home/vox/Vox/install/setup.ps1'
[20.724s] INFO:colcon.colcon_core.shell:Creating prefix script '/home/vox/Vox/install/local_setup.sh'
[20.726s] INFO:colcon.colcon_core.shell:Creating prefix util module '/home/vox/Vox/install/_local_setup_util_sh.py'
[20.729s] INFO:colcon.colcon_core.shell:Creating prefix chain script '/home/vox/Vox/install/setup.sh'
[20.733s] INFO:colcon.colcon_core.shell:Creating prefix script '/home/vox/Vox/install/local_setup.bash'
[20.735s] INFO:colcon.colcon_core.shell:Creating prefix chain script '/home/vox/Vox/install/setup.bash'
[20.738s] INFO:colcon.colcon_core.shell:Creating prefix script '/home/vox/Vox/install/local_setup.zsh'
[20.741s] INFO:colcon.colcon_core.shell:Creating prefix chain script '/home/vox/Vox/install/setup.zsh'
