[1.628s] Invoking command in '/home/vox/Vox/build/mpu9250driver': CMAKE_PREFIX_PATH=${CMAKE_PREFIX_PATH}:/home/vox/Vox/install/serial_motor_demo:/home/vox/Vox/install/ball_tracker:/opt/ros/iron /usr/bin/cmake --build /home/vox/Vox/build/mpu9250driver -- -j4 -l4
[1.979s] [ 33%] Built target mpu9250sensor
[1.992s] [ 66%] Built target linux_i2c_communicator
[2.060s] [35m[1mConsolidate compiler generated dependencies of target mpu9250driver[0m
[2.161s] [ 83%] [32mBuilding CXX object CMakeFiles/mpu9250driver.dir/src/mpu9250driver.cpp.o[0m
[22.124s] [100%] [32m[1mLinking CXX executable mpu9250driver[0m
[23.182s] [100%] Built target mpu9250driver
[23.223s] Invoked command in '/home/vox/Vox/build/mpu9250driver' returned '0': CMAKE_PREFIX_PATH=${CMAKE_PREFIX_PATH}:/home/vox/Vox/install/serial_motor_demo:/home/vox/Vox/install/ball_tracker:/opt/ros/iron /usr/bin/cmake --build /home/vox/Vox/build/mpu9250driver -- -j4 -l4
[23.383s] Invoking command in '/home/vox/Vox/build/mpu9250driver': CMAKE_PREFIX_PATH=${CMAKE_PREFIX_PATH}:/home/vox/Vox/install/serial_motor_demo:/home/vox/Vox/install/ball_tracker:/opt/ros/iron /usr/bin/cmake --install /home/vox/Vox/build/mpu9250driver
[23.411s] -- Install configuration: ""
[23.413s] -- Execute custom install script
[23.414s] -- Up-to-date symlink: /home/vox/Vox/install/mpu9250driver/lib/mpu9250driver/mpu9250driver
[23.416s] -- Up-to-date symlink: /home/vox/Vox/install/mpu9250driver/share/mpu9250driver//launch/mpu9250driver_launch.py
[23.417s] -- Up-to-date symlink: /home/vox/Vox/install/mpu9250driver/share/mpu9250driver//params/mpu9250.yaml
[23.418s] -- Up-to-date symlink: /home/vox/Vox/install/mpu9250driver/share/ament_index/resource_index/package_run_dependencies/mpu9250driver
[23.419s] -- Up-to-date symlink: /home/vox/Vox/install/mpu9250driver/share/ament_index/resource_index/parent_prefix_path/mpu9250driver
[23.420s] -- Up-to-date symlink: /home/vox/Vox/install/mpu9250driver/share/mpu9250driver/environment/ament_prefix_path.sh
[23.420s] -- Up-to-date symlink: /home/vox/Vox/install/mpu9250driver/share/mpu9250driver/environment/ament_prefix_path.dsv
[23.421s] -- Up-to-date symlink: /home/vox/Vox/install/mpu9250driver/share/mpu9250driver/environment/path.sh
[23.422s] -- Up-to-date symlink: /home/vox/Vox/install/mpu9250driver/share/mpu9250driver/environment/path.dsv
[23.423s] -- Up-to-date symlink: /home/vox/Vox/install/mpu9250driver/share/mpu9250driver/local_setup.bash
[23.424s] -- Up-to-date symlink: /home/vox/Vox/install/mpu9250driver/share/mpu9250driver/local_setup.sh
[23.424s] -- Up-to-date symlink: /home/vox/Vox/install/mpu9250driver/share/mpu9250driver/local_setup.zsh
[23.425s] -- Up-to-date symlink: /home/vox/Vox/install/mpu9250driver/share/mpu9250driver/local_setup.dsv
[23.426s] -- Symlinking: /home/vox/Vox/install/mpu9250driver/share/mpu9250driver/package.dsv
[23.460s] -- Up-to-date symlink: /home/vox/Vox/install/mpu9250driver/share/ament_index/resource_index/packages/mpu9250driver
[23.461s] -- Up-to-date symlink: /home/vox/Vox/install/mpu9250driver/share/mpu9250driver/cmake/mpu9250driverConfig.cmake
[23.462s] -- Up-to-date symlink: /home/vox/Vox/install/mpu9250driver/share/mpu9250driver/cmake/mpu9250driverConfig-version.cmake
[23.463s] -- Up-to-date symlink: /home/vox/Vox/install/mpu9250driver/share/mpu9250driver/package.xml
[23.471s] Invoked command in '/home/vox/Vox/build/mpu9250driver' returned '0': CMAKE_PREFIX_PATH=${CMAKE_PREFIX_PATH}:/home/vox/Vox/install/serial_motor_demo:/home/vox/Vox/install/ball_tracker:/opt/ros/iron /usr/bin/cmake --install /home/vox/Vox/build/mpu9250driver
