[0.083s] Invoking command in '/home/vox/Vox/build/serial_motor_demo_msgs': CMAKE_PREFIX_PATH=${CMAKE_PREFIX_PATH}:/home/vox/Vox/install/serial_motor_demo:/opt/ros/iron /usr/bin/cmake --build /home/vox/Vox/build/serial_motor_demo_msgs -- -j4 -l4
[0.329s] [  1%] Built target serial_motor_demo_msgs__rosidl_generator_type_description
[0.367s] [  1%] Built target ament_cmake_python_symlink_serial_motor_demo_msgs
[0.437s] [  3%] Built target serial_motor_demo_msgs__cpp
[0.465s] [ 24%] Built target serial_motor_demo_msgs__rosidl_generator_c
[0.604s] [ 33%] Built target serial_motor_demo_msgs__rosidl_typesupport_cpp
[0.674s] [ 42%] Built target serial_motor_demo_msgs__rosidl_typesupport_fastrtps_c
[0.777s] [ 51%] Built target serial_motor_demo_msgs__rosidl_typesupport_introspection_c
[1.600s] [ 61%] Built target serial_motor_demo_msgs__rosidl_typesupport_c
[1.845s] running egg_info
[1.849s] writing serial_motor_demo_msgs.egg-info/PKG-INFO
[1.850s] [ 70%] Built target serial_motor_demo_msgs__rosidl_typesupport_fastrtps_cpp
[1.860s] [ 79%] Built target serial_motor_demo_msgs__rosidl_typesupport_introspection_cpp
[1.860s] writing dependency_links to serial_motor_demo_msgs.egg-info/dependency_links.txt
[1.861s] writing top-level names to serial_motor_demo_msgs.egg-info/top_level.txt
[1.863s] reading manifest file 'serial_motor_demo_msgs.egg-info/SOURCES.txt'
[1.869s] writing manifest file 'serial_motor_demo_msgs.egg-info/SOURCES.txt'
[1.972s] [ 79%] Built target serial_motor_demo_msgs
[2.370s] [ 79%] Built target ament_cmake_python_build_serial_motor_demo_msgs_egg
[2.371s] [ 81%] Built target serial_motor_demo_msgs__py
[2.468s] [ 88%] Built target serial_motor_demo_msgs__rosidl_generator_py
[2.619s] [ 92%] Built target serial_motor_demo_msgs__rosidl_typesupport_c__pyext
[2.635s] [ 96%] Built target serial_motor_demo_msgs__rosidl_typesupport_introspection_c__pyext
[2.652s] [100%] Built target serial_motor_demo_msgs__rosidl_typesupport_fastrtps_c__pyext
[2.716s] Invoked command in '/home/vox/Vox/build/serial_motor_demo_msgs' returned '0': CMAKE_PREFIX_PATH=${CMAKE_PREFIX_PATH}:/home/vox/Vox/install/serial_motor_demo:/opt/ros/iron /usr/bin/cmake --build /home/vox/Vox/build/serial_motor_demo_msgs -- -j4 -l4
[3.510s] Invoking command in '/home/vox/Vox/build/serial_motor_demo_msgs': CMAKE_PREFIX_PATH=${CMAKE_PREFIX_PATH}:/home/vox/Vox/install/serial_motor_demo:/opt/ros/iron /usr/bin/cmake --install /home/vox/Vox/build/serial_motor_demo_msgs
[3.546s] -- Install configuration: ""
[3.549s] -- Execute custom install script
[3.550s] -- Up-to-date symlink: /home/vox/Vox/install/serial_motor_demo_msgs/share/ament_index/resource_index/rosidl_interfaces/serial_motor_demo_msgs
[3.552s] -- Up-to-date symlink: /home/vox/Vox/install/serial_motor_demo_msgs/share/serial_motor_demo_msgs/msg/MotorCommand.json
[3.554s] -- Up-to-date symlink: /home/vox/Vox/install/serial_motor_demo_msgs/share/serial_motor_demo_msgs/msg/MotorVels.json
[3.555s] -- Up-to-date symlink: /home/vox/Vox/install/serial_motor_demo_msgs/share/serial_motor_demo_msgs/msg/EncoderVals.json
[3.560s] -- Up-to-date symlink: /home/vox/Vox/install/serial_motor_demo_msgs/include/serial_motor_demo_msgs/serial_motor_demo_msgs/msg/detail/encoder_vals__functions.h
[3.561s] -- Up-to-date symlink: /home/vox/Vox/install/serial_motor_demo_msgs/include/serial_motor_demo_msgs/serial_motor_demo_msgs/msg/detail/encoder_vals__struct.h
[3.562s] -- Up-to-date symlink: /home/vox/Vox/install/serial_motor_demo_msgs/include/serial_motor_demo_msgs/serial_motor_demo_msgs/msg/detail/encoder_vals__type_support.h
[3.563s] -- Up-to-date symlink: /home/vox/Vox/install/serial_motor_demo_msgs/include/serial_motor_demo_msgs/serial_motor_demo_msgs/msg/detail/motor_command__functions.h
[3.565s] -- Up-to-date symlink: /home/vox/Vox/install/serial_motor_demo_msgs/include/serial_motor_demo_msgs/serial_motor_demo_msgs/msg/detail/motor_command__struct.h
[3.566s] -- Up-to-date symlink: /home/vox/Vox/install/serial_motor_demo_msgs/include/serial_motor_demo_msgs/serial_motor_demo_msgs/msg/detail/motor_command__type_support.h
[3.568s] -- Up-to-date symlink: /home/vox/Vox/install/serial_motor_demo_msgs/include/serial_motor_demo_msgs/serial_motor_demo_msgs/msg/detail/motor_vels__functions.h
[3.569s] -- Up-to-date symlink: /home/vox/Vox/install/serial_motor_demo_msgs/include/serial_motor_demo_msgs/serial_motor_demo_msgs/msg/detail/motor_vels__struct.h
[3.571s] -- Up-to-date symlink: /home/vox/Vox/install/serial_motor_demo_msgs/include/serial_motor_demo_msgs/serial_motor_demo_msgs/msg/detail/motor_vels__type_support.h
[3.572s] -- Up-to-date symlink: /home/vox/Vox/install/serial_motor_demo_msgs/include/serial_motor_demo_msgs/serial_motor_demo_msgs/msg/encoder_vals.h
[3.573s] -- Up-to-date symlink: /home/vox/Vox/install/serial_motor_demo_msgs/include/serial_motor_demo_msgs/serial_motor_demo_msgs/msg/motor_command.h
[3.575s] -- Up-to-date symlink: /home/vox/Vox/install/serial_motor_demo_msgs/include/serial_motor_demo_msgs/serial_motor_demo_msgs/msg/motor_vels.h
[3.576s] -- Up-to-date symlink: /home/vox/Vox/install/serial_motor_demo_msgs/include/serial_motor_demo_msgs/serial_motor_demo_msgs/msg/rosidl_generator_c__visibility_control.h
[3.578s] -- Up-to-date symlink: /home/vox/Vox/install/serial_motor_demo_msgs/share/serial_motor_demo_msgs/environment/library_path.sh
[3.579s] -- Up-to-date symlink: /home/vox/Vox/install/serial_motor_demo_msgs/share/serial_motor_demo_msgs/environment/library_path.dsv
[3.586s] -- Up-to-date symlink: /home/vox/Vox/install/serial_motor_demo_msgs/include/serial_motor_demo_msgs/serial_motor_demo_msgs/msg/detail/encoder_vals__rosidl_typesupport_fastrtps_c.h
[3.587s] -- Up-to-date symlink: /home/vox/Vox/install/serial_motor_demo_msgs/include/serial_motor_demo_msgs/serial_motor_demo_msgs/msg/detail/motor_command__rosidl_typesupport_fastrtps_c.h
[3.588s] -- Up-to-date symlink: /home/vox/Vox/install/serial_motor_demo_msgs/include/serial_motor_demo_msgs/serial_motor_demo_msgs/msg/detail/motor_vels__rosidl_typesupport_fastrtps_c.h
[3.589s] -- Up-to-date symlink: /home/vox/Vox/install/serial_motor_demo_msgs/include/serial_motor_demo_msgs/serial_motor_demo_msgs/msg/rosidl_typesupport_fastrtps_c__visibility_control.h
[3.592s] -- Up-to-date symlink: /home/vox/Vox/install/serial_motor_demo_msgs/include/serial_motor_demo_msgs/serial_motor_demo_msgs/msg/detail/encoder_vals__rosidl_typesupport_introspection_c.h
[3.593s] -- Up-to-date symlink: /home/vox/Vox/install/serial_motor_demo_msgs/include/serial_motor_demo_msgs/serial_motor_demo_msgs/msg/detail/motor_command__rosidl_typesupport_introspection_c.h
[3.594s] -- Up-to-date symlink: /home/vox/Vox/install/serial_motor_demo_msgs/include/serial_motor_demo_msgs/serial_motor_demo_msgs/msg/detail/motor_vels__rosidl_typesupport_introspection_c.h
[3.596s] -- Up-to-date symlink: /home/vox/Vox/install/serial_motor_demo_msgs/include/serial_motor_demo_msgs/serial_motor_demo_msgs/msg/rosidl_typesupport_introspection_c__visibility_control.h
[3.599s] -- Up-to-date symlink: /home/vox/Vox/install/serial_motor_demo_msgs/include/serial_motor_demo_msgs/serial_motor_demo_msgs/msg/detail/encoder_vals__builder.hpp
[3.600s] -- Up-to-date symlink: /home/vox/Vox/install/serial_motor_demo_msgs/include/serial_motor_demo_msgs/serial_motor_demo_msgs/msg/detail/encoder_vals__struct.hpp
[3.602s] -- Up-to-date symlink: /home/vox/Vox/install/serial_motor_demo_msgs/include/serial_motor_demo_msgs/serial_motor_demo_msgs/msg/detail/encoder_vals__traits.hpp
[3.603s] -- Up-to-date symlink: /home/vox/Vox/install/serial_motor_demo_msgs/include/serial_motor_demo_msgs/serial_motor_demo_msgs/msg/detail/motor_command__builder.hpp
[3.604s] -- Up-to-date symlink: /home/vox/Vox/install/serial_motor_demo_msgs/include/serial_motor_demo_msgs/serial_motor_demo_msgs/msg/detail/motor_command__struct.hpp
[3.606s] -- Up-to-date symlink: /home/vox/Vox/install/serial_motor_demo_msgs/include/serial_motor_demo_msgs/serial_motor_demo_msgs/msg/detail/motor_command__traits.hpp
[3.607s] -- Up-to-date symlink: /home/vox/Vox/install/serial_motor_demo_msgs/include/serial_motor_demo_msgs/serial_motor_demo_msgs/msg/detail/motor_vels__builder.hpp
[3.608s] -- Up-to-date symlink: /home/vox/Vox/install/serial_motor_demo_msgs/include/serial_motor_demo_msgs/serial_motor_demo_msgs/msg/detail/motor_vels__struct.hpp
[3.609s] -- Up-to-date symlink: /home/vox/Vox/install/serial_motor_demo_msgs/include/serial_motor_demo_msgs/serial_motor_demo_msgs/msg/detail/motor_vels__traits.hpp
[3.611s] -- Up-to-date symlink: /home/vox/Vox/install/serial_motor_demo_msgs/include/serial_motor_demo_msgs/serial_motor_demo_msgs/msg/encoder_vals.hpp
[3.612s] -- Up-to-date symlink: /home/vox/Vox/install/serial_motor_demo_msgs/include/serial_motor_demo_msgs/serial_motor_demo_msgs/msg/motor_command.hpp
[3.613s] -- Up-to-date symlink: /home/vox/Vox/install/serial_motor_demo_msgs/include/serial_motor_demo_msgs/serial_motor_demo_msgs/msg/motor_vels.hpp
[3.618s] -- Up-to-date symlink: /home/vox/Vox/install/serial_motor_demo_msgs/include/serial_motor_demo_msgs/serial_motor_demo_msgs/msg/detail/encoder_vals__rosidl_typesupport_fastrtps_cpp.hpp
[3.619s] -- Up-to-date symlink: /home/vox/Vox/install/serial_motor_demo_msgs/include/serial_motor_demo_msgs/serial_motor_demo_msgs/msg/detail/motor_command__rosidl_typesupport_fastrtps_cpp.hpp
[3.620s] -- Up-to-date symlink: /home/vox/Vox/install/serial_motor_demo_msgs/include/serial_motor_demo_msgs/serial_motor_demo_msgs/msg/detail/motor_vels__rosidl_typesupport_fastrtps_cpp.hpp
[3.621s] -- Up-to-date symlink: /home/vox/Vox/install/serial_motor_demo_msgs/include/serial_motor_demo_msgs/serial_motor_demo_msgs/msg/rosidl_typesupport_fastrtps_cpp__visibility_control.h
[3.624s] -- Up-to-date symlink: /home/vox/Vox/install/serial_motor_demo_msgs/include/serial_motor_demo_msgs/serial_motor_demo_msgs/msg/detail/encoder_vals__rosidl_typesupport_introspection_cpp.hpp
[3.626s] -- Up-to-date symlink: /home/vox/Vox/install/serial_motor_demo_msgs/include/serial_motor_demo_msgs/serial_motor_demo_msgs/msg/detail/motor_command__rosidl_typesupport_introspection_cpp.hpp
[3.627s] -- Up-to-date symlink: /home/vox/Vox/install/serial_motor_demo_msgs/include/serial_motor_demo_msgs/serial_motor_demo_msgs/msg/detail/motor_vels__rosidl_typesupport_introspection_cpp.hpp
[3.629s] -- Up-to-date symlink: /home/vox/Vox/install/serial_motor_demo_msgs/share/serial_motor_demo_msgs/environment/pythonpath.sh
[3.630s] -- Up-to-date symlink: /home/vox/Vox/install/serial_motor_demo_msgs/share/serial_motor_demo_msgs/environment/pythonpath.dsv
[3.633s] -- Up-to-date symlink: /home/vox/Vox/install/serial_motor_demo_msgs/lib/python3.10/site-packages/serial_motor_demo_msgs-0.0.0-py3.10.egg-info/PKG-INFO
[3.634s] -- Up-to-date symlink: /home/vox/Vox/install/serial_motor_demo_msgs/lib/python3.10/site-packages/serial_motor_demo_msgs-0.0.0-py3.10.egg-info/SOURCES.txt
[3.636s] -- Up-to-date symlink: /home/vox/Vox/install/serial_motor_demo_msgs/lib/python3.10/site-packages/serial_motor_demo_msgs-0.0.0-py3.10.egg-info/dependency_links.txt
[3.637s] -- Up-to-date symlink: /home/vox/Vox/install/serial_motor_demo_msgs/lib/python3.10/site-packages/serial_motor_demo_msgs-0.0.0-py3.10.egg-info/top_level.txt
[3.644s] -- Up-to-date symlink: /home/vox/Vox/install/serial_motor_demo_msgs/lib/python3.10/site-packages/serial_motor_demo_msgs/__init__.py
[3.645s] -- Up-to-date symlink: /home/vox/Vox/install/serial_motor_demo_msgs/lib/python3.10/site-packages/serial_motor_demo_msgs/_serial_motor_demo_msgs_s.ep.rosidl_typesupport_c.c
[3.646s] -- Up-to-date symlink: /home/vox/Vox/install/serial_motor_demo_msgs/lib/python3.10/site-packages/serial_motor_demo_msgs/_serial_motor_demo_msgs_s.ep.rosidl_typesupport_fastrtps_c.c
[3.647s] -- Up-to-date symlink: /home/vox/Vox/install/serial_motor_demo_msgs/lib/python3.10/site-packages/serial_motor_demo_msgs/_serial_motor_demo_msgs_s.ep.rosidl_typesupport_introspection_c.c
[3.648s] -- Up-to-date symlink: /home/vox/Vox/install/serial_motor_demo_msgs/lib/python3.10/site-packages/serial_motor_demo_msgs/libserial_motor_demo_msgs__rosidl_generator_py.so
[3.649s] -- Up-to-date symlink: /home/vox/Vox/install/serial_motor_demo_msgs/lib/python3.10/site-packages/serial_motor_demo_msgs/msg/__init__.py
[3.651s] -- Up-to-date symlink: /home/vox/Vox/install/serial_motor_demo_msgs/lib/python3.10/site-packages/serial_motor_demo_msgs/msg/_encoder_vals.py
[3.652s] -- Up-to-date symlink: /home/vox/Vox/install/serial_motor_demo_msgs/lib/python3.10/site-packages/serial_motor_demo_msgs/msg/_encoder_vals_s.c
[3.653s] -- Up-to-date symlink: /home/vox/Vox/install/serial_motor_demo_msgs/lib/python3.10/site-packages/serial_motor_demo_msgs/msg/_motor_command.py
[3.654s] -- Up-to-date symlink: /home/vox/Vox/install/serial_motor_demo_msgs/lib/python3.10/site-packages/serial_motor_demo_msgs/msg/_motor_command_s.c
[3.655s] -- Up-to-date symlink: /home/vox/Vox/install/serial_motor_demo_msgs/lib/python3.10/site-packages/serial_motor_demo_msgs/msg/_motor_vels.py
[3.656s] -- Up-to-date symlink: /home/vox/Vox/install/serial_motor_demo_msgs/lib/python3.10/site-packages/serial_motor_demo_msgs/msg/_motor_vels_s.c
[3.658s] -- Up-to-date symlink: /home/vox/Vox/install/serial_motor_demo_msgs/lib/python3.10/site-packages/serial_motor_demo_msgs/serial_motor_demo_msgs_s__rosidl_typesupport_c.cpython-310-aarch64-linux-gnu.so
[3.659s] -- Up-to-date symlink: /home/vox/Vox/install/serial_motor_demo_msgs/lib/python3.10/site-packages/serial_motor_demo_msgs/serial_motor_demo_msgs_s__rosidl_typesupport_fastrtps_c.cpython-310-aarch64-linux-gnu.so
[3.660s] -- Up-to-date symlink: /home/vox/Vox/install/serial_motor_demo_msgs/lib/python3.10/site-packages/serial_motor_demo_msgs/serial_motor_demo_msgs_s__rosidl_typesupport_introspection_c.cpython-310-aarch64-linux-gnu.so
[3.662s] -- Up-to-date symlink: /home/vox/Vox/install/serial_motor_demo_msgs/lib/python3.10/site-packages/serial_motor_demo_msgs/serial_motor_demo_msgs_s__rosidl_typesupport_fastrtps_c.cpython-310-aarch64-linux-gnu.so
[3.664s] -- Up-to-date symlink: /home/vox/Vox/install/serial_motor_demo_msgs/lib/python3.10/site-packages/serial_motor_demo_msgs/serial_motor_demo_msgs_s__rosidl_typesupport_introspection_c.cpython-310-aarch64-linux-gnu.so
[3.666s] -- Up-to-date symlink: /home/vox/Vox/install/serial_motor_demo_msgs/lib/python3.10/site-packages/serial_motor_demo_msgs/serial_motor_demo_msgs_s__rosidl_typesupport_c.cpython-310-aarch64-linux-gnu.so
[3.667s] -- Up-to-date symlink: /home/vox/Vox/install/serial_motor_demo_msgs/share/serial_motor_demo_msgs/msg/MotorCommand.idl
[3.668s] -- Up-to-date symlink: /home/vox/Vox/install/serial_motor_demo_msgs/share/serial_motor_demo_msgs/msg/MotorVels.idl
[3.670s] -- Up-to-date symlink: /home/vox/Vox/install/serial_motor_demo_msgs/share/serial_motor_demo_msgs/msg/EncoderVals.idl
[3.671s] -- Up-to-date symlink: /home/vox/Vox/install/serial_motor_demo_msgs/share/serial_motor_demo_msgs/msg/MotorCommand.msg
[3.672s] -- Up-to-date symlink: /home/vox/Vox/install/serial_motor_demo_msgs/share/serial_motor_demo_msgs/msg/MotorVels.msg
[3.673s] -- Up-to-date symlink: /home/vox/Vox/install/serial_motor_demo_msgs/share/serial_motor_demo_msgs/msg/EncoderVals.msg
[3.675s] -- Up-to-date symlink: /home/vox/Vox/install/serial_motor_demo_msgs/share/ament_index/resource_index/package_run_dependencies/serial_motor_demo_msgs
[3.676s] -- Up-to-date symlink: /home/vox/Vox/install/serial_motor_demo_msgs/share/ament_index/resource_index/parent_prefix_path/serial_motor_demo_msgs
[3.677s] -- Up-to-date symlink: /home/vox/Vox/install/serial_motor_demo_msgs/share/serial_motor_demo_msgs/environment/ament_prefix_path.sh
[3.679s] -- Up-to-date symlink: /home/vox/Vox/install/serial_motor_demo_msgs/share/serial_motor_demo_msgs/environment/ament_prefix_path.dsv
[3.680s] -- Up-to-date symlink: /home/vox/Vox/install/serial_motor_demo_msgs/share/serial_motor_demo_msgs/environment/path.sh
[3.682s] -- Up-to-date symlink: /home/vox/Vox/install/serial_motor_demo_msgs/share/serial_motor_demo_msgs/environment/path.dsv
[3.684s] -- Up-to-date symlink: /home/vox/Vox/install/serial_motor_demo_msgs/share/serial_motor_demo_msgs/local_setup.bash
[3.689s] -- Up-to-date symlink: /home/vox/Vox/install/serial_motor_demo_msgs/share/serial_motor_demo_msgs/local_setup.sh
[3.690s] -- Up-to-date symlink: /home/vox/Vox/install/serial_motor_demo_msgs/share/serial_motor_demo_msgs/local_setup.zsh
[3.690s] -- Up-to-date symlink: /home/vox/Vox/install/serial_motor_demo_msgs/share/serial_motor_demo_msgs/local_setup.dsv
[3.692s] -- Symlinking: /home/vox/Vox/install/serial_motor_demo_msgs/share/serial_motor_demo_msgs/package.dsv
[3.731s] -- Up-to-date symlink: /home/vox/Vox/install/serial_motor_demo_msgs/share/ament_index/resource_index/packages/serial_motor_demo_msgs
[3.732s] -- Up-to-date symlink: /home/vox/Vox/install/serial_motor_demo_msgs/share/serial_motor_demo_msgs/cmake/rosidl_cmake-extras.cmake
[3.733s] -- Up-to-date symlink: /home/vox/Vox/install/serial_motor_demo_msgs/share/serial_motor_demo_msgs/cmake/ament_cmake_export_include_directories-extras.cmake
[3.734s] -- Up-to-date symlink: /home/vox/Vox/install/serial_motor_demo_msgs/share/serial_motor_demo_msgs/cmake/ament_cmake_export_libraries-extras.cmake
[3.736s] -- Up-to-date symlink: /home/vox/Vox/install/serial_motor_demo_msgs/share/serial_motor_demo_msgs/cmake/ament_cmake_export_targets-extras.cmake
[3.737s] -- Up-to-date symlink: /home/vox/Vox/install/serial_motor_demo_msgs/share/serial_motor_demo_msgs/cmake/rosidl_cmake_export_typesupport_targets-extras.cmake
[3.738s] -- Up-to-date symlink: /home/vox/Vox/install/serial_motor_demo_msgs/share/serial_motor_demo_msgs/cmake/ament_cmake_export_dependencies-extras.cmake
[3.739s] -- Up-to-date symlink: /home/vox/Vox/install/serial_motor_demo_msgs/share/serial_motor_demo_msgs/cmake/rosidl_cmake_export_typesupport_libraries-extras.cmake
[3.741s] -- Up-to-date symlink: /home/vox/Vox/install/serial_motor_demo_msgs/share/serial_motor_demo_msgs/cmake/serial_motor_demo_msgsConfig.cmake
[3.742s] -- Up-to-date symlink: /home/vox/Vox/install/serial_motor_demo_msgs/share/serial_motor_demo_msgs/cmake/serial_motor_demo_msgsConfig-version.cmake
[3.743s] -- Up-to-date symlink: /home/vox/Vox/install/serial_motor_demo_msgs/share/serial_motor_demo_msgs/package.xml
[3.745s] -- Up-to-date: /home/vox/Vox/install/serial_motor_demo_msgs/lib/libserial_motor_demo_msgs__rosidl_generator_c.so
[3.747s] -- Up-to-date: /home/vox/Vox/install/serial_motor_demo_msgs/lib/libserial_motor_demo_msgs__rosidl_typesupport_fastrtps_c.so
[3.750s] -- Up-to-date: /home/vox/Vox/install/serial_motor_demo_msgs/lib/libserial_motor_demo_msgs__rosidl_typesupport_introspection_c.so
[3.752s] -- Up-to-date: /home/vox/Vox/install/serial_motor_demo_msgs/lib/libserial_motor_demo_msgs__rosidl_typesupport_c.so
[3.754s] -- Up-to-date: /home/vox/Vox/install/serial_motor_demo_msgs/lib/libserial_motor_demo_msgs__rosidl_typesupport_fastrtps_cpp.so
[3.757s] -- Up-to-date: /home/vox/Vox/install/serial_motor_demo_msgs/lib/libserial_motor_demo_msgs__rosidl_typesupport_introspection_cpp.so
[3.760s] -- Up-to-date: /home/vox/Vox/install/serial_motor_demo_msgs/lib/libserial_motor_demo_msgs__rosidl_typesupport_cpp.so
[3.946s] Listing '/home/vox/Vox/install/serial_motor_demo_msgs/lib/python3.10/site-packages/serial_motor_demo_msgs'...
[3.948s] Listing '/home/vox/Vox/install/serial_motor_demo_msgs/lib/python3.10/site-packages/serial_motor_demo_msgs/msg'...
[3.977s] -- Up-to-date: /home/vox/Vox/install/serial_motor_demo_msgs/lib/libserial_motor_demo_msgs__rosidl_generator_py.so
[3.979s] -- Up-to-date: /home/vox/Vox/install/serial_motor_demo_msgs/share/serial_motor_demo_msgs/cmake/export_serial_motor_demo_msgs__rosidl_generator_cExport.cmake
[3.980s] -- Up-to-date: /home/vox/Vox/install/serial_motor_demo_msgs/share/serial_motor_demo_msgs/cmake/export_serial_motor_demo_msgs__rosidl_generator_cExport-noconfig.cmake
[3.984s] -- Up-to-date: /home/vox/Vox/install/serial_motor_demo_msgs/share/serial_motor_demo_msgs/cmake/export_serial_motor_demo_msgs__rosidl_typesupport_fastrtps_cExport.cmake
[3.984s] -- Up-to-date: /home/vox/Vox/install/serial_motor_demo_msgs/share/serial_motor_demo_msgs/cmake/export_serial_motor_demo_msgs__rosidl_typesupport_fastrtps_cExport-noconfig.cmake
[3.985s] -- Up-to-date: /home/vox/Vox/install/serial_motor_demo_msgs/share/serial_motor_demo_msgs/cmake/serial_motor_demo_msgs__rosidl_typesupport_introspection_cExport.cmake
[3.988s] -- Up-to-date: /home/vox/Vox/install/serial_motor_demo_msgs/share/serial_motor_demo_msgs/cmake/serial_motor_demo_msgs__rosidl_typesupport_introspection_cExport-noconfig.cmake
[3.990s] -- Up-to-date: /home/vox/Vox/install/serial_motor_demo_msgs/share/serial_motor_demo_msgs/cmake/serial_motor_demo_msgs__rosidl_typesupport_cExport.cmake
[3.991s] -- Up-to-date: /home/vox/Vox/install/serial_motor_demo_msgs/share/serial_motor_demo_msgs/cmake/serial_motor_demo_msgs__rosidl_typesupport_cExport-noconfig.cmake
[3.993s] -- Up-to-date: /home/vox/Vox/install/serial_motor_demo_msgs/share/serial_motor_demo_msgs/cmake/export_serial_motor_demo_msgs__rosidl_generator_cppExport.cmake
[3.995s] -- Up-to-date: /home/vox/Vox/install/serial_motor_demo_msgs/share/serial_motor_demo_msgs/cmake/export_serial_motor_demo_msgs__rosidl_typesupport_fastrtps_cppExport.cmake
[3.997s] -- Up-to-date: /home/vox/Vox/install/serial_motor_demo_msgs/share/serial_motor_demo_msgs/cmake/export_serial_motor_demo_msgs__rosidl_typesupport_fastrtps_cppExport-noconfig.cmake
[4.000s] -- Up-to-date: /home/vox/Vox/install/serial_motor_demo_msgs/share/serial_motor_demo_msgs/cmake/serial_motor_demo_msgs__rosidl_typesupport_introspection_cppExport.cmake
[4.002s] -- Up-to-date: /home/vox/Vox/install/serial_motor_demo_msgs/share/serial_motor_demo_msgs/cmake/serial_motor_demo_msgs__rosidl_typesupport_introspection_cppExport-noconfig.cmake
[4.004s] -- Up-to-date: /home/vox/Vox/install/serial_motor_demo_msgs/share/serial_motor_demo_msgs/cmake/serial_motor_demo_msgs__rosidl_typesupport_cppExport.cmake
[4.006s] -- Up-to-date: /home/vox/Vox/install/serial_motor_demo_msgs/share/serial_motor_demo_msgs/cmake/serial_motor_demo_msgs__rosidl_typesupport_cppExport-noconfig.cmake
[4.008s] -- Up-to-date: /home/vox/Vox/install/serial_motor_demo_msgs/share/serial_motor_demo_msgs/cmake/export_serial_motor_demo_msgs__rosidl_generator_pyExport.cmake
[4.010s] -- Up-to-date: /home/vox/Vox/install/serial_motor_demo_msgs/share/serial_motor_demo_msgs/cmake/export_serial_motor_demo_msgs__rosidl_generator_pyExport-noconfig.cmake
[4.024s] Invoked command in '/home/vox/Vox/build/serial_motor_demo_msgs' returned '0': CMAKE_PREFIX_PATH=${CMAKE_PREFIX_PATH}:/home/vox/Vox/install/serial_motor_demo:/opt/ros/iron /usr/bin/cmake --install /home/vox/Vox/build/serial_motor_demo_msgs
