[0.117s] Invoking command in '/home/vox/Vox/build/serial_motor_demo_msgs': CMAKE_PREFIX_PATH=${CMAKE_PREFIX_PATH}:/home/vox/Vox/install/serial_motor_demo:/home/vox/Vox/install/ball_tracker:/opt/ros/iron /usr/bin/cmake --build /home/vox/Vox/build/serial_motor_demo_msgs -- -j4 -l4
[1.673s] [  1%] Built target serial_motor_demo_msgs__rosidl_generator_type_description
[1.674s] [  1%] Built target ament_cmake_python_symlink_serial_motor_demo_msgs
[1.674s] [  3%] Built target serial_motor_demo_msgs__cpp
[1.675s] [ 24%] Built target serial_motor_demo_msgs__rosidl_generator_c
[1.675s] [ 33%] Built target serial_motor_demo_msgs__rosidl_typesupport_fastrtps_c
[1.676s] [ 51%] Built target serial_motor_demo_msgs__rosidl_typesupport_cpp
[1.676s] [ 51%] Built target serial_motor_demo_msgs__rosidl_typesupport_introspection_c
[1.676s] [ 61%] Built target serial_motor_demo_msgs__rosidl_typesupport_c
[1.677s] [ 70%] Built target serial_motor_demo_msgs__rosidl_typesupport_introspection_cpp
[1.677s] [ 79%] Built target serial_motor_demo_msgs__rosidl_typesupport_fastrtps_cpp
[1.678s] [ 79%] Built target serial_motor_demo_msgs
[1.678s] [ 81%] Built target serial_motor_demo_msgs__py
[1.679s] [ 88%] Built target serial_motor_demo_msgs__rosidl_generator_py
[1.679s] [ 92%] Built target serial_motor_demo_msgs__rosidl_typesupport_fastrtps_c__pyext
[1.680s] [ 96%] Built target serial_motor_demo_msgs__rosidl_typesupport_c__pyext
[1.681s] [100%] Built target serial_motor_demo_msgs__rosidl_typesupport_introspection_c__pyext
[1.862s] running egg_info
[1.867s] writing serial_motor_demo_msgs.egg-info/PKG-INFO
[1.870s] writing dependency_links to serial_motor_demo_msgs.egg-info/dependency_links.txt
[1.874s] writing top-level names to serial_motor_demo_msgs.egg-info/top_level.txt
[1.888s] reading manifest file 'serial_motor_demo_msgs.egg-info/SOURCES.txt'
[1.893s] writing manifest file 'serial_motor_demo_msgs.egg-info/SOURCES.txt'
[2.084s] [100%] Built target ament_cmake_python_build_serial_motor_demo_msgs_egg
[2.143s] Invoked command in '/home/vox/Vox/build/serial_motor_demo_msgs' returned '0': CMAKE_PREFIX_PATH=${CMAKE_PREFIX_PATH}:/home/vox/Vox/install/serial_motor_demo:/home/vox/Vox/install/ball_tracker:/opt/ros/iron /usr/bin/cmake --build /home/vox/Vox/build/serial_motor_demo_msgs -- -j4 -l4
[2.910s] Invoking command in '/home/vox/Vox/build/serial_motor_demo_msgs': CMAKE_PREFIX_PATH=${CMAKE_PREFIX_PATH}:/home/vox/Vox/install/serial_motor_demo:/home/vox/Vox/install/ball_tracker:/opt/ros/iron /usr/bin/cmake --install /home/vox/Vox/build/serial_motor_demo_msgs
[2.950s] -- Install configuration: ""
[2.952s] -- Execute custom install script
[2.953s] -- Up-to-date symlink: /home/vox/Vox/install/serial_motor_demo_msgs/share/ament_index/resource_index/rosidl_interfaces/serial_motor_demo_msgs
[2.955s] -- Up-to-date symlink: /home/vox/Vox/install/serial_motor_demo_msgs/share/serial_motor_demo_msgs/msg/MotorCommand.json
[2.958s] -- Up-to-date symlink: /home/vox/Vox/install/serial_motor_demo_msgs/share/serial_motor_demo_msgs/msg/MotorVels.json
[2.962s] -- Up-to-date symlink: /home/vox/Vox/install/serial_motor_demo_msgs/share/serial_motor_demo_msgs/msg/EncoderVals.json
[2.965s] -- Up-to-date symlink: /home/vox/Vox/install/serial_motor_demo_msgs/include/serial_motor_demo_msgs/serial_motor_demo_msgs/msg/detail/encoder_vals__functions.h
[2.966s] -- Up-to-date symlink: /home/vox/Vox/install/serial_motor_demo_msgs/include/serial_motor_demo_msgs/serial_motor_demo_msgs/msg/detail/encoder_vals__struct.h
[2.968s] -- Up-to-date symlink: /home/vox/Vox/install/serial_motor_demo_msgs/include/serial_motor_demo_msgs/serial_motor_demo_msgs/msg/detail/encoder_vals__type_support.h
[2.970s] -- Up-to-date symlink: /home/vox/Vox/install/serial_motor_demo_msgs/include/serial_motor_demo_msgs/serial_motor_demo_msgs/msg/detail/motor_command__functions.h
[2.971s] -- Up-to-date symlink: /home/vox/Vox/install/serial_motor_demo_msgs/include/serial_motor_demo_msgs/serial_motor_demo_msgs/msg/detail/motor_command__struct.h
[2.972s] -- Up-to-date symlink: /home/vox/Vox/install/serial_motor_demo_msgs/include/serial_motor_demo_msgs/serial_motor_demo_msgs/msg/detail/motor_command__type_support.h
[2.974s] -- Up-to-date symlink: /home/vox/Vox/install/serial_motor_demo_msgs/include/serial_motor_demo_msgs/serial_motor_demo_msgs/msg/detail/motor_vels__functions.h
[2.976s] -- Up-to-date symlink: /home/vox/Vox/install/serial_motor_demo_msgs/include/serial_motor_demo_msgs/serial_motor_demo_msgs/msg/detail/motor_vels__struct.h
[2.977s] -- Up-to-date symlink: /home/vox/Vox/install/serial_motor_demo_msgs/include/serial_motor_demo_msgs/serial_motor_demo_msgs/msg/detail/motor_vels__type_support.h
[2.979s] -- Up-to-date symlink: /home/vox/Vox/install/serial_motor_demo_msgs/include/serial_motor_demo_msgs/serial_motor_demo_msgs/msg/encoder_vals.h
[2.986s] -- Up-to-date symlink: /home/vox/Vox/install/serial_motor_demo_msgs/include/serial_motor_demo_msgs/serial_motor_demo_msgs/msg/motor_command.h
[2.987s] -- Up-to-date symlink: /home/vox/Vox/install/serial_motor_demo_msgs/include/serial_motor_demo_msgs/serial_motor_demo_msgs/msg/motor_vels.h
[2.988s] -- Up-to-date symlink: /home/vox/Vox/install/serial_motor_demo_msgs/include/serial_motor_demo_msgs/serial_motor_demo_msgs/msg/rosidl_generator_c__visibility_control.h
[2.990s] -- Up-to-date symlink: /home/vox/Vox/install/serial_motor_demo_msgs/share/serial_motor_demo_msgs/environment/library_path.sh
[2.990s] -- Up-to-date symlink: /home/vox/Vox/install/serial_motor_demo_msgs/share/serial_motor_demo_msgs/environment/library_path.dsv
[2.991s] -- Up-to-date symlink: /home/vox/Vox/install/serial_motor_demo_msgs/include/serial_motor_demo_msgs/serial_motor_demo_msgs/msg/detail/encoder_vals__rosidl_typesupport_fastrtps_c.h
[2.992s] -- Up-to-date symlink: /home/vox/Vox/install/serial_motor_demo_msgs/include/serial_motor_demo_msgs/serial_motor_demo_msgs/msg/detail/motor_command__rosidl_typesupport_fastrtps_c.h
[2.994s] -- Up-to-date symlink: /home/vox/Vox/install/serial_motor_demo_msgs/include/serial_motor_demo_msgs/serial_motor_demo_msgs/msg/detail/motor_vels__rosidl_typesupport_fastrtps_c.h
[3.004s] -- Up-to-date symlink: /home/vox/Vox/install/serial_motor_demo_msgs/include/serial_motor_demo_msgs/serial_motor_demo_msgs/msg/rosidl_typesupport_fastrtps_c__visibility_control.h
[3.006s] -- Up-to-date symlink: /home/vox/Vox/install/serial_motor_demo_msgs/include/serial_motor_demo_msgs/serial_motor_demo_msgs/msg/detail/encoder_vals__rosidl_typesupport_introspection_c.h
[3.007s] -- Up-to-date symlink: /home/vox/Vox/install/serial_motor_demo_msgs/include/serial_motor_demo_msgs/serial_motor_demo_msgs/msg/detail/motor_command__rosidl_typesupport_introspection_c.h
[3.008s] -- Up-to-date symlink: /home/vox/Vox/install/serial_motor_demo_msgs/include/serial_motor_demo_msgs/serial_motor_demo_msgs/msg/detail/motor_vels__rosidl_typesupport_introspection_c.h
[3.008s] -- Up-to-date symlink: /home/vox/Vox/install/serial_motor_demo_msgs/include/serial_motor_demo_msgs/serial_motor_demo_msgs/msg/rosidl_typesupport_introspection_c__visibility_control.h
[3.011s] -- Up-to-date symlink: /home/vox/Vox/install/serial_motor_demo_msgs/include/serial_motor_demo_msgs/serial_motor_demo_msgs/msg/detail/encoder_vals__builder.hpp
[3.013s] -- Up-to-date symlink: /home/vox/Vox/install/serial_motor_demo_msgs/include/serial_motor_demo_msgs/serial_motor_demo_msgs/msg/detail/encoder_vals__struct.hpp
[3.016s] -- Up-to-date symlink: /home/vox/Vox/install/serial_motor_demo_msgs/include/serial_motor_demo_msgs/serial_motor_demo_msgs/msg/detail/encoder_vals__traits.hpp
[3.018s] -- Up-to-date symlink: /home/vox/Vox/install/serial_motor_demo_msgs/include/serial_motor_demo_msgs/serial_motor_demo_msgs/msg/detail/motor_command__builder.hpp
[3.020s] -- Up-to-date symlink: /home/vox/Vox/install/serial_motor_demo_msgs/include/serial_motor_demo_msgs/serial_motor_demo_msgs/msg/detail/motor_command__struct.hpp
[3.023s] -- Up-to-date symlink: /home/vox/Vox/install/serial_motor_demo_msgs/include/serial_motor_demo_msgs/serial_motor_demo_msgs/msg/detail/motor_command__traits.hpp
[3.025s] -- Up-to-date symlink: /home/vox/Vox/install/serial_motor_demo_msgs/include/serial_motor_demo_msgs/serial_motor_demo_msgs/msg/detail/motor_vels__builder.hpp
[3.027s] -- Up-to-date symlink: /home/vox/Vox/install/serial_motor_demo_msgs/include/serial_motor_demo_msgs/serial_motor_demo_msgs/msg/detail/motor_vels__struct.hpp
[3.030s] -- Up-to-date symlink: /home/vox/Vox/install/serial_motor_demo_msgs/include/serial_motor_demo_msgs/serial_motor_demo_msgs/msg/detail/motor_vels__traits.hpp
[3.031s] -- Up-to-date symlink: /home/vox/Vox/install/serial_motor_demo_msgs/include/serial_motor_demo_msgs/serial_motor_demo_msgs/msg/encoder_vals.hpp
[3.033s] -- Up-to-date symlink: /home/vox/Vox/install/serial_motor_demo_msgs/include/serial_motor_demo_msgs/serial_motor_demo_msgs/msg/motor_command.hpp
[3.034s] -- Up-to-date symlink: /home/vox/Vox/install/serial_motor_demo_msgs/include/serial_motor_demo_msgs/serial_motor_demo_msgs/msg/motor_vels.hpp
[3.038s] -- Up-to-date symlink: /home/vox/Vox/install/serial_motor_demo_msgs/include/serial_motor_demo_msgs/serial_motor_demo_msgs/msg/detail/encoder_vals__rosidl_typesupport_fastrtps_cpp.hpp
[3.039s] -- Up-to-date symlink: /home/vox/Vox/install/serial_motor_demo_msgs/include/serial_motor_demo_msgs/serial_motor_demo_msgs/msg/detail/motor_command__rosidl_typesupport_fastrtps_cpp.hpp
[3.040s] -- Up-to-date symlink: /home/vox/Vox/install/serial_motor_demo_msgs/include/serial_motor_demo_msgs/serial_motor_demo_msgs/msg/detail/motor_vels__rosidl_typesupport_fastrtps_cpp.hpp
[3.041s] -- Up-to-date symlink: /home/vox/Vox/install/serial_motor_demo_msgs/include/serial_motor_demo_msgs/serial_motor_demo_msgs/msg/rosidl_typesupport_fastrtps_cpp__visibility_control.h
[3.044s] -- Up-to-date symlink: /home/vox/Vox/install/serial_motor_demo_msgs/include/serial_motor_demo_msgs/serial_motor_demo_msgs/msg/detail/encoder_vals__rosidl_typesupport_introspection_cpp.hpp
[3.045s] -- Up-to-date symlink: /home/vox/Vox/install/serial_motor_demo_msgs/include/serial_motor_demo_msgs/serial_motor_demo_msgs/msg/detail/motor_command__rosidl_typesupport_introspection_cpp.hpp
[3.046s] -- Up-to-date symlink: /home/vox/Vox/install/serial_motor_demo_msgs/include/serial_motor_demo_msgs/serial_motor_demo_msgs/msg/detail/motor_vels__rosidl_typesupport_introspection_cpp.hpp
[3.047s] -- Up-to-date symlink: /home/vox/Vox/install/serial_motor_demo_msgs/share/serial_motor_demo_msgs/environment/pythonpath.sh
[3.048s] -- Up-to-date symlink: /home/vox/Vox/install/serial_motor_demo_msgs/share/serial_motor_demo_msgs/environment/pythonpath.dsv
[3.051s] -- Up-to-date symlink: /home/vox/Vox/install/serial_motor_demo_msgs/lib/python3.10/site-packages/serial_motor_demo_msgs-0.0.0-py3.10.egg-info/PKG-INFO
[3.051s] -- Up-to-date symlink: /home/vox/Vox/install/serial_motor_demo_msgs/lib/python3.10/site-packages/serial_motor_demo_msgs-0.0.0-py3.10.egg-info/SOURCES.txt
[3.052s] -- Up-to-date symlink: /home/vox/Vox/install/serial_motor_demo_msgs/lib/python3.10/site-packages/serial_motor_demo_msgs-0.0.0-py3.10.egg-info/dependency_links.txt
[3.054s] -- Up-to-date symlink: /home/vox/Vox/install/serial_motor_demo_msgs/lib/python3.10/site-packages/serial_motor_demo_msgs-0.0.0-py3.10.egg-info/top_level.txt
[3.059s] -- Up-to-date symlink: /home/vox/Vox/install/serial_motor_demo_msgs/lib/python3.10/site-packages/serial_motor_demo_msgs/__init__.py
[3.060s] -- Up-to-date symlink: /home/vox/Vox/install/serial_motor_demo_msgs/lib/python3.10/site-packages/serial_motor_demo_msgs/_serial_motor_demo_msgs_s.ep.rosidl_typesupport_c.c
[3.061s] -- Up-to-date symlink: /home/vox/Vox/install/serial_motor_demo_msgs/lib/python3.10/site-packages/serial_motor_demo_msgs/_serial_motor_demo_msgs_s.ep.rosidl_typesupport_fastrtps_c.c
[3.062s] -- Up-to-date symlink: /home/vox/Vox/install/serial_motor_demo_msgs/lib/python3.10/site-packages/serial_motor_demo_msgs/_serial_motor_demo_msgs_s.ep.rosidl_typesupport_introspection_c.c
[3.063s] -- Up-to-date symlink: /home/vox/Vox/install/serial_motor_demo_msgs/lib/python3.10/site-packages/serial_motor_demo_msgs/libserial_motor_demo_msgs__rosidl_generator_py.so
[3.064s] -- Up-to-date symlink: /home/vox/Vox/install/serial_motor_demo_msgs/lib/python3.10/site-packages/serial_motor_demo_msgs/msg/__init__.py
[3.065s] -- Up-to-date symlink: /home/vox/Vox/install/serial_motor_demo_msgs/lib/python3.10/site-packages/serial_motor_demo_msgs/msg/_encoder_vals.py
[3.066s] -- Up-to-date symlink: /home/vox/Vox/install/serial_motor_demo_msgs/lib/python3.10/site-packages/serial_motor_demo_msgs/msg/_encoder_vals_s.c
[3.067s] -- Up-to-date symlink: /home/vox/Vox/install/serial_motor_demo_msgs/lib/python3.10/site-packages/serial_motor_demo_msgs/msg/_motor_command.py
[3.068s] -- Up-to-date symlink: /home/vox/Vox/install/serial_motor_demo_msgs/lib/python3.10/site-packages/serial_motor_demo_msgs/msg/_motor_command_s.c
[3.069s] -- Up-to-date symlink: /home/vox/Vox/install/serial_motor_demo_msgs/lib/python3.10/site-packages/serial_motor_demo_msgs/msg/_motor_vels.py
[3.070s] -- Up-to-date symlink: /home/vox/Vox/install/serial_motor_demo_msgs/lib/python3.10/site-packages/serial_motor_demo_msgs/msg/_motor_vels_s.c
[3.072s] -- Up-to-date symlink: /home/vox/Vox/install/serial_motor_demo_msgs/lib/python3.10/site-packages/serial_motor_demo_msgs/serial_motor_demo_msgs_s__rosidl_typesupport_c.cpython-310-aarch64-linux-gnu.so
[3.072s] -- Up-to-date symlink: /home/vox/Vox/install/serial_motor_demo_msgs/lib/python3.10/site-packages/serial_motor_demo_msgs/serial_motor_demo_msgs_s__rosidl_typesupport_fastrtps_c.cpython-310-aarch64-linux-gnu.so
[3.073s] -- Up-to-date symlink: /home/vox/Vox/install/serial_motor_demo_msgs/lib/python3.10/site-packages/serial_motor_demo_msgs/serial_motor_demo_msgs_s__rosidl_typesupport_introspection_c.cpython-310-aarch64-linux-gnu.so
[3.075s] -- Up-to-date symlink: /home/vox/Vox/install/serial_motor_demo_msgs/lib/python3.10/site-packages/serial_motor_demo_msgs/serial_motor_demo_msgs_s__rosidl_typesupport_fastrtps_c.cpython-310-aarch64-linux-gnu.so
[3.077s] -- Up-to-date symlink: /home/vox/Vox/install/serial_motor_demo_msgs/lib/python3.10/site-packages/serial_motor_demo_msgs/serial_motor_demo_msgs_s__rosidl_typesupport_introspection_c.cpython-310-aarch64-linux-gnu.so
[3.079s] -- Up-to-date symlink: /home/vox/Vox/install/serial_motor_demo_msgs/lib/python3.10/site-packages/serial_motor_demo_msgs/serial_motor_demo_msgs_s__rosidl_typesupport_c.cpython-310-aarch64-linux-gnu.so
[3.080s] -- Up-to-date symlink: /home/vox/Vox/install/serial_motor_demo_msgs/share/serial_motor_demo_msgs/msg/MotorCommand.idl
[3.081s] -- Up-to-date symlink: /home/vox/Vox/install/serial_motor_demo_msgs/share/serial_motor_demo_msgs/msg/MotorVels.idl
[3.082s] -- Up-to-date symlink: /home/vox/Vox/install/serial_motor_demo_msgs/share/serial_motor_demo_msgs/msg/EncoderVals.idl
[3.083s] -- Up-to-date symlink: /home/vox/Vox/install/serial_motor_demo_msgs/share/serial_motor_demo_msgs/msg/MotorCommand.msg
[3.085s] -- Up-to-date symlink: /home/vox/Vox/install/serial_motor_demo_msgs/share/serial_motor_demo_msgs/msg/MotorVels.msg
[3.086s] -- Up-to-date symlink: /home/vox/Vox/install/serial_motor_demo_msgs/share/serial_motor_demo_msgs/msg/EncoderVals.msg
[3.087s] -- Up-to-date symlink: /home/vox/Vox/install/serial_motor_demo_msgs/share/ament_index/resource_index/package_run_dependencies/serial_motor_demo_msgs
[3.088s] -- Up-to-date symlink: /home/vox/Vox/install/serial_motor_demo_msgs/share/ament_index/resource_index/parent_prefix_path/serial_motor_demo_msgs
[3.089s] -- Up-to-date symlink: /home/vox/Vox/install/serial_motor_demo_msgs/share/serial_motor_demo_msgs/environment/ament_prefix_path.sh
[3.091s] -- Up-to-date symlink: /home/vox/Vox/install/serial_motor_demo_msgs/share/serial_motor_demo_msgs/environment/ament_prefix_path.dsv
[3.092s] -- Up-to-date symlink: /home/vox/Vox/install/serial_motor_demo_msgs/share/serial_motor_demo_msgs/environment/path.sh
[3.093s] -- Up-to-date symlink: /home/vox/Vox/install/serial_motor_demo_msgs/share/serial_motor_demo_msgs/environment/path.dsv
[3.094s] -- Up-to-date symlink: /home/vox/Vox/install/serial_motor_demo_msgs/share/serial_motor_demo_msgs/local_setup.bash
[3.095s] -- Up-to-date symlink: /home/vox/Vox/install/serial_motor_demo_msgs/share/serial_motor_demo_msgs/local_setup.sh
[3.096s] -- Up-to-date symlink: /home/vox/Vox/install/serial_motor_demo_msgs/share/serial_motor_demo_msgs/local_setup.zsh
[3.097s] -- Up-to-date symlink: /home/vox/Vox/install/serial_motor_demo_msgs/share/serial_motor_demo_msgs/local_setup.dsv
[3.099s] -- Symlinking: /home/vox/Vox/install/serial_motor_demo_msgs/share/serial_motor_demo_msgs/package.dsv
[3.144s] -- Up-to-date symlink: /home/vox/Vox/install/serial_motor_demo_msgs/share/ament_index/resource_index/packages/serial_motor_demo_msgs
[3.146s] -- Up-to-date symlink: /home/vox/Vox/install/serial_motor_demo_msgs/share/serial_motor_demo_msgs/cmake/rosidl_cmake-extras.cmake
[3.147s] -- Up-to-date symlink: /home/vox/Vox/install/serial_motor_demo_msgs/share/serial_motor_demo_msgs/cmake/ament_cmake_export_include_directories-extras.cmake
[3.148s] -- Up-to-date symlink: /home/vox/Vox/install/serial_motor_demo_msgs/share/serial_motor_demo_msgs/cmake/ament_cmake_export_libraries-extras.cmake
[3.148s] -- Up-to-date symlink: /home/vox/Vox/install/serial_motor_demo_msgs/share/serial_motor_demo_msgs/cmake/ament_cmake_export_targets-extras.cmake
[3.149s] -- Up-to-date symlink: /home/vox/Vox/install/serial_motor_demo_msgs/share/serial_motor_demo_msgs/cmake/rosidl_cmake_export_typesupport_targets-extras.cmake
[3.150s] -- Up-to-date symlink: /home/vox/Vox/install/serial_motor_demo_msgs/share/serial_motor_demo_msgs/cmake/ament_cmake_export_dependencies-extras.cmake
[3.150s] -- Up-to-date symlink: /home/vox/Vox/install/serial_motor_demo_msgs/share/serial_motor_demo_msgs/cmake/rosidl_cmake_export_typesupport_libraries-extras.cmake
[3.151s] -- Up-to-date symlink: /home/vox/Vox/install/serial_motor_demo_msgs/share/serial_motor_demo_msgs/cmake/serial_motor_demo_msgsConfig.cmake
[3.152s] -- Up-to-date symlink: /home/vox/Vox/install/serial_motor_demo_msgs/share/serial_motor_demo_msgs/cmake/serial_motor_demo_msgsConfig-version.cmake
[3.153s] -- Up-to-date symlink: /home/vox/Vox/install/serial_motor_demo_msgs/share/serial_motor_demo_msgs/package.xml
[3.153s] -- Up-to-date: /home/vox/Vox/install/serial_motor_demo_msgs/lib/libserial_motor_demo_msgs__rosidl_generator_c.so
[3.155s] -- Up-to-date: /home/vox/Vox/install/serial_motor_demo_msgs/lib/libserial_motor_demo_msgs__rosidl_typesupport_fastrtps_c.so
[3.164s] -- Up-to-date: /home/vox/Vox/install/serial_motor_demo_msgs/lib/libserial_motor_demo_msgs__rosidl_typesupport_introspection_c.so
[3.165s] -- Up-to-date: /home/vox/Vox/install/serial_motor_demo_msgs/lib/libserial_motor_demo_msgs__rosidl_typesupport_c.so
[3.166s] -- Up-to-date: /home/vox/Vox/install/serial_motor_demo_msgs/lib/libserial_motor_demo_msgs__rosidl_typesupport_fastrtps_cpp.so
[3.167s] -- Up-to-date: /home/vox/Vox/install/serial_motor_demo_msgs/lib/libserial_motor_demo_msgs__rosidl_typesupport_introspection_cpp.so
[3.170s] -- Up-to-date: /home/vox/Vox/install/serial_motor_demo_msgs/lib/libserial_motor_demo_msgs__rosidl_typesupport_cpp.so
[3.369s] Listing '/home/vox/Vox/install/serial_motor_demo_msgs/lib/python3.10/site-packages/serial_motor_demo_msgs'...
[3.371s] Listing '/home/vox/Vox/install/serial_motor_demo_msgs/lib/python3.10/site-packages/serial_motor_demo_msgs/msg'...
[3.399s] -- Up-to-date: /home/vox/Vox/install/serial_motor_demo_msgs/lib/libserial_motor_demo_msgs__rosidl_generator_py.so
[3.401s] -- Up-to-date: /home/vox/Vox/install/serial_motor_demo_msgs/share/serial_motor_demo_msgs/cmake/export_serial_motor_demo_msgs__rosidl_generator_cExport.cmake
[3.401s] -- Up-to-date: /home/vox/Vox/install/serial_motor_demo_msgs/share/serial_motor_demo_msgs/cmake/export_serial_motor_demo_msgs__rosidl_generator_cExport-noconfig.cmake
[3.402s] -- Up-to-date: /home/vox/Vox/install/serial_motor_demo_msgs/share/serial_motor_demo_msgs/cmake/export_serial_motor_demo_msgs__rosidl_typesupport_fastrtps_cExport.cmake
[3.403s] -- Up-to-date: /home/vox/Vox/install/serial_motor_demo_msgs/share/serial_motor_demo_msgs/cmake/export_serial_motor_demo_msgs__rosidl_typesupport_fastrtps_cExport-noconfig.cmake
[3.404s] -- Up-to-date: /home/vox/Vox/install/serial_motor_demo_msgs/share/serial_motor_demo_msgs/cmake/serial_motor_demo_msgs__rosidl_typesupport_introspection_cExport.cmake
[3.404s] -- Up-to-date: /home/vox/Vox/install/serial_motor_demo_msgs/share/serial_motor_demo_msgs/cmake/serial_motor_demo_msgs__rosidl_typesupport_introspection_cExport-noconfig.cmake
[3.405s] -- Up-to-date: /home/vox/Vox/install/serial_motor_demo_msgs/share/serial_motor_demo_msgs/cmake/serial_motor_demo_msgs__rosidl_typesupport_cExport.cmake
[3.406s] -- Up-to-date: /home/vox/Vox/install/serial_motor_demo_msgs/share/serial_motor_demo_msgs/cmake/serial_motor_demo_msgs__rosidl_typesupport_cExport-noconfig.cmake
[3.407s] -- Up-to-date: /home/vox/Vox/install/serial_motor_demo_msgs/share/serial_motor_demo_msgs/cmake/export_serial_motor_demo_msgs__rosidl_generator_cppExport.cmake
[3.408s] -- Up-to-date: /home/vox/Vox/install/serial_motor_demo_msgs/share/serial_motor_demo_msgs/cmake/export_serial_motor_demo_msgs__rosidl_typesupport_fastrtps_cppExport.cmake
[3.408s] -- Up-to-date: /home/vox/Vox/install/serial_motor_demo_msgs/share/serial_motor_demo_msgs/cmake/export_serial_motor_demo_msgs__rosidl_typesupport_fastrtps_cppExport-noconfig.cmake
[3.409s] -- Up-to-date: /home/vox/Vox/install/serial_motor_demo_msgs/share/serial_motor_demo_msgs/cmake/serial_motor_demo_msgs__rosidl_typesupport_introspection_cppExport.cmake
[3.410s] -- Up-to-date: /home/vox/Vox/install/serial_motor_demo_msgs/share/serial_motor_demo_msgs/cmake/serial_motor_demo_msgs__rosidl_typesupport_introspection_cppExport-noconfig.cmake
[3.411s] -- Up-to-date: /home/vox/Vox/install/serial_motor_demo_msgs/share/serial_motor_demo_msgs/cmake/serial_motor_demo_msgs__rosidl_typesupport_cppExport.cmake
[3.411s] -- Up-to-date: /home/vox/Vox/install/serial_motor_demo_msgs/share/serial_motor_demo_msgs/cmake/serial_motor_demo_msgs__rosidl_typesupport_cppExport-noconfig.cmake
[3.413s] -- Up-to-date: /home/vox/Vox/install/serial_motor_demo_msgs/share/serial_motor_demo_msgs/cmake/export_serial_motor_demo_msgs__rosidl_generator_pyExport.cmake
[3.413s] -- Up-to-date: /home/vox/Vox/install/serial_motor_demo_msgs/share/serial_motor_demo_msgs/cmake/export_serial_motor_demo_msgs__rosidl_generator_pyExport-noconfig.cmake
[3.423s] Invoked command in '/home/vox/Vox/build/serial_motor_demo_msgs' returned '0': CMAKE_PREFIX_PATH=${CMAKE_PREFIX_PATH}:/home/vox/Vox/install/serial_motor_demo:/home/vox/Vox/install/ball_tracker:/opt/ros/iron /usr/bin/cmake --install /home/vox/Vox/build/serial_motor_demo_msgs
