[1.553s] Invoking command in '/home/vox/Vox/build/diffdrive_arduino': CMAKE_PREFIX_PATH=/opt/ros/iron /usr/bin/cmake --build /home/vox/Vox/build/diffdrive_arduino -- -j4 -l4
[1.887s] [100%] Built target diffdrive_arduino
[1.948s] Invoked command in '/home/vox/Vox/build/diffdrive_arduino' returned '0': CMAKE_PREFIX_PATH=/opt/ros/iron /usr/bin/cmake --build /home/vox/Vox/build/diffdrive_arduino -- -j4 -l4
[2.148s] Invoking command in '/home/vox/Vox/build/diffdrive_arduino': CMAKE_PREFIX_PATH=/opt/ros/iron /usr/bin/cmake --install /home/vox/Vox/build/diffdrive_arduino
[2.185s] -- Install configuration: ""
[2.186s] -- Execute custom install script
[2.188s] -- Up-to-date symlink: /home/vox/Vox/install/diffdrive_arduino/share/diffdrive_arduino//diffdrive_arduino.xml
[2.191s] -- Up-to-date symlink: /home/vox/Vox/install/diffdrive_arduino/include/diffdrive_arduino/diffdrive_arduino/arduino_comms.hpp
[2.192s] -- Up-to-date symlink: /home/vox/Vox/install/diffdrive_arduino/include/diffdrive_arduino/diffdrive_arduino/diffbot_system.hpp
[2.194s] -- Up-to-date symlink: /home/vox/Vox/install/diffdrive_arduino/include/diffdrive_arduino/diffdrive_arduino/visibility_control.h
[2.196s] -- Up-to-date symlink: /home/vox/Vox/install/diffdrive_arduino/include/diffdrive_arduino/diffdrive_arduino/wheel.hpp
[2.198s] -- Up-to-date symlink: /home/vox/Vox/install/diffdrive_arduino/share/diffdrive_arduino/launch/view_robot.launch.py
[2.201s] -- Up-to-date symlink: /home/vox/Vox/install/diffdrive_arduino/share/diffdrive_arduino/ros2_control/diffbot.ros2_control.xacro
[2.204s] -- Up-to-date symlink: /home/vox/Vox/install/diffdrive_arduino/share/diffdrive_arduino/urdf/diffbot.materials.xacro
[2.206s] -- Up-to-date symlink: /home/vox/Vox/install/diffdrive_arduino/share/diffdrive_arduino/urdf/diffbot.urdf.xacro
[2.207s] -- Up-to-date symlink: /home/vox/Vox/install/diffdrive_arduino/share/diffdrive_arduino/urdf/diffbot_description.urdf.xacro
[2.210s] -- Up-to-date symlink: /home/vox/Vox/install/diffdrive_arduino/share/diffdrive_arduino/rviz/diffbot.rviz
[2.212s] -- Up-to-date symlink: /home/vox/Vox/install/diffdrive_arduino/share/diffdrive_arduino/rviz/diffbot_view.rviz
[2.214s] -- Up-to-date symlink: /home/vox/Vox/install/diffdrive_arduino/share/diffdrive_arduino/launch/diffbot.launch.py
[2.217s] -- Up-to-date symlink: /home/vox/Vox/install/diffdrive_arduino/share/diffdrive_arduino/config/diffbot_controllers.yaml
[2.219s] -- Up-to-date symlink: /home/vox/Vox/install/diffdrive_arduino/share/diffdrive_arduino/environment/library_path.sh
[2.221s] -- Up-to-date symlink: /home/vox/Vox/install/diffdrive_arduino/share/diffdrive_arduino/environment/library_path.dsv
[2.224s] -- Up-to-date symlink: /home/vox/Vox/install/diffdrive_arduino/share/ament_index/resource_index/package_run_dependencies/diffdrive_arduino
[2.226s] -- Up-to-date symlink: /home/vox/Vox/install/diffdrive_arduino/share/ament_index/resource_index/parent_prefix_path/diffdrive_arduino
[2.228s] -- Up-to-date symlink: /home/vox/Vox/install/diffdrive_arduino/share/diffdrive_arduino/environment/ament_prefix_path.sh
[2.230s] -- Up-to-date symlink: /home/vox/Vox/install/diffdrive_arduino/share/diffdrive_arduino/environment/ament_prefix_path.dsv
[2.233s] -- Up-to-date symlink: /home/vox/Vox/install/diffdrive_arduino/share/diffdrive_arduino/environment/path.sh
[2.234s] -- Up-to-date symlink: /home/vox/Vox/install/diffdrive_arduino/share/diffdrive_arduino/environment/path.dsv
[2.236s] -- Up-to-date symlink: /home/vox/Vox/install/diffdrive_arduino/share/diffdrive_arduino/local_setup.bash
[2.238s] -- Up-to-date symlink: /home/vox/Vox/install/diffdrive_arduino/share/diffdrive_arduino/local_setup.sh
[2.240s] -- Up-to-date symlink: /home/vox/Vox/install/diffdrive_arduino/share/diffdrive_arduino/local_setup.zsh
[2.242s] -- Up-to-date symlink: /home/vox/Vox/install/diffdrive_arduino/share/diffdrive_arduino/local_setup.dsv
[2.244s] -- Symlinking: /home/vox/Vox/install/diffdrive_arduino/share/diffdrive_arduino/package.dsv
[2.283s] -- Up-to-date symlink: /home/vox/Vox/install/diffdrive_arduino/share/ament_index/resource_index/packages/diffdrive_arduino
[2.285s] -- Up-to-date symlink: /home/vox/Vox/install/diffdrive_arduino/share/ament_index/resource_index/hardware_interface__pluginlib__plugin/diffdrive_arduino
[2.288s] -- Up-to-date symlink: /home/vox/Vox/install/diffdrive_arduino/share/diffdrive_arduino/cmake/ament_cmake_export_targets-extras.cmake
[2.289s] -- Up-to-date symlink: /home/vox/Vox/install/diffdrive_arduino/share/diffdrive_arduino/cmake/ament_cmake_export_dependencies-extras.cmake
[2.291s] -- Up-to-date symlink: /home/vox/Vox/install/diffdrive_arduino/share/diffdrive_arduino/cmake/diffdrive_arduinoConfig.cmake
[2.292s] -- Up-to-date symlink: /home/vox/Vox/install/diffdrive_arduino/share/diffdrive_arduino/cmake/diffdrive_arduinoConfig-version.cmake
[2.294s] -- Up-to-date symlink: /home/vox/Vox/install/diffdrive_arduino/share/diffdrive_arduino/package.xml
[2.295s] -- Up-to-date: /home/vox/Vox/install/diffdrive_arduino/lib/libdiffdrive_arduino.so
[2.298s] -- Up-to-date: /home/vox/Vox/install/diffdrive_arduino/share/diffdrive_arduino/cmake/export_diffdrive_arduinoExport.cmake
[2.298s] -- Up-to-date: /home/vox/Vox/install/diffdrive_arduino/share/diffdrive_arduino/cmake/export_diffdrive_arduinoExport-noconfig.cmake
[2.309s] Invoked command in '/home/vox/Vox/build/diffdrive_arduino' returned '0': CMAKE_PREFIX_PATH=/opt/ros/iron /usr/bin/cmake --install /home/vox/Vox/build/diffdrive_arduino
