[3.837s] Invoking command in '/home/vox/Vox/build/ball_tracker': PYTHONPATH=/home/vox/Vox/build/ball_tracker/prefix_override:/home/vox/Vox/install/ball_tracker/lib/python3.10/site-packages:${PYTHONPATH} /usr/bin/python3 -W ignore:setup.py install is deprecated setup.py develop --editable --build-directory /home/vox/Vox/build/ball_tracker/build --no-deps symlink_data
[4.937s] /usr/lib/python3/dist-packages/setuptools/dist.py:723: UserWarning: Usage of dash-separated 'script-dir' will not be supported in future versions. Please use the underscore name 'script_dir' instead
[4.938s]   warnings.warn(
[5.097s] running develop
[5.098s] /usr/lib/python3/dist-packages/setuptools/command/easy_install.py:158: EasyInstallDeprecationWarning: easy_install command is deprecated. Use build and pip and other standards-based tools.
[5.099s]   warnings.warn(
[5.991s] running egg_info
[5.991s] writing ball_tracker.egg-info/PKG-INFO
[5.993s] writing dependency_links to ball_tracker.egg-info/dependency_links.txt
[5.994s] writing entry points to ball_tracker.egg-info/entry_points.txt
[5.994s] writing requirements to ball_tracker.egg-info/requires.txt
[5.995s] writing top-level names to ball_tracker.egg-info/top_level.txt
[6.003s] reading manifest file 'ball_tracker.egg-info/SOURCES.txt'
[6.007s] writing manifest file 'ball_tracker.egg-info/SOURCES.txt'
[6.013s] running build_ext
[6.013s] Creating /home/vox/Vox/install/ball_tracker/lib/python3.10/site-packages/ball-tracker.egg-link (link to .)
[6.017s] Installing detect_ball script to /home/vox/Vox/install/ball_tracker/lib/ball_tracker
[6.018s] Installing detect_ball_3d script to /home/vox/Vox/install/ball_tracker/lib/ball_tracker
[6.019s] Installing follow_ball script to /home/vox/Vox/install/ball_tracker/lib/ball_tracker
[6.021s] 
[6.021s] Installed /home/vox/Vox/build/ball_tracker
[6.021s] running symlink_data
[6.168s] Invoked command in '/home/vox/Vox/build/ball_tracker' returned '0': PYTHONPATH=/home/vox/Vox/build/ball_tracker/prefix_override:/home/vox/Vox/install/ball_tracker/lib/python3.10/site-packages:${PYTHONPATH} /usr/bin/python3 -W ignore:setup.py install is deprecated setup.py develop --editable --build-directory /home/vox/Vox/build/ball_tracker/build --no-deps symlink_data
