[0.121s] Invoking command in '/home/vox/Vox/build/diffdrive_arduino': CMAKE_PREFIX_PATH=/opt/ros/iron /usr/bin/cmake --build /home/vox/Vox/build/diffdrive_arduino -- -j4 -l4
[1.011s] [35m[1mConsolidate compiler generated dependencies of target diffdrive_arduino[0m
[1.448s] [100%] Built target diffdrive_arduino
[1.602s] Invoked command in '/home/vox/Vox/build/diffdrive_arduino' returned '0': CMAKE_PREFIX_PATH=/opt/ros/iron /usr/bin/cmake --build /home/vox/Vox/build/diffdrive_arduino -- -j4 -l4
[1.848s] Invoking command in '/home/vox/Vox/build/diffdrive_arduino': CMAKE_PREFIX_PATH=/opt/ros/iron /usr/bin/cmake --install /home/vox/Vox/build/diffdrive_arduino
[1.887s] -- Install configuration: ""
[1.892s] -- Execute custom install script
[1.897s] -- Up-to-date symlink: /home/vox/Vox/install/diffdrive_arduino/share/diffdrive_arduino//diffdrive_arduino.xml
[1.902s] -- Up-to-date symlink: /home/vox/Vox/install/diffdrive_arduino/include/diffdrive_arduino/diffdrive_arduino/arduino_comms.hpp
[1.904s] -- Up-to-date symlink: /home/vox/Vox/install/diffdrive_arduino/include/diffdrive_arduino/diffdrive_arduino/diffbot_system.hpp
[1.905s] -- Up-to-date symlink: /home/vox/Vox/install/diffdrive_arduino/include/diffdrive_arduino/diffdrive_arduino/visibility_control.h
[1.908s] -- Up-to-date symlink: /home/vox/Vox/install/diffdrive_arduino/include/diffdrive_arduino/diffdrive_arduino/wheel.hpp
[1.914s] -- Up-to-date symlink: /home/vox/Vox/install/diffdrive_arduino/share/diffdrive_arduino/launch/view_robot.launch.py
[1.918s] -- Up-to-date symlink: /home/vox/Vox/install/diffdrive_arduino/share/diffdrive_arduino/ros2_control/diffbot.ros2_control.xacro
[1.922s] -- Up-to-date symlink: /home/vox/Vox/install/diffdrive_arduino/share/diffdrive_arduino/urdf/diffbot.materials.xacro
[1.924s] -- Up-to-date symlink: /home/vox/Vox/install/diffdrive_arduino/share/diffdrive_arduino/urdf/diffbot.urdf.xacro
[1.926s] -- Up-to-date symlink: /home/vox/Vox/install/diffdrive_arduino/share/diffdrive_arduino/urdf/diffbot_description.urdf.xacro
[1.933s] -- Up-to-date symlink: /home/vox/Vox/install/diffdrive_arduino/share/diffdrive_arduino/rviz/diffbot.rviz
[1.936s] -- Up-to-date symlink: /home/vox/Vox/install/diffdrive_arduino/share/diffdrive_arduino/rviz/diffbot_view.rviz
[1.942s] -- Up-to-date symlink: /home/vox/Vox/install/diffdrive_arduino/share/diffdrive_arduino/launch/diffbot.launch.py
[1.949s] -- Up-to-date symlink: /home/vox/Vox/install/diffdrive_arduino/share/diffdrive_arduino/config/diffbot_controllers.yaml
[1.954s] -- Up-to-date symlink: /home/vox/Vox/install/diffdrive_arduino/share/diffdrive_arduino/environment/library_path.sh
[1.958s] -- Up-to-date symlink: /home/vox/Vox/install/diffdrive_arduino/share/diffdrive_arduino/environment/library_path.dsv
[1.964s] -- Up-to-date symlink: /home/vox/Vox/install/diffdrive_arduino/share/ament_index/resource_index/package_run_dependencies/diffdrive_arduino
[1.968s] -- Up-to-date symlink: /home/vox/Vox/install/diffdrive_arduino/share/ament_index/resource_index/parent_prefix_path/diffdrive_arduino
[1.971s] -- Up-to-date symlink: /home/vox/Vox/install/diffdrive_arduino/share/diffdrive_arduino/environment/ament_prefix_path.sh
[1.973s] -- Up-to-date symlink: /home/vox/Vox/install/diffdrive_arduino/share/diffdrive_arduino/environment/ament_prefix_path.dsv
[1.975s] -- Up-to-date symlink: /home/vox/Vox/install/diffdrive_arduino/share/diffdrive_arduino/environment/path.sh
[1.977s] -- Up-to-date symlink: /home/vox/Vox/install/diffdrive_arduino/share/diffdrive_arduino/environment/path.dsv
[1.979s] -- Up-to-date symlink: /home/vox/Vox/install/diffdrive_arduino/share/diffdrive_arduino/local_setup.bash
[1.981s] -- Up-to-date symlink: /home/vox/Vox/install/diffdrive_arduino/share/diffdrive_arduino/local_setup.sh
[1.983s] -- Up-to-date symlink: /home/vox/Vox/install/diffdrive_arduino/share/diffdrive_arduino/local_setup.zsh
[1.985s] -- Up-to-date symlink: /home/vox/Vox/install/diffdrive_arduino/share/diffdrive_arduino/local_setup.dsv
[1.985s] -- Symlinking: /home/vox/Vox/install/diffdrive_arduino/share/diffdrive_arduino/package.dsv
[2.031s] -- Up-to-date symlink: /home/vox/Vox/install/diffdrive_arduino/share/ament_index/resource_index/packages/diffdrive_arduino
[2.035s] -- Up-to-date symlink: /home/vox/Vox/install/diffdrive_arduino/share/ament_index/resource_index/hardware_interface__pluginlib__plugin/diffdrive_arduino
[2.040s] -- Up-to-date symlink: /home/vox/Vox/install/diffdrive_arduino/share/diffdrive_arduino/cmake/ament_cmake_export_targets-extras.cmake
[2.042s] -- Up-to-date symlink: /home/vox/Vox/install/diffdrive_arduino/share/diffdrive_arduino/cmake/ament_cmake_export_dependencies-extras.cmake
[2.046s] -- Up-to-date symlink: /home/vox/Vox/install/diffdrive_arduino/share/diffdrive_arduino/cmake/diffdrive_arduinoConfig.cmake
[2.048s] -- Up-to-date symlink: /home/vox/Vox/install/diffdrive_arduino/share/diffdrive_arduino/cmake/diffdrive_arduinoConfig-version.cmake
[2.049s] -- Up-to-date symlink: /home/vox/Vox/install/diffdrive_arduino/share/diffdrive_arduino/package.xml
[2.056s] -- Up-to-date: /home/vox/Vox/install/diffdrive_arduino/lib/libdiffdrive_arduino.so
[2.063s] -- Up-to-date: /home/vox/Vox/install/diffdrive_arduino/share/diffdrive_arduino/cmake/export_diffdrive_arduinoExport.cmake
[2.064s] -- Up-to-date: /home/vox/Vox/install/diffdrive_arduino/share/diffdrive_arduino/cmake/export_diffdrive_arduinoExport-noconfig.cmake
[2.074s] Invoked command in '/home/vox/Vox/build/diffdrive_arduino' returned '0': CMAKE_PREFIX_PATH=/opt/ros/iron /usr/bin/cmake --install /home/vox/Vox/build/diffdrive_arduino
