[6.505s] Invoking command in '/home/vox/Vox/build/serial_motor_demo': CMAKE_PREFIX_PATH=/home/vox/Vox/install/serial_motor_demo_msgs:/home/vox/Vox/install/vox:/home/vox/Vox/install/diffdrive_arduino LD_LIBRARY_PATH=/home/vox/Vox/install/serial_motor_demo_msgs/lib:/home/vox/Vox/install/diffdrive_arduino/lib:/opt/ros/iron/lib/aarch64-linux-gnu:/opt/ros/iron/lib:/opt/vc/lib PYTHONPATH=/home/vox/Vox/build/serial_motor_demo/prefix_override:/home/vox/Vox/install/serial_motor_demo/lib/python3.10/site-packages:/home/vox/Vox/install/serial_motor_demo_msgs/lib/python3.10/site-packages:/home/vox/Vox/build/serial_motor_demo:/home/vox/Vox/install/serial_motor_demo/lib/python3.10/site-packages:/opt/ros/iron/lib/python3.10/site-packages /usr/bin/python3 -W ignore:setup.py install is deprecated setup.py develop --editable --build-directory /home/vox/Vox/build/serial_motor_demo/build --no-deps symlink_data
[7.670s] /usr/lib/python3/dist-packages/setuptools/dist.py:723: UserWarning: Usage of dash-separated 'script-dir' will not be supported in future versions. Please use the underscore name 'script_dir' instead
[7.671s]   warnings.warn(
[7.864s] running develop
[7.865s] /usr/lib/python3/dist-packages/setuptools/command/easy_install.py:158: EasyInstallDeprecationWarning: easy_install command is deprecated. Use build and pip and other standards-based tools.
[7.866s]   warnings.warn(
[8.827s] running egg_info
[8.828s] writing serial_motor_demo.egg-info/PKG-INFO
[10.069s] writing dependency_links to serial_motor_demo.egg-info/dependency_links.txt
[10.070s] writing entry points to serial_motor_demo.egg-info/entry_points.txt
[10.072s] writing requirements to serial_motor_demo.egg-info/requires.txt
[10.073s] writing top-level names to serial_motor_demo.egg-info/top_level.txt
[10.085s] reading manifest file 'serial_motor_demo.egg-info/SOURCES.txt'
[10.090s] writing manifest file 'serial_motor_demo.egg-info/SOURCES.txt'
[10.096s] running build_ext
[10.097s] Creating /home/vox/Vox/install/serial_motor_demo/lib/python3.10/site-packages/serial-motor-demo.egg-link (link to .)
[10.101s] Installing driver script to /home/vox/Vox/install/serial_motor_demo/lib/serial_motor_demo
[10.102s] Installing gui script to /home/vox/Vox/install/serial_motor_demo/lib/serial_motor_demo
[10.103s] 
[10.104s] Installed /home/vox/Vox/build/serial_motor_demo
[10.104s] running symlink_data
[10.234s] Invoked command in '/home/vox/Vox/build/serial_motor_demo' returned '0': CMAKE_PREFIX_PATH=/home/vox/Vox/install/serial_motor_demo_msgs:/home/vox/Vox/install/vox:/home/vox/Vox/install/diffdrive_arduino LD_LIBRARY_PATH=/home/vox/Vox/install/serial_motor_demo_msgs/lib:/home/vox/Vox/install/diffdrive_arduino/lib:/opt/ros/iron/lib/aarch64-linux-gnu:/opt/ros/iron/lib:/opt/vc/lib PYTHONPATH=/home/vox/Vox/build/serial_motor_demo/prefix_override:/home/vox/Vox/install/serial_motor_demo/lib/python3.10/site-packages:/home/vox/Vox/install/serial_motor_demo_msgs/lib/python3.10/site-packages:/home/vox/Vox/build/serial_motor_demo:/home/vox/Vox/install/serial_motor_demo/lib/python3.10/site-packages:/opt/ros/iron/lib/python3.10/site-packages /usr/bin/python3 -W ignore:setup.py install is deprecated setup.py develop --editable --build-directory /home/vox/Vox/build/serial_motor_demo/build --no-deps symlink_data
