[0.106s] Invoking command in '/home/vox/Vox/build/serial_motor_demo_msgs': CMAKE_PREFIX_PATH=/opt/ros/iron /usr/bin/cmake --build /home/vox/Vox/build/serial_motor_demo_msgs -- -j4 -l4
[1.612s] [  1%] Built target serial_motor_demo_msgs__rosidl_generator_type_description
[1.612s] [  1%] Built target ament_cmake_python_symlink_serial_motor_demo_msgs
[1.613s] [  3%] Built target serial_motor_demo_msgs__cpp
[1.613s] [ 24%] Built target serial_motor_demo_msgs__rosidl_generator_c
[1.614s] [ 33%] Built target serial_motor_demo_msgs__rosidl_typesupport_cpp
[1.615s] [ 42%] Built target serial_motor_demo_msgs__rosidl_typesupport_fastrtps_c
[1.615s] [ 51%] Built target serial_motor_demo_msgs__rosidl_typesupport_introspection_c
[1.616s] [ 61%] Built target serial_motor_demo_msgs__rosidl_typesupport_c
[1.616s] [ 70%] Built target serial_motor_demo_msgs__rosidl_typesupport_fastrtps_cpp
[1.617s] [ 79%] Built target serial_motor_demo_msgs__rosidl_typesupport_introspection_cpp
[1.617s] [ 79%] Built target serial_motor_demo_msgs
[1.618s] [ 81%] Built target serial_motor_demo_msgs__py
[1.619s] [ 88%] Built target serial_motor_demo_msgs__rosidl_generator_py
[1.619s] [ 92%] Built target serial_motor_demo_msgs__rosidl_typesupport_fastrtps_c__pyext
[1.620s] [ 96%] Built target serial_motor_demo_msgs__rosidl_typesupport_c__pyext
[1.620s] [100%] Built target serial_motor_demo_msgs__rosidl_typesupport_introspection_c__pyext
[1.788s] running egg_info
[1.792s] writing serial_motor_demo_msgs.egg-info/PKG-INFO
[1.794s] writing dependency_links to serial_motor_demo_msgs.egg-info/dependency_links.txt
[1.796s] writing top-level names to serial_motor_demo_msgs.egg-info/top_level.txt
[1.811s] reading manifest file 'serial_motor_demo_msgs.egg-info/SOURCES.txt'
[1.817s] writing manifest file 'serial_motor_demo_msgs.egg-info/SOURCES.txt'
[2.013s] [100%] Built target ament_cmake_python_build_serial_motor_demo_msgs_egg
[2.078s] Invoked command in '/home/vox/Vox/build/serial_motor_demo_msgs' returned '0': CMAKE_PREFIX_PATH=/opt/ros/iron /usr/bin/cmake --build /home/vox/Vox/build/serial_motor_demo_msgs -- -j4 -l4
[2.763s] Invoking command in '/home/vox/Vox/build/serial_motor_demo_msgs': CMAKE_PREFIX_PATH=/opt/ros/iron /usr/bin/cmake --install /home/vox/Vox/build/serial_motor_demo_msgs
[2.797s] -- Install configuration: ""
[2.799s] -- Execute custom install script
[2.801s] -- Up-to-date symlink: /home/vox/Vox/install/serial_motor_demo_msgs/share/ament_index/resource_index/rosidl_interfaces/serial_motor_demo_msgs
[2.802s] -- Up-to-date symlink: /home/vox/Vox/install/serial_motor_demo_msgs/share/serial_motor_demo_msgs/msg/MotorCommand.json
[2.803s] -- Up-to-date symlink: /home/vox/Vox/install/serial_motor_demo_msgs/share/serial_motor_demo_msgs/msg/MotorVels.json
[2.805s] -- Up-to-date symlink: /home/vox/Vox/install/serial_motor_demo_msgs/share/serial_motor_demo_msgs/msg/EncoderVals.json
[2.809s] -- Up-to-date symlink: /home/vox/Vox/install/serial_motor_demo_msgs/include/serial_motor_demo_msgs/serial_motor_demo_msgs/msg/detail/encoder_vals__functions.h
[2.811s] -- Up-to-date symlink: /home/vox/Vox/install/serial_motor_demo_msgs/include/serial_motor_demo_msgs/serial_motor_demo_msgs/msg/detail/encoder_vals__struct.h
[2.812s] -- Up-to-date symlink: /home/vox/Vox/install/serial_motor_demo_msgs/include/serial_motor_demo_msgs/serial_motor_demo_msgs/msg/detail/encoder_vals__type_support.h
[2.813s] -- Up-to-date symlink: /home/vox/Vox/install/serial_motor_demo_msgs/include/serial_motor_demo_msgs/serial_motor_demo_msgs/msg/detail/motor_command__functions.h
[2.814s] -- Up-to-date symlink: /home/vox/Vox/install/serial_motor_demo_msgs/include/serial_motor_demo_msgs/serial_motor_demo_msgs/msg/detail/motor_command__struct.h
[2.815s] -- Up-to-date symlink: /home/vox/Vox/install/serial_motor_demo_msgs/include/serial_motor_demo_msgs/serial_motor_demo_msgs/msg/detail/motor_command__type_support.h
[2.816s] -- Up-to-date symlink: /home/vox/Vox/install/serial_motor_demo_msgs/include/serial_motor_demo_msgs/serial_motor_demo_msgs/msg/detail/motor_vels__functions.h
[2.817s] -- Up-to-date symlink: /home/vox/Vox/install/serial_motor_demo_msgs/include/serial_motor_demo_msgs/serial_motor_demo_msgs/msg/detail/motor_vels__struct.h
[2.818s] -- Up-to-date symlink: /home/vox/Vox/install/serial_motor_demo_msgs/include/serial_motor_demo_msgs/serial_motor_demo_msgs/msg/detail/motor_vels__type_support.h
[2.819s] -- Up-to-date symlink: /home/vox/Vox/install/serial_motor_demo_msgs/include/serial_motor_demo_msgs/serial_motor_demo_msgs/msg/encoder_vals.h
[2.820s] -- Up-to-date symlink: /home/vox/Vox/install/serial_motor_demo_msgs/include/serial_motor_demo_msgs/serial_motor_demo_msgs/msg/motor_command.h
[2.821s] -- Up-to-date symlink: /home/vox/Vox/install/serial_motor_demo_msgs/include/serial_motor_demo_msgs/serial_motor_demo_msgs/msg/motor_vels.h
[2.822s] -- Up-to-date symlink: /home/vox/Vox/install/serial_motor_demo_msgs/include/serial_motor_demo_msgs/serial_motor_demo_msgs/msg/rosidl_generator_c__visibility_control.h
[2.824s] -- Up-to-date symlink: /home/vox/Vox/install/serial_motor_demo_msgs/share/serial_motor_demo_msgs/environment/library_path.sh
[2.825s] -- Up-to-date symlink: /home/vox/Vox/install/serial_motor_demo_msgs/share/serial_motor_demo_msgs/environment/library_path.dsv
[2.829s] -- Up-to-date symlink: /home/vox/Vox/install/serial_motor_demo_msgs/include/serial_motor_demo_msgs/serial_motor_demo_msgs/msg/detail/encoder_vals__rosidl_typesupport_fastrtps_c.h
[2.830s] -- Up-to-date symlink: /home/vox/Vox/install/serial_motor_demo_msgs/include/serial_motor_demo_msgs/serial_motor_demo_msgs/msg/detail/motor_command__rosidl_typesupport_fastrtps_c.h
[2.832s] -- Up-to-date symlink: /home/vox/Vox/install/serial_motor_demo_msgs/include/serial_motor_demo_msgs/serial_motor_demo_msgs/msg/detail/motor_vels__rosidl_typesupport_fastrtps_c.h
[2.833s] -- Up-to-date symlink: /home/vox/Vox/install/serial_motor_demo_msgs/include/serial_motor_demo_msgs/serial_motor_demo_msgs/msg/rosidl_typesupport_fastrtps_c__visibility_control.h
[2.836s] -- Up-to-date symlink: /home/vox/Vox/install/serial_motor_demo_msgs/include/serial_motor_demo_msgs/serial_motor_demo_msgs/msg/detail/encoder_vals__rosidl_typesupport_introspection_c.h
[2.837s] -- Up-to-date symlink: /home/vox/Vox/install/serial_motor_demo_msgs/include/serial_motor_demo_msgs/serial_motor_demo_msgs/msg/detail/motor_command__rosidl_typesupport_introspection_c.h
[2.838s] -- Up-to-date symlink: /home/vox/Vox/install/serial_motor_demo_msgs/include/serial_motor_demo_msgs/serial_motor_demo_msgs/msg/detail/motor_vels__rosidl_typesupport_introspection_c.h
[2.839s] -- Up-to-date symlink: /home/vox/Vox/install/serial_motor_demo_msgs/include/serial_motor_demo_msgs/serial_motor_demo_msgs/msg/rosidl_typesupport_introspection_c__visibility_control.h
[2.842s] -- Up-to-date symlink: /home/vox/Vox/install/serial_motor_demo_msgs/include/serial_motor_demo_msgs/serial_motor_demo_msgs/msg/detail/encoder_vals__builder.hpp
[2.844s] -- Up-to-date symlink: /home/vox/Vox/install/serial_motor_demo_msgs/include/serial_motor_demo_msgs/serial_motor_demo_msgs/msg/detail/encoder_vals__struct.hpp
[2.845s] -- Up-to-date symlink: /home/vox/Vox/install/serial_motor_demo_msgs/include/serial_motor_demo_msgs/serial_motor_demo_msgs/msg/detail/encoder_vals__traits.hpp
[2.846s] -- Up-to-date symlink: /home/vox/Vox/install/serial_motor_demo_msgs/include/serial_motor_demo_msgs/serial_motor_demo_msgs/msg/detail/motor_command__builder.hpp
[2.847s] -- Up-to-date symlink: /home/vox/Vox/install/serial_motor_demo_msgs/include/serial_motor_demo_msgs/serial_motor_demo_msgs/msg/detail/motor_command__struct.hpp
[2.860s] -- Up-to-date symlink: /home/vox/Vox/install/serial_motor_demo_msgs/include/serial_motor_demo_msgs/serial_motor_demo_msgs/msg/detail/motor_command__traits.hpp
[2.860s] -- Up-to-date symlink: /home/vox/Vox/install/serial_motor_demo_msgs/include/serial_motor_demo_msgs/serial_motor_demo_msgs/msg/detail/motor_vels__builder.hpp
[2.861s] -- Up-to-date symlink: /home/vox/Vox/install/serial_motor_demo_msgs/include/serial_motor_demo_msgs/serial_motor_demo_msgs/msg/detail/motor_vels__struct.hpp
[2.861s] -- Up-to-date symlink: /home/vox/Vox/install/serial_motor_demo_msgs/include/serial_motor_demo_msgs/serial_motor_demo_msgs/msg/detail/motor_vels__traits.hpp
[2.861s] -- Up-to-date symlink: /home/vox/Vox/install/serial_motor_demo_msgs/include/serial_motor_demo_msgs/serial_motor_demo_msgs/msg/encoder_vals.hpp
[2.862s] -- Up-to-date symlink: /home/vox/Vox/install/serial_motor_demo_msgs/include/serial_motor_demo_msgs/serial_motor_demo_msgs/msg/motor_command.hpp
[2.864s] -- Up-to-date symlink: /home/vox/Vox/install/serial_motor_demo_msgs/include/serial_motor_demo_msgs/serial_motor_demo_msgs/msg/motor_vels.hpp
[2.865s] -- Up-to-date symlink: /home/vox/Vox/install/serial_motor_demo_msgs/include/serial_motor_demo_msgs/serial_motor_demo_msgs/msg/detail/encoder_vals__rosidl_typesupport_fastrtps_cpp.hpp
[2.865s] -- Up-to-date symlink: /home/vox/Vox/install/serial_motor_demo_msgs/include/serial_motor_demo_msgs/serial_motor_demo_msgs/msg/detail/motor_command__rosidl_typesupport_fastrtps_cpp.hpp
[2.866s] -- Up-to-date symlink: /home/vox/Vox/install/serial_motor_demo_msgs/include/serial_motor_demo_msgs/serial_motor_demo_msgs/msg/detail/motor_vels__rosidl_typesupport_fastrtps_cpp.hpp
[2.866s] -- Up-to-date symlink: /home/vox/Vox/install/serial_motor_demo_msgs/include/serial_motor_demo_msgs/serial_motor_demo_msgs/msg/rosidl_typesupport_fastrtps_cpp__visibility_control.h
[2.867s] -- Up-to-date symlink: /home/vox/Vox/install/serial_motor_demo_msgs/include/serial_motor_demo_msgs/serial_motor_demo_msgs/msg/detail/encoder_vals__rosidl_typesupport_introspection_cpp.hpp
[2.867s] -- Up-to-date symlink: /home/vox/Vox/install/serial_motor_demo_msgs/include/serial_motor_demo_msgs/serial_motor_demo_msgs/msg/detail/motor_command__rosidl_typesupport_introspection_cpp.hpp
[2.868s] -- Up-to-date symlink: /home/vox/Vox/install/serial_motor_demo_msgs/include/serial_motor_demo_msgs/serial_motor_demo_msgs/msg/detail/motor_vels__rosidl_typesupport_introspection_cpp.hpp
[2.869s] -- Up-to-date symlink: /home/vox/Vox/install/serial_motor_demo_msgs/share/serial_motor_demo_msgs/environment/pythonpath.sh
[2.870s] -- Up-to-date symlink: /home/vox/Vox/install/serial_motor_demo_msgs/share/serial_motor_demo_msgs/environment/pythonpath.dsv
[2.873s] -- Up-to-date symlink: /home/vox/Vox/install/serial_motor_demo_msgs/lib/python3.10/site-packages/serial_motor_demo_msgs-0.0.0-py3.10.egg-info/PKG-INFO
[2.874s] -- Up-to-date symlink: /home/vox/Vox/install/serial_motor_demo_msgs/lib/python3.10/site-packages/serial_motor_demo_msgs-0.0.0-py3.10.egg-info/SOURCES.txt
[2.875s] -- Up-to-date symlink: /home/vox/Vox/install/serial_motor_demo_msgs/lib/python3.10/site-packages/serial_motor_demo_msgs-0.0.0-py3.10.egg-info/dependency_links.txt
[2.881s] -- Up-to-date symlink: /home/vox/Vox/install/serial_motor_demo_msgs/lib/python3.10/site-packages/serial_motor_demo_msgs-0.0.0-py3.10.egg-info/top_level.txt
[2.882s] -- Up-to-date symlink: /home/vox/Vox/install/serial_motor_demo_msgs/lib/python3.10/site-packages/serial_motor_demo_msgs/__init__.py
[2.884s] -- Up-to-date symlink: /home/vox/Vox/install/serial_motor_demo_msgs/lib/python3.10/site-packages/serial_motor_demo_msgs/_serial_motor_demo_msgs_s.ep.rosidl_typesupport_c.c
[2.885s] -- Up-to-date symlink: /home/vox/Vox/install/serial_motor_demo_msgs/lib/python3.10/site-packages/serial_motor_demo_msgs/_serial_motor_demo_msgs_s.ep.rosidl_typesupport_fastrtps_c.c
[2.886s] -- Up-to-date symlink: /home/vox/Vox/install/serial_motor_demo_msgs/lib/python3.10/site-packages/serial_motor_demo_msgs/_serial_motor_demo_msgs_s.ep.rosidl_typesupport_introspection_c.c
[2.886s] -- Up-to-date symlink: /home/vox/Vox/install/serial_motor_demo_msgs/lib/python3.10/site-packages/serial_motor_demo_msgs/libserial_motor_demo_msgs__rosidl_generator_py.so
[2.887s] -- Up-to-date symlink: /home/vox/Vox/install/serial_motor_demo_msgs/lib/python3.10/site-packages/serial_motor_demo_msgs/msg/__init__.py
[2.888s] -- Up-to-date symlink: /home/vox/Vox/install/serial_motor_demo_msgs/lib/python3.10/site-packages/serial_motor_demo_msgs/msg/_encoder_vals.py
[2.888s] -- Up-to-date symlink: /home/vox/Vox/install/serial_motor_demo_msgs/lib/python3.10/site-packages/serial_motor_demo_msgs/msg/_encoder_vals_s.c
[2.890s] -- Up-to-date symlink: /home/vox/Vox/install/serial_motor_demo_msgs/lib/python3.10/site-packages/serial_motor_demo_msgs/msg/_motor_command.py
[2.892s] -- Up-to-date symlink: /home/vox/Vox/install/serial_motor_demo_msgs/lib/python3.10/site-packages/serial_motor_demo_msgs/msg/_motor_command_s.c
[2.893s] -- Up-to-date symlink: /home/vox/Vox/install/serial_motor_demo_msgs/lib/python3.10/site-packages/serial_motor_demo_msgs/msg/_motor_vels.py
[2.894s] -- Up-to-date symlink: /home/vox/Vox/install/serial_motor_demo_msgs/lib/python3.10/site-packages/serial_motor_demo_msgs/msg/_motor_vels_s.c
[2.895s] -- Up-to-date symlink: /home/vox/Vox/install/serial_motor_demo_msgs/lib/python3.10/site-packages/serial_motor_demo_msgs/serial_motor_demo_msgs_s__rosidl_typesupport_c.cpython-310-aarch64-linux-gnu.so
[2.897s] -- Up-to-date symlink: /home/vox/Vox/install/serial_motor_demo_msgs/lib/python3.10/site-packages/serial_motor_demo_msgs/serial_motor_demo_msgs_s__rosidl_typesupport_fastrtps_c.cpython-310-aarch64-linux-gnu.so
[2.898s] -- Up-to-date symlink: /home/vox/Vox/install/serial_motor_demo_msgs/lib/python3.10/site-packages/serial_motor_demo_msgs/serial_motor_demo_msgs_s__rosidl_typesupport_introspection_c.cpython-310-aarch64-linux-gnu.so
[2.900s] -- Up-to-date symlink: /home/vox/Vox/install/serial_motor_demo_msgs/lib/python3.10/site-packages/serial_motor_demo_msgs/serial_motor_demo_msgs_s__rosidl_typesupport_fastrtps_c.cpython-310-aarch64-linux-gnu.so
[2.901s] -- Up-to-date symlink: /home/vox/Vox/install/serial_motor_demo_msgs/lib/python3.10/site-packages/serial_motor_demo_msgs/serial_motor_demo_msgs_s__rosidl_typesupport_introspection_c.cpython-310-aarch64-linux-gnu.so
[2.902s] -- Up-to-date symlink: /home/vox/Vox/install/serial_motor_demo_msgs/lib/python3.10/site-packages/serial_motor_demo_msgs/serial_motor_demo_msgs_s__rosidl_typesupport_c.cpython-310-aarch64-linux-gnu.so
[2.903s] -- Up-to-date symlink: /home/vox/Vox/install/serial_motor_demo_msgs/share/serial_motor_demo_msgs/msg/MotorCommand.idl
[2.905s] -- Up-to-date symlink: /home/vox/Vox/install/serial_motor_demo_msgs/share/serial_motor_demo_msgs/msg/MotorVels.idl
[2.907s] -- Up-to-date symlink: /home/vox/Vox/install/serial_motor_demo_msgs/share/serial_motor_demo_msgs/msg/EncoderVals.idl
[2.907s] -- Up-to-date symlink: /home/vox/Vox/install/serial_motor_demo_msgs/share/serial_motor_demo_msgs/msg/MotorCommand.msg
[2.908s] -- Up-to-date symlink: /home/vox/Vox/install/serial_motor_demo_msgs/share/serial_motor_demo_msgs/msg/MotorVels.msg
[2.908s] -- Up-to-date symlink: /home/vox/Vox/install/serial_motor_demo_msgs/share/serial_motor_demo_msgs/msg/EncoderVals.msg
[2.910s] -- Up-to-date symlink: /home/vox/Vox/install/serial_motor_demo_msgs/share/ament_index/resource_index/package_run_dependencies/serial_motor_demo_msgs
[2.911s] -- Up-to-date symlink: /home/vox/Vox/install/serial_motor_demo_msgs/share/ament_index/resource_index/parent_prefix_path/serial_motor_demo_msgs
[2.913s] -- Up-to-date symlink: /home/vox/Vox/install/serial_motor_demo_msgs/share/serial_motor_demo_msgs/environment/ament_prefix_path.sh
[2.915s] -- Up-to-date symlink: /home/vox/Vox/install/serial_motor_demo_msgs/share/serial_motor_demo_msgs/environment/ament_prefix_path.dsv
[2.917s] -- Up-to-date symlink: /home/vox/Vox/install/serial_motor_demo_msgs/share/serial_motor_demo_msgs/environment/path.sh
[2.920s] -- Up-to-date symlink: /home/vox/Vox/install/serial_motor_demo_msgs/share/serial_motor_demo_msgs/environment/path.dsv
[2.920s] -- Up-to-date symlink: /home/vox/Vox/install/serial_motor_demo_msgs/share/serial_motor_demo_msgs/local_setup.bash
[2.921s] -- Up-to-date symlink: /home/vox/Vox/install/serial_motor_demo_msgs/share/serial_motor_demo_msgs/local_setup.sh
[2.922s] -- Up-to-date symlink: /home/vox/Vox/install/serial_motor_demo_msgs/share/serial_motor_demo_msgs/local_setup.zsh
[2.922s] -- Up-to-date symlink: /home/vox/Vox/install/serial_motor_demo_msgs/share/serial_motor_demo_msgs/local_setup.dsv
[2.922s] -- Symlinking: /home/vox/Vox/install/serial_motor_demo_msgs/share/serial_motor_demo_msgs/package.dsv
[2.957s] -- Up-to-date symlink: /home/vox/Vox/install/serial_motor_demo_msgs/share/ament_index/resource_index/packages/serial_motor_demo_msgs
[2.958s] -- Up-to-date symlink: /home/vox/Vox/install/serial_motor_demo_msgs/share/serial_motor_demo_msgs/cmake/rosidl_cmake-extras.cmake
[2.959s] -- Up-to-date symlink: /home/vox/Vox/install/serial_motor_demo_msgs/share/serial_motor_demo_msgs/cmake/ament_cmake_export_include_directories-extras.cmake
[2.960s] -- Up-to-date symlink: /home/vox/Vox/install/serial_motor_demo_msgs/share/serial_motor_demo_msgs/cmake/ament_cmake_export_libraries-extras.cmake
[2.962s] -- Up-to-date symlink: /home/vox/Vox/install/serial_motor_demo_msgs/share/serial_motor_demo_msgs/cmake/ament_cmake_export_targets-extras.cmake
[2.963s] -- Up-to-date symlink: /home/vox/Vox/install/serial_motor_demo_msgs/share/serial_motor_demo_msgs/cmake/rosidl_cmake_export_typesupport_targets-extras.cmake
[2.964s] -- Up-to-date symlink: /home/vox/Vox/install/serial_motor_demo_msgs/share/serial_motor_demo_msgs/cmake/ament_cmake_export_dependencies-extras.cmake
[2.965s] -- Up-to-date symlink: /home/vox/Vox/install/serial_motor_demo_msgs/share/serial_motor_demo_msgs/cmake/rosidl_cmake_export_typesupport_libraries-extras.cmake
[2.966s] -- Up-to-date symlink: /home/vox/Vox/install/serial_motor_demo_msgs/share/serial_motor_demo_msgs/cmake/serial_motor_demo_msgsConfig.cmake
[2.968s] -- Up-to-date symlink: /home/vox/Vox/install/serial_motor_demo_msgs/share/serial_motor_demo_msgs/cmake/serial_motor_demo_msgsConfig-version.cmake
[2.969s] -- Up-to-date symlink: /home/vox/Vox/install/serial_motor_demo_msgs/share/serial_motor_demo_msgs/package.xml
[2.971s] -- Up-to-date: /home/vox/Vox/install/serial_motor_demo_msgs/lib/libserial_motor_demo_msgs__rosidl_generator_c.so
[2.973s] -- Up-to-date: /home/vox/Vox/install/serial_motor_demo_msgs/lib/libserial_motor_demo_msgs__rosidl_typesupport_fastrtps_c.so
[2.975s] -- Up-to-date: /home/vox/Vox/install/serial_motor_demo_msgs/lib/libserial_motor_demo_msgs__rosidl_typesupport_introspection_c.so
[2.977s] -- Up-to-date: /home/vox/Vox/install/serial_motor_demo_msgs/lib/libserial_motor_demo_msgs__rosidl_typesupport_c.so
[2.980s] -- Up-to-date: /home/vox/Vox/install/serial_motor_demo_msgs/lib/libserial_motor_demo_msgs__rosidl_typesupport_fastrtps_cpp.so
[2.982s] -- Up-to-date: /home/vox/Vox/install/serial_motor_demo_msgs/lib/libserial_motor_demo_msgs__rosidl_typesupport_introspection_cpp.so
[2.984s] -- Up-to-date: /home/vox/Vox/install/serial_motor_demo_msgs/lib/libserial_motor_demo_msgs__rosidl_typesupport_cpp.so
[3.148s] Listing '/home/vox/Vox/install/serial_motor_demo_msgs/lib/python3.10/site-packages/serial_motor_demo_msgs'...
[3.149s] Listing '/home/vox/Vox/install/serial_motor_demo_msgs/lib/python3.10/site-packages/serial_motor_demo_msgs/msg'...
[3.181s] -- Up-to-date: /home/vox/Vox/install/serial_motor_demo_msgs/lib/libserial_motor_demo_msgs__rosidl_generator_py.so
[3.184s] -- Up-to-date: /home/vox/Vox/install/serial_motor_demo_msgs/share/serial_motor_demo_msgs/cmake/export_serial_motor_demo_msgs__rosidl_generator_cExport.cmake
[3.185s] -- Up-to-date: /home/vox/Vox/install/serial_motor_demo_msgs/share/serial_motor_demo_msgs/cmake/export_serial_motor_demo_msgs__rosidl_generator_cExport-noconfig.cmake
[3.186s] -- Up-to-date: /home/vox/Vox/install/serial_motor_demo_msgs/share/serial_motor_demo_msgs/cmake/export_serial_motor_demo_msgs__rosidl_typesupport_fastrtps_cExport.cmake
[3.186s] -- Up-to-date: /home/vox/Vox/install/serial_motor_demo_msgs/share/serial_motor_demo_msgs/cmake/export_serial_motor_demo_msgs__rosidl_typesupport_fastrtps_cExport-noconfig.cmake
[3.187s] -- Up-to-date: /home/vox/Vox/install/serial_motor_demo_msgs/share/serial_motor_demo_msgs/cmake/serial_motor_demo_msgs__rosidl_typesupport_introspection_cExport.cmake
[3.188s] -- Up-to-date: /home/vox/Vox/install/serial_motor_demo_msgs/share/serial_motor_demo_msgs/cmake/serial_motor_demo_msgs__rosidl_typesupport_introspection_cExport-noconfig.cmake
[3.189s] -- Up-to-date: /home/vox/Vox/install/serial_motor_demo_msgs/share/serial_motor_demo_msgs/cmake/serial_motor_demo_msgs__rosidl_typesupport_cExport.cmake
[3.190s] -- Up-to-date: /home/vox/Vox/install/serial_motor_demo_msgs/share/serial_motor_demo_msgs/cmake/serial_motor_demo_msgs__rosidl_typesupport_cExport-noconfig.cmake
[3.190s] -- Up-to-date: /home/vox/Vox/install/serial_motor_demo_msgs/share/serial_motor_demo_msgs/cmake/export_serial_motor_demo_msgs__rosidl_generator_cppExport.cmake
[3.191s] -- Up-to-date: /home/vox/Vox/install/serial_motor_demo_msgs/share/serial_motor_demo_msgs/cmake/export_serial_motor_demo_msgs__rosidl_typesupport_fastrtps_cppExport.cmake
[3.192s] -- Up-to-date: /home/vox/Vox/install/serial_motor_demo_msgs/share/serial_motor_demo_msgs/cmake/export_serial_motor_demo_msgs__rosidl_typesupport_fastrtps_cppExport-noconfig.cmake
[3.193s] -- Up-to-date: /home/vox/Vox/install/serial_motor_demo_msgs/share/serial_motor_demo_msgs/cmake/serial_motor_demo_msgs__rosidl_typesupport_introspection_cppExport.cmake
[3.194s] -- Up-to-date: /home/vox/Vox/install/serial_motor_demo_msgs/share/serial_motor_demo_msgs/cmake/serial_motor_demo_msgs__rosidl_typesupport_introspection_cppExport-noconfig.cmake
[3.195s] -- Up-to-date: /home/vox/Vox/install/serial_motor_demo_msgs/share/serial_motor_demo_msgs/cmake/serial_motor_demo_msgs__rosidl_typesupport_cppExport.cmake
[3.197s] -- Up-to-date: /home/vox/Vox/install/serial_motor_demo_msgs/share/serial_motor_demo_msgs/cmake/serial_motor_demo_msgs__rosidl_typesupport_cppExport-noconfig.cmake
[3.197s] -- Up-to-date: /home/vox/Vox/install/serial_motor_demo_msgs/share/serial_motor_demo_msgs/cmake/export_serial_motor_demo_msgs__rosidl_generator_pyExport.cmake
[3.198s] -- Up-to-date: /home/vox/Vox/install/serial_motor_demo_msgs/share/serial_motor_demo_msgs/cmake/export_serial_motor_demo_msgs__rosidl_generator_pyExport-noconfig.cmake
[3.207s] Invoked command in '/home/vox/Vox/build/serial_motor_demo_msgs' returned '0': CMAKE_PREFIX_PATH=/opt/ros/iron /usr/bin/cmake --install /home/vox/Vox/build/serial_motor_demo_msgs
