[0.432s] DEBUG:colcon:Command line arguments: ['/usr/bin/colcon', 'build', '--symlink-install']
[0.432s] DEBUG:colcon:Parsed command line arguments: Namespace(log_base=None, log_level=None, verb_name='build', build_base='build', install_base='install', merge_install=False, symlink_install=True, test_result_base=None, continue_on_error=False, executor='parallel', parallel_workers=4, event_handlers=None, ignore_user_meta=False, metas=['./colcon.meta'], base_paths=['.'], packages_ignore=None, packages_ignore_regex=None, paths=None, packages_up_to=None, packages_up_to_regex=None, packages_above=None, packages_above_and_dependencies=None, packages_above_depth=None, packages_select_by_dep=None, packages_skip_by_dep=None, packages_skip_up_to=None, packages_select_build_failed=False, packages_skip_build_finished=False, packages_select_test_failures=False, packages_skip_test_passed=False, packages_select=None, packages_skip=None, packages_select_regex=None, packages_skip_regex=None, packages_start=None, packages_end=None, allow_overriding=[], cmake_args=None, cmake_target=None, cmake_target_skip_unavailable=False, cmake_clean_cache=False, cmake_clean_first=False, cmake_force_configure=False, ament_cmake_args=None, catkin_cmake_args=None, catkin_skip_building_tests=False, mixin_files=None, mixin=None, verb_parser=<colcon_mixin.mixin.mixin_argument.MixinArgumentDecorator object at 0xffff8b9e8a90>, verb_extension=<colcon_core.verb.build.BuildVerb object at 0xffff8bb311b0>, main=<bound method BuildVerb.main of <colcon_core.verb.build.BuildVerb object at 0xffff8bb311b0>>, mixin_verb=('build',))
[1.124s] Level 1:colcon.colcon_core.package_discovery:discover_packages(colcon_meta) check parameters
[1.124s] Level 1:colcon.colcon_core.package_discovery:discover_packages(recursive) check parameters
[1.124s] Level 1:colcon.colcon_core.package_discovery:discover_packages(ignore) check parameters
[1.124s] Level 1:colcon.colcon_core.package_discovery:discover_packages(path) check parameters
[1.125s] Level 1:colcon.colcon_core.package_discovery:discover_packages(colcon_meta) discover
[1.125s] Level 1:colcon.colcon_core.package_discovery:discover_packages(recursive) discover
[1.125s] INFO:colcon.colcon_core.package_discovery:Crawling recursively for packages in '/home/vox/Vox'
[1.126s] Level 1:colcon.colcon_core.package_identification:_identify(.) by extensions ['ignore', 'ignore_ament_install']
[1.126s] Level 1:colcon.colcon_core.package_identification:_identify(.) by extension 'ignore'
[1.126s] Level 1:colcon.colcon_core.package_identification:_identify(.) by extension 'ignore_ament_install'
[1.126s] Level 1:colcon.colcon_core.package_identification:_identify(.) by extensions ['colcon_pkg']
[1.126s] Level 1:colcon.colcon_core.package_identification:_identify(.) by extension 'colcon_pkg'
[1.127s] Level 1:colcon.colcon_core.package_identification:_identify(.) by extensions ['colcon_meta']
[1.127s] Level 1:colcon.colcon_core.package_identification:_identify(.) by extension 'colcon_meta'
[1.127s] Level 1:colcon.colcon_core.package_identification:_identify(.) by extensions ['ros']
[1.127s] Level 1:colcon.colcon_core.package_identification:_identify(.) by extension 'ros'
[1.173s] Level 1:colcon.colcon_core.package_identification:_identify(.) by extensions ['cmake', 'python']
[1.174s] Level 1:colcon.colcon_core.package_identification:_identify(.) by extension 'cmake'
[1.174s] Level 1:colcon.colcon_core.package_identification:_identify(.) by extension 'python'
[1.174s] Level 1:colcon.colcon_core.package_identification:_identify(.) by extensions ['python_setup_py']
[1.174s] Level 1:colcon.colcon_core.package_identification:_identify(.) by extension 'python_setup_py'
[1.175s] Level 1:colcon.colcon_core.package_identification:_identify(build) by extensions ['ignore', 'ignore_ament_install']
[1.175s] Level 1:colcon.colcon_core.package_identification:_identify(build) by extension 'ignore'
[1.175s] Level 1:colcon.colcon_core.package_identification:_identify(build) ignored
[1.176s] Level 1:colcon.colcon_core.package_identification:_identify(install) by extensions ['ignore', 'ignore_ament_install']
[1.176s] Level 1:colcon.colcon_core.package_identification:_identify(install) by extension 'ignore'
[1.176s] Level 1:colcon.colcon_core.package_identification:_identify(install) ignored
[1.177s] Level 1:colcon.colcon_core.package_identification:_identify(log) by extensions ['ignore', 'ignore_ament_install']
[1.177s] Level 1:colcon.colcon_core.package_identification:_identify(log) by extension 'ignore'
[1.178s] Level 1:colcon.colcon_core.package_identification:_identify(log) ignored
[1.178s] Level 1:colcon.colcon_core.package_identification:_identify(src) by extensions ['ignore', 'ignore_ament_install']
[1.178s] Level 1:colcon.colcon_core.package_identification:_identify(src) by extension 'ignore'
[1.178s] Level 1:colcon.colcon_core.package_identification:_identify(src) by extension 'ignore_ament_install'
[1.179s] Level 1:colcon.colcon_core.package_identification:_identify(src) by extensions ['colcon_pkg']
[1.179s] Level 1:colcon.colcon_core.package_identification:_identify(src) by extension 'colcon_pkg'
[1.179s] Level 1:colcon.colcon_core.package_identification:_identify(src) by extensions ['colcon_meta']
[1.179s] Level 1:colcon.colcon_core.package_identification:_identify(src) by extension 'colcon_meta'
[1.179s] Level 1:colcon.colcon_core.package_identification:_identify(src) by extensions ['ros']
[1.179s] Level 1:colcon.colcon_core.package_identification:_identify(src) by extension 'ros'
[1.180s] Level 1:colcon.colcon_core.package_identification:_identify(src) by extensions ['cmake', 'python']
[1.180s] Level 1:colcon.colcon_core.package_identification:_identify(src) by extension 'cmake'
[1.180s] Level 1:colcon.colcon_core.package_identification:_identify(src) by extension 'python'
[1.180s] Level 1:colcon.colcon_core.package_identification:_identify(src) by extensions ['python_setup_py']
[1.180s] Level 1:colcon.colcon_core.package_identification:_identify(src) by extension 'python_setup_py'
[1.181s] Level 1:colcon.colcon_core.package_identification:_identify(src/ball_tracker) by extensions ['ignore', 'ignore_ament_install']
[1.181s] Level 1:colcon.colcon_core.package_identification:_identify(src/ball_tracker) by extension 'ignore'
[1.181s] Level 1:colcon.colcon_core.package_identification:_identify(src/ball_tracker) by extension 'ignore_ament_install'
[1.181s] Level 1:colcon.colcon_core.package_identification:_identify(src/ball_tracker) by extensions ['colcon_pkg']
[1.181s] Level 1:colcon.colcon_core.package_identification:_identify(src/ball_tracker) by extension 'colcon_pkg'
[1.182s] Level 1:colcon.colcon_core.package_identification:_identify(src/ball_tracker) by extensions ['colcon_meta']
[1.182s] Level 1:colcon.colcon_core.package_identification:_identify(src/ball_tracker) by extension 'colcon_meta'
[1.182s] Level 1:colcon.colcon_core.package_identification:_identify(src/ball_tracker) by extensions ['ros']
[1.182s] Level 1:colcon.colcon_core.package_identification:_identify(src/ball_tracker) by extension 'ros'
[1.191s] DEBUG:colcon.colcon_core.package_identification:Package 'src/ball_tracker' with type 'ros.ament_python' and name 'ball_tracker'
[1.192s] Level 1:colcon.colcon_core.package_identification:_identify(src/diffdrive_arduino) by extensions ['ignore', 'ignore_ament_install']
[1.193s] Level 1:colcon.colcon_core.package_identification:_identify(src/diffdrive_arduino) by extension 'ignore'
[1.193s] Level 1:colcon.colcon_core.package_identification:_identify(src/diffdrive_arduino) by extension 'ignore_ament_install'
[1.193s] Level 1:colcon.colcon_core.package_identification:_identify(src/diffdrive_arduino) by extensions ['colcon_pkg']
[1.193s] Level 1:colcon.colcon_core.package_identification:_identify(src/diffdrive_arduino) by extension 'colcon_pkg'
[1.194s] Level 1:colcon.colcon_core.package_identification:_identify(src/diffdrive_arduino) by extensions ['colcon_meta']
[1.194s] Level 1:colcon.colcon_core.package_identification:_identify(src/diffdrive_arduino) by extension 'colcon_meta'
[1.194s] Level 1:colcon.colcon_core.package_identification:_identify(src/diffdrive_arduino) by extensions ['ros']
[1.194s] Level 1:colcon.colcon_core.package_identification:_identify(src/diffdrive_arduino) by extension 'ros'
[1.198s] DEBUG:colcon.colcon_core.package_identification:Package 'src/diffdrive_arduino' with type 'ros.ament_cmake' and name 'diffdrive_arduino'
[1.199s] Level 1:colcon.colcon_core.package_identification:_identify(src/ros2_mpu9250_driver) by extensions ['ignore', 'ignore_ament_install']
[1.199s] Level 1:colcon.colcon_core.package_identification:_identify(src/ros2_mpu9250_driver) by extension 'ignore'
[1.199s] Level 1:colcon.colcon_core.package_identification:_identify(src/ros2_mpu9250_driver) by extension 'ignore_ament_install'
[1.199s] Level 1:colcon.colcon_core.package_identification:_identify(src/ros2_mpu9250_driver) by extensions ['colcon_pkg']
[1.199s] Level 1:colcon.colcon_core.package_identification:_identify(src/ros2_mpu9250_driver) by extension 'colcon_pkg'
[1.200s] Level 1:colcon.colcon_core.package_identification:_identify(src/ros2_mpu9250_driver) by extensions ['colcon_meta']
[1.200s] Level 1:colcon.colcon_core.package_identification:_identify(src/ros2_mpu9250_driver) by extension 'colcon_meta'
[1.200s] Level 1:colcon.colcon_core.package_identification:_identify(src/ros2_mpu9250_driver) by extensions ['ros']
[1.200s] Level 1:colcon.colcon_core.package_identification:_identify(src/ros2_mpu9250_driver) by extension 'ros'
[1.202s] DEBUG:colcon.colcon_core.package_identification:Package 'src/ros2_mpu9250_driver' with type 'ros.ament_cmake' and name 'mpu9250driver'
[1.202s] Level 1:colcon.colcon_core.package_identification:_identify(src/serial_motor_demo) by extensions ['ignore', 'ignore_ament_install']
[1.203s] Level 1:colcon.colcon_core.package_identification:_identify(src/serial_motor_demo) by extension 'ignore'
[1.203s] Level 1:colcon.colcon_core.package_identification:_identify(src/serial_motor_demo) by extension 'ignore_ament_install'
[1.203s] Level 1:colcon.colcon_core.package_identification:_identify(src/serial_motor_demo) by extensions ['colcon_pkg']
[1.203s] Level 1:colcon.colcon_core.package_identification:_identify(src/serial_motor_demo) by extension 'colcon_pkg'
[1.203s] Level 1:colcon.colcon_core.package_identification:_identify(src/serial_motor_demo) by extensions ['colcon_meta']
[1.203s] Level 1:colcon.colcon_core.package_identification:_identify(src/serial_motor_demo) by extension 'colcon_meta'
[1.204s] Level 1:colcon.colcon_core.package_identification:_identify(src/serial_motor_demo) by extensions ['ros']
[1.204s] Level 1:colcon.colcon_core.package_identification:_identify(src/serial_motor_demo) by extension 'ros'
[1.204s] Level 1:colcon.colcon_core.package_identification:_identify(src/serial_motor_demo) by extensions ['cmake', 'python']
[1.204s] Level 1:colcon.colcon_core.package_identification:_identify(src/serial_motor_demo) by extension 'cmake'
[1.204s] Level 1:colcon.colcon_core.package_identification:_identify(src/serial_motor_demo) by extension 'python'
[1.204s] Level 1:colcon.colcon_core.package_identification:_identify(src/serial_motor_demo) by extensions ['python_setup_py']
[1.205s] Level 1:colcon.colcon_core.package_identification:_identify(src/serial_motor_demo) by extension 'python_setup_py'
[1.205s] Level 1:colcon.colcon_core.package_identification:_identify(src/serial_motor_demo/serial_motor_demo) by extensions ['ignore', 'ignore_ament_install']
[1.205s] Level 1:colcon.colcon_core.package_identification:_identify(src/serial_motor_demo/serial_motor_demo) by extension 'ignore'
[1.206s] Level 1:colcon.colcon_core.package_identification:_identify(src/serial_motor_demo/serial_motor_demo) by extension 'ignore_ament_install'
[1.206s] Level 1:colcon.colcon_core.package_identification:_identify(src/serial_motor_demo/serial_motor_demo) by extensions ['colcon_pkg']
[1.206s] Level 1:colcon.colcon_core.package_identification:_identify(src/serial_motor_demo/serial_motor_demo) by extension 'colcon_pkg'
[1.206s] Level 1:colcon.colcon_core.package_identification:_identify(src/serial_motor_demo/serial_motor_demo) by extensions ['colcon_meta']
[1.206s] Level 1:colcon.colcon_core.package_identification:_identify(src/serial_motor_demo/serial_motor_demo) by extension 'colcon_meta'
[1.206s] Level 1:colcon.colcon_core.package_identification:_identify(src/serial_motor_demo/serial_motor_demo) by extensions ['ros']
[1.206s] Level 1:colcon.colcon_core.package_identification:_identify(src/serial_motor_demo/serial_motor_demo) by extension 'ros'
[1.209s] DEBUG:colcon.colcon_core.package_identification:Package 'src/serial_motor_demo/serial_motor_demo' with type 'ros.ament_python' and name 'serial_motor_demo'
[1.209s] Level 1:colcon.colcon_core.package_identification:_identify(src/serial_motor_demo/serial_motor_demo_msgs) by extensions ['ignore', 'ignore_ament_install']
[1.210s] Level 1:colcon.colcon_core.package_identification:_identify(src/serial_motor_demo/serial_motor_demo_msgs) by extension 'ignore'
[1.210s] Level 1:colcon.colcon_core.package_identification:_identify(src/serial_motor_demo/serial_motor_demo_msgs) by extension 'ignore_ament_install'
[1.210s] Level 1:colcon.colcon_core.package_identification:_identify(src/serial_motor_demo/serial_motor_demo_msgs) by extensions ['colcon_pkg']
[1.210s] Level 1:colcon.colcon_core.package_identification:_identify(src/serial_motor_demo/serial_motor_demo_msgs) by extension 'colcon_pkg'
[1.210s] Level 1:colcon.colcon_core.package_identification:_identify(src/serial_motor_demo/serial_motor_demo_msgs) by extensions ['colcon_meta']
[1.211s] Level 1:colcon.colcon_core.package_identification:_identify(src/serial_motor_demo/serial_motor_demo_msgs) by extension 'colcon_meta'
[1.211s] Level 1:colcon.colcon_core.package_identification:_identify(src/serial_motor_demo/serial_motor_demo_msgs) by extensions ['ros']
[1.211s] Level 1:colcon.colcon_core.package_identification:_identify(src/serial_motor_demo/serial_motor_demo_msgs) by extension 'ros'
[1.213s] DEBUG:colcon.colcon_core.package_identification:Package 'src/serial_motor_demo/serial_motor_demo_msgs' with type 'ros.ament_cmake' and name 'serial_motor_demo_msgs'
[1.213s] Level 1:colcon.colcon_core.package_identification:_identify(src/vox) by extensions ['ignore', 'ignore_ament_install']
[1.214s] Level 1:colcon.colcon_core.package_identification:_identify(src/vox) by extension 'ignore'
[1.214s] Level 1:colcon.colcon_core.package_identification:_identify(src/vox) by extension 'ignore_ament_install'
[1.214s] Level 1:colcon.colcon_core.package_identification:_identify(src/vox) by extensions ['colcon_pkg']
[1.214s] Level 1:colcon.colcon_core.package_identification:_identify(src/vox) by extension 'colcon_pkg'
[1.214s] Level 1:colcon.colcon_core.package_identification:_identify(src/vox) by extensions ['colcon_meta']
[1.214s] Level 1:colcon.colcon_core.package_identification:_identify(src/vox) by extension 'colcon_meta'
[1.215s] Level 1:colcon.colcon_core.package_identification:_identify(src/vox) by extensions ['ros']
[1.215s] Level 1:colcon.colcon_core.package_identification:_identify(src/vox) by extension 'ros'
[1.216s] DEBUG:colcon.colcon_core.package_identification:Package 'src/vox' with type 'ros.ament_cmake' and name 'vox'
[1.217s] Level 1:colcon.colcon_core.package_discovery:discover_packages(recursive) using defaults
[1.217s] Level 1:colcon.colcon_core.package_discovery:discover_packages(ignore) discover
[1.217s] Level 1:colcon.colcon_core.package_discovery:discover_packages(ignore) using defaults
[1.217s] Level 1:colcon.colcon_core.package_discovery:discover_packages(path) discover
[1.217s] Level 1:colcon.colcon_core.package_discovery:discover_packages(path) using defaults
[1.296s] Level 1:colcon.colcon_core.package_discovery:discover_packages(prefix_path) check parameters
[1.297s] Level 1:colcon.colcon_core.package_discovery:discover_packages(prefix_path) discover
[1.310s] DEBUG:colcon.colcon_installed_package_information.package_discovery:Found 267 installed packages in /opt/ros/iron
[1.352s] Level 1:colcon.colcon_core.package_discovery:discover_packages(prefix_path) using defaults
[1.506s] Level 5:colcon.colcon_core.verb:set package 'ball_tracker' build argument 'cmake_args' from command line to 'None'
[1.506s] Level 5:colcon.colcon_core.verb:set package 'ball_tracker' build argument 'cmake_target' from command line to 'None'
[1.506s] Level 5:colcon.colcon_core.verb:set package 'ball_tracker' build argument 'cmake_target_skip_unavailable' from command line to 'False'
[1.506s] Level 5:colcon.colcon_core.verb:set package 'ball_tracker' build argument 'cmake_clean_cache' from command line to 'False'
[1.506s] Level 5:colcon.colcon_core.verb:set package 'ball_tracker' build argument 'cmake_clean_first' from command line to 'False'
[1.506s] Level 5:colcon.colcon_core.verb:set package 'ball_tracker' build argument 'cmake_force_configure' from command line to 'False'
[1.507s] Level 5:colcon.colcon_core.verb:set package 'ball_tracker' build argument 'ament_cmake_args' from command line to 'None'
[1.507s] Level 5:colcon.colcon_core.verb:set package 'ball_tracker' build argument 'catkin_cmake_args' from command line to 'None'
[1.507s] Level 5:colcon.colcon_core.verb:set package 'ball_tracker' build argument 'catkin_skip_building_tests' from command line to 'False'
[1.507s] DEBUG:colcon.colcon_core.verb:Building package 'ball_tracker' with the following arguments: {'ament_cmake_args': None, 'build_base': '/home/vox/Vox/build/ball_tracker', 'catkin_cmake_args': None, 'catkin_skip_building_tests': False, 'cmake_args': None, 'cmake_clean_cache': False, 'cmake_clean_first': False, 'cmake_force_configure': False, 'cmake_target': None, 'cmake_target_skip_unavailable': False, 'install_base': '/home/vox/Vox/install/ball_tracker', 'merge_install': False, 'path': '/home/vox/Vox/src/ball_tracker', 'symlink_install': True, 'test_result_base': None}
[1.509s] Level 5:colcon.colcon_core.verb:set package 'diffdrive_arduino' build argument 'cmake_args' from command line to 'None'
[1.509s] Level 5:colcon.colcon_core.verb:set package 'diffdrive_arduino' build argument 'cmake_target' from command line to 'None'
[1.509s] Level 5:colcon.colcon_core.verb:set package 'diffdrive_arduino' build argument 'cmake_target_skip_unavailable' from command line to 'False'
[1.509s] Level 5:colcon.colcon_core.verb:set package 'diffdrive_arduino' build argument 'cmake_clean_cache' from command line to 'False'
[1.509s] Level 5:colcon.colcon_core.verb:set package 'diffdrive_arduino' build argument 'cmake_clean_first' from command line to 'False'
[1.509s] Level 5:colcon.colcon_core.verb:set package 'diffdrive_arduino' build argument 'cmake_force_configure' from command line to 'False'
[1.509s] Level 5:colcon.colcon_core.verb:set package 'diffdrive_arduino' build argument 'ament_cmake_args' from command line to 'None'
[1.509s] Level 5:colcon.colcon_core.verb:set package 'diffdrive_arduino' build argument 'catkin_cmake_args' from command line to 'None'
[1.509s] Level 5:colcon.colcon_core.verb:set package 'diffdrive_arduino' build argument 'catkin_skip_building_tests' from command line to 'False'
[1.510s] DEBUG:colcon.colcon_core.verb:Building package 'diffdrive_arduino' with the following arguments: {'ament_cmake_args': None, 'build_base': '/home/vox/Vox/build/diffdrive_arduino', 'catkin_cmake_args': None, 'catkin_skip_building_tests': False, 'cmake_args': None, 'cmake_clean_cache': False, 'cmake_clean_first': False, 'cmake_force_configure': False, 'cmake_target': None, 'cmake_target_skip_unavailable': False, 'install_base': '/home/vox/Vox/install/diffdrive_arduino', 'merge_install': False, 'path': '/home/vox/Vox/src/diffdrive_arduino', 'symlink_install': True, 'test_result_base': None}
[1.511s] Level 5:colcon.colcon_core.verb:set package 'mpu9250driver' build argument 'cmake_args' from command line to 'None'
[1.511s] Level 5:colcon.colcon_core.verb:set package 'mpu9250driver' build argument 'cmake_target' from command line to 'None'
[1.511s] Level 5:colcon.colcon_core.verb:set package 'mpu9250driver' build argument 'cmake_target_skip_unavailable' from command line to 'False'
[1.511s] Level 5:colcon.colcon_core.verb:set package 'mpu9250driver' build argument 'cmake_clean_cache' from command line to 'False'
[1.511s] Level 5:colcon.colcon_core.verb:set package 'mpu9250driver' build argument 'cmake_clean_first' from command line to 'False'
[1.511s] Level 5:colcon.colcon_core.verb:set package 'mpu9250driver' build argument 'cmake_force_configure' from command line to 'False'
[1.512s] Level 5:colcon.colcon_core.verb:set package 'mpu9250driver' build argument 'ament_cmake_args' from command line to 'None'
[1.512s] Level 5:colcon.colcon_core.verb:set package 'mpu9250driver' build argument 'catkin_cmake_args' from command line to 'None'
[1.512s] Level 5:colcon.colcon_core.verb:set package 'mpu9250driver' build argument 'catkin_skip_building_tests' from command line to 'False'
[1.512s] DEBUG:colcon.colcon_core.verb:Building package 'mpu9250driver' with the following arguments: {'ament_cmake_args': None, 'build_base': '/home/vox/Vox/build/mpu9250driver', 'catkin_cmake_args': None, 'catkin_skip_building_tests': False, 'cmake_args': None, 'cmake_clean_cache': False, 'cmake_clean_first': False, 'cmake_force_configure': False, 'cmake_target': None, 'cmake_target_skip_unavailable': False, 'install_base': '/home/vox/Vox/install/mpu9250driver', 'merge_install': False, 'path': '/home/vox/Vox/src/ros2_mpu9250_driver', 'symlink_install': True, 'test_result_base': None}
[1.513s] Level 5:colcon.colcon_core.verb:set package 'serial_motor_demo_msgs' build argument 'cmake_args' from command line to 'None'
[1.513s] Level 5:colcon.colcon_core.verb:set package 'serial_motor_demo_msgs' build argument 'cmake_target' from command line to 'None'
[1.513s] Level 5:colcon.colcon_core.verb:set package 'serial_motor_demo_msgs' build argument 'cmake_target_skip_unavailable' from command line to 'False'
[1.514s] Level 5:colcon.colcon_core.verb:set package 'serial_motor_demo_msgs' build argument 'cmake_clean_cache' from command line to 'False'
[1.514s] Level 5:colcon.colcon_core.verb:set package 'serial_motor_demo_msgs' build argument 'cmake_clean_first' from command line to 'False'
[1.514s] Level 5:colcon.colcon_core.verb:set package 'serial_motor_demo_msgs' build argument 'cmake_force_configure' from command line to 'False'
[1.514s] Level 5:colcon.colcon_core.verb:set package 'serial_motor_demo_msgs' build argument 'ament_cmake_args' from command line to 'None'
[1.514s] Level 5:colcon.colcon_core.verb:set package 'serial_motor_demo_msgs' build argument 'catkin_cmake_args' from command line to 'None'
[1.514s] Level 5:colcon.colcon_core.verb:set package 'serial_motor_demo_msgs' build argument 'catkin_skip_building_tests' from command line to 'False'
[1.514s] DEBUG:colcon.colcon_core.verb:Building package 'serial_motor_demo_msgs' with the following arguments: {'ament_cmake_args': None, 'build_base': '/home/vox/Vox/build/serial_motor_demo_msgs', 'catkin_cmake_args': None, 'catkin_skip_building_tests': False, 'cmake_args': None, 'cmake_clean_cache': False, 'cmake_clean_first': False, 'cmake_force_configure': False, 'cmake_target': None, 'cmake_target_skip_unavailable': False, 'install_base': '/home/vox/Vox/install/serial_motor_demo_msgs', 'merge_install': False, 'path': '/home/vox/Vox/src/serial_motor_demo/serial_motor_demo_msgs', 'symlink_install': True, 'test_result_base': None}
[1.515s] Level 5:colcon.colcon_core.verb:set package 'vox' build argument 'cmake_args' from command line to 'None'
[1.516s] Level 5:colcon.colcon_core.verb:set package 'vox' build argument 'cmake_target' from command line to 'None'
[1.516s] Level 5:colcon.colcon_core.verb:set package 'vox' build argument 'cmake_target_skip_unavailable' from command line to 'False'
[1.516s] Level 5:colcon.colcon_core.verb:set package 'vox' build argument 'cmake_clean_cache' from command line to 'False'
[1.516s] Level 5:colcon.colcon_core.verb:set package 'vox' build argument 'cmake_clean_first' from command line to 'False'
[1.516s] Level 5:colcon.colcon_core.verb:set package 'vox' build argument 'cmake_force_configure' from command line to 'False'
[1.516s] Level 5:colcon.colcon_core.verb:set package 'vox' build argument 'ament_cmake_args' from command line to 'None'
[1.516s] Level 5:colcon.colcon_core.verb:set package 'vox' build argument 'catkin_cmake_args' from command line to 'None'
[1.516s] Level 5:colcon.colcon_core.verb:set package 'vox' build argument 'catkin_skip_building_tests' from command line to 'False'
[1.516s] DEBUG:colcon.colcon_core.verb:Building package 'vox' with the following arguments: {'ament_cmake_args': None, 'build_base': '/home/vox/Vox/build/vox', 'catkin_cmake_args': None, 'catkin_skip_building_tests': False, 'cmake_args': None, 'cmake_clean_cache': False, 'cmake_clean_first': False, 'cmake_force_configure': False, 'cmake_target': None, 'cmake_target_skip_unavailable': False, 'install_base': '/home/vox/Vox/install/vox', 'merge_install': False, 'path': '/home/vox/Vox/src/vox', 'symlink_install': True, 'test_result_base': None}
[1.518s] Level 5:colcon.colcon_core.verb:set package 'serial_motor_demo' build argument 'cmake_args' from command line to 'None'
[1.518s] Level 5:colcon.colcon_core.verb:set package 'serial_motor_demo' build argument 'cmake_target' from command line to 'None'
[1.518s] Level 5:colcon.colcon_core.verb:set package 'serial_motor_demo' build argument 'cmake_target_skip_unavailable' from command line to 'False'
[1.518s] Level 5:colcon.colcon_core.verb:set package 'serial_motor_demo' build argument 'cmake_clean_cache' from command line to 'False'
[1.518s] Level 5:colcon.colcon_core.verb:set package 'serial_motor_demo' build argument 'cmake_clean_first' from command line to 'False'
[1.518s] Level 5:colcon.colcon_core.verb:set package 'serial_motor_demo' build argument 'cmake_force_configure' from command line to 'False'
[1.518s] Level 5:colcon.colcon_core.verb:set package 'serial_motor_demo' build argument 'ament_cmake_args' from command line to 'None'
[1.519s] Level 5:colcon.colcon_core.verb:set package 'serial_motor_demo' build argument 'catkin_cmake_args' from command line to 'None'
[1.519s] Level 5:colcon.colcon_core.verb:set package 'serial_motor_demo' build argument 'catkin_skip_building_tests' from command line to 'False'
[1.519s] DEBUG:colcon.colcon_core.verb:Building package 'serial_motor_demo' with the following arguments: {'ament_cmake_args': None, 'build_base': '/home/vox/Vox/build/serial_motor_demo', 'catkin_cmake_args': None, 'catkin_skip_building_tests': False, 'cmake_args': None, 'cmake_clean_cache': False, 'cmake_clean_first': False, 'cmake_force_configure': False, 'cmake_target': None, 'cmake_target_skip_unavailable': False, 'install_base': '/home/vox/Vox/install/serial_motor_demo', 'merge_install': False, 'path': '/home/vox/Vox/src/serial_motor_demo/serial_motor_demo', 'symlink_install': True, 'test_result_base': None}
[1.519s] INFO:colcon.colcon_core.executor:Executing jobs using 'parallel' executor
[1.522s] DEBUG:colcon.colcon_parallel_executor.executor.parallel:run_until_complete
[1.524s] INFO:colcon.colcon_ros.task.ament_cmake.build:Building ROS package in '/home/vox/Vox/src/serial_motor_demo/serial_motor_demo_msgs' with build type 'ament_cmake'
[1.524s] INFO:colcon.colcon_cmake.task.cmake.build:Building CMake package in '/home/vox/Vox/src/serial_motor_demo/serial_motor_demo_msgs'
[1.532s] INFO:colcon.colcon_core.plugin_system:Skipping extension 'colcon_core.shell.bat': Not used on non-Windows systems
[1.533s] INFO:colcon.colcon_core.shell:Skip shell extension 'powershell' for command environment: Not usable outside of PowerShell
[1.534s] DEBUG:colcon.colcon_core.shell:Skip shell extension 'dsv' for command environment
[1.549s] INFO:colcon.colcon_ros.task.ament_python.build:Building ROS package in '/home/vox/Vox/src/ball_tracker' with build type 'ament_python'
[1.550s] Level 1:colcon.colcon_core.shell:create_environment_hook('ball_tracker', 'ament_prefix_path')
[1.551s] INFO:colcon.colcon_core.shell:Creating environment hook '/home/vox/Vox/install/ball_tracker/share/ball_tracker/hook/ament_prefix_path.ps1'
[1.554s] INFO:colcon.colcon_core.shell:Creating environment descriptor '/home/vox/Vox/install/ball_tracker/share/ball_tracker/hook/ament_prefix_path.dsv'
[1.556s] INFO:colcon.colcon_core.shell:Creating environment hook '/home/vox/Vox/install/ball_tracker/share/ball_tracker/hook/ament_prefix_path.sh'
[1.560s] INFO:colcon.colcon_core.shell:Skip shell extension 'powershell' for command environment: Not usable outside of PowerShell
[1.560s] DEBUG:colcon.colcon_core.shell:Skip shell extension 'dsv' for command environment
[1.574s] INFO:colcon.colcon_ros.task.ament_cmake.build:Building ROS package in '/home/vox/Vox/src/diffdrive_arduino' with build type 'ament_cmake'
[1.574s] INFO:colcon.colcon_cmake.task.cmake.build:Building CMake package in '/home/vox/Vox/src/diffdrive_arduino'
[1.576s] INFO:colcon.colcon_core.shell:Skip shell extension 'powershell' for command environment: Not usable outside of PowerShell
[1.576s] DEBUG:colcon.colcon_core.shell:Skip shell extension 'dsv' for command environment
[1.591s] INFO:colcon.colcon_ros.task.ament_cmake.build:Building ROS package in '/home/vox/Vox/src/ros2_mpu9250_driver' with build type 'ament_cmake'
[1.592s] INFO:colcon.colcon_cmake.task.cmake.build:Building CMake package in '/home/vox/Vox/src/ros2_mpu9250_driver'
[1.593s] INFO:colcon.colcon_core.shell:Skip shell extension 'powershell' for command environment: Not usable outside of PowerShell
[1.593s] DEBUG:colcon.colcon_core.shell:Skip shell extension 'dsv' for command environment
[1.630s] DEBUG:colcon.colcon_core.event_handler.log_command:Invoking command in '/home/vox/Vox/build/serial_motor_demo_msgs': CMAKE_PREFIX_PATH=/opt/ros/iron /usr/bin/cmake --build /home/vox/Vox/build/serial_motor_demo_msgs -- -j4 -l4
[3.093s] INFO:colcon.colcon_core.task.python.build:Building Python package in '/home/vox/Vox/src/ball_tracker'
[3.094s] INFO:colcon.colcon_core.shell:Skip shell extension 'powershell' for command environment: Not usable outside of PowerShell
[3.095s] DEBUG:colcon.colcon_core.shell:Skip shell extension 'dsv' for command environment
[3.127s] DEBUG:colcon.colcon_core.event_handler.log_command:Invoking command in '/home/vox/Vox/build/diffdrive_arduino': CMAKE_PREFIX_PATH=/opt/ros/iron /usr/bin/cmake --build /home/vox/Vox/build/diffdrive_arduino -- -j4 -l4
[3.168s] DEBUG:colcon.colcon_core.event_handler.log_command:Invoking command in '/home/vox/Vox/build/mpu9250driver': CMAKE_PREFIX_PATH=/opt/ros/iron /usr/bin/cmake --build /home/vox/Vox/build/mpu9250driver -- -j4 -l4
[3.535s] DEBUG:colcon.colcon_core.event_handler.log_command:Invoked command in '/home/vox/Vox/build/diffdrive_arduino' returned '0': CMAKE_PREFIX_PATH=/opt/ros/iron /usr/bin/cmake --build /home/vox/Vox/build/diffdrive_arduino -- -j4 -l4
[3.577s] DEBUG:colcon.colcon_core.event_handler.log_command:Invoked command in '/home/vox/Vox/build/serial_motor_demo_msgs' returned '0': CMAKE_PREFIX_PATH=/opt/ros/iron /usr/bin/cmake --build /home/vox/Vox/build/serial_motor_demo_msgs -- -j4 -l4
[3.747s] DEBUG:colcon.colcon_core.event_handler.log_command:Invoking command in '/home/vox/Vox/build/diffdrive_arduino': CMAKE_PREFIX_PATH=/opt/ros/iron /usr/bin/cmake --install /home/vox/Vox/build/diffdrive_arduino
[3.873s] Level 1:colcon.colcon_core.environment:create_environment_scripts_only(diffdrive_arduino)
[3.876s] DEBUG:colcon.colcon_core.event_handler.log_command:Invoked command in '/home/vox/Vox/build/diffdrive_arduino' returned '0': CMAKE_PREFIX_PATH=/opt/ros/iron /usr/bin/cmake --install /home/vox/Vox/build/diffdrive_arduino
[3.888s] Level 1:colcon.colcon_core.environment:checking '/home/vox/Vox/install/diffdrive_arduino' for CMake module files
[3.891s] Level 1:colcon.colcon_core.environment:checking '/home/vox/Vox/install/diffdrive_arduino' for CMake config files
[3.895s] Level 1:colcon.colcon_core.shell:create_environment_hook('diffdrive_arduino', 'cmake_prefix_path')
[3.896s] INFO:colcon.colcon_core.shell:Creating environment hook '/home/vox/Vox/install/diffdrive_arduino/share/diffdrive_arduino/hook/cmake_prefix_path.ps1'
[3.899s] INFO:colcon.colcon_core.shell:Creating environment descriptor '/home/vox/Vox/install/diffdrive_arduino/share/diffdrive_arduino/hook/cmake_prefix_path.dsv'
[3.901s] INFO:colcon.colcon_core.shell:Creating environment hook '/home/vox/Vox/install/diffdrive_arduino/share/diffdrive_arduino/hook/cmake_prefix_path.sh'
[3.904s] Level 1:colcon.colcon_core.environment:checking '/home/vox/Vox/install/diffdrive_arduino/lib'
[3.905s] Level 1:colcon.colcon_core.shell:create_environment_hook('diffdrive_arduino', 'ld_library_path_lib')
[3.906s] INFO:colcon.colcon_core.shell:Creating environment hook '/home/vox/Vox/install/diffdrive_arduino/share/diffdrive_arduino/hook/ld_library_path_lib.ps1'
[3.909s] INFO:colcon.colcon_core.shell:Creating environment descriptor '/home/vox/Vox/install/diffdrive_arduino/share/diffdrive_arduino/hook/ld_library_path_lib.dsv'
[3.911s] INFO:colcon.colcon_core.shell:Creating environment hook '/home/vox/Vox/install/diffdrive_arduino/share/diffdrive_arduino/hook/ld_library_path_lib.sh'
[3.913s] Level 1:colcon.colcon_core.environment:checking '/home/vox/Vox/install/diffdrive_arduino/bin'
[3.913s] Level 1:colcon.colcon_core.environment:checking '/home/vox/Vox/install/diffdrive_arduino/lib/pkgconfig/diffdrive_arduino.pc'
[3.915s] Level 1:colcon.colcon_core.environment:checking '/home/vox/Vox/install/diffdrive_arduino/lib/python3.10/site-packages'
[3.916s] Level 1:colcon.colcon_core.environment:checking '/home/vox/Vox/install/diffdrive_arduino/bin'
[3.917s] INFO:colcon.colcon_core.shell:Creating package script '/home/vox/Vox/install/diffdrive_arduino/share/diffdrive_arduino/package.ps1'
[3.921s] INFO:colcon.colcon_core.shell:Creating package descriptor '/home/vox/Vox/install/diffdrive_arduino/share/diffdrive_arduino/package.dsv'
[3.924s] INFO:colcon.colcon_core.shell:Creating package script '/home/vox/Vox/install/diffdrive_arduino/share/diffdrive_arduino/package.sh'
[3.928s] INFO:colcon.colcon_core.shell:Creating package script '/home/vox/Vox/install/diffdrive_arduino/share/diffdrive_arduino/package.bash'
[3.932s] INFO:colcon.colcon_core.shell:Creating package script '/home/vox/Vox/install/diffdrive_arduino/share/diffdrive_arduino/package.zsh'
[3.936s] Level 1:colcon.colcon_core.environment:create_file_with_runtime_dependencies(/home/vox/Vox/install/diffdrive_arduino/share/colcon-core/packages/diffdrive_arduino)
[4.068s] Level 1:colcon.colcon_core.environment:create_environment_scripts_only(diffdrive_arduino)
[4.069s] Level 1:colcon.colcon_core.environment:checking '/home/vox/Vox/install/diffdrive_arduino' for CMake module files
[4.073s] Level 1:colcon.colcon_core.environment:checking '/home/vox/Vox/install/diffdrive_arduino' for CMake config files
[4.077s] Level 1:colcon.colcon_core.shell:create_environment_hook('diffdrive_arduino', 'cmake_prefix_path')
[4.078s] INFO:colcon.colcon_core.shell:Creating environment hook '/home/vox/Vox/install/diffdrive_arduino/share/diffdrive_arduino/hook/cmake_prefix_path.ps1'
[4.080s] INFO:colcon.colcon_core.shell:Creating environment descriptor '/home/vox/Vox/install/diffdrive_arduino/share/diffdrive_arduino/hook/cmake_prefix_path.dsv'
[4.082s] INFO:colcon.colcon_core.shell:Creating environment hook '/home/vox/Vox/install/diffdrive_arduino/share/diffdrive_arduino/hook/cmake_prefix_path.sh'
[4.085s] Level 1:colcon.colcon_core.environment:checking '/home/vox/Vox/install/diffdrive_arduino/lib'
[4.086s] Level 1:colcon.colcon_core.shell:create_environment_hook('diffdrive_arduino', 'ld_library_path_lib')
[4.087s] INFO:colcon.colcon_core.shell:Creating environment hook '/home/vox/Vox/install/diffdrive_arduino/share/diffdrive_arduino/hook/ld_library_path_lib.ps1'
[4.090s] INFO:colcon.colcon_core.shell:Creating environment descriptor '/home/vox/Vox/install/diffdrive_arduino/share/diffdrive_arduino/hook/ld_library_path_lib.dsv'
[4.092s] INFO:colcon.colcon_core.shell:Creating environment hook '/home/vox/Vox/install/diffdrive_arduino/share/diffdrive_arduino/hook/ld_library_path_lib.sh'
[4.094s] Level 1:colcon.colcon_core.environment:checking '/home/vox/Vox/install/diffdrive_arduino/bin'
[4.095s] Level 1:colcon.colcon_core.environment:checking '/home/vox/Vox/install/diffdrive_arduino/lib/pkgconfig/diffdrive_arduino.pc'
[4.096s] Level 1:colcon.colcon_core.environment:checking '/home/vox/Vox/install/diffdrive_arduino/lib/python3.10/site-packages'
[4.097s] Level 1:colcon.colcon_core.environment:checking '/home/vox/Vox/install/diffdrive_arduino/bin'
[4.098s] INFO:colcon.colcon_core.shell:Creating package script '/home/vox/Vox/install/diffdrive_arduino/share/diffdrive_arduino/package.ps1'
[4.101s] INFO:colcon.colcon_core.shell:Creating package descriptor '/home/vox/Vox/install/diffdrive_arduino/share/diffdrive_arduino/package.dsv'
[4.104s] INFO:colcon.colcon_core.shell:Creating package script '/home/vox/Vox/install/diffdrive_arduino/share/diffdrive_arduino/package.sh'
[4.106s] INFO:colcon.colcon_core.shell:Creating package script '/home/vox/Vox/install/diffdrive_arduino/share/diffdrive_arduino/package.bash'
[4.109s] INFO:colcon.colcon_core.shell:Creating package script '/home/vox/Vox/install/diffdrive_arduino/share/diffdrive_arduino/package.zsh'
[4.111s] Level 1:colcon.colcon_core.environment:create_file_with_runtime_dependencies(/home/vox/Vox/install/diffdrive_arduino/share/colcon-core/packages/diffdrive_arduino)
[4.115s] INFO:colcon.colcon_ros.task.ament_cmake.build:Building ROS package in '/home/vox/Vox/src/vox' with build type 'ament_cmake'
[4.116s] INFO:colcon.colcon_cmake.task.cmake.build:Building CMake package in '/home/vox/Vox/src/vox'
[4.117s] INFO:colcon.colcon_core.shell:Skip shell extension 'powershell' for command environment: Not usable outside of PowerShell
[4.117s] DEBUG:colcon.colcon_core.shell:Skip shell extension 'dsv' for command environment
[4.156s] DEBUG:colcon.colcon_core.event_handler.log_command:Invoking command in '/home/vox/Vox/build/vox': CMAKE_PREFIX_PATH=/opt/ros/iron /usr/bin/cmake --build /home/vox/Vox/build/vox -- -j4 -l4
[4.286s] DEBUG:colcon.colcon_core.event_handler.log_command:Invoking command in '/home/vox/Vox/build/serial_motor_demo_msgs': CMAKE_PREFIX_PATH=/opt/ros/iron /usr/bin/cmake --install /home/vox/Vox/build/serial_motor_demo_msgs
[4.314s] DEBUG:colcon.colcon_core.event_handler.log_command:Invoked command in '/home/vox/Vox/build/vox' returned '0': CMAKE_PREFIX_PATH=/opt/ros/iron /usr/bin/cmake --build /home/vox/Vox/build/vox -- -j4 -l4
[4.427s] DEBUG:colcon.colcon_core.event_handler.log_command:Invoking command in '/home/vox/Vox/build/vox': CMAKE_PREFIX_PATH=/opt/ros/iron /usr/bin/cmake --install /home/vox/Vox/build/vox
[4.557s] Level 1:colcon.colcon_core.environment:create_environment_scripts_only(vox)
[4.558s] Level 1:colcon.colcon_core.environment:checking '/home/vox/Vox/install/vox' for CMake module files
[4.562s] Level 1:colcon.colcon_core.environment:checking '/home/vox/Vox/install/vox' for CMake config files
[4.565s] Level 1:colcon.colcon_core.shell:create_environment_hook('vox', 'cmake_prefix_path')
[4.567s] INFO:colcon.colcon_core.shell:Creating environment hook '/home/vox/Vox/install/vox/share/vox/hook/cmake_prefix_path.ps1'
[4.573s] DEBUG:colcon.colcon_core.event_handler.log_command:Invoked command in '/home/vox/Vox/build/vox' returned '0': CMAKE_PREFIX_PATH=/opt/ros/iron /usr/bin/cmake --install /home/vox/Vox/build/vox
[4.575s] INFO:colcon.colcon_core.shell:Creating environment descriptor '/home/vox/Vox/install/vox/share/vox/hook/cmake_prefix_path.dsv'
[4.577s] INFO:colcon.colcon_core.shell:Creating environment hook '/home/vox/Vox/install/vox/share/vox/hook/cmake_prefix_path.sh'
[4.586s] Level 1:colcon.colcon_core.environment:checking '/home/vox/Vox/install/vox/bin'
[4.586s] Level 1:colcon.colcon_core.environment:checking '/home/vox/Vox/install/vox/lib/pkgconfig/vox.pc'
[4.587s] Level 1:colcon.colcon_core.environment:checking '/home/vox/Vox/install/vox/lib/python3.10/site-packages'
[4.590s] Level 1:colcon.colcon_core.environment:checking '/home/vox/Vox/install/vox/bin'
[4.592s] INFO:colcon.colcon_core.shell:Creating package script '/home/vox/Vox/install/vox/share/vox/package.ps1'
[4.595s] INFO:colcon.colcon_core.shell:Creating package descriptor '/home/vox/Vox/install/vox/share/vox/package.dsv'
[4.597s] INFO:colcon.colcon_core.shell:Creating package script '/home/vox/Vox/install/vox/share/vox/package.sh'
[4.600s] INFO:colcon.colcon_core.shell:Creating package script '/home/vox/Vox/install/vox/share/vox/package.bash'
[4.602s] INFO:colcon.colcon_core.shell:Creating package script '/home/vox/Vox/install/vox/share/vox/package.zsh'
[4.604s] Level 1:colcon.colcon_core.environment:create_file_with_runtime_dependencies(/home/vox/Vox/install/vox/share/colcon-core/packages/vox)
[4.723s] Level 1:colcon.colcon_core.environment:create_environment_scripts_only(vox)
[4.724s] Level 1:colcon.colcon_core.environment:checking '/home/vox/Vox/install/vox' for CMake module files
[4.728s] Level 1:colcon.colcon_core.environment:checking '/home/vox/Vox/install/vox' for CMake config files
[4.731s] Level 1:colcon.colcon_core.shell:create_environment_hook('vox', 'cmake_prefix_path')
[4.733s] INFO:colcon.colcon_core.shell:Creating environment hook '/home/vox/Vox/install/vox/share/vox/hook/cmake_prefix_path.ps1'
[4.736s] INFO:colcon.colcon_core.shell:Creating environment descriptor '/home/vox/Vox/install/vox/share/vox/hook/cmake_prefix_path.dsv'
[4.738s] INFO:colcon.colcon_core.shell:Creating environment hook '/home/vox/Vox/install/vox/share/vox/hook/cmake_prefix_path.sh'
[4.742s] Level 1:colcon.colcon_core.environment:checking '/home/vox/Vox/install/vox/bin'
[4.742s] Level 1:colcon.colcon_core.environment:checking '/home/vox/Vox/install/vox/lib/pkgconfig/vox.pc'
[4.743s] Level 1:colcon.colcon_core.environment:checking '/home/vox/Vox/install/vox/lib/python3.10/site-packages'
[4.745s] Level 1:colcon.colcon_core.environment:checking '/home/vox/Vox/install/vox/bin'
[4.746s] INFO:colcon.colcon_core.shell:Creating package script '/home/vox/Vox/install/vox/share/vox/package.ps1'
[4.749s] INFO:colcon.colcon_core.shell:Creating package descriptor '/home/vox/Vox/install/vox/share/vox/package.dsv'
[4.752s] INFO:colcon.colcon_core.shell:Creating package script '/home/vox/Vox/install/vox/share/vox/package.sh'
[4.755s] INFO:colcon.colcon_core.shell:Creating package script '/home/vox/Vox/install/vox/share/vox/package.bash'
[4.757s] INFO:colcon.colcon_core.shell:Creating package script '/home/vox/Vox/install/vox/share/vox/package.zsh'
[4.760s] Level 1:colcon.colcon_core.environment:create_file_with_runtime_dependencies(/home/vox/Vox/install/vox/share/colcon-core/packages/vox)
[4.821s] Level 1:colcon.colcon_core.environment:create_environment_scripts_only(serial_motor_demo_msgs)
[4.822s] Level 1:colcon.colcon_core.environment:checking '/home/vox/Vox/install/serial_motor_demo_msgs' for CMake module files
[4.824s] DEBUG:colcon.colcon_core.event_handler.log_command:Invoked command in '/home/vox/Vox/build/serial_motor_demo_msgs' returned '0': CMAKE_PREFIX_PATH=/opt/ros/iron /usr/bin/cmake --install /home/vox/Vox/build/serial_motor_demo_msgs
[4.828s] Level 1:colcon.colcon_core.environment:checking '/home/vox/Vox/install/serial_motor_demo_msgs' for CMake config files
[4.833s] Level 1:colcon.colcon_core.shell:create_environment_hook('serial_motor_demo_msgs', 'cmake_prefix_path')
[4.834s] INFO:colcon.colcon_core.shell:Creating environment hook '/home/vox/Vox/install/serial_motor_demo_msgs/share/serial_motor_demo_msgs/hook/cmake_prefix_path.ps1'
[4.836s] INFO:colcon.colcon_core.shell:Creating environment descriptor '/home/vox/Vox/install/serial_motor_demo_msgs/share/serial_motor_demo_msgs/hook/cmake_prefix_path.dsv'
[4.839s] INFO:colcon.colcon_core.shell:Creating environment hook '/home/vox/Vox/install/serial_motor_demo_msgs/share/serial_motor_demo_msgs/hook/cmake_prefix_path.sh'
[4.842s] Level 1:colcon.colcon_core.environment:checking '/home/vox/Vox/install/serial_motor_demo_msgs/lib'
[4.842s] Level 1:colcon.colcon_core.shell:create_environment_hook('serial_motor_demo_msgs', 'ld_library_path_lib')
[4.843s] INFO:colcon.colcon_core.shell:Creating environment hook '/home/vox/Vox/install/serial_motor_demo_msgs/share/serial_motor_demo_msgs/hook/ld_library_path_lib.ps1'
[4.845s] INFO:colcon.colcon_core.shell:Creating environment descriptor '/home/vox/Vox/install/serial_motor_demo_msgs/share/serial_motor_demo_msgs/hook/ld_library_path_lib.dsv'
[4.847s] INFO:colcon.colcon_core.shell:Creating environment hook '/home/vox/Vox/install/serial_motor_demo_msgs/share/serial_motor_demo_msgs/hook/ld_library_path_lib.sh'
[4.849s] Level 1:colcon.colcon_core.environment:checking '/home/vox/Vox/install/serial_motor_demo_msgs/bin'
[4.850s] Level 1:colcon.colcon_core.environment:checking '/home/vox/Vox/install/serial_motor_demo_msgs/lib/pkgconfig/serial_motor_demo_msgs.pc'
[4.851s] Level 1:colcon.colcon_core.environment:checking '/home/vox/Vox/install/serial_motor_demo_msgs/lib/python3.10/site-packages'
[4.851s] Level 1:colcon.colcon_core.shell:create_environment_hook('serial_motor_demo_msgs', 'pythonpath')
[4.852s] INFO:colcon.colcon_core.shell:Creating environment hook '/home/vox/Vox/install/serial_motor_demo_msgs/share/serial_motor_demo_msgs/hook/pythonpath.ps1'
[4.854s] INFO:colcon.colcon_core.shell:Creating environment descriptor '/home/vox/Vox/install/serial_motor_demo_msgs/share/serial_motor_demo_msgs/hook/pythonpath.dsv'
[4.857s] INFO:colcon.colcon_core.shell:Creating environment hook '/home/vox/Vox/install/serial_motor_demo_msgs/share/serial_motor_demo_msgs/hook/pythonpath.sh'
[4.859s] Level 1:colcon.colcon_core.environment:checking '/home/vox/Vox/install/serial_motor_demo_msgs/bin'
[4.861s] INFO:colcon.colcon_core.shell:Creating package script '/home/vox/Vox/install/serial_motor_demo_msgs/share/serial_motor_demo_msgs/package.ps1'
[4.864s] INFO:colcon.colcon_core.shell:Creating package descriptor '/home/vox/Vox/install/serial_motor_demo_msgs/share/serial_motor_demo_msgs/package.dsv'
[4.866s] INFO:colcon.colcon_core.shell:Creating package script '/home/vox/Vox/install/serial_motor_demo_msgs/share/serial_motor_demo_msgs/package.sh'
[4.869s] INFO:colcon.colcon_core.shell:Creating package script '/home/vox/Vox/install/serial_motor_demo_msgs/share/serial_motor_demo_msgs/package.bash'
[4.871s] INFO:colcon.colcon_core.shell:Creating package script '/home/vox/Vox/install/serial_motor_demo_msgs/share/serial_motor_demo_msgs/package.zsh'
[4.874s] Level 1:colcon.colcon_core.environment:create_file_with_runtime_dependencies(/home/vox/Vox/install/serial_motor_demo_msgs/share/colcon-core/packages/serial_motor_demo_msgs)
[5.303s] DEBUG:colcon.colcon_core.event_handler.log_command:Invoking command in '/home/vox/Vox/build/ball_tracker': PYTHONPATH=/home/vox/Vox/build/ball_tracker/prefix_override:/home/vox/Vox/install/ball_tracker/lib/python3.10/site-packages:${PYTHONPATH} /usr/bin/python3 -W ignore:setup.py install is deprecated setup.py develop --editable --build-directory /home/vox/Vox/build/ball_tracker/build --no-deps symlink_data
[5.526s] Level 1:colcon.colcon_core.environment:create_environment_scripts_only(serial_motor_demo_msgs)
[5.527s] Level 1:colcon.colcon_core.environment:checking '/home/vox/Vox/install/serial_motor_demo_msgs' for CMake module files
[5.532s] Level 1:colcon.colcon_core.environment:checking '/home/vox/Vox/install/serial_motor_demo_msgs' for CMake config files
[5.537s] Level 1:colcon.colcon_core.shell:create_environment_hook('serial_motor_demo_msgs', 'cmake_prefix_path')
[5.538s] INFO:colcon.colcon_core.shell:Creating environment hook '/home/vox/Vox/install/serial_motor_demo_msgs/share/serial_motor_demo_msgs/hook/cmake_prefix_path.ps1'
[5.540s] INFO:colcon.colcon_core.shell:Creating environment descriptor '/home/vox/Vox/install/serial_motor_demo_msgs/share/serial_motor_demo_msgs/hook/cmake_prefix_path.dsv'
[5.542s] INFO:colcon.colcon_core.shell:Creating environment hook '/home/vox/Vox/install/serial_motor_demo_msgs/share/serial_motor_demo_msgs/hook/cmake_prefix_path.sh'
[5.545s] Level 1:colcon.colcon_core.environment:checking '/home/vox/Vox/install/serial_motor_demo_msgs/lib'
[5.546s] Level 1:colcon.colcon_core.shell:create_environment_hook('serial_motor_demo_msgs', 'ld_library_path_lib')
[5.547s] INFO:colcon.colcon_core.shell:Creating environment hook '/home/vox/Vox/install/serial_motor_demo_msgs/share/serial_motor_demo_msgs/hook/ld_library_path_lib.ps1'
[5.550s] INFO:colcon.colcon_core.shell:Creating environment descriptor '/home/vox/Vox/install/serial_motor_demo_msgs/share/serial_motor_demo_msgs/hook/ld_library_path_lib.dsv'
[5.551s] INFO:colcon.colcon_core.shell:Creating environment hook '/home/vox/Vox/install/serial_motor_demo_msgs/share/serial_motor_demo_msgs/hook/ld_library_path_lib.sh'
[5.554s] Level 1:colcon.colcon_core.environment:checking '/home/vox/Vox/install/serial_motor_demo_msgs/bin'
[5.554s] Level 1:colcon.colcon_core.environment:checking '/home/vox/Vox/install/serial_motor_demo_msgs/lib/pkgconfig/serial_motor_demo_msgs.pc'
[5.556s] Level 1:colcon.colcon_core.environment:checking '/home/vox/Vox/install/serial_motor_demo_msgs/lib/python3.10/site-packages'
[5.556s] Level 1:colcon.colcon_core.shell:create_environment_hook('serial_motor_demo_msgs', 'pythonpath')
[5.557s] INFO:colcon.colcon_core.shell:Creating environment hook '/home/vox/Vox/install/serial_motor_demo_msgs/share/serial_motor_demo_msgs/hook/pythonpath.ps1'
[5.559s] INFO:colcon.colcon_core.shell:Creating environment descriptor '/home/vox/Vox/install/serial_motor_demo_msgs/share/serial_motor_demo_msgs/hook/pythonpath.dsv'
[5.561s] INFO:colcon.colcon_core.shell:Creating environment hook '/home/vox/Vox/install/serial_motor_demo_msgs/share/serial_motor_demo_msgs/hook/pythonpath.sh'
[5.564s] Level 1:colcon.colcon_core.environment:checking '/home/vox/Vox/install/serial_motor_demo_msgs/bin'
[5.566s] INFO:colcon.colcon_core.shell:Creating package script '/home/vox/Vox/install/serial_motor_demo_msgs/share/serial_motor_demo_msgs/package.ps1'
[5.569s] INFO:colcon.colcon_core.shell:Creating package descriptor '/home/vox/Vox/install/serial_motor_demo_msgs/share/serial_motor_demo_msgs/package.dsv'
[5.572s] INFO:colcon.colcon_core.shell:Creating package script '/home/vox/Vox/install/serial_motor_demo_msgs/share/serial_motor_demo_msgs/package.sh'
[5.574s] INFO:colcon.colcon_core.shell:Creating package script '/home/vox/Vox/install/serial_motor_demo_msgs/share/serial_motor_demo_msgs/package.bash'
[5.577s] INFO:colcon.colcon_core.shell:Creating package script '/home/vox/Vox/install/serial_motor_demo_msgs/share/serial_motor_demo_msgs/package.zsh'
[5.580s] Level 1:colcon.colcon_core.environment:create_file_with_runtime_dependencies(/home/vox/Vox/install/serial_motor_demo_msgs/share/colcon-core/packages/serial_motor_demo_msgs)
[5.583s] INFO:colcon.colcon_ros.task.ament_python.build:Building ROS package in '/home/vox/Vox/src/serial_motor_demo/serial_motor_demo' with build type 'ament_python'
[5.583s] Level 1:colcon.colcon_core.shell:create_environment_hook('serial_motor_demo', 'ament_prefix_path')
[5.585s] INFO:colcon.colcon_core.shell:Creating environment hook '/home/vox/Vox/install/serial_motor_demo/share/serial_motor_demo/hook/ament_prefix_path.ps1'
[5.588s] INFO:colcon.colcon_core.shell:Creating environment descriptor '/home/vox/Vox/install/serial_motor_demo/share/serial_motor_demo/hook/ament_prefix_path.dsv'
[5.591s] INFO:colcon.colcon_core.shell:Creating environment hook '/home/vox/Vox/install/serial_motor_demo/share/serial_motor_demo/hook/ament_prefix_path.sh'
[5.594s] INFO:colcon.colcon_core.shell:Skip shell extension 'powershell' for command environment: Not usable outside of PowerShell
[5.595s] DEBUG:colcon.colcon_core.shell:Skip shell extension 'dsv' for command environment
[7.204s] INFO:colcon.colcon_core.task.python.build:Building Python package in '/home/vox/Vox/src/serial_motor_demo/serial_motor_demo'
[7.205s] INFO:colcon.colcon_core.shell:Skip shell extension 'powershell' for command environment: Not usable outside of PowerShell
[7.206s] DEBUG:colcon.colcon_core.shell:Skip shell extension 'dsv' for command environment
[8.285s] Level 1:colcon.colcon_core.shell:create_environment_hook('ball_tracker', 'pythonpath_develop')
[8.286s] INFO:colcon.colcon_core.shell:Creating environment hook '/home/vox/Vox/build/ball_tracker/share/ball_tracker/hook/pythonpath_develop.ps1'
[8.288s] DEBUG:colcon.colcon_core.event_handler.log_command:Invoked command in '/home/vox/Vox/build/ball_tracker' returned '0': PYTHONPATH=/home/vox/Vox/build/ball_tracker/prefix_override:/home/vox/Vox/install/ball_tracker/lib/python3.10/site-packages:${PYTHONPATH} /usr/bin/python3 -W ignore:setup.py install is deprecated setup.py develop --editable --build-directory /home/vox/Vox/build/ball_tracker/build --no-deps symlink_data
[8.290s] INFO:colcon.colcon_core.shell:Creating environment descriptor '/home/vox/Vox/build/ball_tracker/share/ball_tracker/hook/pythonpath_develop.dsv'
[8.293s] INFO:colcon.colcon_core.shell:Creating environment hook '/home/vox/Vox/build/ball_tracker/share/ball_tracker/hook/pythonpath_develop.sh'
[8.296s] Level 1:colcon.colcon_core.environment:checking '/home/vox/Vox/install/ball_tracker' for CMake module files
[8.299s] Level 1:colcon.colcon_core.environment:checking '/home/vox/Vox/install/ball_tracker' for CMake config files
[8.302s] Level 1:colcon.colcon_core.environment:checking '/home/vox/Vox/install/ball_tracker/lib'
[8.303s] Level 1:colcon.colcon_core.environment:checking '/home/vox/Vox/install/ball_tracker/bin'
[8.304s] Level 1:colcon.colcon_core.environment:checking '/home/vox/Vox/install/ball_tracker/lib/pkgconfig/ball_tracker.pc'
[8.305s] Level 1:colcon.colcon_core.environment:checking '/home/vox/Vox/install/ball_tracker/lib/python3.10/site-packages'
[8.305s] Level 1:colcon.colcon_core.shell:create_environment_hook('ball_tracker', 'pythonpath')
[8.306s] INFO:colcon.colcon_core.shell:Creating environment hook '/home/vox/Vox/install/ball_tracker/share/ball_tracker/hook/pythonpath.ps1'
[8.309s] INFO:colcon.colcon_core.shell:Creating environment descriptor '/home/vox/Vox/install/ball_tracker/share/ball_tracker/hook/pythonpath.dsv'
[8.311s] INFO:colcon.colcon_core.shell:Creating environment hook '/home/vox/Vox/install/ball_tracker/share/ball_tracker/hook/pythonpath.sh'
[8.314s] Level 1:colcon.colcon_core.environment:checking '/home/vox/Vox/install/ball_tracker/bin'
[8.315s] Level 1:colcon.colcon_core.environment:create_environment_scripts_only(ball_tracker)
[8.316s] INFO:colcon.colcon_core.shell:Creating package script '/home/vox/Vox/install/ball_tracker/share/ball_tracker/package.ps1'
[8.319s] INFO:colcon.colcon_core.shell:Creating package descriptor '/home/vox/Vox/install/ball_tracker/share/ball_tracker/package.dsv'
[8.322s] INFO:colcon.colcon_core.shell:Creating package script '/home/vox/Vox/install/ball_tracker/share/ball_tracker/package.sh'
[8.325s] INFO:colcon.colcon_core.shell:Creating package script '/home/vox/Vox/install/ball_tracker/share/ball_tracker/package.bash'
[8.327s] INFO:colcon.colcon_core.shell:Creating package script '/home/vox/Vox/install/ball_tracker/share/ball_tracker/package.zsh'
[8.329s] Level 1:colcon.colcon_core.environment:create_file_with_runtime_dependencies(/home/vox/Vox/install/ball_tracker/share/colcon-core/packages/ball_tracker)
[9.374s] DEBUG:colcon.colcon_core.event_handler.log_command:Invoking command in '/home/vox/Vox/build/serial_motor_demo': AMENT_PREFIX_PATH=/home/vox/Vox/install/serial_motor_demo_msgs:${AMENT_PREFIX_PATH} CMAKE_PREFIX_PATH=/home/vox/Vox/install/serial_motor_demo_msgs LD_LIBRARY_PATH=/home/vox/Vox/install/serial_motor_demo_msgs/lib:${LD_LIBRARY_PATH} PYTHONPATH=/home/vox/Vox/build/serial_motor_demo/prefix_override:/home/vox/Vox/install/serial_motor_demo/lib/python3.10/site-packages:/home/vox/Vox/install/serial_motor_demo_msgs/lib/python3.10/site-packages:${PYTHONPATH} /usr/bin/python3 -W ignore:setup.py install is deprecated setup.py develop --editable --build-directory /home/vox/Vox/build/serial_motor_demo/build --no-deps symlink_data
[11.987s] Level 1:colcon.colcon_core.shell:create_environment_hook('serial_motor_demo', 'pythonpath_develop')
[11.988s] INFO:colcon.colcon_core.shell:Creating environment hook '/home/vox/Vox/build/serial_motor_demo/share/serial_motor_demo/hook/pythonpath_develop.ps1'
[11.989s] DEBUG:colcon.colcon_core.event_handler.log_command:Invoked command in '/home/vox/Vox/build/serial_motor_demo' returned '0': AMENT_PREFIX_PATH=/home/vox/Vox/install/serial_motor_demo_msgs:${AMENT_PREFIX_PATH} CMAKE_PREFIX_PATH=/home/vox/Vox/install/serial_motor_demo_msgs LD_LIBRARY_PATH=/home/vox/Vox/install/serial_motor_demo_msgs/lib:${LD_LIBRARY_PATH} PYTHONPATH=/home/vox/Vox/build/serial_motor_demo/prefix_override:/home/vox/Vox/install/serial_motor_demo/lib/python3.10/site-packages:/home/vox/Vox/install/serial_motor_demo_msgs/lib/python3.10/site-packages:${PYTHONPATH} /usr/bin/python3 -W ignore:setup.py install is deprecated setup.py develop --editable --build-directory /home/vox/Vox/build/serial_motor_demo/build --no-deps symlink_data
[11.992s] INFO:colcon.colcon_core.shell:Creating environment descriptor '/home/vox/Vox/build/serial_motor_demo/share/serial_motor_demo/hook/pythonpath_develop.dsv'
[11.994s] INFO:colcon.colcon_core.shell:Creating environment hook '/home/vox/Vox/build/serial_motor_demo/share/serial_motor_demo/hook/pythonpath_develop.sh'
[11.997s] Level 1:colcon.colcon_core.environment:checking '/home/vox/Vox/install/serial_motor_demo' for CMake module files
[11.999s] Level 1:colcon.colcon_core.environment:checking '/home/vox/Vox/install/serial_motor_demo' for CMake config files
[12.002s] Level 1:colcon.colcon_core.environment:checking '/home/vox/Vox/install/serial_motor_demo/lib'
[12.003s] Level 1:colcon.colcon_core.environment:checking '/home/vox/Vox/install/serial_motor_demo/bin'
[12.003s] Level 1:colcon.colcon_core.environment:checking '/home/vox/Vox/install/serial_motor_demo/lib/pkgconfig/serial_motor_demo.pc'
[12.004s] Level 1:colcon.colcon_core.environment:checking '/home/vox/Vox/install/serial_motor_demo/lib/python3.10/site-packages'
[12.005s] Level 1:colcon.colcon_core.shell:create_environment_hook('serial_motor_demo', 'pythonpath')
[12.006s] INFO:colcon.colcon_core.shell:Creating environment hook '/home/vox/Vox/install/serial_motor_demo/share/serial_motor_demo/hook/pythonpath.ps1'
[12.008s] INFO:colcon.colcon_core.shell:Creating environment descriptor '/home/vox/Vox/install/serial_motor_demo/share/serial_motor_demo/hook/pythonpath.dsv'
[12.010s] INFO:colcon.colcon_core.shell:Creating environment hook '/home/vox/Vox/install/serial_motor_demo/share/serial_motor_demo/hook/pythonpath.sh'
[12.013s] Level 1:colcon.colcon_core.environment:checking '/home/vox/Vox/install/serial_motor_demo/bin'
[12.013s] Level 1:colcon.colcon_core.environment:create_environment_scripts_only(serial_motor_demo)
[12.015s] INFO:colcon.colcon_core.shell:Creating package script '/home/vox/Vox/install/serial_motor_demo/share/serial_motor_demo/package.ps1'
[12.018s] INFO:colcon.colcon_core.shell:Creating package descriptor '/home/vox/Vox/install/serial_motor_demo/share/serial_motor_demo/package.dsv'
[12.021s] INFO:colcon.colcon_core.shell:Creating package script '/home/vox/Vox/install/serial_motor_demo/share/serial_motor_demo/package.sh'
[12.023s] INFO:colcon.colcon_core.shell:Creating package script '/home/vox/Vox/install/serial_motor_demo/share/serial_motor_demo/package.bash'
[12.025s] INFO:colcon.colcon_core.shell:Creating package script '/home/vox/Vox/install/serial_motor_demo/share/serial_motor_demo/package.zsh'
[12.028s] Level 1:colcon.colcon_core.environment:create_file_with_runtime_dependencies(/home/vox/Vox/install/serial_motor_demo/share/colcon-core/packages/serial_motor_demo)
[23.941s] DEBUG:colcon.colcon_core.event_handler.log_command:Invoked command in '/home/vox/Vox/build/mpu9250driver' returned '2': CMAKE_PREFIX_PATH=/opt/ros/iron /usr/bin/cmake --build /home/vox/Vox/build/mpu9250driver -- -j4 -l4
[24.072s] Level 1:colcon.colcon_core.environment:create_environment_scripts_only(mpu9250driver)
[24.073s] Level 1:colcon.colcon_core.environment:checking '/home/vox/Vox/install/mpu9250driver' for CMake module files
[24.077s] Level 1:colcon.colcon_core.environment:checking '/home/vox/Vox/install/mpu9250driver' for CMake config files
[24.081s] Level 1:colcon.colcon_core.shell:create_environment_hook('mpu9250driver', 'cmake_prefix_path')
[24.082s] INFO:colcon.colcon_core.shell:Creating environment hook '/home/vox/Vox/install/mpu9250driver/share/mpu9250driver/hook/cmake_prefix_path.ps1'
[24.084s] INFO:colcon.colcon_core.shell:Creating environment descriptor '/home/vox/Vox/install/mpu9250driver/share/mpu9250driver/hook/cmake_prefix_path.dsv'
[24.085s] INFO:colcon.colcon_core.shell:Creating environment hook '/home/vox/Vox/install/mpu9250driver/share/mpu9250driver/hook/cmake_prefix_path.sh'
[24.088s] Level 1:colcon.colcon_core.environment:checking '/home/vox/Vox/install/mpu9250driver/lib'
[24.088s] Level 1:colcon.colcon_core.environment:checking '/home/vox/Vox/install/mpu9250driver/bin'
[24.089s] Level 1:colcon.colcon_core.environment:checking '/home/vox/Vox/install/mpu9250driver/lib/pkgconfig/mpu9250driver.pc'
[24.090s] Level 1:colcon.colcon_core.environment:checking '/home/vox/Vox/install/mpu9250driver/lib/python3.10/site-packages'
[24.090s] Level 1:colcon.colcon_core.environment:checking '/home/vox/Vox/install/mpu9250driver/bin'
[24.092s] INFO:colcon.colcon_core.shell:Creating package script '/home/vox/Vox/install/mpu9250driver/share/mpu9250driver/package.ps1'
[24.094s] INFO:colcon.colcon_core.shell:Creating package descriptor '/home/vox/Vox/install/mpu9250driver/share/mpu9250driver/package.dsv'
[24.096s] INFO:colcon.colcon_core.shell:Creating package script '/home/vox/Vox/install/mpu9250driver/share/mpu9250driver/package.sh'
[24.098s] INFO:colcon.colcon_core.shell:Creating package script '/home/vox/Vox/install/mpu9250driver/share/mpu9250driver/package.bash'
[24.100s] INFO:colcon.colcon_core.shell:Creating package script '/home/vox/Vox/install/mpu9250driver/share/mpu9250driver/package.zsh'
[24.102s] Level 1:colcon.colcon_core.environment:create_file_with_runtime_dependencies(/home/vox/Vox/install/mpu9250driver/share/colcon-core/packages/mpu9250driver)
[24.113s] DEBUG:colcon.colcon_parallel_executor.executor.parallel:closing loop
[24.113s] DEBUG:colcon.colcon_parallel_executor.executor.parallel:loop closed
[24.114s] DEBUG:colcon.colcon_parallel_executor.executor.parallel:run_until_complete finished with '2'
[24.114s] DEBUG:colcon.colcon_core.event_reactor:joining thread
[24.137s] INFO:colcon.colcon_core.plugin_system:Skipping extension 'colcon_notification.desktop_notification.notify_send': Could not find 'notify-send'
[24.138s] INFO:colcon.colcon_core.plugin_system:Skipping extension 'colcon_notification.desktop_notification.terminal_notifier': Not used on non-Darwin systems
[24.138s] INFO:colcon.colcon_core.plugin_system:Skipping extension 'colcon_notification.desktop_notification.win32': Not used on non-Windows systems
[24.138s] INFO:colcon.colcon_notification.desktop_notification:Sending desktop notification using 'notify2'
[24.141s] DEBUG:colcon.colcon_notification.desktop_notification.notify2:Failed to initialize notify2: org.freedesktop.DBus.Error.ServiceUnknown: The name org.freedesktop.Notifications was not provided by any .service files
[24.141s] DEBUG:colcon.colcon_core.event_reactor:joined thread
[24.142s] INFO:colcon.colcon_core.shell:Creating prefix script '/home/vox/Vox/install/local_setup.ps1'
[24.146s] INFO:colcon.colcon_core.shell:Creating prefix util module '/home/vox/Vox/install/_local_setup_util_ps1.py'
[24.153s] INFO:colcon.colcon_core.shell:Creating prefix chain script '/home/vox/Vox/install/setup.ps1'
[24.157s] INFO:colcon.colcon_core.shell:Creating prefix script '/home/vox/Vox/install/local_setup.sh'
[24.160s] INFO:colcon.colcon_core.shell:Creating prefix util module '/home/vox/Vox/install/_local_setup_util_sh.py'
[24.162s] INFO:colcon.colcon_core.shell:Creating prefix chain script '/home/vox/Vox/install/setup.sh'
[24.166s] INFO:colcon.colcon_core.shell:Creating prefix script '/home/vox/Vox/install/local_setup.bash'
[24.168s] INFO:colcon.colcon_core.shell:Creating prefix chain script '/home/vox/Vox/install/setup.bash'
[24.172s] INFO:colcon.colcon_core.shell:Creating prefix script '/home/vox/Vox/install/local_setup.zsh'
[24.174s] INFO:colcon.colcon_core.shell:Creating prefix chain script '/home/vox/Vox/install/setup.zsh'
