[3.783s] Invoking command in '/home/vox/Vox/build/serial_motor_demo': AMENT_PREFIX_PATH=/home/vox/Vox/install/serial_motor_demo_msgs:${AMENT_PREFIX_PATH} CMAKE_PREFIX_PATH=/home/vox/Vox/install/serial_motor_demo_msgs LD_LIBRARY_PATH=/home/vox/Vox/install/serial_motor_demo_msgs/lib:${LD_LIBRARY_PATH} PYTHONPATH=/home/vox/Vox/build/serial_motor_demo/prefix_override:/home/vox/Vox/install/serial_motor_demo/lib/python3.10/site-packages:/home/vox/Vox/install/serial_motor_demo_msgs/lib/python3.10/site-packages:${PYTHONPATH} /usr/bin/python3 -W ignore:setup.py install is deprecated setup.py develop --editable --build-directory /home/vox/Vox/build/serial_motor_demo/build --no-deps symlink_data
[5.032s] /usr/lib/python3/dist-packages/setuptools/dist.py:723: UserWarning: Usage of dash-separated 'script-dir' will not be supported in future versions. Please use the underscore name 'script_dir' instead
[5.033s]   warnings.warn(
[5.209s] running develop
[5.211s] /usr/lib/python3/dist-packages/setuptools/command/easy_install.py:158: EasyInstallDeprecationWarning: easy_install command is deprecated. Use build and pip and other standards-based tools.
[5.211s]   warnings.warn(
[6.216s] running egg_info
[6.217s] writing serial_motor_demo.egg-info/PKG-INFO
[6.218s] writing dependency_links to serial_motor_demo.egg-info/dependency_links.txt
[6.219s] writing entry points to serial_motor_demo.egg-info/entry_points.txt
[6.221s] writing requirements to serial_motor_demo.egg-info/requires.txt
[6.221s] writing top-level names to serial_motor_demo.egg-info/top_level.txt
[6.230s] reading manifest file 'serial_motor_demo.egg-info/SOURCES.txt'
[6.234s] writing manifest file 'serial_motor_demo.egg-info/SOURCES.txt'
[6.241s] running build_ext
[6.241s] Creating /home/vox/Vox/install/serial_motor_demo/lib/python3.10/site-packages/serial-motor-demo.egg-link (link to .)
[6.246s] Installing driver script to /home/vox/Vox/install/serial_motor_demo/lib/serial_motor_demo
[6.247s] Installing gui script to /home/vox/Vox/install/serial_motor_demo/lib/serial_motor_demo
[6.249s] 
[6.250s] Installed /home/vox/Vox/build/serial_motor_demo
[6.250s] running symlink_data
[6.398s] Invoked command in '/home/vox/Vox/build/serial_motor_demo' returned '0': AMENT_PREFIX_PATH=/home/vox/Vox/install/serial_motor_demo_msgs:${AMENT_PREFIX_PATH} CMAKE_PREFIX_PATH=/home/vox/Vox/install/serial_motor_demo_msgs LD_LIBRARY_PATH=/home/vox/Vox/install/serial_motor_demo_msgs/lib:${LD_LIBRARY_PATH} PYTHONPATH=/home/vox/Vox/build/serial_motor_demo/prefix_override:/home/vox/Vox/install/serial_motor_demo/lib/python3.10/site-packages:/home/vox/Vox/install/serial_motor_demo_msgs/lib/python3.10/site-packages:${PYTHONPATH} /usr/bin/python3 -W ignore:setup.py install is deprecated setup.py develop --editable --build-directory /home/vox/Vox/build/serial_motor_demo/build --no-deps symlink_data
