[0.077s] Invoking command in '/home/vox/Vox/build/diffdrive_arduino': CMAKE_PREFIX_PATH=${CMAKE_PREFIX_PATH}:/home/vox/Vox/install/serial_motor_demo:/opt/ros/iron /usr/bin/cmake --build /home/vox/Vox/build/diffdrive_arduino -- -j4 -l4
[0.286s] [35m[1mConsolidate compiler generated dependencies of target diffdrive_arduino[0m
[0.411s] [ 50%] [32mBuilding CXX object CMakeFiles/diffdrive_arduino.dir/hardware/diffbot_system.cpp.o[0m
[18.970s] In file included from [01m[K/opt/ros/iron/include/rclcpp/rclcpp/logging.hpp:24[m[K,
[18.971s]                  from [01m[K/opt/ros/iron/include/rclcpp/rclcpp/client.hpp:43[m[K,
[18.972s]                  from [01m[K/opt/ros/iron/include/rclcpp/rclcpp/callback_group.hpp:24[m[K,
[18.972s]                  from [01m[K/opt/ros/iron/include/rclcpp/rclcpp/any_executable.hpp:20[m[K,
[18.972s]                  from [01m[K/opt/ros/iron/include/rclcpp/rclcpp/memory_strategy.hpp:25[m[K,
[18.973s]                  from [01m[K/opt/ros/iron/include/rclcpp/rclcpp/memory_strategies.hpp:18[m[K,
[18.973s]                  from [01m[K/opt/ros/iron/include/rclcpp/rclcpp/executor_options.hpp:20[m[K,
[18.974s]                  from [01m[K/opt/ros/iron/include/rclcpp/rclcpp/executor.hpp:37[m[K,
[18.974s]                  from [01m[K/opt/ros/iron/include/rclcpp/rclcpp/executors/multi_threaded_executor.hpp:25[m[K,
[18.974s]                  from [01m[K/opt/ros/iron/include/rclcpp/rclcpp/executors.hpp:21[m[K,
[18.975s]                  from [01m[K/opt/ros/iron/include/rclcpp/rclcpp/rclcpp.hpp:167[m[K,
[18.975s]                  from [01m[K/home/vox/Vox/src/diffdrive_arduino/hardware/diffbot_system.cpp:24[m[K:
[18.975s] [01m[K/home/vox/Vox/src/diffdrive_arduino/hardware/diffbot_system.cpp:[m[K In member function ‘[01m[Kvirtual hardware_interface::return_type diffdrive_arduino::DiffDriveArduinoHardware::read(const rclcpp::Time&, const rclcpp::Duration&)[m[K’:
[18.976s] [01m[K/home/vox/Vox/src/diffdrive_arduino/hardware/diffbot_system.cpp:239:63:[m[K [01;35m[Kwarning: [m[Kformat ‘[01m[K%d[m[K’ expects argument of type ‘[01m[Kint[m[K’, but argument 5 has type ‘[01m[Kdouble[m[K’ [[01;35m[K]8;;https://gcc.gnu.org/onlinedocs/gcc/Warning-Options.html#index-Wformat=-Wformat=]8;;[m[K]
[18.976s]   239 |   RCLCPP_INFO(rclcpp::get_logger("DiffDriveArduinoHardware"), [01;35m[K"reading... left: %d, right: %d"[m[K, [32m[Kwheel_fl_.vel[m[K, wheel_fr_.vel);
[18.977s]       |                                                               [01;35m[K^~~~~~~~~~~~~~~~~~~~~~~~~~~~~~~~[m[K  [32m[K~~~~~~~~~~~~~[m[K
[18.977s]       |                                                                                                           [32m[K|[m[K
[18.978s]       |                                                                                                           [32m[Kdouble[m[K
[18.978s] [01m[K/home/vox/Vox/src/diffdrive_arduino/hardware/diffbot_system.cpp:239:82:[m[K [01;36m[Knote: [m[Kformat string is defined here
[18.978s]   239 |   RCLCPP_INFO(rclcpp::get_logger("DiffDriveArduinoHardware"), "reading... left: [01;36m[K%d[m[K, right: %d", wheel_fl_.vel, wheel_fr_.vel);
[18.979s]       |                                                                                 [01;36m[K~^[m[K
[18.979s]       |                                                                                  [01;36m[K|[m[K
[18.979s]       |                                                                                  [01;36m[Kint[m[K
[18.980s]       |                                                                                 [32m[K%f[m[K
[18.980s] In file included from [01m[K/opt/ros/iron/include/rclcpp/rclcpp/logging.hpp:24[m[K,
[18.981s]                  from [01m[K/opt/ros/iron/include/rclcpp/rclcpp/client.hpp:43[m[K,
[18.981s]                  from [01m[K/opt/ros/iron/include/rclcpp/rclcpp/callback_group.hpp:24[m[K,
[18.982s]                  from [01m[K/opt/ros/iron/include/rclcpp/rclcpp/any_executable.hpp:20[m[K,
[18.982s]                  from [01m[K/opt/ros/iron/include/rclcpp/rclcpp/memory_strategy.hpp:25[m[K,
[18.982s]                  from [01m[K/opt/ros/iron/include/rclcpp/rclcpp/memory_strategies.hpp:18[m[K,
[18.983s]                  from [01m[K/opt/ros/iron/include/rclcpp/rclcpp/executor_options.hpp:20[m[K,
[18.983s]                  from [01m[K/opt/ros/iron/include/rclcpp/rclcpp/executor.hpp:37[m[K,
[18.984s]                  from [01m[K/opt/ros/iron/include/rclcpp/rclcpp/executors/multi_threaded_executor.hpp:25[m[K,
[18.985s]                  from [01m[K/opt/ros/iron/include/rclcpp/rclcpp/executors.hpp:21[m[K,
[18.985s]                  from [01m[K/opt/ros/iron/include/rclcpp/rclcpp/rclcpp.hpp:167[m[K,
[18.986s]                  from [01m[K/home/vox/Vox/src/diffdrive_arduino/hardware/diffbot_system.cpp:24[m[K:
[18.987s] [01m[K/home/vox/Vox/src/diffdrive_arduino/hardware/diffbot_system.cpp:239:63:[m[K [01;35m[Kwarning: [m[Kformat ‘[01m[K%d[m[K’ expects argument of type ‘[01m[Kint[m[K’, but argument 6 has type ‘[01m[Kdouble[m[K’ [[01;35m[K]8;;https://gcc.gnu.org/onlinedocs/gcc/Warning-Options.html#index-Wformat=-Wformat=]8;;[m[K]
[18.987s]   239 |   RCLCPP_INFO(rclcpp::get_logger("DiffDriveArduinoHardware"), [01;35m[K"reading... left: %d, right: %d"[m[K, wheel_fl_.vel, [32m[Kwheel_fr_.vel[m[K);
[18.988s]       |                                                               [01;35m[K^~~~~~~~~~~~~~~~~~~~~~~~~~~~~~~~[m[K                 [32m[K~~~~~~~~~~~~~[m[K
[18.989s]       |                                                                                                                          [32m[K|[m[K
[18.989s]       |                                                                                                                          [32m[Kdouble[m[K
[18.990s] [01m[K/home/vox/Vox/src/diffdrive_arduino/hardware/diffbot_system.cpp:239:93:[m[K [01;36m[Knote: [m[Kformat string is defined here
[18.991s]   239 |   RCLCPP_INFO(rclcpp::get_logger("DiffDriveArduinoHardware"), "reading... left: %d, right: [01;36m[K%d[m[K", wheel_fl_.vel, wheel_fr_.vel);
[18.991s]       |                                                                                            [01;36m[K~^[m[K
[18.992s]       |                                                                                             [01;36m[K|[m[K
[18.992s]       |                                                                                             [01;36m[Kint[m[K
[18.993s]       |                                                                                            [32m[K%f[m[K
[31.363s] [100%] [32m[1mLinking CXX shared library libdiffdrive_arduino.so[0m
[33.085s] [100%] Built target diffdrive_arduino
[43.283s] Invoked command in '/home/vox/Vox/build/diffdrive_arduino' returned '0': CMAKE_PREFIX_PATH=${CMAKE_PREFIX_PATH}:/home/vox/Vox/install/serial_motor_demo:/opt/ros/iron /usr/bin/cmake --build /home/vox/Vox/build/diffdrive_arduino -- -j4 -l4
[43.431s] Invoking command in '/home/vox/Vox/build/diffdrive_arduino': CMAKE_PREFIX_PATH=${CMAKE_PREFIX_PATH}:/home/vox/Vox/install/serial_motor_demo:/opt/ros/iron /usr/bin/cmake --install /home/vox/Vox/build/diffdrive_arduino
[43.461s] -- Install configuration: ""
[43.462s] -- Execute custom install script
[43.463s] -- Up-to-date symlink: /home/vox/Vox/install/diffdrive_arduino/share/diffdrive_arduino//diffdrive_arduino.xml
[43.466s] -- Up-to-date symlink: /home/vox/Vox/install/diffdrive_arduino/include/diffdrive_arduino/diffdrive_arduino/arduino_comms.hpp
[43.467s] -- Up-to-date symlink: /home/vox/Vox/install/diffdrive_arduino/include/diffdrive_arduino/diffdrive_arduino/diffbot_system.hpp
[43.467s] -- Up-to-date symlink: /home/vox/Vox/install/diffdrive_arduino/include/diffdrive_arduino/diffdrive_arduino/visibility_control.h
[43.468s] -- Up-to-date symlink: /home/vox/Vox/install/diffdrive_arduino/include/diffdrive_arduino/diffdrive_arduino/wheel.hpp
[43.470s] -- Up-to-date symlink: /home/vox/Vox/install/diffdrive_arduino/share/diffdrive_arduino/launch/view_robot.launch.py
[43.471s] -- Up-to-date symlink: /home/vox/Vox/install/diffdrive_arduino/share/diffdrive_arduino/ros2_control/diffbot.ros2_control.xacro
[43.472s] -- Up-to-date symlink: /home/vox/Vox/install/diffdrive_arduino/share/diffdrive_arduino/urdf/diffbot.materials.xacro
[43.473s] -- Up-to-date symlink: /home/vox/Vox/install/diffdrive_arduino/share/diffdrive_arduino/urdf/diffbot.urdf.xacro
[43.473s] -- Up-to-date symlink: /home/vox/Vox/install/diffdrive_arduino/share/diffdrive_arduino/urdf/diffbot_description.urdf.xacro
[43.474s] -- Up-to-date symlink: /home/vox/Vox/install/diffdrive_arduino/share/diffdrive_arduino/rviz/diffbot.rviz
[43.475s] -- Up-to-date symlink: /home/vox/Vox/install/diffdrive_arduino/share/diffdrive_arduino/rviz/diffbot_view.rviz
[43.476s] -- Up-to-date symlink: /home/vox/Vox/install/diffdrive_arduino/share/diffdrive_arduino/launch/diffbot.launch.py
[43.478s] -- Up-to-date symlink: /home/vox/Vox/install/diffdrive_arduino/share/diffdrive_arduino/config/diffbot_controllers.yaml
[43.478s] -- Up-to-date symlink: /home/vox/Vox/install/diffdrive_arduino/share/diffdrive_arduino/environment/library_path.sh
[43.479s] -- Up-to-date symlink: /home/vox/Vox/install/diffdrive_arduino/share/diffdrive_arduino/environment/library_path.dsv
[43.480s] -- Up-to-date symlink: /home/vox/Vox/install/diffdrive_arduino/share/ament_index/resource_index/package_run_dependencies/diffdrive_arduino
[43.481s] -- Up-to-date symlink: /home/vox/Vox/install/diffdrive_arduino/share/ament_index/resource_index/parent_prefix_path/diffdrive_arduino
[43.482s] -- Up-to-date symlink: /home/vox/Vox/install/diffdrive_arduino/share/diffdrive_arduino/environment/ament_prefix_path.sh
[43.483s] -- Up-to-date symlink: /home/vox/Vox/install/diffdrive_arduino/share/diffdrive_arduino/environment/ament_prefix_path.dsv
[43.484s] -- Up-to-date symlink: /home/vox/Vox/install/diffdrive_arduino/share/diffdrive_arduino/environment/path.sh
[43.485s] -- Up-to-date symlink: /home/vox/Vox/install/diffdrive_arduino/share/diffdrive_arduino/environment/path.dsv
[43.486s] -- Up-to-date symlink: /home/vox/Vox/install/diffdrive_arduino/share/diffdrive_arduino/local_setup.bash
[43.486s] -- Up-to-date symlink: /home/vox/Vox/install/diffdrive_arduino/share/diffdrive_arduino/local_setup.sh
[43.487s] -- Up-to-date symlink: /home/vox/Vox/install/diffdrive_arduino/share/diffdrive_arduino/local_setup.zsh
[43.488s] -- Up-to-date symlink: /home/vox/Vox/install/diffdrive_arduino/share/diffdrive_arduino/local_setup.dsv
[43.488s] -- Symlinking: /home/vox/Vox/install/diffdrive_arduino/share/diffdrive_arduino/package.dsv
[43.523s] -- Up-to-date symlink: /home/vox/Vox/install/diffdrive_arduino/share/ament_index/resource_index/packages/diffdrive_arduino
[43.524s] -- Up-to-date symlink: /home/vox/Vox/install/diffdrive_arduino/share/ament_index/resource_index/hardware_interface__pluginlib__plugin/diffdrive_arduino
[43.525s] -- Up-to-date symlink: /home/vox/Vox/install/diffdrive_arduino/share/diffdrive_arduino/cmake/ament_cmake_export_targets-extras.cmake
[43.526s] -- Up-to-date symlink: /home/vox/Vox/install/diffdrive_arduino/share/diffdrive_arduino/cmake/ament_cmake_export_dependencies-extras.cmake
[43.527s] -- Up-to-date symlink: /home/vox/Vox/install/diffdrive_arduino/share/diffdrive_arduino/cmake/diffdrive_arduinoConfig.cmake
[43.528s] -- Up-to-date symlink: /home/vox/Vox/install/diffdrive_arduino/share/diffdrive_arduino/cmake/diffdrive_arduinoConfig-version.cmake
[43.529s] -- Up-to-date symlink: /home/vox/Vox/install/diffdrive_arduino/share/diffdrive_arduino/package.xml
[43.530s] -- Installing: /home/vox/Vox/install/diffdrive_arduino/lib/libdiffdrive_arduino.so
[43.538s] -- Set runtime path of "/home/vox/Vox/install/diffdrive_arduino/lib/libdiffdrive_arduino.so" to ""
[43.539s] -- Up-to-date: /home/vox/Vox/install/diffdrive_arduino/share/diffdrive_arduino/cmake/export_diffdrive_arduinoExport.cmake
[43.539s] -- Up-to-date: /home/vox/Vox/install/diffdrive_arduino/share/diffdrive_arduino/cmake/export_diffdrive_arduinoExport-noconfig.cmake
[43.547s] Invoked command in '/home/vox/Vox/build/diffdrive_arduino' returned '0': CMAKE_PREFIX_PATH=${CMAKE_PREFIX_PATH}:/home/vox/Vox/install/serial_motor_demo:/opt/ros/iron /usr/bin/cmake --install /home/vox/Vox/build/diffdrive_arduino
