[2.905s] Invoking command in '/home/vox/Vox/build/serial_motor_demo': AMENT_PREFIX_PATH=/home/vox/Vox/install/serial_motor_demo_msgs:${AMENT_PREFIX_PATH} CMAKE_PREFIX_PATH=/home/vox/Vox/install/serial_motor_demo_msgs LD_LIBRARY_PATH=/home/vox/Vox/install/serial_motor_demo_msgs/lib:${LD_LIBRARY_PATH} PYTHONPATH=/home/vox/Vox/build/serial_motor_demo/prefix_override:/home/vox/Vox/install/serial_motor_demo/lib/python3.10/site-packages:/home/vox/Vox/install/serial_motor_demo_msgs/lib/python3.10/site-packages:${PYTHONPATH} /usr/bin/python3 -W ignore:setup.py install is deprecated setup.py develop --editable --build-directory /home/vox/Vox/build/serial_motor_demo/build --no-deps symlink_data
[3.823s] /usr/lib/python3/dist-packages/setuptools/dist.py:723: UserWarning: Usage of dash-separated 'script-dir' will not be supported in future versions. Please use the underscore name 'script_dir' instead
[3.824s]   warnings.warn(
[3.967s] running develop
[3.968s] /usr/lib/python3/dist-packages/setuptools/command/easy_install.py:158: EasyInstallDeprecationWarning: easy_install command is deprecated. Use build and pip and other standards-based tools.
[3.969s]   warnings.warn(
[4.622s] running egg_info
[4.622s] writing serial_motor_demo.egg-info/PKG-INFO
[4.623s] writing dependency_links to serial_motor_demo.egg-info/dependency_links.txt
[4.624s] writing entry points to serial_motor_demo.egg-info/entry_points.txt
[4.625s] writing requirements to serial_motor_demo.egg-info/requires.txt
[4.626s] writing top-level names to serial_motor_demo.egg-info/top_level.txt
[4.633s] reading manifest file 'serial_motor_demo.egg-info/SOURCES.txt'
[4.636s] writing manifest file 'serial_motor_demo.egg-info/SOURCES.txt'
[4.641s] running build_ext
[4.642s] Creating /home/vox/Vox/install/serial_motor_demo/lib/python3.10/site-packages/serial-motor-demo.egg-link (link to .)
[4.645s] Installing driver script to /home/vox/Vox/install/serial_motor_demo/lib/serial_motor_demo
[4.646s] Installing gui script to /home/vox/Vox/install/serial_motor_demo/lib/serial_motor_demo
[4.647s] 
[4.648s] Installed /home/vox/Vox/build/serial_motor_demo
[4.648s] running symlink_data
[4.779s] Invoked command in '/home/vox/Vox/build/serial_motor_demo' returned '0': AMENT_PREFIX_PATH=/home/vox/Vox/install/serial_motor_demo_msgs:${AMENT_PREFIX_PATH} CMAKE_PREFIX_PATH=/home/vox/Vox/install/serial_motor_demo_msgs LD_LIBRARY_PATH=/home/vox/Vox/install/serial_motor_demo_msgs/lib:${LD_LIBRARY_PATH} PYTHONPATH=/home/vox/Vox/build/serial_motor_demo/prefix_override:/home/vox/Vox/install/serial_motor_demo/lib/python3.10/site-packages:/home/vox/Vox/install/serial_motor_demo_msgs/lib/python3.10/site-packages:${PYTHONPATH} /usr/bin/python3 -W ignore:setup.py install is deprecated setup.py develop --editable --build-directory /home/vox/Vox/build/serial_motor_demo/build --no-deps symlink_data
