[0.743s] DEBUG:colcon:Command line arguments: ['/usr/bin/colcon', 'build', '--symlink-install']
[0.743s] DEBUG:colcon:Parsed command line arguments: Namespace(log_base=None, log_level=None, verb_name='build', build_base='build', install_base='install', merge_install=False, symlink_install=True, test_result_base=None, continue_on_error=False, executor='parallel', parallel_workers=4, event_handlers=None, ignore_user_meta=False, metas=['./colcon.meta'], base_paths=['.'], packages_ignore=None, packages_ignore_regex=None, paths=None, packages_up_to=None, packages_up_to_regex=None, packages_above=None, packages_above_and_dependencies=None, packages_above_depth=None, packages_select_by_dep=None, packages_skip_by_dep=None, packages_skip_up_to=None, packages_select_build_failed=False, packages_skip_build_finished=False, packages_select_test_failures=False, packages_skip_test_passed=False, packages_select=None, packages_skip=None, packages_select_regex=None, packages_skip_regex=None, packages_start=None, packages_end=None, allow_overriding=[], cmake_args=None, cmake_target=None, cmake_target_skip_unavailable=False, cmake_clean_cache=False, cmake_clean_first=False, cmake_force_configure=False, ament_cmake_args=None, catkin_cmake_args=None, catkin_skip_building_tests=False, verb_parser=<colcon_defaults.argument_parser.defaults.DefaultArgumentsDecorator object at 0xffffa4bdfe20>, verb_extension=<colcon_core.verb.build.BuildVerb object at 0xffffa4d54a30>, main=<bound method BuildVerb.main of <colcon_core.verb.build.BuildVerb object at 0xffffa4d54a30>>)
[2.047s] Level 1:colcon.colcon_core.package_discovery:discover_packages(colcon_meta) check parameters
[2.048s] Level 1:colcon.colcon_core.package_discovery:discover_packages(recursive) check parameters
[2.048s] Level 1:colcon.colcon_core.package_discovery:discover_packages(ignore) check parameters
[2.048s] Level 1:colcon.colcon_core.package_discovery:discover_packages(path) check parameters
[2.048s] Level 1:colcon.colcon_core.package_discovery:discover_packages(colcon_meta) discover
[2.048s] Level 1:colcon.colcon_core.package_discovery:discover_packages(recursive) discover
[2.048s] INFO:colcon.colcon_core.package_discovery:Crawling recursively for packages in '/home/vox/Vox'
[2.049s] Level 1:colcon.colcon_core.package_identification:_identify(.) by extensions ['ignore', 'ignore_ament_install']
[2.050s] Level 1:colcon.colcon_core.package_identification:_identify(.) by extension 'ignore'
[2.050s] Level 1:colcon.colcon_core.package_identification:_identify(.) by extension 'ignore_ament_install'
[2.050s] Level 1:colcon.colcon_core.package_identification:_identify(.) by extensions ['colcon_pkg']
[2.050s] Level 1:colcon.colcon_core.package_identification:_identify(.) by extension 'colcon_pkg'
[2.051s] Level 1:colcon.colcon_core.package_identification:_identify(.) by extensions ['colcon_meta']
[2.051s] Level 1:colcon.colcon_core.package_identification:_identify(.) by extension 'colcon_meta'
[2.051s] Level 1:colcon.colcon_core.package_identification:_identify(.) by extensions ['ros']
[2.051s] Level 1:colcon.colcon_core.package_identification:_identify(.) by extension 'ros'
[2.149s] Level 1:colcon.colcon_core.package_identification:_identify(.) by extensions ['cmake', 'python']
[2.149s] Level 1:colcon.colcon_core.package_identification:_identify(.) by extension 'cmake'
[2.149s] Level 1:colcon.colcon_core.package_identification:_identify(.) by extension 'python'
[2.149s] Level 1:colcon.colcon_core.package_identification:_identify(.) by extensions ['python_setup_py']
[2.150s] Level 1:colcon.colcon_core.package_identification:_identify(.) by extension 'python_setup_py'
[2.150s] Level 1:colcon.colcon_core.package_identification:_identify(build) by extensions ['ignore', 'ignore_ament_install']
[2.150s] Level 1:colcon.colcon_core.package_identification:_identify(build) by extension 'ignore'
[2.151s] Level 1:colcon.colcon_core.package_identification:_identify(build) ignored
[2.151s] Level 1:colcon.colcon_core.package_identification:_identify(install) by extensions ['ignore', 'ignore_ament_install']
[2.152s] Level 1:colcon.colcon_core.package_identification:_identify(install) by extension 'ignore'
[2.152s] Level 1:colcon.colcon_core.package_identification:_identify(install) ignored
[2.152s] Level 1:colcon.colcon_core.package_identification:_identify(log) by extensions ['ignore', 'ignore_ament_install']
[2.153s] Level 1:colcon.colcon_core.package_identification:_identify(log) by extension 'ignore'
[2.153s] Level 1:colcon.colcon_core.package_identification:_identify(log) ignored
[2.153s] Level 1:colcon.colcon_core.package_identification:_identify(src) by extensions ['ignore', 'ignore_ament_install']
[2.154s] Level 1:colcon.colcon_core.package_identification:_identify(src) by extension 'ignore'
[2.154s] Level 1:colcon.colcon_core.package_identification:_identify(src) by extension 'ignore_ament_install'
[2.154s] Level 1:colcon.colcon_core.package_identification:_identify(src) by extensions ['colcon_pkg']
[2.154s] Level 1:colcon.colcon_core.package_identification:_identify(src) by extension 'colcon_pkg'
[2.154s] Level 1:colcon.colcon_core.package_identification:_identify(src) by extensions ['colcon_meta']
[2.154s] Level 1:colcon.colcon_core.package_identification:_identify(src) by extension 'colcon_meta'
[2.154s] Level 1:colcon.colcon_core.package_identification:_identify(src) by extensions ['ros']
[2.155s] Level 1:colcon.colcon_core.package_identification:_identify(src) by extension 'ros'
[2.155s] Level 1:colcon.colcon_core.package_identification:_identify(src) by extensions ['cmake', 'python']
[2.155s] Level 1:colcon.colcon_core.package_identification:_identify(src) by extension 'cmake'
[2.155s] Level 1:colcon.colcon_core.package_identification:_identify(src) by extension 'python'
[2.155s] Level 1:colcon.colcon_core.package_identification:_identify(src) by extensions ['python_setup_py']
[2.155s] Level 1:colcon.colcon_core.package_identification:_identify(src) by extension 'python_setup_py'
[2.156s] Level 1:colcon.colcon_core.package_identification:_identify(src/diffdrive_arduino) by extensions ['ignore', 'ignore_ament_install']
[2.156s] Level 1:colcon.colcon_core.package_identification:_identify(src/diffdrive_arduino) by extension 'ignore'
[2.156s] Level 1:colcon.colcon_core.package_identification:_identify(src/diffdrive_arduino) by extension 'ignore_ament_install'
[2.157s] Level 1:colcon.colcon_core.package_identification:_identify(src/diffdrive_arduino) by extensions ['colcon_pkg']
[2.157s] Level 1:colcon.colcon_core.package_identification:_identify(src/diffdrive_arduino) by extension 'colcon_pkg'
[2.157s] Level 1:colcon.colcon_core.package_identification:_identify(src/diffdrive_arduino) by extensions ['colcon_meta']
[2.157s] Level 1:colcon.colcon_core.package_identification:_identify(src/diffdrive_arduino) by extension 'colcon_meta'
[2.157s] Level 1:colcon.colcon_core.package_identification:_identify(src/diffdrive_arduino) by extensions ['ros']
[2.157s] Level 1:colcon.colcon_core.package_identification:_identify(src/diffdrive_arduino) by extension 'ros'
[2.169s] DEBUG:colcon.colcon_core.package_identification:Package 'src/diffdrive_arduino' with type 'ros.ament_cmake' and name 'diffdrive_arduino'
[2.171s] Level 1:colcon.colcon_core.package_identification:_identify(src/serial_motor_demo) by extensions ['ignore', 'ignore_ament_install']
[2.172s] Level 1:colcon.colcon_core.package_identification:_identify(src/serial_motor_demo) by extension 'ignore'
[2.172s] Level 1:colcon.colcon_core.package_identification:_identify(src/serial_motor_demo) by extension 'ignore_ament_install'
[2.172s] Level 1:colcon.colcon_core.package_identification:_identify(src/serial_motor_demo) by extensions ['colcon_pkg']
[2.172s] Level 1:colcon.colcon_core.package_identification:_identify(src/serial_motor_demo) by extension 'colcon_pkg'
[2.172s] Level 1:colcon.colcon_core.package_identification:_identify(src/serial_motor_demo) by extensions ['colcon_meta']
[2.173s] Level 1:colcon.colcon_core.package_identification:_identify(src/serial_motor_demo) by extension 'colcon_meta'
[2.173s] Level 1:colcon.colcon_core.package_identification:_identify(src/serial_motor_demo) by extensions ['ros']
[2.173s] Level 1:colcon.colcon_core.package_identification:_identify(src/serial_motor_demo) by extension 'ros'
[2.174s] Level 1:colcon.colcon_core.package_identification:_identify(src/serial_motor_demo) by extensions ['cmake', 'python']
[2.174s] Level 1:colcon.colcon_core.package_identification:_identify(src/serial_motor_demo) by extension 'cmake'
[2.174s] Level 1:colcon.colcon_core.package_identification:_identify(src/serial_motor_demo) by extension 'python'
[2.174s] Level 1:colcon.colcon_core.package_identification:_identify(src/serial_motor_demo) by extensions ['python_setup_py']
[2.174s] Level 1:colcon.colcon_core.package_identification:_identify(src/serial_motor_demo) by extension 'python_setup_py'
[2.176s] Level 1:colcon.colcon_core.package_identification:_identify(src/serial_motor_demo/serial_motor_demo) by extensions ['ignore', 'ignore_ament_install']
[2.176s] Level 1:colcon.colcon_core.package_identification:_identify(src/serial_motor_demo/serial_motor_demo) by extension 'ignore'
[2.176s] Level 1:colcon.colcon_core.package_identification:_identify(src/serial_motor_demo/serial_motor_demo) by extension 'ignore_ament_install'
[2.177s] Level 1:colcon.colcon_core.package_identification:_identify(src/serial_motor_demo/serial_motor_demo) by extensions ['colcon_pkg']
[2.177s] Level 1:colcon.colcon_core.package_identification:_identify(src/serial_motor_demo/serial_motor_demo) by extension 'colcon_pkg'
[2.177s] Level 1:colcon.colcon_core.package_identification:_identify(src/serial_motor_demo/serial_motor_demo) by extensions ['colcon_meta']
[2.177s] Level 1:colcon.colcon_core.package_identification:_identify(src/serial_motor_demo/serial_motor_demo) by extension 'colcon_meta'
[2.177s] Level 1:colcon.colcon_core.package_identification:_identify(src/serial_motor_demo/serial_motor_demo) by extensions ['ros']
[2.178s] Level 1:colcon.colcon_core.package_identification:_identify(src/serial_motor_demo/serial_motor_demo) by extension 'ros'
[2.181s] DEBUG:colcon.colcon_core.package_identification:Package 'src/serial_motor_demo/serial_motor_demo' with type 'ros.ament_python' and name 'serial_motor_demo'
[2.183s] Level 1:colcon.colcon_core.package_identification:_identify(src/serial_motor_demo/serial_motor_demo_msgs) by extensions ['ignore', 'ignore_ament_install']
[2.183s] Level 1:colcon.colcon_core.package_identification:_identify(src/serial_motor_demo/serial_motor_demo_msgs) by extension 'ignore'
[2.183s] Level 1:colcon.colcon_core.package_identification:_identify(src/serial_motor_demo/serial_motor_demo_msgs) by extension 'ignore_ament_install'
[2.184s] Level 1:colcon.colcon_core.package_identification:_identify(src/serial_motor_demo/serial_motor_demo_msgs) by extensions ['colcon_pkg']
[2.184s] Level 1:colcon.colcon_core.package_identification:_identify(src/serial_motor_demo/serial_motor_demo_msgs) by extension 'colcon_pkg'
[2.184s] Level 1:colcon.colcon_core.package_identification:_identify(src/serial_motor_demo/serial_motor_demo_msgs) by extensions ['colcon_meta']
[2.184s] Level 1:colcon.colcon_core.package_identification:_identify(src/serial_motor_demo/serial_motor_demo_msgs) by extension 'colcon_meta'
[2.184s] Level 1:colcon.colcon_core.package_identification:_identify(src/serial_motor_demo/serial_motor_demo_msgs) by extensions ['ros']
[2.184s] Level 1:colcon.colcon_core.package_identification:_identify(src/serial_motor_demo/serial_motor_demo_msgs) by extension 'ros'
[2.187s] DEBUG:colcon.colcon_core.package_identification:Package 'src/serial_motor_demo/serial_motor_demo_msgs' with type 'ros.ament_cmake' and name 'serial_motor_demo_msgs'
[2.188s] Level 1:colcon.colcon_core.package_identification:_identify(src/vox) by extensions ['ignore', 'ignore_ament_install']
[2.188s] Level 1:colcon.colcon_core.package_identification:_identify(src/vox) by extension 'ignore'
[2.189s] Level 1:colcon.colcon_core.package_identification:_identify(src/vox) by extension 'ignore_ament_install'
[2.189s] Level 1:colcon.colcon_core.package_identification:_identify(src/vox) by extensions ['colcon_pkg']
[2.189s] Level 1:colcon.colcon_core.package_identification:_identify(src/vox) by extension 'colcon_pkg'
[2.189s] Level 1:colcon.colcon_core.package_identification:_identify(src/vox) by extensions ['colcon_meta']
[2.189s] Level 1:colcon.colcon_core.package_identification:_identify(src/vox) by extension 'colcon_meta'
[2.190s] Level 1:colcon.colcon_core.package_identification:_identify(src/vox) by extensions ['ros']
[2.190s] Level 1:colcon.colcon_core.package_identification:_identify(src/vox) by extension 'ros'
[2.193s] DEBUG:colcon.colcon_core.package_identification:Package 'src/vox' with type 'ros.ament_cmake' and name 'vox'
[2.193s] Level 1:colcon.colcon_core.package_discovery:discover_packages(recursive) using defaults
[2.193s] Level 1:colcon.colcon_core.package_discovery:discover_packages(ignore) discover
[2.193s] Level 1:colcon.colcon_core.package_discovery:discover_packages(ignore) using defaults
[2.193s] Level 1:colcon.colcon_core.package_discovery:discover_packages(path) discover
[2.194s] Level 1:colcon.colcon_core.package_discovery:discover_packages(path) using defaults
[2.331s] Level 1:colcon.colcon_core.package_discovery:discover_packages(prefix_path) check parameters
[2.331s] Level 1:colcon.colcon_core.package_discovery:discover_packages(prefix_path) discover
[2.349s] DEBUG:colcon.colcon_installed_package_information.package_discovery:Found 4 installed packages in /home/vox/Vox/install
[2.362s] DEBUG:colcon.colcon_installed_package_information.package_discovery:Found 309 installed packages in /opt/ros/iron
[2.409s] Level 1:colcon.colcon_core.package_discovery:discover_packages(prefix_path) using defaults
[2.611s] Level 5:colcon.colcon_core.verb:set package 'diffdrive_arduino' build argument 'cmake_args' from command line to 'None'
[2.611s] Level 5:colcon.colcon_core.verb:set package 'diffdrive_arduino' build argument 'cmake_target' from command line to 'None'
[2.611s] Level 5:colcon.colcon_core.verb:set package 'diffdrive_arduino' build argument 'cmake_target_skip_unavailable' from command line to 'False'
[2.611s] Level 5:colcon.colcon_core.verb:set package 'diffdrive_arduino' build argument 'cmake_clean_cache' from command line to 'False'
[2.611s] Level 5:colcon.colcon_core.verb:set package 'diffdrive_arduino' build argument 'cmake_clean_first' from command line to 'False'
[2.612s] Level 5:colcon.colcon_core.verb:set package 'diffdrive_arduino' build argument 'cmake_force_configure' from command line to 'False'
[2.612s] Level 5:colcon.colcon_core.verb:set package 'diffdrive_arduino' build argument 'ament_cmake_args' from command line to 'None'
[2.612s] Level 5:colcon.colcon_core.verb:set package 'diffdrive_arduino' build argument 'catkin_cmake_args' from command line to 'None'
[2.612s] Level 5:colcon.colcon_core.verb:set package 'diffdrive_arduino' build argument 'catkin_skip_building_tests' from command line to 'False'
[2.612s] DEBUG:colcon.colcon_core.verb:Building package 'diffdrive_arduino' with the following arguments: {'ament_cmake_args': None, 'build_base': '/home/vox/Vox/build/diffdrive_arduino', 'catkin_cmake_args': None, 'catkin_skip_building_tests': False, 'cmake_args': None, 'cmake_clean_cache': False, 'cmake_clean_first': False, 'cmake_force_configure': False, 'cmake_target': None, 'cmake_target_skip_unavailable': False, 'install_base': '/home/vox/Vox/install/diffdrive_arduino', 'merge_install': False, 'path': '/home/vox/Vox/src/diffdrive_arduino', 'symlink_install': True, 'test_result_base': None}
[2.613s] Level 5:colcon.colcon_core.verb:set package 'serial_motor_demo_msgs' build argument 'cmake_args' from command line to 'None'
[2.614s] Level 5:colcon.colcon_core.verb:set package 'serial_motor_demo_msgs' build argument 'cmake_target' from command line to 'None'
[2.614s] Level 5:colcon.colcon_core.verb:set package 'serial_motor_demo_msgs' build argument 'cmake_target_skip_unavailable' from command line to 'False'
[2.614s] Level 5:colcon.colcon_core.verb:set package 'serial_motor_demo_msgs' build argument 'cmake_clean_cache' from command line to 'False'
[2.614s] Level 5:colcon.colcon_core.verb:set package 'serial_motor_demo_msgs' build argument 'cmake_clean_first' from command line to 'False'
[2.614s] Level 5:colcon.colcon_core.verb:set package 'serial_motor_demo_msgs' build argument 'cmake_force_configure' from command line to 'False'
[2.614s] Level 5:colcon.colcon_core.verb:set package 'serial_motor_demo_msgs' build argument 'ament_cmake_args' from command line to 'None'
[2.614s] Level 5:colcon.colcon_core.verb:set package 'serial_motor_demo_msgs' build argument 'catkin_cmake_args' from command line to 'None'
[2.614s] Level 5:colcon.colcon_core.verb:set package 'serial_motor_demo_msgs' build argument 'catkin_skip_building_tests' from command line to 'False'
[2.614s] DEBUG:colcon.colcon_core.verb:Building package 'serial_motor_demo_msgs' with the following arguments: {'ament_cmake_args': None, 'build_base': '/home/vox/Vox/build/serial_motor_demo_msgs', 'catkin_cmake_args': None, 'catkin_skip_building_tests': False, 'cmake_args': None, 'cmake_clean_cache': False, 'cmake_clean_first': False, 'cmake_force_configure': False, 'cmake_target': None, 'cmake_target_skip_unavailable': False, 'install_base': '/home/vox/Vox/install/serial_motor_demo_msgs', 'merge_install': False, 'path': '/home/vox/Vox/src/serial_motor_demo/serial_motor_demo_msgs', 'symlink_install': True, 'test_result_base': None}
[2.616s] Level 5:colcon.colcon_core.verb:set package 'vox' build argument 'cmake_args' from command line to 'None'
[2.616s] Level 5:colcon.colcon_core.verb:set package 'vox' build argument 'cmake_target' from command line to 'None'
[2.616s] Level 5:colcon.colcon_core.verb:set package 'vox' build argument 'cmake_target_skip_unavailable' from command line to 'False'
[2.616s] Level 5:colcon.colcon_core.verb:set package 'vox' build argument 'cmake_clean_cache' from command line to 'False'
[2.616s] Level 5:colcon.colcon_core.verb:set package 'vox' build argument 'cmake_clean_first' from command line to 'False'
[2.616s] Level 5:colcon.colcon_core.verb:set package 'vox' build argument 'cmake_force_configure' from command line to 'False'
[2.616s] Level 5:colcon.colcon_core.verb:set package 'vox' build argument 'ament_cmake_args' from command line to 'None'
[2.617s] Level 5:colcon.colcon_core.verb:set package 'vox' build argument 'catkin_cmake_args' from command line to 'None'
[2.617s] Level 5:colcon.colcon_core.verb:set package 'vox' build argument 'catkin_skip_building_tests' from command line to 'False'
[2.617s] DEBUG:colcon.colcon_core.verb:Building package 'vox' with the following arguments: {'ament_cmake_args': None, 'build_base': '/home/vox/Vox/build/vox', 'catkin_cmake_args': None, 'catkin_skip_building_tests': False, 'cmake_args': None, 'cmake_clean_cache': False, 'cmake_clean_first': False, 'cmake_force_configure': False, 'cmake_target': None, 'cmake_target_skip_unavailable': False, 'install_base': '/home/vox/Vox/install/vox', 'merge_install': False, 'path': '/home/vox/Vox/src/vox', 'symlink_install': True, 'test_result_base': None}
[2.618s] Level 5:colcon.colcon_core.verb:set package 'serial_motor_demo' build argument 'cmake_args' from command line to 'None'
[2.618s] Level 5:colcon.colcon_core.verb:set package 'serial_motor_demo' build argument 'cmake_target' from command line to 'None'
[2.618s] Level 5:colcon.colcon_core.verb:set package 'serial_motor_demo' build argument 'cmake_target_skip_unavailable' from command line to 'False'
[2.618s] Level 5:colcon.colcon_core.verb:set package 'serial_motor_demo' build argument 'cmake_clean_cache' from command line to 'False'
[2.619s] Level 5:colcon.colcon_core.verb:set package 'serial_motor_demo' build argument 'cmake_clean_first' from command line to 'False'
[2.619s] Level 5:colcon.colcon_core.verb:set package 'serial_motor_demo' build argument 'cmake_force_configure' from command line to 'False'
[2.619s] Level 5:colcon.colcon_core.verb:set package 'serial_motor_demo' build argument 'ament_cmake_args' from command line to 'None'
[2.619s] Level 5:colcon.colcon_core.verb:set package 'serial_motor_demo' build argument 'catkin_cmake_args' from command line to 'None'
[2.619s] Level 5:colcon.colcon_core.verb:set package 'serial_motor_demo' build argument 'catkin_skip_building_tests' from command line to 'False'
[2.619s] DEBUG:colcon.colcon_core.verb:Building package 'serial_motor_demo' with the following arguments: {'ament_cmake_args': None, 'build_base': '/home/vox/Vox/build/serial_motor_demo', 'catkin_cmake_args': None, 'catkin_skip_building_tests': False, 'cmake_args': None, 'cmake_clean_cache': False, 'cmake_clean_first': False, 'cmake_force_configure': False, 'cmake_target': None, 'cmake_target_skip_unavailable': False, 'install_base': '/home/vox/Vox/install/serial_motor_demo', 'merge_install': False, 'path': '/home/vox/Vox/src/serial_motor_demo/serial_motor_demo', 'symlink_install': True, 'test_result_base': None}
[2.619s] INFO:colcon.colcon_core.executor:Executing jobs using 'parallel' executor
[2.622s] DEBUG:colcon.colcon_parallel_executor.executor.parallel:run_until_complete
[2.623s] INFO:colcon.colcon_ros.task.ament_cmake.build:Building ROS package in '/home/vox/Vox/src/serial_motor_demo/serial_motor_demo_msgs' with build type 'ament_cmake'
[2.624s] INFO:colcon.colcon_cmake.task.cmake.build:Building CMake package in '/home/vox/Vox/src/serial_motor_demo/serial_motor_demo_msgs'
[2.649s] INFO:colcon.colcon_core.plugin_system:Skipping extension 'colcon_core.shell.bat': Not used on non-Windows systems
[2.651s] INFO:colcon.colcon_core.shell:Skip shell extension 'powershell' for command environment: Not usable outside of PowerShell
[2.651s] DEBUG:colcon.colcon_core.shell:Skip shell extension 'dsv' for command environment
[2.675s] INFO:colcon.colcon_ros.task.ament_cmake.build:Building ROS package in '/home/vox/Vox/src/diffdrive_arduino' with build type 'ament_cmake'
[2.675s] INFO:colcon.colcon_cmake.task.cmake.build:Building CMake package in '/home/vox/Vox/src/diffdrive_arduino'
[2.677s] INFO:colcon.colcon_core.shell:Skip shell extension 'powershell' for command environment: Not usable outside of PowerShell
[2.677s] DEBUG:colcon.colcon_core.shell:Skip shell extension 'dsv' for command environment
[2.698s] INFO:colcon.colcon_ros.task.ament_cmake.build:Building ROS package in '/home/vox/Vox/src/vox' with build type 'ament_cmake'
[2.698s] INFO:colcon.colcon_cmake.task.cmake.build:Building CMake package in '/home/vox/Vox/src/vox'
[2.700s] INFO:colcon.colcon_core.shell:Skip shell extension 'powershell' for command environment: Not usable outside of PowerShell
[2.700s] DEBUG:colcon.colcon_core.shell:Skip shell extension 'dsv' for command environment
[2.744s] DEBUG:colcon.colcon_core.event_handler.log_command:Invoking command in '/home/vox/Vox/build/serial_motor_demo_msgs': CMAKE_PREFIX_PATH=${CMAKE_PREFIX_PATH}:/home/vox/Vox/install/serial_motor_demo:/opt/ros/iron /usr/bin/cmake --build /home/vox/Vox/build/serial_motor_demo_msgs -- -j4 -l4
[2.796s] DEBUG:colcon.colcon_core.event_handler.log_command:Invoking command in '/home/vox/Vox/build/diffdrive_arduino': CMAKE_PREFIX_PATH=${CMAKE_PREFIX_PATH}:/home/vox/Vox/install/serial_motor_demo:/opt/ros/iron /usr/bin/cmake --build /home/vox/Vox/build/diffdrive_arduino -- -j4 -l4
[2.836s] DEBUG:colcon.colcon_core.event_handler.log_command:Invoking command in '/home/vox/Vox/build/vox': CMAKE_PREFIX_PATH=${CMAKE_PREFIX_PATH}:/home/vox/Vox/install/serial_motor_demo:/opt/ros/iron /usr/bin/cmake --build /home/vox/Vox/build/vox -- -j4 -l4
[3.759s] DEBUG:colcon.colcon_core.event_handler.log_command:Invoked command in '/home/vox/Vox/build/vox' returned '0': CMAKE_PREFIX_PATH=${CMAKE_PREFIX_PATH}:/home/vox/Vox/install/serial_motor_demo:/opt/ros/iron /usr/bin/cmake --build /home/vox/Vox/build/vox -- -j4 -l4
[3.956s] DEBUG:colcon.colcon_core.event_handler.log_command:Invoking command in '/home/vox/Vox/build/vox': CMAKE_PREFIX_PATH=${CMAKE_PREFIX_PATH}:/home/vox/Vox/install/serial_motor_demo:/opt/ros/iron /usr/bin/cmake --install /home/vox/Vox/build/vox
[4.190s] Level 1:colcon.colcon_core.environment:create_environment_scripts_only(vox)
[4.193s] DEBUG:colcon.colcon_core.event_handler.log_command:Invoked command in '/home/vox/Vox/build/vox' returned '0': CMAKE_PREFIX_PATH=${CMAKE_PREFIX_PATH}:/home/vox/Vox/install/serial_motor_demo:/opt/ros/iron /usr/bin/cmake --install /home/vox/Vox/build/vox
[4.346s] Level 1:colcon.colcon_core.environment:checking '/home/vox/Vox/install/vox' for CMake module files
[4.350s] Level 1:colcon.colcon_core.environment:checking '/home/vox/Vox/install/vox' for CMake config files
[4.353s] Level 1:colcon.colcon_core.shell:create_environment_hook('vox', 'cmake_prefix_path')
[4.354s] INFO:colcon.colcon_core.shell:Creating environment hook '/home/vox/Vox/install/vox/share/vox/hook/cmake_prefix_path.ps1'
[4.369s] INFO:colcon.colcon_core.shell:Creating environment descriptor '/home/vox/Vox/install/vox/share/vox/hook/cmake_prefix_path.dsv'
[4.382s] INFO:colcon.colcon_core.shell:Creating environment hook '/home/vox/Vox/install/vox/share/vox/hook/cmake_prefix_path.sh'
[4.392s] Level 1:colcon.colcon_core.environment:checking '/home/vox/Vox/install/vox/bin'
[4.393s] Level 1:colcon.colcon_core.environment:checking '/home/vox/Vox/install/vox/lib/pkgconfig/vox.pc'
[4.394s] Level 1:colcon.colcon_core.environment:checking '/home/vox/Vox/install/vox/lib/python3.10/site-packages'
[4.395s] Level 1:colcon.colcon_core.environment:checking '/home/vox/Vox/install/vox/bin'
[4.397s] INFO:colcon.colcon_core.shell:Creating package script '/home/vox/Vox/install/vox/share/vox/package.ps1'
[4.416s] INFO:colcon.colcon_core.shell:Creating package descriptor '/home/vox/Vox/install/vox/share/vox/package.dsv'
[4.431s] INFO:colcon.colcon_core.shell:Creating package script '/home/vox/Vox/install/vox/share/vox/package.sh'
[4.450s] INFO:colcon.colcon_core.shell:Creating package script '/home/vox/Vox/install/vox/share/vox/package.bash'
[4.477s] INFO:colcon.colcon_core.shell:Creating package script '/home/vox/Vox/install/vox/share/vox/package.zsh'
[4.491s] Level 1:colcon.colcon_core.environment:create_file_with_runtime_dependencies(/home/vox/Vox/install/vox/share/colcon-core/packages/vox)
[4.617s] Level 1:colcon.colcon_core.environment:create_environment_scripts_only(vox)
[4.618s] Level 1:colcon.colcon_core.environment:checking '/home/vox/Vox/install/vox' for CMake module files
[4.621s] Level 1:colcon.colcon_core.environment:checking '/home/vox/Vox/install/vox' for CMake config files
[4.627s] Level 1:colcon.colcon_core.shell:create_environment_hook('vox', 'cmake_prefix_path')
[4.629s] INFO:colcon.colcon_core.shell:Creating environment hook '/home/vox/Vox/install/vox/share/vox/hook/cmake_prefix_path.ps1'
[4.631s] INFO:colcon.colcon_core.shell:Creating environment descriptor '/home/vox/Vox/install/vox/share/vox/hook/cmake_prefix_path.dsv'
[4.632s] INFO:colcon.colcon_core.shell:Creating environment hook '/home/vox/Vox/install/vox/share/vox/hook/cmake_prefix_path.sh'
[4.635s] Level 1:colcon.colcon_core.environment:checking '/home/vox/Vox/install/vox/bin'
[4.636s] Level 1:colcon.colcon_core.environment:checking '/home/vox/Vox/install/vox/lib/pkgconfig/vox.pc'
[4.637s] Level 1:colcon.colcon_core.environment:checking '/home/vox/Vox/install/vox/lib/python3.10/site-packages'
[4.638s] Level 1:colcon.colcon_core.environment:checking '/home/vox/Vox/install/vox/bin'
[4.639s] INFO:colcon.colcon_core.shell:Creating package script '/home/vox/Vox/install/vox/share/vox/package.ps1'
[4.641s] INFO:colcon.colcon_core.shell:Creating package descriptor '/home/vox/Vox/install/vox/share/vox/package.dsv'
[4.644s] INFO:colcon.colcon_core.shell:Creating package script '/home/vox/Vox/install/vox/share/vox/package.sh'
[4.646s] INFO:colcon.colcon_core.shell:Creating package script '/home/vox/Vox/install/vox/share/vox/package.bash'
[4.648s] INFO:colcon.colcon_core.shell:Creating package script '/home/vox/Vox/install/vox/share/vox/package.zsh'
[4.651s] Level 1:colcon.colcon_core.environment:create_file_with_runtime_dependencies(/home/vox/Vox/install/vox/share/colcon-core/packages/vox)
[5.496s] DEBUG:colcon.colcon_core.event_handler.log_command:Invoked command in '/home/vox/Vox/build/serial_motor_demo_msgs' returned '0': CMAKE_PREFIX_PATH=${CMAKE_PREFIX_PATH}:/home/vox/Vox/install/serial_motor_demo:/opt/ros/iron /usr/bin/cmake --build /home/vox/Vox/build/serial_motor_demo_msgs -- -j4 -l4
[6.208s] DEBUG:colcon.colcon_core.event_handler.log_command:Invoking command in '/home/vox/Vox/build/serial_motor_demo_msgs': CMAKE_PREFIX_PATH=${CMAKE_PREFIX_PATH}:/home/vox/Vox/install/serial_motor_demo:/opt/ros/iron /usr/bin/cmake --install /home/vox/Vox/build/serial_motor_demo_msgs
[6.831s] Level 1:colcon.colcon_core.environment:create_environment_scripts_only(serial_motor_demo_msgs)
[6.832s] Level 1:colcon.colcon_core.environment:checking '/home/vox/Vox/install/serial_motor_demo_msgs' for CMake module files
[6.834s] DEBUG:colcon.colcon_core.event_handler.log_command:Invoked command in '/home/vox/Vox/build/serial_motor_demo_msgs' returned '0': CMAKE_PREFIX_PATH=${CMAKE_PREFIX_PATH}:/home/vox/Vox/install/serial_motor_demo:/opt/ros/iron /usr/bin/cmake --install /home/vox/Vox/build/serial_motor_demo_msgs
[6.838s] Level 1:colcon.colcon_core.environment:checking '/home/vox/Vox/install/serial_motor_demo_msgs' for CMake config files
[6.845s] Level 1:colcon.colcon_core.shell:create_environment_hook('serial_motor_demo_msgs', 'cmake_prefix_path')
[6.846s] INFO:colcon.colcon_core.shell:Creating environment hook '/home/vox/Vox/install/serial_motor_demo_msgs/share/serial_motor_demo_msgs/hook/cmake_prefix_path.ps1'
[6.848s] INFO:colcon.colcon_core.shell:Creating environment descriptor '/home/vox/Vox/install/serial_motor_demo_msgs/share/serial_motor_demo_msgs/hook/cmake_prefix_path.dsv'
[6.850s] INFO:colcon.colcon_core.shell:Creating environment hook '/home/vox/Vox/install/serial_motor_demo_msgs/share/serial_motor_demo_msgs/hook/cmake_prefix_path.sh'
[6.853s] Level 1:colcon.colcon_core.environment:checking '/home/vox/Vox/install/serial_motor_demo_msgs/lib'
[6.854s] Level 1:colcon.colcon_core.shell:create_environment_hook('serial_motor_demo_msgs', 'ld_library_path_lib')
[6.855s] INFO:colcon.colcon_core.shell:Creating environment hook '/home/vox/Vox/install/serial_motor_demo_msgs/share/serial_motor_demo_msgs/hook/ld_library_path_lib.ps1'
[6.856s] INFO:colcon.colcon_core.shell:Creating environment descriptor '/home/vox/Vox/install/serial_motor_demo_msgs/share/serial_motor_demo_msgs/hook/ld_library_path_lib.dsv'
[6.858s] INFO:colcon.colcon_core.shell:Creating environment hook '/home/vox/Vox/install/serial_motor_demo_msgs/share/serial_motor_demo_msgs/hook/ld_library_path_lib.sh'
[6.860s] Level 1:colcon.colcon_core.environment:checking '/home/vox/Vox/install/serial_motor_demo_msgs/bin'
[6.860s] Level 1:colcon.colcon_core.environment:checking '/home/vox/Vox/install/serial_motor_demo_msgs/lib/pkgconfig/serial_motor_demo_msgs.pc'
[6.862s] Level 1:colcon.colcon_core.environment:checking '/home/vox/Vox/install/serial_motor_demo_msgs/lib/python3.10/site-packages'
[6.862s] Level 1:colcon.colcon_core.shell:create_environment_hook('serial_motor_demo_msgs', 'pythonpath')
[6.863s] INFO:colcon.colcon_core.shell:Creating environment hook '/home/vox/Vox/install/serial_motor_demo_msgs/share/serial_motor_demo_msgs/hook/pythonpath.ps1'
[6.865s] INFO:colcon.colcon_core.shell:Creating environment descriptor '/home/vox/Vox/install/serial_motor_demo_msgs/share/serial_motor_demo_msgs/hook/pythonpath.dsv'
[6.866s] INFO:colcon.colcon_core.shell:Creating environment hook '/home/vox/Vox/install/serial_motor_demo_msgs/share/serial_motor_demo_msgs/hook/pythonpath.sh'
[6.869s] Level 1:colcon.colcon_core.environment:checking '/home/vox/Vox/install/serial_motor_demo_msgs/bin'
[6.870s] INFO:colcon.colcon_core.shell:Creating package script '/home/vox/Vox/install/serial_motor_demo_msgs/share/serial_motor_demo_msgs/package.ps1'
[6.873s] INFO:colcon.colcon_core.shell:Creating package descriptor '/home/vox/Vox/install/serial_motor_demo_msgs/share/serial_motor_demo_msgs/package.dsv'
[6.875s] INFO:colcon.colcon_core.shell:Creating package script '/home/vox/Vox/install/serial_motor_demo_msgs/share/serial_motor_demo_msgs/package.sh'
[6.877s] INFO:colcon.colcon_core.shell:Creating package script '/home/vox/Vox/install/serial_motor_demo_msgs/share/serial_motor_demo_msgs/package.bash'
[6.879s] INFO:colcon.colcon_core.shell:Creating package script '/home/vox/Vox/install/serial_motor_demo_msgs/share/serial_motor_demo_msgs/package.zsh'
[6.881s] Level 1:colcon.colcon_core.environment:create_file_with_runtime_dependencies(/home/vox/Vox/install/serial_motor_demo_msgs/share/colcon-core/packages/serial_motor_demo_msgs)
[7.572s] Level 1:colcon.colcon_core.environment:create_environment_scripts_only(serial_motor_demo_msgs)
[7.573s] Level 1:colcon.colcon_core.environment:checking '/home/vox/Vox/install/serial_motor_demo_msgs' for CMake module files
[7.578s] Level 1:colcon.colcon_core.environment:checking '/home/vox/Vox/install/serial_motor_demo_msgs' for CMake config files
[7.585s] Level 1:colcon.colcon_core.shell:create_environment_hook('serial_motor_demo_msgs', 'cmake_prefix_path')
[7.586s] INFO:colcon.colcon_core.shell:Creating environment hook '/home/vox/Vox/install/serial_motor_demo_msgs/share/serial_motor_demo_msgs/hook/cmake_prefix_path.ps1'
[7.588s] INFO:colcon.colcon_core.shell:Creating environment descriptor '/home/vox/Vox/install/serial_motor_demo_msgs/share/serial_motor_demo_msgs/hook/cmake_prefix_path.dsv'
[7.590s] INFO:colcon.colcon_core.shell:Creating environment hook '/home/vox/Vox/install/serial_motor_demo_msgs/share/serial_motor_demo_msgs/hook/cmake_prefix_path.sh'
[7.593s] Level 1:colcon.colcon_core.environment:checking '/home/vox/Vox/install/serial_motor_demo_msgs/lib'
[7.594s] Level 1:colcon.colcon_core.shell:create_environment_hook('serial_motor_demo_msgs', 'ld_library_path_lib')
[7.594s] INFO:colcon.colcon_core.shell:Creating environment hook '/home/vox/Vox/install/serial_motor_demo_msgs/share/serial_motor_demo_msgs/hook/ld_library_path_lib.ps1'
[7.596s] INFO:colcon.colcon_core.shell:Creating environment descriptor '/home/vox/Vox/install/serial_motor_demo_msgs/share/serial_motor_demo_msgs/hook/ld_library_path_lib.dsv'
[7.598s] INFO:colcon.colcon_core.shell:Creating environment hook '/home/vox/Vox/install/serial_motor_demo_msgs/share/serial_motor_demo_msgs/hook/ld_library_path_lib.sh'
[7.600s] Level 1:colcon.colcon_core.environment:checking '/home/vox/Vox/install/serial_motor_demo_msgs/bin'
[7.600s] Level 1:colcon.colcon_core.environment:checking '/home/vox/Vox/install/serial_motor_demo_msgs/lib/pkgconfig/serial_motor_demo_msgs.pc'
[7.601s] Level 1:colcon.colcon_core.environment:checking '/home/vox/Vox/install/serial_motor_demo_msgs/lib/python3.10/site-packages'
[7.601s] Level 1:colcon.colcon_core.shell:create_environment_hook('serial_motor_demo_msgs', 'pythonpath')
[7.602s] INFO:colcon.colcon_core.shell:Creating environment hook '/home/vox/Vox/install/serial_motor_demo_msgs/share/serial_motor_demo_msgs/hook/pythonpath.ps1'
[7.604s] INFO:colcon.colcon_core.shell:Creating environment descriptor '/home/vox/Vox/install/serial_motor_demo_msgs/share/serial_motor_demo_msgs/hook/pythonpath.dsv'
[7.606s] INFO:colcon.colcon_core.shell:Creating environment hook '/home/vox/Vox/install/serial_motor_demo_msgs/share/serial_motor_demo_msgs/hook/pythonpath.sh'
[7.608s] Level 1:colcon.colcon_core.environment:checking '/home/vox/Vox/install/serial_motor_demo_msgs/bin'
[7.610s] INFO:colcon.colcon_core.shell:Creating package script '/home/vox/Vox/install/serial_motor_demo_msgs/share/serial_motor_demo_msgs/package.ps1'
[7.613s] INFO:colcon.colcon_core.shell:Creating package descriptor '/home/vox/Vox/install/serial_motor_demo_msgs/share/serial_motor_demo_msgs/package.dsv'
[7.615s] INFO:colcon.colcon_core.shell:Creating package script '/home/vox/Vox/install/serial_motor_demo_msgs/share/serial_motor_demo_msgs/package.sh'
[7.618s] INFO:colcon.colcon_core.shell:Creating package script '/home/vox/Vox/install/serial_motor_demo_msgs/share/serial_motor_demo_msgs/package.bash'
[7.619s] INFO:colcon.colcon_core.shell:Creating package script '/home/vox/Vox/install/serial_motor_demo_msgs/share/serial_motor_demo_msgs/package.zsh'
[7.621s] Level 1:colcon.colcon_core.environment:create_file_with_runtime_dependencies(/home/vox/Vox/install/serial_motor_demo_msgs/share/colcon-core/packages/serial_motor_demo_msgs)
[7.623s] INFO:colcon.colcon_ros.task.ament_python.build:Building ROS package in '/home/vox/Vox/src/serial_motor_demo/serial_motor_demo' with build type 'ament_python'
[7.623s] Level 1:colcon.colcon_core.shell:create_environment_hook('serial_motor_demo', 'ament_prefix_path')
[7.625s] INFO:colcon.colcon_core.shell:Creating environment hook '/home/vox/Vox/install/serial_motor_demo/share/serial_motor_demo/hook/ament_prefix_path.ps1'
[7.628s] INFO:colcon.colcon_core.shell:Creating environment descriptor '/home/vox/Vox/install/serial_motor_demo/share/serial_motor_demo/hook/ament_prefix_path.dsv'
[7.630s] INFO:colcon.colcon_core.shell:Creating environment hook '/home/vox/Vox/install/serial_motor_demo/share/serial_motor_demo/hook/ament_prefix_path.sh'
[7.632s] INFO:colcon.colcon_core.shell:Skip shell extension 'powershell' for command environment: Not usable outside of PowerShell
[7.632s] DEBUG:colcon.colcon_core.shell:Skip shell extension 'dsv' for command environment
[8.886s] INFO:colcon.colcon_core.task.python.build:Building Python package in '/home/vox/Vox/src/serial_motor_demo/serial_motor_demo'
[8.887s] INFO:colcon.colcon_core.shell:Skip shell extension 'powershell' for command environment: Not usable outside of PowerShell
[8.888s] DEBUG:colcon.colcon_core.shell:Skip shell extension 'dsv' for command environment
[11.675s] DEBUG:colcon.colcon_core.event_handler.log_command:Invoking command in '/home/vox/Vox/build/serial_motor_demo': CMAKE_PREFIX_PATH=/home/vox/Vox/install/serial_motor_demo_msgs:/home/vox/Vox/install/vox:/home/vox/Vox/install/diffdrive_arduino LD_LIBRARY_PATH=/home/vox/Vox/install/serial_motor_demo_msgs/lib:/home/vox/Vox/install/diffdrive_arduino/lib:/opt/ros/iron/opt/rviz_ogre_vendor/lib:/opt/ros/iron/lib/aarch64-linux-gnu:/opt/ros/iron/lib:/opt/vc/lib PYTHONPATH=/home/vox/Vox/build/serial_motor_demo/prefix_override:/home/vox/Vox/install/serial_motor_demo/lib/python3.10/site-packages:/home/vox/Vox/install/serial_motor_demo_msgs/lib/python3.10/site-packages:/home/vox/Vox/build/serial_motor_demo:/home/vox/Vox/install/serial_motor_demo/lib/python3.10/site-packages:/opt/ros/iron/lib/python3.10/site-packages /usr/bin/python3 -W ignore:setup.py install is deprecated setup.py develop --editable --build-directory /home/vox/Vox/build/serial_motor_demo/build --no-deps symlink_data
[14.362s] Level 1:colcon.colcon_core.shell:create_environment_hook('serial_motor_demo', 'pythonpath_develop')
[14.363s] INFO:colcon.colcon_core.shell:Creating environment hook '/home/vox/Vox/build/serial_motor_demo/share/serial_motor_demo/hook/pythonpath_develop.ps1'
[14.364s] DEBUG:colcon.colcon_core.event_handler.log_command:Invoked command in '/home/vox/Vox/build/serial_motor_demo' returned '0': CMAKE_PREFIX_PATH=/home/vox/Vox/install/serial_motor_demo_msgs:/home/vox/Vox/install/vox:/home/vox/Vox/install/diffdrive_arduino LD_LIBRARY_PATH=/home/vox/Vox/install/serial_motor_demo_msgs/lib:/home/vox/Vox/install/diffdrive_arduino/lib:/opt/ros/iron/opt/rviz_ogre_vendor/lib:/opt/ros/iron/lib/aarch64-linux-gnu:/opt/ros/iron/lib:/opt/vc/lib PYTHONPATH=/home/vox/Vox/build/serial_motor_demo/prefix_override:/home/vox/Vox/install/serial_motor_demo/lib/python3.10/site-packages:/home/vox/Vox/install/serial_motor_demo_msgs/lib/python3.10/site-packages:/home/vox/Vox/build/serial_motor_demo:/home/vox/Vox/install/serial_motor_demo/lib/python3.10/site-packages:/opt/ros/iron/lib/python3.10/site-packages /usr/bin/python3 -W ignore:setup.py install is deprecated setup.py develop --editable --build-directory /home/vox/Vox/build/serial_motor_demo/build --no-deps symlink_data
[14.367s] INFO:colcon.colcon_core.shell:Creating environment descriptor '/home/vox/Vox/build/serial_motor_demo/share/serial_motor_demo/hook/pythonpath_develop.dsv'
[14.369s] INFO:colcon.colcon_core.shell:Creating environment hook '/home/vox/Vox/build/serial_motor_demo/share/serial_motor_demo/hook/pythonpath_develop.sh'
[14.372s] Level 1:colcon.colcon_core.environment:checking '/home/vox/Vox/install/serial_motor_demo' for CMake module files
[14.375s] Level 1:colcon.colcon_core.environment:checking '/home/vox/Vox/install/serial_motor_demo' for CMake config files
[14.378s] Level 1:colcon.colcon_core.environment:checking '/home/vox/Vox/install/serial_motor_demo/lib'
[14.379s] Level 1:colcon.colcon_core.environment:checking '/home/vox/Vox/install/serial_motor_demo/bin'
[14.379s] Level 1:colcon.colcon_core.environment:checking '/home/vox/Vox/install/serial_motor_demo/lib/pkgconfig/serial_motor_demo.pc'
[14.380s] Level 1:colcon.colcon_core.environment:checking '/home/vox/Vox/install/serial_motor_demo/lib/python3.10/site-packages'
[14.380s] Level 1:colcon.colcon_core.shell:create_environment_hook('serial_motor_demo', 'pythonpath')
[14.382s] INFO:colcon.colcon_core.shell:Creating environment hook '/home/vox/Vox/install/serial_motor_demo/share/serial_motor_demo/hook/pythonpath.ps1'
[14.384s] INFO:colcon.colcon_core.shell:Creating environment descriptor '/home/vox/Vox/install/serial_motor_demo/share/serial_motor_demo/hook/pythonpath.dsv'
[14.386s] INFO:colcon.colcon_core.shell:Creating environment hook '/home/vox/Vox/install/serial_motor_demo/share/serial_motor_demo/hook/pythonpath.sh'
[14.389s] Level 1:colcon.colcon_core.environment:checking '/home/vox/Vox/install/serial_motor_demo/bin'
[14.389s] Level 1:colcon.colcon_core.environment:create_environment_scripts_only(serial_motor_demo)
[14.391s] INFO:colcon.colcon_core.shell:Creating package script '/home/vox/Vox/install/serial_motor_demo/share/serial_motor_demo/package.ps1'
[14.394s] INFO:colcon.colcon_core.shell:Creating package descriptor '/home/vox/Vox/install/serial_motor_demo/share/serial_motor_demo/package.dsv'
[14.396s] INFO:colcon.colcon_core.shell:Creating package script '/home/vox/Vox/install/serial_motor_demo/share/serial_motor_demo/package.sh'
[14.399s] INFO:colcon.colcon_core.shell:Creating package script '/home/vox/Vox/install/serial_motor_demo/share/serial_motor_demo/package.bash'
[14.401s] INFO:colcon.colcon_core.shell:Creating package script '/home/vox/Vox/install/serial_motor_demo/share/serial_motor_demo/package.zsh'
[14.403s] Level 1:colcon.colcon_core.environment:create_file_with_runtime_dependencies(/home/vox/Vox/install/serial_motor_demo/share/colcon-core/packages/serial_motor_demo)
[27.728s] DEBUG:colcon.colcon_core.event_handler.log_command:Invoked command in '/home/vox/Vox/build/diffdrive_arduino' returned '0': CMAKE_PREFIX_PATH=${CMAKE_PREFIX_PATH}:/home/vox/Vox/install/serial_motor_demo:/opt/ros/iron /usr/bin/cmake --build /home/vox/Vox/build/diffdrive_arduino -- -j4 -l4
[27.888s] DEBUG:colcon.colcon_core.event_handler.log_command:Invoking command in '/home/vox/Vox/build/diffdrive_arduino': CMAKE_PREFIX_PATH=${CMAKE_PREFIX_PATH}:/home/vox/Vox/install/serial_motor_demo:/opt/ros/iron /usr/bin/cmake --install /home/vox/Vox/build/diffdrive_arduino
[28.057s] Level 1:colcon.colcon_core.environment:create_environment_scripts_only(diffdrive_arduino)
[28.058s] Level 1:colcon.colcon_core.environment:checking '/home/vox/Vox/install/diffdrive_arduino' for CMake module files
[28.060s] DEBUG:colcon.colcon_core.event_handler.log_command:Invoked command in '/home/vox/Vox/build/diffdrive_arduino' returned '0': CMAKE_PREFIX_PATH=${CMAKE_PREFIX_PATH}:/home/vox/Vox/install/serial_motor_demo:/opt/ros/iron /usr/bin/cmake --install /home/vox/Vox/build/diffdrive_arduino
[28.063s] Level 1:colcon.colcon_core.environment:checking '/home/vox/Vox/install/diffdrive_arduino' for CMake config files
[28.067s] Level 1:colcon.colcon_core.shell:create_environment_hook('diffdrive_arduino', 'cmake_prefix_path')
[28.068s] INFO:colcon.colcon_core.shell:Creating environment hook '/home/vox/Vox/install/diffdrive_arduino/share/diffdrive_arduino/hook/cmake_prefix_path.ps1'
[28.070s] INFO:colcon.colcon_core.shell:Creating environment descriptor '/home/vox/Vox/install/diffdrive_arduino/share/diffdrive_arduino/hook/cmake_prefix_path.dsv'
[28.072s] INFO:colcon.colcon_core.shell:Creating environment hook '/home/vox/Vox/install/diffdrive_arduino/share/diffdrive_arduino/hook/cmake_prefix_path.sh'
[28.074s] Level 1:colcon.colcon_core.environment:checking '/home/vox/Vox/install/diffdrive_arduino/lib'
[28.075s] Level 1:colcon.colcon_core.shell:create_environment_hook('diffdrive_arduino', 'ld_library_path_lib')
[28.076s] INFO:colcon.colcon_core.shell:Creating environment hook '/home/vox/Vox/install/diffdrive_arduino/share/diffdrive_arduino/hook/ld_library_path_lib.ps1'
[28.077s] INFO:colcon.colcon_core.shell:Creating environment descriptor '/home/vox/Vox/install/diffdrive_arduino/share/diffdrive_arduino/hook/ld_library_path_lib.dsv'
[28.079s] INFO:colcon.colcon_core.shell:Creating environment hook '/home/vox/Vox/install/diffdrive_arduino/share/diffdrive_arduino/hook/ld_library_path_lib.sh'
[28.081s] Level 1:colcon.colcon_core.environment:checking '/home/vox/Vox/install/diffdrive_arduino/bin'
[28.081s] Level 1:colcon.colcon_core.environment:checking '/home/vox/Vox/install/diffdrive_arduino/lib/pkgconfig/diffdrive_arduino.pc'
[28.082s] Level 1:colcon.colcon_core.environment:checking '/home/vox/Vox/install/diffdrive_arduino/lib/python3.10/site-packages'
[28.083s] Level 1:colcon.colcon_core.environment:checking '/home/vox/Vox/install/diffdrive_arduino/bin'
[28.084s] INFO:colcon.colcon_core.shell:Creating package script '/home/vox/Vox/install/diffdrive_arduino/share/diffdrive_arduino/package.ps1'
[28.086s] INFO:colcon.colcon_core.shell:Creating package descriptor '/home/vox/Vox/install/diffdrive_arduino/share/diffdrive_arduino/package.dsv'
[28.088s] INFO:colcon.colcon_core.shell:Creating package script '/home/vox/Vox/install/diffdrive_arduino/share/diffdrive_arduino/package.sh'
[28.090s] INFO:colcon.colcon_core.shell:Creating package script '/home/vox/Vox/install/diffdrive_arduino/share/diffdrive_arduino/package.bash'
[28.091s] INFO:colcon.colcon_core.shell:Creating package script '/home/vox/Vox/install/diffdrive_arduino/share/diffdrive_arduino/package.zsh'
[28.093s] Level 1:colcon.colcon_core.environment:create_file_with_runtime_dependencies(/home/vox/Vox/install/diffdrive_arduino/share/colcon-core/packages/diffdrive_arduino)
[28.238s] Level 1:colcon.colcon_core.environment:create_environment_scripts_only(diffdrive_arduino)
[28.239s] Level 1:colcon.colcon_core.environment:checking '/home/vox/Vox/install/diffdrive_arduino' for CMake module files
[28.244s] Level 1:colcon.colcon_core.environment:checking '/home/vox/Vox/install/diffdrive_arduino' for CMake config files
[28.248s] Level 1:colcon.colcon_core.shell:create_environment_hook('diffdrive_arduino', 'cmake_prefix_path')
[28.249s] INFO:colcon.colcon_core.shell:Creating environment hook '/home/vox/Vox/install/diffdrive_arduino/share/diffdrive_arduino/hook/cmake_prefix_path.ps1'
[28.251s] INFO:colcon.colcon_core.shell:Creating environment descriptor '/home/vox/Vox/install/diffdrive_arduino/share/diffdrive_arduino/hook/cmake_prefix_path.dsv'
[28.253s] INFO:colcon.colcon_core.shell:Creating environment hook '/home/vox/Vox/install/diffdrive_arduino/share/diffdrive_arduino/hook/cmake_prefix_path.sh'
[28.255s] Level 1:colcon.colcon_core.environment:checking '/home/vox/Vox/install/diffdrive_arduino/lib'
[28.256s] Level 1:colcon.colcon_core.shell:create_environment_hook('diffdrive_arduino', 'ld_library_path_lib')
[28.256s] INFO:colcon.colcon_core.shell:Creating environment hook '/home/vox/Vox/install/diffdrive_arduino/share/diffdrive_arduino/hook/ld_library_path_lib.ps1'
[28.258s] INFO:colcon.colcon_core.shell:Creating environment descriptor '/home/vox/Vox/install/diffdrive_arduino/share/diffdrive_arduino/hook/ld_library_path_lib.dsv'
[28.259s] INFO:colcon.colcon_core.shell:Creating environment hook '/home/vox/Vox/install/diffdrive_arduino/share/diffdrive_arduino/hook/ld_library_path_lib.sh'
[28.261s] Level 1:colcon.colcon_core.environment:checking '/home/vox/Vox/install/diffdrive_arduino/bin'
[28.261s] Level 1:colcon.colcon_core.environment:checking '/home/vox/Vox/install/diffdrive_arduino/lib/pkgconfig/diffdrive_arduino.pc'
[28.262s] Level 1:colcon.colcon_core.environment:checking '/home/vox/Vox/install/diffdrive_arduino/lib/python3.10/site-packages'
[28.263s] Level 1:colcon.colcon_core.environment:checking '/home/vox/Vox/install/diffdrive_arduino/bin'
[28.264s] INFO:colcon.colcon_core.shell:Creating package script '/home/vox/Vox/install/diffdrive_arduino/share/diffdrive_arduino/package.ps1'
[28.267s] INFO:colcon.colcon_core.shell:Creating package descriptor '/home/vox/Vox/install/diffdrive_arduino/share/diffdrive_arduino/package.dsv'
[28.269s] INFO:colcon.colcon_core.shell:Creating package script '/home/vox/Vox/install/diffdrive_arduino/share/diffdrive_arduino/package.sh'
[28.271s] INFO:colcon.colcon_core.shell:Creating package script '/home/vox/Vox/install/diffdrive_arduino/share/diffdrive_arduino/package.bash'
[28.272s] INFO:colcon.colcon_core.shell:Creating package script '/home/vox/Vox/install/diffdrive_arduino/share/diffdrive_arduino/package.zsh'
[28.274s] Level 1:colcon.colcon_core.environment:create_file_with_runtime_dependencies(/home/vox/Vox/install/diffdrive_arduino/share/colcon-core/packages/diffdrive_arduino)
[28.275s] DEBUG:colcon.colcon_parallel_executor.executor.parallel:closing loop
[28.276s] DEBUG:colcon.colcon_parallel_executor.executor.parallel:loop closed
[28.277s] DEBUG:colcon.colcon_parallel_executor.executor.parallel:run_until_complete finished with '0'
[28.277s] DEBUG:colcon.colcon_core.event_reactor:joining thread
[28.518s] INFO:colcon.colcon_core.plugin_system:Skipping extension 'colcon_notification.desktop_notification.notify_send': Could not find 'notify-send'
[28.518s] INFO:colcon.colcon_core.plugin_system:Skipping extension 'colcon_notification.desktop_notification.terminal_notifier': Not used on non-Darwin systems
[28.518s] INFO:colcon.colcon_core.plugin_system:Skipping extension 'colcon_notification.desktop_notification.win32': Not used on non-Windows systems
[28.518s] INFO:colcon.colcon_notification.desktop_notification:Sending desktop notification using 'notify2'
[28.521s] DEBUG:colcon.colcon_notification.desktop_notification.notify2:Failed to initialize notify2: org.freedesktop.DBus.Error.ServiceUnknown: The name org.freedesktop.Notifications was not provided by any .service files
[28.522s] DEBUG:colcon.colcon_core.event_reactor:joined thread
[28.522s] INFO:colcon.colcon_core.shell:Creating prefix script '/home/vox/Vox/install/local_setup.ps1'
[28.527s] INFO:colcon.colcon_core.shell:Creating prefix util module '/home/vox/Vox/install/_local_setup_util_ps1.py'
[28.591s] INFO:colcon.colcon_core.shell:Creating prefix chain script '/home/vox/Vox/install/setup.ps1'
[28.647s] INFO:colcon.colcon_core.shell:Creating prefix script '/home/vox/Vox/install/local_setup.sh'
[28.699s] INFO:colcon.colcon_core.shell:Creating prefix util module '/home/vox/Vox/install/_local_setup_util_sh.py'
[28.704s] INFO:colcon.colcon_core.shell:Creating prefix chain script '/home/vox/Vox/install/setup.sh'
[28.761s] INFO:colcon.colcon_core.shell:Creating prefix script '/home/vox/Vox/install/local_setup.bash'
[28.813s] INFO:colcon.colcon_core.shell:Creating prefix chain script '/home/vox/Vox/install/setup.bash'
[28.865s] INFO:colcon.colcon_core.shell:Creating prefix script '/home/vox/Vox/install/local_setup.zsh'
[28.915s] INFO:colcon.colcon_core.shell:Creating prefix chain script '/home/vox/Vox/install/setup.zsh'
