[3.861s] Invoking command in '/home/vox/Vox/build/serial_motor_demo': CMAKE_PREFIX_PATH=/home/vox/Vox/install/serial_motor_demo_msgs:/home/vox/Vox/install/vox:/home/vox/Vox/install/mpu9250driver:/home/vox/Vox/install/diffdrive_arduino PYTHONPATH=/home/vox/Vox/build/serial_motor_demo/prefix_override:/home/vox/Vox/install/serial_motor_demo/lib/python3.10/site-packages:/home/vox/Vox/install/serial_motor_demo_msgs/lib/python3.10/site-packages:/home/vox/Vox/build/serial_motor_demo:/home/vox/Vox/install/serial_motor_demo/lib/python3.10/site-packages:/home/vox/Vox/build/ball_tracker:/home/vox/Vox/install/ball_tracker/lib/python3.10/site-packages:/opt/ros/iron/lib/python3.10/site-packages /usr/bin/python3 -W ignore:setup.py install is deprecated setup.py develop --editable --build-directory /home/vox/Vox/build/serial_motor_demo/build --no-deps symlink_data
[5.130s] /usr/lib/python3/dist-packages/setuptools/dist.py:723: UserWarning: Usage of dash-separated 'script-dir' will not be supported in future versions. Please use the underscore name 'script_dir' instead
[5.130s]   warnings.warn(
[5.320s] running develop
[5.321s] /usr/lib/python3/dist-packages/setuptools/command/easy_install.py:158: EasyInstallDeprecationWarning: easy_install command is deprecated. Use build and pip and other standards-based tools.
[5.322s]   warnings.warn(
[6.341s] running egg_info
[6.342s] writing serial_motor_demo.egg-info/PKG-INFO
[6.343s] writing dependency_links to serial_motor_demo.egg-info/dependency_links.txt
[6.344s] writing entry points to serial_motor_demo.egg-info/entry_points.txt
[6.345s] writing requirements to serial_motor_demo.egg-info/requires.txt
[6.346s] writing top-level names to serial_motor_demo.egg-info/top_level.txt
[6.355s] reading manifest file 'serial_motor_demo.egg-info/SOURCES.txt'
[6.359s] writing manifest file 'serial_motor_demo.egg-info/SOURCES.txt'
[6.366s] running build_ext
[6.367s] Creating /home/vox/Vox/install/serial_motor_demo/lib/python3.10/site-packages/serial-motor-demo.egg-link (link to .)
[6.371s] Installing driver script to /home/vox/Vox/install/serial_motor_demo/lib/serial_motor_demo
[6.372s] Installing gui script to /home/vox/Vox/install/serial_motor_demo/lib/serial_motor_demo
[6.374s] 
[6.375s] Installed /home/vox/Vox/build/serial_motor_demo
[6.375s] running symlink_data
[6.523s] Invoked command in '/home/vox/Vox/build/serial_motor_demo' returned '0': CMAKE_PREFIX_PATH=/home/vox/Vox/install/serial_motor_demo_msgs:/home/vox/Vox/install/vox:/home/vox/Vox/install/mpu9250driver:/home/vox/Vox/install/diffdrive_arduino PYTHONPATH=/home/vox/Vox/build/serial_motor_demo/prefix_override:/home/vox/Vox/install/serial_motor_demo/lib/python3.10/site-packages:/home/vox/Vox/install/serial_motor_demo_msgs/lib/python3.10/site-packages:/home/vox/Vox/build/serial_motor_demo:/home/vox/Vox/install/serial_motor_demo/lib/python3.10/site-packages:/home/vox/Vox/build/ball_tracker:/home/vox/Vox/install/ball_tracker/lib/python3.10/site-packages:/opt/ros/iron/lib/python3.10/site-packages /usr/bin/python3 -W ignore:setup.py install is deprecated setup.py develop --editable --build-directory /home/vox/Vox/build/serial_motor_demo/build --no-deps symlink_data
