[0.435s] DEBUG:colcon:Command line arguments: ['/usr/bin/colcon', 'build', '--symlink-install']
[0.436s] DEBUG:colcon:Parsed command line arguments: Namespace(log_base=None, log_level=None, verb_name='build', build_base='build', install_base='install', merge_install=False, symlink_install=True, test_result_base=None, continue_on_error=False, executor='parallel', parallel_workers=4, event_handlers=None, ignore_user_meta=False, metas=['./colcon.meta'], base_paths=['.'], packages_ignore=None, packages_ignore_regex=None, paths=None, packages_up_to=None, packages_up_to_regex=None, packages_above=None, packages_above_and_dependencies=None, packages_above_depth=None, packages_select_by_dep=None, packages_skip_by_dep=None, packages_skip_up_to=None, packages_select_build_failed=False, packages_skip_build_finished=False, packages_select_test_failures=False, packages_skip_test_passed=False, packages_select=None, packages_skip=None, packages_select_regex=None, packages_skip_regex=None, packages_start=None, packages_end=None, allow_overriding=[], cmake_args=None, cmake_target=None, cmake_target_skip_unavailable=False, cmake_clean_cache=False, cmake_clean_first=False, cmake_force_configure=False, ament_cmake_args=None, catkin_cmake_args=None, catkin_skip_building_tests=False, mixin_files=None, mixin=None, verb_parser=<colcon_mixin.mixin.mixin_argument.MixinArgumentDecorator object at 0xffff96c28a90>, verb_extension=<colcon_core.verb.build.BuildVerb object at 0xffff96d711b0>, main=<bound method BuildVerb.main of <colcon_core.verb.build.BuildVerb object at 0xffff96d711b0>>, mixin_verb=('build',))
[1.126s] Level 1:colcon.colcon_core.package_discovery:discover_packages(colcon_meta) check parameters
[1.126s] Level 1:colcon.colcon_core.package_discovery:discover_packages(recursive) check parameters
[1.127s] Level 1:colcon.colcon_core.package_discovery:discover_packages(ignore) check parameters
[1.127s] Level 1:colcon.colcon_core.package_discovery:discover_packages(path) check parameters
[1.127s] Level 1:colcon.colcon_core.package_discovery:discover_packages(colcon_meta) discover
[1.127s] Level 1:colcon.colcon_core.package_discovery:discover_packages(recursive) discover
[1.127s] INFO:colcon.colcon_core.package_discovery:Crawling recursively for packages in '/home/vox/Vox'
[1.128s] Level 1:colcon.colcon_core.package_identification:_identify(.) by extensions ['ignore', 'ignore_ament_install']
[1.128s] Level 1:colcon.colcon_core.package_identification:_identify(.) by extension 'ignore'
[1.128s] Level 1:colcon.colcon_core.package_identification:_identify(.) by extension 'ignore_ament_install'
[1.129s] Level 1:colcon.colcon_core.package_identification:_identify(.) by extensions ['colcon_pkg']
[1.129s] Level 1:colcon.colcon_core.package_identification:_identify(.) by extension 'colcon_pkg'
[1.129s] Level 1:colcon.colcon_core.package_identification:_identify(.) by extensions ['colcon_meta']
[1.129s] Level 1:colcon.colcon_core.package_identification:_identify(.) by extension 'colcon_meta'
[1.129s] Level 1:colcon.colcon_core.package_identification:_identify(.) by extensions ['ros']
[1.129s] Level 1:colcon.colcon_core.package_identification:_identify(.) by extension 'ros'
[1.176s] Level 1:colcon.colcon_core.package_identification:_identify(.) by extensions ['cmake', 'python']
[1.176s] Level 1:colcon.colcon_core.package_identification:_identify(.) by extension 'cmake'
[1.177s] Level 1:colcon.colcon_core.package_identification:_identify(.) by extension 'python'
[1.177s] Level 1:colcon.colcon_core.package_identification:_identify(.) by extensions ['python_setup_py']
[1.177s] Level 1:colcon.colcon_core.package_identification:_identify(.) by extension 'python_setup_py'
[1.177s] Level 1:colcon.colcon_core.package_identification:_identify(build) by extensions ['ignore', 'ignore_ament_install']
[1.178s] Level 1:colcon.colcon_core.package_identification:_identify(build) by extension 'ignore'
[1.178s] Level 1:colcon.colcon_core.package_identification:_identify(build) ignored
[1.179s] Level 1:colcon.colcon_core.package_identification:_identify(install) by extensions ['ignore', 'ignore_ament_install']
[1.179s] Level 1:colcon.colcon_core.package_identification:_identify(install) by extension 'ignore'
[1.179s] Level 1:colcon.colcon_core.package_identification:_identify(install) ignored
[1.180s] Level 1:colcon.colcon_core.package_identification:_identify(log) by extensions ['ignore', 'ignore_ament_install']
[1.180s] Level 1:colcon.colcon_core.package_identification:_identify(log) by extension 'ignore'
[1.180s] Level 1:colcon.colcon_core.package_identification:_identify(log) ignored
[1.181s] Level 1:colcon.colcon_core.package_identification:_identify(src) by extensions ['ignore', 'ignore_ament_install']
[1.181s] Level 1:colcon.colcon_core.package_identification:_identify(src) by extension 'ignore'
[1.181s] Level 1:colcon.colcon_core.package_identification:_identify(src) by extension 'ignore_ament_install'
[1.181s] Level 1:colcon.colcon_core.package_identification:_identify(src) by extensions ['colcon_pkg']
[1.182s] Level 1:colcon.colcon_core.package_identification:_identify(src) by extension 'colcon_pkg'
[1.182s] Level 1:colcon.colcon_core.package_identification:_identify(src) by extensions ['colcon_meta']
[1.182s] Level 1:colcon.colcon_core.package_identification:_identify(src) by extension 'colcon_meta'
[1.182s] Level 1:colcon.colcon_core.package_identification:_identify(src) by extensions ['ros']
[1.182s] Level 1:colcon.colcon_core.package_identification:_identify(src) by extension 'ros'
[1.183s] Level 1:colcon.colcon_core.package_identification:_identify(src) by extensions ['cmake', 'python']
[1.183s] Level 1:colcon.colcon_core.package_identification:_identify(src) by extension 'cmake'
[1.183s] Level 1:colcon.colcon_core.package_identification:_identify(src) by extension 'python'
[1.183s] Level 1:colcon.colcon_core.package_identification:_identify(src) by extensions ['python_setup_py']
[1.183s] Level 1:colcon.colcon_core.package_identification:_identify(src) by extension 'python_setup_py'
[1.184s] Level 1:colcon.colcon_core.package_identification:_identify(src/ball_tracker) by extensions ['ignore', 'ignore_ament_install']
[1.184s] Level 1:colcon.colcon_core.package_identification:_identify(src/ball_tracker) by extension 'ignore'
[1.184s] Level 1:colcon.colcon_core.package_identification:_identify(src/ball_tracker) by extension 'ignore_ament_install'
[1.184s] Level 1:colcon.colcon_core.package_identification:_identify(src/ball_tracker) by extensions ['colcon_pkg']
[1.184s] Level 1:colcon.colcon_core.package_identification:_identify(src/ball_tracker) by extension 'colcon_pkg'
[1.185s] Level 1:colcon.colcon_core.package_identification:_identify(src/ball_tracker) by extensions ['colcon_meta']
[1.185s] Level 1:colcon.colcon_core.package_identification:_identify(src/ball_tracker) by extension 'colcon_meta'
[1.185s] Level 1:colcon.colcon_core.package_identification:_identify(src/ball_tracker) by extensions ['ros']
[1.185s] Level 1:colcon.colcon_core.package_identification:_identify(src/ball_tracker) by extension 'ros'
[1.194s] DEBUG:colcon.colcon_core.package_identification:Package 'src/ball_tracker' with type 'ros.ament_python' and name 'ball_tracker'
[1.195s] Level 1:colcon.colcon_core.package_identification:_identify(src/diffdrive_arduino) by extensions ['ignore', 'ignore_ament_install']
[1.196s] Level 1:colcon.colcon_core.package_identification:_identify(src/diffdrive_arduino) by extension 'ignore'
[1.196s] Level 1:colcon.colcon_core.package_identification:_identify(src/diffdrive_arduino) by extension 'ignore_ament_install'
[1.196s] Level 1:colcon.colcon_core.package_identification:_identify(src/diffdrive_arduino) by extensions ['colcon_pkg']
[1.196s] Level 1:colcon.colcon_core.package_identification:_identify(src/diffdrive_arduino) by extension 'colcon_pkg'
[1.197s] Level 1:colcon.colcon_core.package_identification:_identify(src/diffdrive_arduino) by extensions ['colcon_meta']
[1.197s] Level 1:colcon.colcon_core.package_identification:_identify(src/diffdrive_arduino) by extension 'colcon_meta'
[1.197s] Level 1:colcon.colcon_core.package_identification:_identify(src/diffdrive_arduino) by extensions ['ros']
[1.197s] Level 1:colcon.colcon_core.package_identification:_identify(src/diffdrive_arduino) by extension 'ros'
[1.201s] DEBUG:colcon.colcon_core.package_identification:Package 'src/diffdrive_arduino' with type 'ros.ament_cmake' and name 'diffdrive_arduino'
[1.201s] Level 1:colcon.colcon_core.package_identification:_identify(src/ros2_mpu9250_driver) by extensions ['ignore', 'ignore_ament_install']
[1.202s] Level 1:colcon.colcon_core.package_identification:_identify(src/ros2_mpu9250_driver) by extension 'ignore'
[1.202s] Level 1:colcon.colcon_core.package_identification:_identify(src/ros2_mpu9250_driver) by extension 'ignore_ament_install'
[1.202s] Level 1:colcon.colcon_core.package_identification:_identify(src/ros2_mpu9250_driver) by extensions ['colcon_pkg']
[1.202s] Level 1:colcon.colcon_core.package_identification:_identify(src/ros2_mpu9250_driver) by extension 'colcon_pkg'
[1.202s] Level 1:colcon.colcon_core.package_identification:_identify(src/ros2_mpu9250_driver) by extensions ['colcon_meta']
[1.203s] Level 1:colcon.colcon_core.package_identification:_identify(src/ros2_mpu9250_driver) by extension 'colcon_meta'
[1.203s] Level 1:colcon.colcon_core.package_identification:_identify(src/ros2_mpu9250_driver) by extensions ['ros']
[1.203s] Level 1:colcon.colcon_core.package_identification:_identify(src/ros2_mpu9250_driver) by extension 'ros'
[1.205s] DEBUG:colcon.colcon_core.package_identification:Package 'src/ros2_mpu9250_driver' with type 'ros.ament_cmake' and name 'mpu9250driver'
[1.205s] Level 1:colcon.colcon_core.package_identification:_identify(src/serial_motor_demo) by extensions ['ignore', 'ignore_ament_install']
[1.205s] Level 1:colcon.colcon_core.package_identification:_identify(src/serial_motor_demo) by extension 'ignore'
[1.206s] Level 1:colcon.colcon_core.package_identification:_identify(src/serial_motor_demo) by extension 'ignore_ament_install'
[1.206s] Level 1:colcon.colcon_core.package_identification:_identify(src/serial_motor_demo) by extensions ['colcon_pkg']
[1.206s] Level 1:colcon.colcon_core.package_identification:_identify(src/serial_motor_demo) by extension 'colcon_pkg'
[1.206s] Level 1:colcon.colcon_core.package_identification:_identify(src/serial_motor_demo) by extensions ['colcon_meta']
[1.206s] Level 1:colcon.colcon_core.package_identification:_identify(src/serial_motor_demo) by extension 'colcon_meta'
[1.207s] Level 1:colcon.colcon_core.package_identification:_identify(src/serial_motor_demo) by extensions ['ros']
[1.207s] Level 1:colcon.colcon_core.package_identification:_identify(src/serial_motor_demo) by extension 'ros'
[1.207s] Level 1:colcon.colcon_core.package_identification:_identify(src/serial_motor_demo) by extensions ['cmake', 'python']
[1.207s] Level 1:colcon.colcon_core.package_identification:_identify(src/serial_motor_demo) by extension 'cmake'
[1.207s] Level 1:colcon.colcon_core.package_identification:_identify(src/serial_motor_demo) by extension 'python'
[1.207s] Level 1:colcon.colcon_core.package_identification:_identify(src/serial_motor_demo) by extensions ['python_setup_py']
[1.208s] Level 1:colcon.colcon_core.package_identification:_identify(src/serial_motor_demo) by extension 'python_setup_py'
[1.208s] Level 1:colcon.colcon_core.package_identification:_identify(src/serial_motor_demo/serial_motor_demo) by extensions ['ignore', 'ignore_ament_install']
[1.208s] Level 1:colcon.colcon_core.package_identification:_identify(src/serial_motor_demo/serial_motor_demo) by extension 'ignore'
[1.209s] Level 1:colcon.colcon_core.package_identification:_identify(src/serial_motor_demo/serial_motor_demo) by extension 'ignore_ament_install'
[1.209s] Level 1:colcon.colcon_core.package_identification:_identify(src/serial_motor_demo/serial_motor_demo) by extensions ['colcon_pkg']
[1.209s] Level 1:colcon.colcon_core.package_identification:_identify(src/serial_motor_demo/serial_motor_demo) by extension 'colcon_pkg'
[1.209s] Level 1:colcon.colcon_core.package_identification:_identify(src/serial_motor_demo/serial_motor_demo) by extensions ['colcon_meta']
[1.209s] Level 1:colcon.colcon_core.package_identification:_identify(src/serial_motor_demo/serial_motor_demo) by extension 'colcon_meta'
[1.209s] Level 1:colcon.colcon_core.package_identification:_identify(src/serial_motor_demo/serial_motor_demo) by extensions ['ros']
[1.210s] Level 1:colcon.colcon_core.package_identification:_identify(src/serial_motor_demo/serial_motor_demo) by extension 'ros'
[1.212s] DEBUG:colcon.colcon_core.package_identification:Package 'src/serial_motor_demo/serial_motor_demo' with type 'ros.ament_python' and name 'serial_motor_demo'
[1.212s] Level 1:colcon.colcon_core.package_identification:_identify(src/serial_motor_demo/serial_motor_demo_msgs) by extensions ['ignore', 'ignore_ament_install']
[1.213s] Level 1:colcon.colcon_core.package_identification:_identify(src/serial_motor_demo/serial_motor_demo_msgs) by extension 'ignore'
[1.213s] Level 1:colcon.colcon_core.package_identification:_identify(src/serial_motor_demo/serial_motor_demo_msgs) by extension 'ignore_ament_install'
[1.213s] Level 1:colcon.colcon_core.package_identification:_identify(src/serial_motor_demo/serial_motor_demo_msgs) by extensions ['colcon_pkg']
[1.213s] Level 1:colcon.colcon_core.package_identification:_identify(src/serial_motor_demo/serial_motor_demo_msgs) by extension 'colcon_pkg'
[1.213s] Level 1:colcon.colcon_core.package_identification:_identify(src/serial_motor_demo/serial_motor_demo_msgs) by extensions ['colcon_meta']
[1.214s] Level 1:colcon.colcon_core.package_identification:_identify(src/serial_motor_demo/serial_motor_demo_msgs) by extension 'colcon_meta'
[1.214s] Level 1:colcon.colcon_core.package_identification:_identify(src/serial_motor_demo/serial_motor_demo_msgs) by extensions ['ros']
[1.214s] Level 1:colcon.colcon_core.package_identification:_identify(src/serial_motor_demo/serial_motor_demo_msgs) by extension 'ros'
[1.216s] DEBUG:colcon.colcon_core.package_identification:Package 'src/serial_motor_demo/serial_motor_demo_msgs' with type 'ros.ament_cmake' and name 'serial_motor_demo_msgs'
[1.216s] Level 1:colcon.colcon_core.package_identification:_identify(src/vox) by extensions ['ignore', 'ignore_ament_install']
[1.217s] Level 1:colcon.colcon_core.package_identification:_identify(src/vox) by extension 'ignore'
[1.217s] Level 1:colcon.colcon_core.package_identification:_identify(src/vox) by extension 'ignore_ament_install'
[1.217s] Level 1:colcon.colcon_core.package_identification:_identify(src/vox) by extensions ['colcon_pkg']
[1.217s] Level 1:colcon.colcon_core.package_identification:_identify(src/vox) by extension 'colcon_pkg'
[1.217s] Level 1:colcon.colcon_core.package_identification:_identify(src/vox) by extensions ['colcon_meta']
[1.217s] Level 1:colcon.colcon_core.package_identification:_identify(src/vox) by extension 'colcon_meta'
[1.218s] Level 1:colcon.colcon_core.package_identification:_identify(src/vox) by extensions ['ros']
[1.218s] Level 1:colcon.colcon_core.package_identification:_identify(src/vox) by extension 'ros'
[1.219s] DEBUG:colcon.colcon_core.package_identification:Package 'src/vox' with type 'ros.ament_cmake' and name 'vox'
[1.220s] Level 1:colcon.colcon_core.package_discovery:discover_packages(recursive) using defaults
[1.220s] Level 1:colcon.colcon_core.package_discovery:discover_packages(ignore) discover
[1.220s] Level 1:colcon.colcon_core.package_discovery:discover_packages(ignore) using defaults
[1.220s] Level 1:colcon.colcon_core.package_discovery:discover_packages(path) discover
[1.220s] Level 1:colcon.colcon_core.package_discovery:discover_packages(path) using defaults
[1.300s] Level 1:colcon.colcon_core.package_discovery:discover_packages(prefix_path) check parameters
[1.300s] Level 1:colcon.colcon_core.package_discovery:discover_packages(prefix_path) discover
[1.314s] DEBUG:colcon.colcon_installed_package_information.package_discovery:Found 267 installed packages in /opt/ros/iron
[1.356s] Level 1:colcon.colcon_core.package_discovery:discover_packages(prefix_path) using defaults
[1.511s] Level 5:colcon.colcon_core.verb:set package 'ball_tracker' build argument 'cmake_args' from command line to 'None'
[1.511s] Level 5:colcon.colcon_core.verb:set package 'ball_tracker' build argument 'cmake_target' from command line to 'None'
[1.512s] Level 5:colcon.colcon_core.verb:set package 'ball_tracker' build argument 'cmake_target_skip_unavailable' from command line to 'False'
[1.512s] Level 5:colcon.colcon_core.verb:set package 'ball_tracker' build argument 'cmake_clean_cache' from command line to 'False'
[1.512s] Level 5:colcon.colcon_core.verb:set package 'ball_tracker' build argument 'cmake_clean_first' from command line to 'False'
[1.512s] Level 5:colcon.colcon_core.verb:set package 'ball_tracker' build argument 'cmake_force_configure' from command line to 'False'
[1.512s] Level 5:colcon.colcon_core.verb:set package 'ball_tracker' build argument 'ament_cmake_args' from command line to 'None'
[1.512s] Level 5:colcon.colcon_core.verb:set package 'ball_tracker' build argument 'catkin_cmake_args' from command line to 'None'
[1.512s] Level 5:colcon.colcon_core.verb:set package 'ball_tracker' build argument 'catkin_skip_building_tests' from command line to 'False'
[1.512s] DEBUG:colcon.colcon_core.verb:Building package 'ball_tracker' with the following arguments: {'ament_cmake_args': None, 'build_base': '/home/vox/Vox/build/ball_tracker', 'catkin_cmake_args': None, 'catkin_skip_building_tests': False, 'cmake_args': None, 'cmake_clean_cache': False, 'cmake_clean_first': False, 'cmake_force_configure': False, 'cmake_target': None, 'cmake_target_skip_unavailable': False, 'install_base': '/home/vox/Vox/install/ball_tracker', 'merge_install': False, 'path': '/home/vox/Vox/src/ball_tracker', 'symlink_install': True, 'test_result_base': None}
[1.514s] Level 5:colcon.colcon_core.verb:set package 'diffdrive_arduino' build argument 'cmake_args' from command line to 'None'
[1.514s] Level 5:colcon.colcon_core.verb:set package 'diffdrive_arduino' build argument 'cmake_target' from command line to 'None'
[1.514s] Level 5:colcon.colcon_core.verb:set package 'diffdrive_arduino' build argument 'cmake_target_skip_unavailable' from command line to 'False'
[1.514s] Level 5:colcon.colcon_core.verb:set package 'diffdrive_arduino' build argument 'cmake_clean_cache' from command line to 'False'
[1.514s] Level 5:colcon.colcon_core.verb:set package 'diffdrive_arduino' build argument 'cmake_clean_first' from command line to 'False'
[1.514s] Level 5:colcon.colcon_core.verb:set package 'diffdrive_arduino' build argument 'cmake_force_configure' from command line to 'False'
[1.514s] Level 5:colcon.colcon_core.verb:set package 'diffdrive_arduino' build argument 'ament_cmake_args' from command line to 'None'
[1.514s] Level 5:colcon.colcon_core.verb:set package 'diffdrive_arduino' build argument 'catkin_cmake_args' from command line to 'None'
[1.515s] Level 5:colcon.colcon_core.verb:set package 'diffdrive_arduino' build argument 'catkin_skip_building_tests' from command line to 'False'
[1.515s] DEBUG:colcon.colcon_core.verb:Building package 'diffdrive_arduino' with the following arguments: {'ament_cmake_args': None, 'build_base': '/home/vox/Vox/build/diffdrive_arduino', 'catkin_cmake_args': None, 'catkin_skip_building_tests': False, 'cmake_args': None, 'cmake_clean_cache': False, 'cmake_clean_first': False, 'cmake_force_configure': False, 'cmake_target': None, 'cmake_target_skip_unavailable': False, 'install_base': '/home/vox/Vox/install/diffdrive_arduino', 'merge_install': False, 'path': '/home/vox/Vox/src/diffdrive_arduino', 'symlink_install': True, 'test_result_base': None}
[1.516s] Level 5:colcon.colcon_core.verb:set package 'mpu9250driver' build argument 'cmake_args' from command line to 'None'
[1.516s] Level 5:colcon.colcon_core.verb:set package 'mpu9250driver' build argument 'cmake_target' from command line to 'None'
[1.516s] Level 5:colcon.colcon_core.verb:set package 'mpu9250driver' build argument 'cmake_target_skip_unavailable' from command line to 'False'
[1.516s] Level 5:colcon.colcon_core.verb:set package 'mpu9250driver' build argument 'cmake_clean_cache' from command line to 'False'
[1.516s] Level 5:colcon.colcon_core.verb:set package 'mpu9250driver' build argument 'cmake_clean_first' from command line to 'False'
[1.517s] Level 5:colcon.colcon_core.verb:set package 'mpu9250driver' build argument 'cmake_force_configure' from command line to 'False'
[1.517s] Level 5:colcon.colcon_core.verb:set package 'mpu9250driver' build argument 'ament_cmake_args' from command line to 'None'
[1.517s] Level 5:colcon.colcon_core.verb:set package 'mpu9250driver' build argument 'catkin_cmake_args' from command line to 'None'
[1.517s] Level 5:colcon.colcon_core.verb:set package 'mpu9250driver' build argument 'catkin_skip_building_tests' from command line to 'False'
[1.517s] DEBUG:colcon.colcon_core.verb:Building package 'mpu9250driver' with the following arguments: {'ament_cmake_args': None, 'build_base': '/home/vox/Vox/build/mpu9250driver', 'catkin_cmake_args': None, 'catkin_skip_building_tests': False, 'cmake_args': None, 'cmake_clean_cache': False, 'cmake_clean_first': False, 'cmake_force_configure': False, 'cmake_target': None, 'cmake_target_skip_unavailable': False, 'install_base': '/home/vox/Vox/install/mpu9250driver', 'merge_install': False, 'path': '/home/vox/Vox/src/ros2_mpu9250_driver', 'symlink_install': True, 'test_result_base': None}
[1.518s] Level 5:colcon.colcon_core.verb:set package 'serial_motor_demo_msgs' build argument 'cmake_args' from command line to 'None'
[1.519s] Level 5:colcon.colcon_core.verb:set package 'serial_motor_demo_msgs' build argument 'cmake_target' from command line to 'None'
[1.519s] Level 5:colcon.colcon_core.verb:set package 'serial_motor_demo_msgs' build argument 'cmake_target_skip_unavailable' from command line to 'False'
[1.519s] Level 5:colcon.colcon_core.verb:set package 'serial_motor_demo_msgs' build argument 'cmake_clean_cache' from command line to 'False'
[1.519s] Level 5:colcon.colcon_core.verb:set package 'serial_motor_demo_msgs' build argument 'cmake_clean_first' from command line to 'False'
[1.519s] Level 5:colcon.colcon_core.verb:set package 'serial_motor_demo_msgs' build argument 'cmake_force_configure' from command line to 'False'
[1.519s] Level 5:colcon.colcon_core.verb:set package 'serial_motor_demo_msgs' build argument 'ament_cmake_args' from command line to 'None'
[1.519s] Level 5:colcon.colcon_core.verb:set package 'serial_motor_demo_msgs' build argument 'catkin_cmake_args' from command line to 'None'
[1.519s] Level 5:colcon.colcon_core.verb:set package 'serial_motor_demo_msgs' build argument 'catkin_skip_building_tests' from command line to 'False'
[1.519s] DEBUG:colcon.colcon_core.verb:Building package 'serial_motor_demo_msgs' with the following arguments: {'ament_cmake_args': None, 'build_base': '/home/vox/Vox/build/serial_motor_demo_msgs', 'catkin_cmake_args': None, 'catkin_skip_building_tests': False, 'cmake_args': None, 'cmake_clean_cache': False, 'cmake_clean_first': False, 'cmake_force_configure': False, 'cmake_target': None, 'cmake_target_skip_unavailable': False, 'install_base': '/home/vox/Vox/install/serial_motor_demo_msgs', 'merge_install': False, 'path': '/home/vox/Vox/src/serial_motor_demo/serial_motor_demo_msgs', 'symlink_install': True, 'test_result_base': None}
[1.521s] Level 5:colcon.colcon_core.verb:set package 'vox' build argument 'cmake_args' from command line to 'None'
[1.521s] Level 5:colcon.colcon_core.verb:set package 'vox' build argument 'cmake_target' from command line to 'None'
[1.521s] Level 5:colcon.colcon_core.verb:set package 'vox' build argument 'cmake_target_skip_unavailable' from command line to 'False'
[1.521s] Level 5:colcon.colcon_core.verb:set package 'vox' build argument 'cmake_clean_cache' from command line to 'False'
[1.521s] Level 5:colcon.colcon_core.verb:set package 'vox' build argument 'cmake_clean_first' from command line to 'False'
[1.521s] Level 5:colcon.colcon_core.verb:set package 'vox' build argument 'cmake_force_configure' from command line to 'False'
[1.521s] Level 5:colcon.colcon_core.verb:set package 'vox' build argument 'ament_cmake_args' from command line to 'None'
[1.521s] Level 5:colcon.colcon_core.verb:set package 'vox' build argument 'catkin_cmake_args' from command line to 'None'
[1.522s] Level 5:colcon.colcon_core.verb:set package 'vox' build argument 'catkin_skip_building_tests' from command line to 'False'
[1.522s] DEBUG:colcon.colcon_core.verb:Building package 'vox' with the following arguments: {'ament_cmake_args': None, 'build_base': '/home/vox/Vox/build/vox', 'catkin_cmake_args': None, 'catkin_skip_building_tests': False, 'cmake_args': None, 'cmake_clean_cache': False, 'cmake_clean_first': False, 'cmake_force_configure': False, 'cmake_target': None, 'cmake_target_skip_unavailable': False, 'install_base': '/home/vox/Vox/install/vox', 'merge_install': False, 'path': '/home/vox/Vox/src/vox', 'symlink_install': True, 'test_result_base': None}
[1.523s] Level 5:colcon.colcon_core.verb:set package 'serial_motor_demo' build argument 'cmake_args' from command line to 'None'
[1.523s] Level 5:colcon.colcon_core.verb:set package 'serial_motor_demo' build argument 'cmake_target' from command line to 'None'
[1.523s] Level 5:colcon.colcon_core.verb:set package 'serial_motor_demo' build argument 'cmake_target_skip_unavailable' from command line to 'False'
[1.523s] Level 5:colcon.colcon_core.verb:set package 'serial_motor_demo' build argument 'cmake_clean_cache' from command line to 'False'
[1.523s] Level 5:colcon.colcon_core.verb:set package 'serial_motor_demo' build argument 'cmake_clean_first' from command line to 'False'
[1.524s] Level 5:colcon.colcon_core.verb:set package 'serial_motor_demo' build argument 'cmake_force_configure' from command line to 'False'
[1.524s] Level 5:colcon.colcon_core.verb:set package 'serial_motor_demo' build argument 'ament_cmake_args' from command line to 'None'
[1.524s] Level 5:colcon.colcon_core.verb:set package 'serial_motor_demo' build argument 'catkin_cmake_args' from command line to 'None'
[1.524s] Level 5:colcon.colcon_core.verb:set package 'serial_motor_demo' build argument 'catkin_skip_building_tests' from command line to 'False'
[1.524s] DEBUG:colcon.colcon_core.verb:Building package 'serial_motor_demo' with the following arguments: {'ament_cmake_args': None, 'build_base': '/home/vox/Vox/build/serial_motor_demo', 'catkin_cmake_args': None, 'catkin_skip_building_tests': False, 'cmake_args': None, 'cmake_clean_cache': False, 'cmake_clean_first': False, 'cmake_force_configure': False, 'cmake_target': None, 'cmake_target_skip_unavailable': False, 'install_base': '/home/vox/Vox/install/serial_motor_demo', 'merge_install': False, 'path': '/home/vox/Vox/src/serial_motor_demo/serial_motor_demo', 'symlink_install': True, 'test_result_base': None}
[1.524s] INFO:colcon.colcon_core.executor:Executing jobs using 'parallel' executor
[1.527s] DEBUG:colcon.colcon_parallel_executor.executor.parallel:run_until_complete
[1.528s] INFO:colcon.colcon_ros.task.ament_cmake.build:Building ROS package in '/home/vox/Vox/src/serial_motor_demo/serial_motor_demo_msgs' with build type 'ament_cmake'
[1.529s] INFO:colcon.colcon_cmake.task.cmake.build:Building CMake package in '/home/vox/Vox/src/serial_motor_demo/serial_motor_demo_msgs'
[1.537s] INFO:colcon.colcon_core.plugin_system:Skipping extension 'colcon_core.shell.bat': Not used on non-Windows systems
[1.538s] INFO:colcon.colcon_core.shell:Skip shell extension 'powershell' for command environment: Not usable outside of PowerShell
[1.539s] DEBUG:colcon.colcon_core.shell:Skip shell extension 'dsv' for command environment
[1.554s] INFO:colcon.colcon_ros.task.ament_python.build:Building ROS package in '/home/vox/Vox/src/ball_tracker' with build type 'ament_python'
[1.555s] Level 1:colcon.colcon_core.shell:create_environment_hook('ball_tracker', 'ament_prefix_path')
[1.556s] INFO:colcon.colcon_core.shell:Creating environment hook '/home/vox/Vox/install/ball_tracker/share/ball_tracker/hook/ament_prefix_path.ps1'
[1.559s] INFO:colcon.colcon_core.shell:Creating environment descriptor '/home/vox/Vox/install/ball_tracker/share/ball_tracker/hook/ament_prefix_path.dsv'
[1.561s] INFO:colcon.colcon_core.shell:Creating environment hook '/home/vox/Vox/install/ball_tracker/share/ball_tracker/hook/ament_prefix_path.sh'
[1.565s] INFO:colcon.colcon_core.shell:Skip shell extension 'powershell' for command environment: Not usable outside of PowerShell
[1.565s] DEBUG:colcon.colcon_core.shell:Skip shell extension 'dsv' for command environment
[1.578s] INFO:colcon.colcon_ros.task.ament_cmake.build:Building ROS package in '/home/vox/Vox/src/diffdrive_arduino' with build type 'ament_cmake'
[1.579s] INFO:colcon.colcon_cmake.task.cmake.build:Building CMake package in '/home/vox/Vox/src/diffdrive_arduino'
[1.580s] INFO:colcon.colcon_core.shell:Skip shell extension 'powershell' for command environment: Not usable outside of PowerShell
[1.580s] DEBUG:colcon.colcon_core.shell:Skip shell extension 'dsv' for command environment
[1.600s] INFO:colcon.colcon_ros.task.ament_cmake.build:Building ROS package in '/home/vox/Vox/src/ros2_mpu9250_driver' with build type 'ament_cmake'
[1.601s] INFO:colcon.colcon_cmake.task.cmake.build:Building CMake package in '/home/vox/Vox/src/ros2_mpu9250_driver'
[1.602s] INFO:colcon.colcon_core.shell:Skip shell extension 'powershell' for command environment: Not usable outside of PowerShell
[1.603s] DEBUG:colcon.colcon_core.shell:Skip shell extension 'dsv' for command environment
[1.644s] DEBUG:colcon.colcon_core.event_handler.log_command:Invoking command in '/home/vox/Vox/build/serial_motor_demo_msgs': CMAKE_PREFIX_PATH=/opt/ros/iron /usr/bin/cmake --build /home/vox/Vox/build/serial_motor_demo_msgs -- -j4 -l4
[3.108s] INFO:colcon.colcon_core.task.python.build:Building Python package in '/home/vox/Vox/src/ball_tracker'
[3.109s] INFO:colcon.colcon_core.shell:Skip shell extension 'powershell' for command environment: Not usable outside of PowerShell
[3.110s] DEBUG:colcon.colcon_core.shell:Skip shell extension 'dsv' for command environment
[3.137s] DEBUG:colcon.colcon_core.event_handler.log_command:Invoking command in '/home/vox/Vox/build/diffdrive_arduino': CMAKE_PREFIX_PATH=/opt/ros/iron /usr/bin/cmake --build /home/vox/Vox/build/diffdrive_arduino -- -j4 -l4
[3.172s] DEBUG:colcon.colcon_core.event_handler.log_command:Invoking command in '/home/vox/Vox/build/mpu9250driver': CMAKE_PREFIX_PATH=/opt/ros/iron /usr/bin/cmake --build /home/vox/Vox/build/mpu9250driver -- -j4 -l4
[3.569s] DEBUG:colcon.colcon_core.event_handler.log_command:Invoked command in '/home/vox/Vox/build/diffdrive_arduino' returned '0': CMAKE_PREFIX_PATH=/opt/ros/iron /usr/bin/cmake --build /home/vox/Vox/build/diffdrive_arduino -- -j4 -l4
[3.593s] DEBUG:colcon.colcon_core.event_handler.log_command:Invoked command in '/home/vox/Vox/build/serial_motor_demo_msgs' returned '0': CMAKE_PREFIX_PATH=/opt/ros/iron /usr/bin/cmake --build /home/vox/Vox/build/serial_motor_demo_msgs -- -j4 -l4
[3.753s] DEBUG:colcon.colcon_core.event_handler.log_command:Invoking command in '/home/vox/Vox/build/diffdrive_arduino': CMAKE_PREFIX_PATH=/opt/ros/iron /usr/bin/cmake --install /home/vox/Vox/build/diffdrive_arduino
[3.893s] Level 1:colcon.colcon_core.environment:create_environment_scripts_only(diffdrive_arduino)
[3.894s] DEBUG:colcon.colcon_core.event_handler.log_command:Invoked command in '/home/vox/Vox/build/diffdrive_arduino' returned '0': CMAKE_PREFIX_PATH=/opt/ros/iron /usr/bin/cmake --install /home/vox/Vox/build/diffdrive_arduino
[3.905s] Level 1:colcon.colcon_core.environment:checking '/home/vox/Vox/install/diffdrive_arduino' for CMake module files
[3.911s] Level 1:colcon.colcon_core.environment:checking '/home/vox/Vox/install/diffdrive_arduino' for CMake config files
[3.914s] Level 1:colcon.colcon_core.shell:create_environment_hook('diffdrive_arduino', 'cmake_prefix_path')
[3.915s] INFO:colcon.colcon_core.shell:Creating environment hook '/home/vox/Vox/install/diffdrive_arduino/share/diffdrive_arduino/hook/cmake_prefix_path.ps1'
[3.918s] INFO:colcon.colcon_core.shell:Creating environment descriptor '/home/vox/Vox/install/diffdrive_arduino/share/diffdrive_arduino/hook/cmake_prefix_path.dsv'
[3.920s] INFO:colcon.colcon_core.shell:Creating environment hook '/home/vox/Vox/install/diffdrive_arduino/share/diffdrive_arduino/hook/cmake_prefix_path.sh'
[3.924s] Level 1:colcon.colcon_core.environment:checking '/home/vox/Vox/install/diffdrive_arduino/lib'
[3.925s] Level 1:colcon.colcon_core.shell:create_environment_hook('diffdrive_arduino', 'ld_library_path_lib')
[3.926s] INFO:colcon.colcon_core.shell:Creating environment hook '/home/vox/Vox/install/diffdrive_arduino/share/diffdrive_arduino/hook/ld_library_path_lib.ps1'
[3.928s] INFO:colcon.colcon_core.shell:Creating environment descriptor '/home/vox/Vox/install/diffdrive_arduino/share/diffdrive_arduino/hook/ld_library_path_lib.dsv'
[3.931s] INFO:colcon.colcon_core.shell:Creating environment hook '/home/vox/Vox/install/diffdrive_arduino/share/diffdrive_arduino/hook/ld_library_path_lib.sh'
[3.933s] Level 1:colcon.colcon_core.environment:checking '/home/vox/Vox/install/diffdrive_arduino/bin'
[3.933s] Level 1:colcon.colcon_core.environment:checking '/home/vox/Vox/install/diffdrive_arduino/lib/pkgconfig/diffdrive_arduino.pc'
[3.935s] Level 1:colcon.colcon_core.environment:checking '/home/vox/Vox/install/diffdrive_arduino/lib/python3.10/site-packages'
[3.936s] Level 1:colcon.colcon_core.environment:checking '/home/vox/Vox/install/diffdrive_arduino/bin'
[3.938s] INFO:colcon.colcon_core.shell:Creating package script '/home/vox/Vox/install/diffdrive_arduino/share/diffdrive_arduino/package.ps1'
[3.942s] INFO:colcon.colcon_core.shell:Creating package descriptor '/home/vox/Vox/install/diffdrive_arduino/share/diffdrive_arduino/package.dsv'
[3.945s] INFO:colcon.colcon_core.shell:Creating package script '/home/vox/Vox/install/diffdrive_arduino/share/diffdrive_arduino/package.sh'
[3.949s] INFO:colcon.colcon_core.shell:Creating package script '/home/vox/Vox/install/diffdrive_arduino/share/diffdrive_arduino/package.bash'
[3.953s] INFO:colcon.colcon_core.shell:Creating package script '/home/vox/Vox/install/diffdrive_arduino/share/diffdrive_arduino/package.zsh'
[3.957s] Level 1:colcon.colcon_core.environment:create_file_with_runtime_dependencies(/home/vox/Vox/install/diffdrive_arduino/share/colcon-core/packages/diffdrive_arduino)
[4.091s] Level 1:colcon.colcon_core.environment:create_environment_scripts_only(diffdrive_arduino)
[4.092s] Level 1:colcon.colcon_core.environment:checking '/home/vox/Vox/install/diffdrive_arduino' for CMake module files
[4.095s] Level 1:colcon.colcon_core.environment:checking '/home/vox/Vox/install/diffdrive_arduino' for CMake config files
[4.098s] Level 1:colcon.colcon_core.shell:create_environment_hook('diffdrive_arduino', 'cmake_prefix_path')
[4.099s] INFO:colcon.colcon_core.shell:Creating environment hook '/home/vox/Vox/install/diffdrive_arduino/share/diffdrive_arduino/hook/cmake_prefix_path.ps1'
[4.102s] INFO:colcon.colcon_core.shell:Creating environment descriptor '/home/vox/Vox/install/diffdrive_arduino/share/diffdrive_arduino/hook/cmake_prefix_path.dsv'
[4.104s] INFO:colcon.colcon_core.shell:Creating environment hook '/home/vox/Vox/install/diffdrive_arduino/share/diffdrive_arduino/hook/cmake_prefix_path.sh'
[4.107s] Level 1:colcon.colcon_core.environment:checking '/home/vox/Vox/install/diffdrive_arduino/lib'
[4.108s] Level 1:colcon.colcon_core.shell:create_environment_hook('diffdrive_arduino', 'ld_library_path_lib')
[4.109s] INFO:colcon.colcon_core.shell:Creating environment hook '/home/vox/Vox/install/diffdrive_arduino/share/diffdrive_arduino/hook/ld_library_path_lib.ps1'
[4.111s] INFO:colcon.colcon_core.shell:Creating environment descriptor '/home/vox/Vox/install/diffdrive_arduino/share/diffdrive_arduino/hook/ld_library_path_lib.dsv'
[4.114s] INFO:colcon.colcon_core.shell:Creating environment hook '/home/vox/Vox/install/diffdrive_arduino/share/diffdrive_arduino/hook/ld_library_path_lib.sh'
[4.116s] Level 1:colcon.colcon_core.environment:checking '/home/vox/Vox/install/diffdrive_arduino/bin'
[4.116s] Level 1:colcon.colcon_core.environment:checking '/home/vox/Vox/install/diffdrive_arduino/lib/pkgconfig/diffdrive_arduino.pc'
[4.117s] Level 1:colcon.colcon_core.environment:checking '/home/vox/Vox/install/diffdrive_arduino/lib/python3.10/site-packages'
[4.119s] Level 1:colcon.colcon_core.environment:checking '/home/vox/Vox/install/diffdrive_arduino/bin'
[4.120s] INFO:colcon.colcon_core.shell:Creating package script '/home/vox/Vox/install/diffdrive_arduino/share/diffdrive_arduino/package.ps1'
[4.123s] INFO:colcon.colcon_core.shell:Creating package descriptor '/home/vox/Vox/install/diffdrive_arduino/share/diffdrive_arduino/package.dsv'
[4.126s] INFO:colcon.colcon_core.shell:Creating package script '/home/vox/Vox/install/diffdrive_arduino/share/diffdrive_arduino/package.sh'
[4.129s] INFO:colcon.colcon_core.shell:Creating package script '/home/vox/Vox/install/diffdrive_arduino/share/diffdrive_arduino/package.bash'
[4.131s] INFO:colcon.colcon_core.shell:Creating package script '/home/vox/Vox/install/diffdrive_arduino/share/diffdrive_arduino/package.zsh'
[4.134s] Level 1:colcon.colcon_core.environment:create_file_with_runtime_dependencies(/home/vox/Vox/install/diffdrive_arduino/share/colcon-core/packages/diffdrive_arduino)
[4.136s] INFO:colcon.colcon_ros.task.ament_cmake.build:Building ROS package in '/home/vox/Vox/src/vox' with build type 'ament_cmake'
[4.137s] INFO:colcon.colcon_cmake.task.cmake.build:Building CMake package in '/home/vox/Vox/src/vox'
[4.138s] INFO:colcon.colcon_core.shell:Skip shell extension 'powershell' for command environment: Not usable outside of PowerShell
[4.139s] DEBUG:colcon.colcon_core.shell:Skip shell extension 'dsv' for command environment
[4.171s] DEBUG:colcon.colcon_core.event_handler.log_command:Invoking command in '/home/vox/Vox/build/vox': CMAKE_PREFIX_PATH=/opt/ros/iron /usr/bin/cmake --build /home/vox/Vox/build/vox -- -j4 -l4
[4.344s] DEBUG:colcon.colcon_core.event_handler.log_command:Invoked command in '/home/vox/Vox/build/vox' returned '0': CMAKE_PREFIX_PATH=/opt/ros/iron /usr/bin/cmake --build /home/vox/Vox/build/vox -- -j4 -l4
[4.369s] DEBUG:colcon.colcon_core.event_handler.log_command:Invoking command in '/home/vox/Vox/build/serial_motor_demo_msgs': CMAKE_PREFIX_PATH=/opt/ros/iron /usr/bin/cmake --install /home/vox/Vox/build/serial_motor_demo_msgs
[4.519s] DEBUG:colcon.colcon_core.event_handler.log_command:Invoking command in '/home/vox/Vox/build/vox': CMAKE_PREFIX_PATH=/opt/ros/iron /usr/bin/cmake --install /home/vox/Vox/build/vox
[4.674s] Level 1:colcon.colcon_core.environment:create_environment_scripts_only(vox)
[4.675s] Level 1:colcon.colcon_core.environment:checking '/home/vox/Vox/install/vox' for CMake module files
[4.678s] Level 1:colcon.colcon_core.environment:checking '/home/vox/Vox/install/vox' for CMake config files
[4.681s] Level 1:colcon.colcon_core.shell:create_environment_hook('vox', 'cmake_prefix_path')
[4.682s] INFO:colcon.colcon_core.shell:Creating environment hook '/home/vox/Vox/install/vox/share/vox/hook/cmake_prefix_path.ps1'
[4.683s] DEBUG:colcon.colcon_core.event_handler.log_command:Invoked command in '/home/vox/Vox/build/vox' returned '0': CMAKE_PREFIX_PATH=/opt/ros/iron /usr/bin/cmake --install /home/vox/Vox/build/vox
[4.686s] INFO:colcon.colcon_core.shell:Creating environment descriptor '/home/vox/Vox/install/vox/share/vox/hook/cmake_prefix_path.dsv'
[4.688s] INFO:colcon.colcon_core.shell:Creating environment hook '/home/vox/Vox/install/vox/share/vox/hook/cmake_prefix_path.sh'
[4.692s] Level 1:colcon.colcon_core.environment:checking '/home/vox/Vox/install/vox/bin'
[4.692s] Level 1:colcon.colcon_core.environment:checking '/home/vox/Vox/install/vox/lib/pkgconfig/vox.pc'
[4.694s] Level 1:colcon.colcon_core.environment:checking '/home/vox/Vox/install/vox/lib/python3.10/site-packages'
[4.695s] Level 1:colcon.colcon_core.environment:checking '/home/vox/Vox/install/vox/bin'
[4.696s] INFO:colcon.colcon_core.shell:Creating package script '/home/vox/Vox/install/vox/share/vox/package.ps1'
[4.699s] INFO:colcon.colcon_core.shell:Creating package descriptor '/home/vox/Vox/install/vox/share/vox/package.dsv'
[4.702s] INFO:colcon.colcon_core.shell:Creating package script '/home/vox/Vox/install/vox/share/vox/package.sh'
[4.705s] INFO:colcon.colcon_core.shell:Creating package script '/home/vox/Vox/install/vox/share/vox/package.bash'
[4.708s] INFO:colcon.colcon_core.shell:Creating package script '/home/vox/Vox/install/vox/share/vox/package.zsh'
[4.710s] Level 1:colcon.colcon_core.environment:create_file_with_runtime_dependencies(/home/vox/Vox/install/vox/share/colcon-core/packages/vox)
[4.823s] Level 1:colcon.colcon_core.environment:create_environment_scripts_only(vox)
[4.825s] Level 1:colcon.colcon_core.environment:checking '/home/vox/Vox/install/vox' for CMake module files
[4.828s] Level 1:colcon.colcon_core.environment:checking '/home/vox/Vox/install/vox' for CMake config files
[4.830s] Level 1:colcon.colcon_core.shell:create_environment_hook('vox', 'cmake_prefix_path')
[4.832s] INFO:colcon.colcon_core.shell:Creating environment hook '/home/vox/Vox/install/vox/share/vox/hook/cmake_prefix_path.ps1'
[4.834s] INFO:colcon.colcon_core.shell:Creating environment descriptor '/home/vox/Vox/install/vox/share/vox/hook/cmake_prefix_path.dsv'
[4.840s] INFO:colcon.colcon_core.shell:Creating environment hook '/home/vox/Vox/install/vox/share/vox/hook/cmake_prefix_path.sh'
[4.846s] Level 1:colcon.colcon_core.environment:checking '/home/vox/Vox/install/vox/bin'
[4.847s] Level 1:colcon.colcon_core.environment:checking '/home/vox/Vox/install/vox/lib/pkgconfig/vox.pc'
[4.850s] Level 1:colcon.colcon_core.environment:checking '/home/vox/Vox/install/vox/lib/python3.10/site-packages'
[4.852s] Level 1:colcon.colcon_core.environment:checking '/home/vox/Vox/install/vox/bin'
[4.854s] INFO:colcon.colcon_core.shell:Creating package script '/home/vox/Vox/install/vox/share/vox/package.ps1'
[4.858s] INFO:colcon.colcon_core.shell:Creating package descriptor '/home/vox/Vox/install/vox/share/vox/package.dsv'
[4.863s] INFO:colcon.colcon_core.shell:Creating package script '/home/vox/Vox/install/vox/share/vox/package.sh'
[4.867s] INFO:colcon.colcon_core.shell:Creating package script '/home/vox/Vox/install/vox/share/vox/package.bash'
[4.870s] INFO:colcon.colcon_core.shell:Creating package script '/home/vox/Vox/install/vox/share/vox/package.zsh'
[4.873s] Level 1:colcon.colcon_core.environment:create_file_with_runtime_dependencies(/home/vox/Vox/install/vox/share/colcon-core/packages/vox)
[4.913s] Level 1:colcon.colcon_core.environment:create_environment_scripts_only(serial_motor_demo_msgs)
[4.915s] DEBUG:colcon.colcon_core.event_handler.log_command:Invoked command in '/home/vox/Vox/build/serial_motor_demo_msgs' returned '0': CMAKE_PREFIX_PATH=/opt/ros/iron /usr/bin/cmake --install /home/vox/Vox/build/serial_motor_demo_msgs
[4.916s] Level 1:colcon.colcon_core.environment:checking '/home/vox/Vox/install/serial_motor_demo_msgs' for CMake module files
[4.920s] Level 1:colcon.colcon_core.environment:checking '/home/vox/Vox/install/serial_motor_demo_msgs' for CMake config files
[4.925s] Level 1:colcon.colcon_core.shell:create_environment_hook('serial_motor_demo_msgs', 'cmake_prefix_path')
[4.926s] INFO:colcon.colcon_core.shell:Creating environment hook '/home/vox/Vox/install/serial_motor_demo_msgs/share/serial_motor_demo_msgs/hook/cmake_prefix_path.ps1'
[4.928s] INFO:colcon.colcon_core.shell:Creating environment descriptor '/home/vox/Vox/install/serial_motor_demo_msgs/share/serial_motor_demo_msgs/hook/cmake_prefix_path.dsv'
[4.929s] INFO:colcon.colcon_core.shell:Creating environment hook '/home/vox/Vox/install/serial_motor_demo_msgs/share/serial_motor_demo_msgs/hook/cmake_prefix_path.sh'
[4.932s] Level 1:colcon.colcon_core.environment:checking '/home/vox/Vox/install/serial_motor_demo_msgs/lib'
[4.932s] Level 1:colcon.colcon_core.shell:create_environment_hook('serial_motor_demo_msgs', 'ld_library_path_lib')
[4.933s] INFO:colcon.colcon_core.shell:Creating environment hook '/home/vox/Vox/install/serial_motor_demo_msgs/share/serial_motor_demo_msgs/hook/ld_library_path_lib.ps1'
[4.935s] INFO:colcon.colcon_core.shell:Creating environment descriptor '/home/vox/Vox/install/serial_motor_demo_msgs/share/serial_motor_demo_msgs/hook/ld_library_path_lib.dsv'
[4.937s] INFO:colcon.colcon_core.shell:Creating environment hook '/home/vox/Vox/install/serial_motor_demo_msgs/share/serial_motor_demo_msgs/hook/ld_library_path_lib.sh'
[4.939s] Level 1:colcon.colcon_core.environment:checking '/home/vox/Vox/install/serial_motor_demo_msgs/bin'
[4.939s] Level 1:colcon.colcon_core.environment:checking '/home/vox/Vox/install/serial_motor_demo_msgs/lib/pkgconfig/serial_motor_demo_msgs.pc'
[4.940s] Level 1:colcon.colcon_core.environment:checking '/home/vox/Vox/install/serial_motor_demo_msgs/lib/python3.10/site-packages'
[4.941s] Level 1:colcon.colcon_core.shell:create_environment_hook('serial_motor_demo_msgs', 'pythonpath')
[4.941s] INFO:colcon.colcon_core.shell:Creating environment hook '/home/vox/Vox/install/serial_motor_demo_msgs/share/serial_motor_demo_msgs/hook/pythonpath.ps1'
[4.944s] INFO:colcon.colcon_core.shell:Creating environment descriptor '/home/vox/Vox/install/serial_motor_demo_msgs/share/serial_motor_demo_msgs/hook/pythonpath.dsv'
[4.945s] INFO:colcon.colcon_core.shell:Creating environment hook '/home/vox/Vox/install/serial_motor_demo_msgs/share/serial_motor_demo_msgs/hook/pythonpath.sh'
[4.948s] Level 1:colcon.colcon_core.environment:checking '/home/vox/Vox/install/serial_motor_demo_msgs/bin'
[4.949s] INFO:colcon.colcon_core.shell:Creating package script '/home/vox/Vox/install/serial_motor_demo_msgs/share/serial_motor_demo_msgs/package.ps1'
[4.952s] INFO:colcon.colcon_core.shell:Creating package descriptor '/home/vox/Vox/install/serial_motor_demo_msgs/share/serial_motor_demo_msgs/package.dsv'
[4.954s] INFO:colcon.colcon_core.shell:Creating package script '/home/vox/Vox/install/serial_motor_demo_msgs/share/serial_motor_demo_msgs/package.sh'
[4.956s] INFO:colcon.colcon_core.shell:Creating package script '/home/vox/Vox/install/serial_motor_demo_msgs/share/serial_motor_demo_msgs/package.bash'
[4.959s] INFO:colcon.colcon_core.shell:Creating package script '/home/vox/Vox/install/serial_motor_demo_msgs/share/serial_motor_demo_msgs/package.zsh'
[4.961s] Level 1:colcon.colcon_core.environment:create_file_with_runtime_dependencies(/home/vox/Vox/install/serial_motor_demo_msgs/share/colcon-core/packages/serial_motor_demo_msgs)
[5.324s] DEBUG:colcon.colcon_core.event_handler.log_command:Invoking command in '/home/vox/Vox/build/ball_tracker': PYTHONPATH=/home/vox/Vox/build/ball_tracker/prefix_override:/home/vox/Vox/install/ball_tracker/lib/python3.10/site-packages:${PYTHONPATH} /usr/bin/python3 -W ignore:setup.py install is deprecated setup.py develop --editable --build-directory /home/vox/Vox/build/ball_tracker/build --no-deps symlink_data
[5.632s] Level 1:colcon.colcon_core.environment:create_environment_scripts_only(serial_motor_demo_msgs)
[5.633s] Level 1:colcon.colcon_core.environment:checking '/home/vox/Vox/install/serial_motor_demo_msgs' for CMake module files
[5.638s] Level 1:colcon.colcon_core.environment:checking '/home/vox/Vox/install/serial_motor_demo_msgs' for CMake config files
[5.643s] Level 1:colcon.colcon_core.shell:create_environment_hook('serial_motor_demo_msgs', 'cmake_prefix_path')
[5.645s] INFO:colcon.colcon_core.shell:Creating environment hook '/home/vox/Vox/install/serial_motor_demo_msgs/share/serial_motor_demo_msgs/hook/cmake_prefix_path.ps1'
[5.647s] INFO:colcon.colcon_core.shell:Creating environment descriptor '/home/vox/Vox/install/serial_motor_demo_msgs/share/serial_motor_demo_msgs/hook/cmake_prefix_path.dsv'
[5.650s] INFO:colcon.colcon_core.shell:Creating environment hook '/home/vox/Vox/install/serial_motor_demo_msgs/share/serial_motor_demo_msgs/hook/cmake_prefix_path.sh'
[5.653s] Level 1:colcon.colcon_core.environment:checking '/home/vox/Vox/install/serial_motor_demo_msgs/lib'
[5.654s] Level 1:colcon.colcon_core.shell:create_environment_hook('serial_motor_demo_msgs', 'ld_library_path_lib')
[5.655s] INFO:colcon.colcon_core.shell:Creating environment hook '/home/vox/Vox/install/serial_motor_demo_msgs/share/serial_motor_demo_msgs/hook/ld_library_path_lib.ps1'
[5.658s] INFO:colcon.colcon_core.shell:Creating environment descriptor '/home/vox/Vox/install/serial_motor_demo_msgs/share/serial_motor_demo_msgs/hook/ld_library_path_lib.dsv'
[5.660s] INFO:colcon.colcon_core.shell:Creating environment hook '/home/vox/Vox/install/serial_motor_demo_msgs/share/serial_motor_demo_msgs/hook/ld_library_path_lib.sh'
[5.663s] Level 1:colcon.colcon_core.environment:checking '/home/vox/Vox/install/serial_motor_demo_msgs/bin'
[5.663s] Level 1:colcon.colcon_core.environment:checking '/home/vox/Vox/install/serial_motor_demo_msgs/lib/pkgconfig/serial_motor_demo_msgs.pc'
[5.664s] Level 1:colcon.colcon_core.environment:checking '/home/vox/Vox/install/serial_motor_demo_msgs/lib/python3.10/site-packages'
[5.665s] Level 1:colcon.colcon_core.shell:create_environment_hook('serial_motor_demo_msgs', 'pythonpath')
[5.666s] INFO:colcon.colcon_core.shell:Creating environment hook '/home/vox/Vox/install/serial_motor_demo_msgs/share/serial_motor_demo_msgs/hook/pythonpath.ps1'
[5.668s] INFO:colcon.colcon_core.shell:Creating environment descriptor '/home/vox/Vox/install/serial_motor_demo_msgs/share/serial_motor_demo_msgs/hook/pythonpath.dsv'
[5.671s] INFO:colcon.colcon_core.shell:Creating environment hook '/home/vox/Vox/install/serial_motor_demo_msgs/share/serial_motor_demo_msgs/hook/pythonpath.sh'
[5.674s] Level 1:colcon.colcon_core.environment:checking '/home/vox/Vox/install/serial_motor_demo_msgs/bin'
[5.676s] INFO:colcon.colcon_core.shell:Creating package script '/home/vox/Vox/install/serial_motor_demo_msgs/share/serial_motor_demo_msgs/package.ps1'
[5.684s] INFO:colcon.colcon_core.shell:Creating package descriptor '/home/vox/Vox/install/serial_motor_demo_msgs/share/serial_motor_demo_msgs/package.dsv'
[5.687s] INFO:colcon.colcon_core.shell:Creating package script '/home/vox/Vox/install/serial_motor_demo_msgs/share/serial_motor_demo_msgs/package.sh'
[5.690s] INFO:colcon.colcon_core.shell:Creating package script '/home/vox/Vox/install/serial_motor_demo_msgs/share/serial_motor_demo_msgs/package.bash'
[5.694s] INFO:colcon.colcon_core.shell:Creating package script '/home/vox/Vox/install/serial_motor_demo_msgs/share/serial_motor_demo_msgs/package.zsh'
[5.697s] Level 1:colcon.colcon_core.environment:create_file_with_runtime_dependencies(/home/vox/Vox/install/serial_motor_demo_msgs/share/colcon-core/packages/serial_motor_demo_msgs)
[5.702s] INFO:colcon.colcon_ros.task.ament_python.build:Building ROS package in '/home/vox/Vox/src/serial_motor_demo/serial_motor_demo' with build type 'ament_python'
[5.703s] Level 1:colcon.colcon_core.shell:create_environment_hook('serial_motor_demo', 'ament_prefix_path')
[5.704s] INFO:colcon.colcon_core.shell:Creating environment hook '/home/vox/Vox/install/serial_motor_demo/share/serial_motor_demo/hook/ament_prefix_path.ps1'
[5.707s] INFO:colcon.colcon_core.shell:Creating environment descriptor '/home/vox/Vox/install/serial_motor_demo/share/serial_motor_demo/hook/ament_prefix_path.dsv'
[5.710s] INFO:colcon.colcon_core.shell:Creating environment hook '/home/vox/Vox/install/serial_motor_demo/share/serial_motor_demo/hook/ament_prefix_path.sh'
[5.713s] INFO:colcon.colcon_core.shell:Skip shell extension 'powershell' for command environment: Not usable outside of PowerShell
[5.714s] DEBUG:colcon.colcon_core.shell:Skip shell extension 'dsv' for command environment
[7.321s] INFO:colcon.colcon_core.task.python.build:Building Python package in '/home/vox/Vox/src/serial_motor_demo/serial_motor_demo'
[7.322s] INFO:colcon.colcon_core.shell:Skip shell extension 'powershell' for command environment: Not usable outside of PowerShell
[7.322s] DEBUG:colcon.colcon_core.shell:Skip shell extension 'dsv' for command environment
[8.325s] Level 1:colcon.colcon_core.shell:create_environment_hook('ball_tracker', 'pythonpath_develop')
[8.326s] INFO:colcon.colcon_core.shell:Creating environment hook '/home/vox/Vox/build/ball_tracker/share/ball_tracker/hook/pythonpath_develop.ps1'
[8.328s] INFO:colcon.colcon_core.shell:Creating environment descriptor '/home/vox/Vox/build/ball_tracker/share/ball_tracker/hook/pythonpath_develop.dsv'
[8.331s] INFO:colcon.colcon_core.shell:Creating environment hook '/home/vox/Vox/build/ball_tracker/share/ball_tracker/hook/pythonpath_develop.sh'
[8.334s] Level 1:colcon.colcon_core.environment:checking '/home/vox/Vox/install/ball_tracker' for CMake module files
[8.337s] Level 1:colcon.colcon_core.environment:checking '/home/vox/Vox/install/ball_tracker' for CMake config files
[8.341s] Level 1:colcon.colcon_core.environment:checking '/home/vox/Vox/install/ball_tracker/lib'
[8.341s] Level 1:colcon.colcon_core.environment:checking '/home/vox/Vox/install/ball_tracker/bin'
[8.342s] Level 1:colcon.colcon_core.environment:checking '/home/vox/Vox/install/ball_tracker/lib/pkgconfig/ball_tracker.pc'
[8.343s] Level 1:colcon.colcon_core.environment:checking '/home/vox/Vox/install/ball_tracker/lib/python3.10/site-packages'
[8.343s] Level 1:colcon.colcon_core.shell:create_environment_hook('ball_tracker', 'pythonpath')
[8.344s] INFO:colcon.colcon_core.shell:Creating environment hook '/home/vox/Vox/install/ball_tracker/share/ball_tracker/hook/pythonpath.ps1'
[8.347s] DEBUG:colcon.colcon_core.event_handler.log_command:Invoked command in '/home/vox/Vox/build/ball_tracker' returned '0': PYTHONPATH=/home/vox/Vox/build/ball_tracker/prefix_override:/home/vox/Vox/install/ball_tracker/lib/python3.10/site-packages:${PYTHONPATH} /usr/bin/python3 -W ignore:setup.py install is deprecated setup.py develop --editable --build-directory /home/vox/Vox/build/ball_tracker/build --no-deps symlink_data
[8.351s] INFO:colcon.colcon_core.shell:Creating environment descriptor '/home/vox/Vox/install/ball_tracker/share/ball_tracker/hook/pythonpath.dsv'
[8.353s] INFO:colcon.colcon_core.shell:Creating environment hook '/home/vox/Vox/install/ball_tracker/share/ball_tracker/hook/pythonpath.sh'
[8.357s] Level 1:colcon.colcon_core.environment:checking '/home/vox/Vox/install/ball_tracker/bin'
[8.357s] Level 1:colcon.colcon_core.environment:create_environment_scripts_only(ball_tracker)
[8.359s] INFO:colcon.colcon_core.shell:Creating package script '/home/vox/Vox/install/ball_tracker/share/ball_tracker/package.ps1'
[8.363s] INFO:colcon.colcon_core.shell:Creating package descriptor '/home/vox/Vox/install/ball_tracker/share/ball_tracker/package.dsv'
[8.367s] INFO:colcon.colcon_core.shell:Creating package script '/home/vox/Vox/install/ball_tracker/share/ball_tracker/package.sh'
[8.371s] INFO:colcon.colcon_core.shell:Creating package script '/home/vox/Vox/install/ball_tracker/share/ball_tracker/package.bash'
[8.374s] INFO:colcon.colcon_core.shell:Creating package script '/home/vox/Vox/install/ball_tracker/share/ball_tracker/package.zsh'
[8.377s] Level 1:colcon.colcon_core.environment:create_file_with_runtime_dependencies(/home/vox/Vox/install/ball_tracker/share/colcon-core/packages/ball_tracker)
[9.464s] DEBUG:colcon.colcon_core.event_handler.log_command:Invoking command in '/home/vox/Vox/build/serial_motor_demo': AMENT_PREFIX_PATH=/home/vox/Vox/install/serial_motor_demo_msgs:${AMENT_PREFIX_PATH} CMAKE_PREFIX_PATH=/home/vox/Vox/install/serial_motor_demo_msgs LD_LIBRARY_PATH=/home/vox/Vox/install/serial_motor_demo_msgs/lib:${LD_LIBRARY_PATH} PYTHONPATH=/home/vox/Vox/build/serial_motor_demo/prefix_override:/home/vox/Vox/install/serial_motor_demo/lib/python3.10/site-packages:/home/vox/Vox/install/serial_motor_demo_msgs/lib/python3.10/site-packages:${PYTHONPATH} /usr/bin/python3 -W ignore:setup.py install is deprecated setup.py develop --editable --build-directory /home/vox/Vox/build/serial_motor_demo/build --no-deps symlink_data
[12.052s] Level 1:colcon.colcon_core.shell:create_environment_hook('serial_motor_demo', 'pythonpath_develop')
[12.053s] INFO:colcon.colcon_core.shell:Creating environment hook '/home/vox/Vox/build/serial_motor_demo/share/serial_motor_demo/hook/pythonpath_develop.ps1'
[12.055s] DEBUG:colcon.colcon_core.event_handler.log_command:Invoked command in '/home/vox/Vox/build/serial_motor_demo' returned '0': AMENT_PREFIX_PATH=/home/vox/Vox/install/serial_motor_demo_msgs:${AMENT_PREFIX_PATH} CMAKE_PREFIX_PATH=/home/vox/Vox/install/serial_motor_demo_msgs LD_LIBRARY_PATH=/home/vox/Vox/install/serial_motor_demo_msgs/lib:${LD_LIBRARY_PATH} PYTHONPATH=/home/vox/Vox/build/serial_motor_demo/prefix_override:/home/vox/Vox/install/serial_motor_demo/lib/python3.10/site-packages:/home/vox/Vox/install/serial_motor_demo_msgs/lib/python3.10/site-packages:${PYTHONPATH} /usr/bin/python3 -W ignore:setup.py install is deprecated setup.py develop --editable --build-directory /home/vox/Vox/build/serial_motor_demo/build --no-deps symlink_data
[12.057s] INFO:colcon.colcon_core.shell:Creating environment descriptor '/home/vox/Vox/build/serial_motor_demo/share/serial_motor_demo/hook/pythonpath_develop.dsv'
[12.059s] INFO:colcon.colcon_core.shell:Creating environment hook '/home/vox/Vox/build/serial_motor_demo/share/serial_motor_demo/hook/pythonpath_develop.sh'
[12.062s] Level 1:colcon.colcon_core.environment:checking '/home/vox/Vox/install/serial_motor_demo' for CMake module files
[12.064s] Level 1:colcon.colcon_core.environment:checking '/home/vox/Vox/install/serial_motor_demo' for CMake config files
[12.068s] Level 1:colcon.colcon_core.environment:checking '/home/vox/Vox/install/serial_motor_demo/lib'
[12.068s] Level 1:colcon.colcon_core.environment:checking '/home/vox/Vox/install/serial_motor_demo/bin'
[12.069s] Level 1:colcon.colcon_core.environment:checking '/home/vox/Vox/install/serial_motor_demo/lib/pkgconfig/serial_motor_demo.pc'
[12.070s] Level 1:colcon.colcon_core.environment:checking '/home/vox/Vox/install/serial_motor_demo/lib/python3.10/site-packages'
[12.070s] Level 1:colcon.colcon_core.shell:create_environment_hook('serial_motor_demo', 'pythonpath')
[12.071s] INFO:colcon.colcon_core.shell:Creating environment hook '/home/vox/Vox/install/serial_motor_demo/share/serial_motor_demo/hook/pythonpath.ps1'
[12.073s] INFO:colcon.colcon_core.shell:Creating environment descriptor '/home/vox/Vox/install/serial_motor_demo/share/serial_motor_demo/hook/pythonpath.dsv'
[12.075s] INFO:colcon.colcon_core.shell:Creating environment hook '/home/vox/Vox/install/serial_motor_demo/share/serial_motor_demo/hook/pythonpath.sh'
[12.078s] Level 1:colcon.colcon_core.environment:checking '/home/vox/Vox/install/serial_motor_demo/bin'
[12.079s] Level 1:colcon.colcon_core.environment:create_environment_scripts_only(serial_motor_demo)
[12.080s] INFO:colcon.colcon_core.shell:Creating package script '/home/vox/Vox/install/serial_motor_demo/share/serial_motor_demo/package.ps1'
[12.083s] INFO:colcon.colcon_core.shell:Creating package descriptor '/home/vox/Vox/install/serial_motor_demo/share/serial_motor_demo/package.dsv'
[12.086s] INFO:colcon.colcon_core.shell:Creating package script '/home/vox/Vox/install/serial_motor_demo/share/serial_motor_demo/package.sh'
[12.089s] INFO:colcon.colcon_core.shell:Creating package script '/home/vox/Vox/install/serial_motor_demo/share/serial_motor_demo/package.bash'
[12.091s] INFO:colcon.colcon_core.shell:Creating package script '/home/vox/Vox/install/serial_motor_demo/share/serial_motor_demo/package.zsh'
[12.093s] Level 1:colcon.colcon_core.environment:create_file_with_runtime_dependencies(/home/vox/Vox/install/serial_motor_demo/share/colcon-core/packages/serial_motor_demo)
[20.516s] DEBUG:colcon.colcon_core.event_handler.log_command:Invoked command in '/home/vox/Vox/build/mpu9250driver' returned '2': CMAKE_PREFIX_PATH=/opt/ros/iron /usr/bin/cmake --build /home/vox/Vox/build/mpu9250driver -- -j4 -l4
[20.646s] Level 1:colcon.colcon_core.environment:create_environment_scripts_only(mpu9250driver)
[20.648s] Level 1:colcon.colcon_core.environment:checking '/home/vox/Vox/install/mpu9250driver' for CMake module files
[20.652s] Level 1:colcon.colcon_core.environment:checking '/home/vox/Vox/install/mpu9250driver' for CMake config files
[20.656s] Level 1:colcon.colcon_core.shell:create_environment_hook('mpu9250driver', 'cmake_prefix_path')
[20.657s] INFO:colcon.colcon_core.shell:Creating environment hook '/home/vox/Vox/install/mpu9250driver/share/mpu9250driver/hook/cmake_prefix_path.ps1'
[20.660s] INFO:colcon.colcon_core.shell:Creating environment descriptor '/home/vox/Vox/install/mpu9250driver/share/mpu9250driver/hook/cmake_prefix_path.dsv'
[20.661s] INFO:colcon.colcon_core.shell:Creating environment hook '/home/vox/Vox/install/mpu9250driver/share/mpu9250driver/hook/cmake_prefix_path.sh'
[20.664s] Level 1:colcon.colcon_core.environment:checking '/home/vox/Vox/install/mpu9250driver/lib'
[20.665s] Level 1:colcon.colcon_core.environment:checking '/home/vox/Vox/install/mpu9250driver/bin'
[20.665s] Level 1:colcon.colcon_core.environment:checking '/home/vox/Vox/install/mpu9250driver/lib/pkgconfig/mpu9250driver.pc'
[20.666s] Level 1:colcon.colcon_core.environment:checking '/home/vox/Vox/install/mpu9250driver/lib/python3.10/site-packages'
[20.667s] Level 1:colcon.colcon_core.environment:checking '/home/vox/Vox/install/mpu9250driver/bin'
[20.668s] INFO:colcon.colcon_core.shell:Creating package script '/home/vox/Vox/install/mpu9250driver/share/mpu9250driver/package.ps1'
[20.671s] INFO:colcon.colcon_core.shell:Creating package descriptor '/home/vox/Vox/install/mpu9250driver/share/mpu9250driver/package.dsv'
[20.673s] INFO:colcon.colcon_core.shell:Creating package script '/home/vox/Vox/install/mpu9250driver/share/mpu9250driver/package.sh'
[20.675s] INFO:colcon.colcon_core.shell:Creating package script '/home/vox/Vox/install/mpu9250driver/share/mpu9250driver/package.bash'
[20.677s] INFO:colcon.colcon_core.shell:Creating package script '/home/vox/Vox/install/mpu9250driver/share/mpu9250driver/package.zsh'
[20.679s] Level 1:colcon.colcon_core.environment:create_file_with_runtime_dependencies(/home/vox/Vox/install/mpu9250driver/share/colcon-core/packages/mpu9250driver)
[20.690s] DEBUG:colcon.colcon_parallel_executor.executor.parallel:closing loop
[20.691s] DEBUG:colcon.colcon_parallel_executor.executor.parallel:loop closed
[20.691s] DEBUG:colcon.colcon_parallel_executor.executor.parallel:run_until_complete finished with '2'
[20.691s] DEBUG:colcon.colcon_core.event_reactor:joining thread
[20.715s] INFO:colcon.colcon_core.plugin_system:Skipping extension 'colcon_notification.desktop_notification.notify_send': Could not find 'notify-send'
[20.716s] INFO:colcon.colcon_core.plugin_system:Skipping extension 'colcon_notification.desktop_notification.terminal_notifier': Not used on non-Darwin systems
[20.716s] INFO:colcon.colcon_core.plugin_system:Skipping extension 'colcon_notification.desktop_notification.win32': Not used on non-Windows systems
[20.716s] INFO:colcon.colcon_notification.desktop_notification:Sending desktop notification using 'notify2'
[20.719s] DEBUG:colcon.colcon_notification.desktop_notification.notify2:Failed to initialize notify2: org.freedesktop.DBus.Error.ServiceUnknown: The name org.freedesktop.Notifications was not provided by any .service files
[20.719s] DEBUG:colcon.colcon_core.event_reactor:joined thread
[20.720s] INFO:colcon.colcon_core.shell:Creating prefix script '/home/vox/Vox/install/local_setup.ps1'
[20.724s] INFO:colcon.colcon_core.shell:Creating prefix util module '/home/vox/Vox/install/_local_setup_util_ps1.py'
[20.730s] INFO:colcon.colcon_core.shell:Creating prefix chain script '/home/vox/Vox/install/setup.ps1'
[20.734s] INFO:colcon.colcon_core.shell:Creating prefix script '/home/vox/Vox/install/local_setup.sh'
[20.737s] INFO:colcon.colcon_core.shell:Creating prefix util module '/home/vox/Vox/install/_local_setup_util_sh.py'
[20.739s] INFO:colcon.colcon_core.shell:Creating prefix chain script '/home/vox/Vox/install/setup.sh'
[20.743s] INFO:colcon.colcon_core.shell:Creating prefix script '/home/vox/Vox/install/local_setup.bash'
[20.745s] INFO:colcon.colcon_core.shell:Creating prefix chain script '/home/vox/Vox/install/setup.bash'
[20.749s] INFO:colcon.colcon_core.shell:Creating prefix script '/home/vox/Vox/install/local_setup.zsh'
[20.751s] INFO:colcon.colcon_core.shell:Creating prefix chain script '/home/vox/Vox/install/setup.zsh'
