[1.569s] Invoking command in '/home/vox/Vox/build/mpu9250driver': CMAKE_PREFIX_PATH=/opt/ros/iron /usr/bin/cmake --build /home/vox/Vox/build/mpu9250driver -- -j4 -l4
[1.927s] [ 33%] Built target mpu9250sensor
[1.943s] [ 66%] Built target linux_i2c_communicator
[2.005s] [35m[1mConsolidate compiler generated dependencies of target mpu9250driver[0m
[2.107s] [ 83%] [32mBuilding CXX object CMakeFiles/mpu9250driver.dir/src/mpu9250driver.cpp.o[0m
[14.919s] In file included from [01m[K/usr/include/c++/11/pstl/glue_algorithm_defs.h:13[m[K,
[14.920s]                  from [01m[K/usr/include/c++/11/algorithm:74[m[K,
[14.920s]                  from [01m[K/opt/ros/iron/include/rclcpp/rclcpp/executor.hpp:18[m[K,
[14.921s]                  from [01m[K/opt/ros/iron/include/rclcpp/rclcpp/executors/multi_threaded_executor.hpp:25[m[K,
[14.921s]                  from [01m[K/opt/ros/iron/include/rclcpp/rclcpp/executors.hpp:21[m[K,
[14.921s]                  from [01m[K/opt/ros/iron/include/rclcpp/rclcpp/rclcpp.hpp:167[m[K,
[14.922s]                  from [01m[K/home/vox/Vox/src/ros2_mpu9250_driver/include/mpu9250driver/mpu9250driver.h:5[m[K,
[14.922s]                  from [01m[K/home/vox/Vox/src/ros2_mpu9250_driver/src/mpu9250driver.cpp:1[m[K:
[14.922s] /usr/include/c++/11/functional: In instantiation of ‘[01m[Kstruct std::_Bind_check_arity<void (MPU9250Driver::*)(std::shared_ptr<geometry_msgs::msg::Twist_<std::allocator<void> > >), MPU9250Driver*>[m[K’:
[14.923s] [01m[K/usr/include/c++/11/functional:768:12:[m[K   required from ‘[01m[Kstruct std::_Bind_helper<false, void (MPU9250Driver::*)(std::shared_ptr<geometry_msgs::msg::Twist_<std::allocator<void> > >), MPU9250Driver*>[m[K’
[14.923s] [01m[K/usr/include/c++/11/functional:789:5:[m[K   required by substitution of ‘[01m[Ktemplate<class _Func, class ... _BoundArgs> typename std::_Bind_helper<std::__is_socketlike<_Func>::value, _Func, _BoundArgs ...>::type std::bind(_Func&&, _BoundArgs&& ...) [with _Func = void (MPU9250Driver::*)(std::shared_ptr<geometry_msgs::msg::Twist_<std::allocator<void> > >); _BoundArgs = {MPU9250Driver*}][m[K’
[14.923s] [01m[K/home/vox/Vox/src/ros2_mpu9250_driver/src/mpu9250driver.cpp:47:114:[m[K   required from here
[14.924s] [01m[K/usr/include/c++/11/functional:756:21:[m[K [01;31m[Kerror: [m[Kstatic assertion failed: Wrong number of arguments for pointer-to-member
[14.924s]   755 |       static_assert(_Varargs::[01;31m[Kvalue[m[K
[14.924s]       |                               [01;31m[K~~~~~[m[K
[14.925s]   756 | [01;31m[K                    ? sizeof...(_BoundArgs) >= _Arity::value + 1[m[K
[14.925s]       |                     [01;31m[K^~~~~~~~~~~~~~~~~~~~~~~~~~~~~~~~~~~~~~~~~~~~[m[K
[14.925s]   757 | [01;31m[K                    : sizeof...(_BoundArgs) == _Arity::value + 1[m[K,
[14.926s]       |                     [01;31m[K~~~~~~~~~~~~~~~~~~~~~~~~~~~~~~~~~~~~~~~~~~~~[m[K
[14.926s] [01m[K/usr/include/c++/11/functional:756:21:[m[K [01;36m[Knote: [m[K‘[01m[K(false ? (1 >= (((long unsigned int)std::integral_constant<long unsigned int, 1>::value) + 1)) : (1 == (((long unsigned int)std::integral_constant<long unsigned int, 1>::value) + 1)))[m[K’ evaluates to false
[14.943s] [01m[K/home/vox/Vox/src/ros2_mpu9250_driver/src/mpu9250driver.cpp:[m[K In member function ‘[01m[Kvoid MPU9250Driver::readVel(geometry_msgs::msg::Twist_<std::allocator<void> >::SharedPtr)[m[K’:
[14.944s] [01m[K/home/vox/Vox/src/ros2_mpu9250_driver/src/mpu9250driver.cpp:79:22:[m[K [01;31m[Kerror: [m[K‘[01m[Kusing element_type = struct geometry_msgs::msg::Twist_<std::allocator<void> >[m[K’ {aka ‘[01m[Kstruct geometry_msgs::msg::Twist_<std::allocator<void> >[m[K’} has no member named ‘[01m[Kdata[m[K’
[14.944s]    79 |         if (message->[01;31m[Kdata[m[K.linear.x != 0.0 || message->data.angular.z != 0.0) {
[14.944s]       |                      [01;31m[K^~~~[m[K
[14.945s] [01m[K/home/vox/Vox/src/ros2_mpu9250_driver/src/mpu9250driver.cpp:79:55:[m[K [01;31m[Kerror: [m[K‘[01m[Kusing element_type = struct geometry_msgs::msg::Twist_<std::allocator<void> >[m[K’ {aka ‘[01m[Kstruct geometry_msgs::msg::Twist_<std::allocator<void> >[m[K’} has no member named ‘[01m[Kdata[m[K’
[14.945s]    79 |         if (message->data.linear.x != 0.0 || message->[01;31m[Kdata[m[K.angular.z != 0.0) {
[14.945s]       |                                                       [01;31m[K^~~~[m[K
[17.879s] In file included from [01m[K/opt/ros/iron/include/rclcpp/rclcpp/subscription_base.hpp:32[m[K,
[17.880s]                  from [01m[K/opt/ros/iron/include/rclcpp/rclcpp/callback_group.hpp:29[m[K,
[17.882s]                  from [01m[K/opt/ros/iron/include/rclcpp/rclcpp/any_executable.hpp:20[m[K,
[17.882s]                  from [01m[K/opt/ros/iron/include/rclcpp/rclcpp/memory_strategy.hpp:25[m[K,
[17.883s]                  from [01m[K/opt/ros/iron/include/rclcpp/rclcpp/memory_strategies.hpp:18[m[K,
[17.883s]                  from [01m[K/opt/ros/iron/include/rclcpp/rclcpp/executor_options.hpp:20[m[K,
[17.884s]                  from [01m[K/opt/ros/iron/include/rclcpp/rclcpp/executor.hpp:37[m[K,
[17.884s]                  from [01m[K/opt/ros/iron/include/rclcpp/rclcpp/executors/multi_threaded_executor.hpp:25[m[K,
[17.884s]                  from [01m[K/opt/ros/iron/include/rclcpp/rclcpp/executors.hpp:21[m[K,
[17.885s]                  from [01m[K/opt/ros/iron/include/rclcpp/rclcpp/rclcpp.hpp:167[m[K,
[17.885s]                  from [01m[K/home/vox/Vox/src/ros2_mpu9250_driver/include/mpu9250driver/mpu9250driver.h:5[m[K,
[17.885s]                  from [01m[K/home/vox/Vox/src/ros2_mpu9250_driver/src/mpu9250driver.cpp:1[m[K:
[17.886s] /opt/ros/iron/include/rclcpp/rclcpp/any_subscription_callback.hpp: In instantiation of ‘[01m[Krclcpp::AnySubscriptionCallback<MessageT, AllocatorT> rclcpp::AnySubscriptionCallback<MessageT, AllocatorT>::set(CallbackT) [with CallbackT = std::_Bind<void (MPU9250Driver::*(MPU9250Driver*))(std::shared_ptr<geometry_msgs::msg::Twist_<std::allocator<void> > >)>; MessageT = geometry_msgs::msg::Twist_<std::allocator<void> >; AllocatorT = std::allocator<void>][m[K’:
[17.886s] [01m[K/opt/ros/iron/include/rclcpp/rclcpp/subscription_factory.hpp:94:32:[m[K   required from ‘[01m[Krclcpp::SubscriptionFactory rclcpp::create_subscription_factory(CallbackT&&, const rclcpp::SubscriptionOptionsWithAllocator<AllocatorT>&, typename MessageMemoryStrategyT::SharedPtr, std::shared_ptr<rclcpp::topic_statistics::SubscriptionTopicStatistics<ROSMessageType> >) [with MessageT = geometry_msgs::msg::Twist_<std::allocator<void> >; CallbackT = std::_Bind<void (MPU9250Driver::*(MPU9250Driver*))(std::shared_ptr<geometry_msgs::msg::Twist_<std::allocator<void> > >)>; AllocatorT = std::allocator<void>; SubscriptionT = rclcpp::Subscription<geometry_msgs::msg::Twist_<std::allocator<void> > >; MessageMemoryStrategyT = rclcpp::message_memory_strategy::MessageMemoryStrategy<geometry_msgs::msg::Twist_<std::allocator<void> >, std::allocator<void> >; ROSMessageType = geometry_msgs::msg::Twist_<std::allocator<void> >; typename MessageMemoryStrategyT::SharedPtr = std::shared_ptr<rclcpp::message_memory_strategy::MessageMemoryStrategy<geometry_msgs::msg::Twist_<std::allocator<void> >, std::allocator<void> > >][m[K’
[17.886s] [01m[K/opt/ros/iron/include/rclcpp/rclcpp/create_subscription.hpp:122:63:[m[K   required from ‘[01m[Kstd::shared_ptr<ROSMessageT> rclcpp::detail::create_subscription(NodeParametersT&, NodeTopicsT&, const string&, const rclcpp::QoS&, CallbackT&&, const rclcpp::SubscriptionOptionsWithAllocator<AllocatorT>&, typename MessageMemoryStrategyT::SharedPtr) [with MessageT = geometry_msgs::msg::Twist_<std::allocator<void> >; CallbackT = std::_Bind<void (MPU9250Driver::*(MPU9250Driver*))(std::shared_ptr<geometry_msgs::msg::Twist_<std::allocator<void> > >)>; AllocatorT = std::allocator<void>; SubscriptionT = rclcpp::Subscription<geometry_msgs::msg::Twist_<std::allocator<void> > >; MessageMemoryStrategyT = rclcpp::message_memory_strategy::MessageMemoryStrategy<geometry_msgs::msg::Twist_<std::allocator<void> >, std::allocator<void> >; NodeParametersT = rclcpp::Node; NodeTopicsT = rclcpp::Node; ROSMessageType = geometry_msgs::msg::Twist_<std::allocator<void> >; std::string = std::__cxx11::basic_string<char>; typename MessageMemoryStrategyT::SharedPtr = std::shared_ptr<rclcpp::message_memory_strategy::MessageMemoryStrategy<geometry_msgs::msg::Twist_<std::allocator<void> >, std::allocator<void> > >][m[K’
[17.887s] [01m[K/opt/ros/iron/include/rclcpp/rclcpp/create_subscription.hpp:191:76:[m[K   required from ‘[01m[Kstd::shared_ptr<ROSMessageT> rclcpp::create_subscription(NodeT&, const string&, const rclcpp::QoS&, CallbackT&&, const rclcpp::SubscriptionOptionsWithAllocator<AllocatorT>&, typename MessageMemoryStrategyT::SharedPtr) [with MessageT = geometry_msgs::msg::Twist_<std::allocator<void> >; CallbackT = std::_Bind<void (MPU9250Driver::*(MPU9250Driver*))(std::shared_ptr<geometry_msgs::msg::Twist_<std::allocator<void> > >)>; AllocatorT = std::allocator<void>; SubscriptionT = rclcpp::Subscription<geometry_msgs::msg::Twist_<std::allocator<void> > >; MessageMemoryStrategyT = rclcpp::message_memory_strategy::MessageMemoryStrategy<geometry_msgs::msg::Twist_<std::allocator<void> >, std::allocator<void> >; NodeT = rclcpp::Node; std::string = std::__cxx11::basic_string<char>; typename MessageMemoryStrategyT::SharedPtr = std::shared_ptr<rclcpp::message_memory_strategy::MessageMemoryStrategy<geometry_msgs::msg::Twist_<std::allocator<void> >, std::allocator<void> > >][m[K’
[17.887s] [01m[K/opt/ros/iron/include/rclcpp/rclcpp/node_impl.hpp:99:47:[m[K   required from ‘[01m[Kstd::shared_ptr<ROSMessageT> rclcpp::Node::create_subscription(const string&, const rclcpp::QoS&, CallbackT&&, const rclcpp::SubscriptionOptionsWithAllocator<AllocatorT>&, typename MessageMemoryStrategyT::SharedPtr) [with MessageT = geometry_msgs::msg::Twist_<std::allocator<void> >; CallbackT = std::_Bind<void (MPU9250Driver::*(MPU9250Driver*))(std::shared_ptr<geometry_msgs::msg::Twist_<std::allocator<void> > >)>; AllocatorT = std::allocator<void>; SubscriptionT = rclcpp::Subscription<geometry_msgs::msg::Twist_<std::allocator<void> > >; MessageMemoryStrategyT = rclcpp::message_memory_strategy::MessageMemoryStrategy<geometry_msgs::msg::Twist_<std::allocator<void> >, std::allocator<void> >; std::string = std::__cxx11::basic_string<char>; typename MessageMemoryStrategyT::SharedPtr = std::shared_ptr<rclcpp::message_memory_strategy::MessageMemoryStrategy<geometry_msgs::msg::Twist_<std::allocator<void> >, std::allocator<void> > >][m[K’
[17.888s] [01m[K/home/vox/Vox/src/ros2_mpu9250_driver/src/mpu9250driver.cpp:47:69:[m[K   required from here
[17.888s] [01m[K/opt/ros/iron/include/rclcpp/rclcpp/any_subscription_callback.hpp:391:22:[m[K [01;31m[Kerror: [m[Kno matching function for call to ‘[01m[Kstd::function<void(std::shared_ptr<geometry_msgs::msg::Twist_<std::allocator<void> > >)>::function(std::_Bind<void (MPU9250Driver::*(MPU9250Driver*))(std::shared_ptr<geometry_msgs::msg::Twist_<std::allocator<void> > >)>&)[m[K’
[17.888s]   391 |       set_deprecated([01;31m[Kstatic_cast<typename scbth::callback_type>(callback)[m[K);
[17.889s]       |                      [01;31m[K^~~~~~~~~~~~~~~~~~~~~~~~~~~~~~~~~~~~~~~~~~~~~~~~~~~~[m[K
[17.889s] In file included from [01m[K/usr/include/c++/11/future:47[m[K,
[17.890s]                  from [01m[K/opt/ros/iron/include/rclcpp/rclcpp/executors.hpp:18[m[K,
[17.890s]                  from [01m[K/opt/ros/iron/include/rclcpp/rclcpp/rclcpp.hpp:167[m[K,
[17.890s]                  from [01m[K/home/vox/Vox/src/ros2_mpu9250_driver/include/mpu9250driver/mpu9250driver.h:5[m[K,
[17.891s]                  from [01m[K/home/vox/Vox/src/ros2_mpu9250_driver/src/mpu9250driver.cpp:1[m[K:
[17.891s] [01m[K/usr/include/c++/11/bits/std_function.h:435:9:[m[K [01;36m[Knote: [m[Kcandidate: ‘[01m[Ktemplate<class _Functor, class _Constraints> std::function<_Res(_ArgTypes ...)>::function(_Functor&&) [with _Functor = _Functor; _Constraints = _Constraints; _Res = void; _ArgTypes = {std::shared_ptr<geometry_msgs::msg::Twist_<std::allocator<void> > >}][m[K’
[17.891s]   435 |         [01;36m[Kfunction[m[K(_Functor&& __f)
[17.892s]       |         [01;36m[K^~~~~~~~[m[K
[17.892s] [01m[K/usr/include/c++/11/bits/std_function.h:435:9:[m[K [01;36m[Knote: [m[K  template argument deduction/substitution failed:
[17.892s] In file included from [01m[K/usr/include/c++/11/bits/move.h:57[m[K,
[17.893s]                  from [01m[K/usr/include/c++/11/bits/stl_pair.h:59[m[K,
[17.893s]                  from [01m[K/usr/include/c++/11/bits/stl_algobase.h:64[m[K,
[17.893s]                  from [01m[K/usr/include/c++/11/memory:63[m[K,
[17.894s]                  from [01m[K/home/vox/Vox/src/ros2_mpu9250_driver/lib/mpu9250sensor/include/mpu9250sensor/mpu9250sensor.h:4[m[K,
[17.894s]                  from [01m[K/home/vox/Vox/src/ros2_mpu9250_driver/include/mpu9250driver/mpu9250driver.h:4[m[K,
[17.894s]                  from [01m[K/home/vox/Vox/src/ros2_mpu9250_driver/src/mpu9250driver.cpp:1[m[K:
[17.895s] /usr/include/c++/11/type_traits: In substitution of ‘[01m[Ktemplate<bool _Cond, class _Tp> using __enable_if_t = typename std::enable_if::type [with bool _Cond = false; _Tp = void][m[K’:
[17.895s] [01m[K/usr/include/c++/11/bits/std_function.h:353:8:[m[K   required by substitution of ‘[01m[Ktemplate<class _Res, class ... _ArgTypes> template<class _Cond, class _Tp> using _Requires = std::__enable_if_t<_Cond::value, _Tp> [with _Cond = std::function<void(std::shared_ptr<geometry_msgs::msg::Twist_<std::allocator<void> > >)>::_Callable<std::_Bind<void (MPU9250Driver::*(MPU9250Driver*))(std::shared_ptr<geometry_msgs::msg::Twist_<std::allocator<void> > >)>&, std::_Bind<void (MPU9250Driver::*(MPU9250Driver*))(std::shared_ptr<geometry_msgs::msg::Twist_<std::allocator<void> > >)>, std::__invoke_result<std::_Bind<void (MPU9250Driver::*(MPU9250Driver*))(std::shared_ptr<geometry_msgs::msg::Twist_<std::allocator<void> > >)>&, std::shared_ptr<geometry_msgs::msg::Twist_<std::allocator<void> > > > >; _Tp = void; _Res = void; _ArgTypes = {std::shared_ptr<geometry_msgs::msg::Twist_<std::allocator<void> > >}][m[K’
[17.895s] [01m[K/usr/include/c++/11/bits/std_function.h:434:9:[m[K   required from ‘[01m[Krclcpp::AnySubscriptionCallback<MessageT, AllocatorT> rclcpp::AnySubscriptionCallback<MessageT, AllocatorT>::set(CallbackT) [with CallbackT = std::_Bind<void (MPU9250Driver::*(MPU9250Driver*))(std::shared_ptr<geometry_msgs::msg::Twist_<std::allocator<void> > >)>; MessageT = geometry_msgs::msg::Twist_<std::allocator<void> >; AllocatorT = std::allocator<void>][m[K’
[17.896s] [01m[K/opt/ros/iron/include/rclcpp/rclcpp/subscription_factory.hpp:94:32:[m[K   required from ‘[01m[Krclcpp::SubscriptionFactory rclcpp::create_subscription_factory(CallbackT&&, const rclcpp::SubscriptionOptionsWithAllocator<AllocatorT>&, typename MessageMemoryStrategyT::SharedPtr, std::shared_ptr<rclcpp::topic_statistics::SubscriptionTopicStatistics<ROSMessageType> >) [with MessageT = geometry_msgs::msg::Twist_<std::allocator<void> >; CallbackT = std::_Bind<void (MPU9250Driver::*(MPU9250Driver*))(std::shared_ptr<geometry_msgs::msg::Twist_<std::allocator<void> > >)>; AllocatorT = std::allocator<void>; SubscriptionT = rclcpp::Subscription<geometry_msgs::msg::Twist_<std::allocator<void> > >; MessageMemoryStrategyT = rclcpp::message_memory_strategy::MessageMemoryStrategy<geometry_msgs::msg::Twist_<std::allocator<void> >, std::allocator<void> >; ROSMessageType = geometry_msgs::msg::Twist_<std::allocator<void> >; typename MessageMemoryStrategyT::SharedPtr = std::shared_ptr<rclcpp::message_memory_strategy::MessageMemoryStrategy<geometry_msgs::msg::Twist_<std::allocator<void> >, std::allocator<void> > >][m[K’
[17.896s] [01m[K/opt/ros/iron/include/rclcpp/rclcpp/create_subscription.hpp:122:63:[m[K   required from ‘[01m[Kstd::shared_ptr<ROSMessageT> rclcpp::detail::create_subscription(NodeParametersT&, NodeTopicsT&, const string&, const rclcpp::QoS&, CallbackT&&, const rclcpp::SubscriptionOptionsWithAllocator<AllocatorT>&, typename MessageMemoryStrategyT::SharedPtr) [with MessageT = geometry_msgs::msg::Twist_<std::allocator<void> >; CallbackT = std::_Bind<void (MPU9250Driver::*(MPU9250Driver*))(std::shared_ptr<geometry_msgs::msg::Twist_<std::allocator<void> > >)>; AllocatorT = std::allocator<void>; SubscriptionT = rclcpp::Subscription<geometry_msgs::msg::Twist_<std::allocator<void> > >; MessageMemoryStrategyT = rclcpp::message_memory_strategy::MessageMemoryStrategy<geometry_msgs::msg::Twist_<std::allocator<void> >, std::allocator<void> >; NodeParametersT = rclcpp::Node; NodeTopicsT = rclcpp::Node; ROSMessageType = geometry_msgs::msg::Twist_<std::allocator<void> >; std::string = std::__cxx11::basic_string<char>; typename MessageMemoryStrategyT::SharedPtr = std::shared_ptr<rclcpp::message_memory_strategy::MessageMemoryStrategy<geometry_msgs::msg::Twist_<std::allocator<void> >, std::allocator<void> > >][m[K’
[17.897s] [01m[K/opt/ros/iron/include/rclcpp/rclcpp/create_subscription.hpp:191:76:[m[K   required from ‘[01m[Kstd::shared_ptr<ROSMessageT> rclcpp::create_subscription(NodeT&, const string&, const rclcpp::QoS&, CallbackT&&, const rclcpp::SubscriptionOptionsWithAllocator<AllocatorT>&, typename MessageMemoryStrategyT::SharedPtr) [with MessageT = geometry_msgs::msg::Twist_<std::allocator<void> >; CallbackT = std::_Bind<void (MPU9250Driver::*(MPU9250Driver*))(std::shared_ptr<geometry_msgs::msg::Twist_<std::allocator<void> > >)>; AllocatorT = std::allocator<void>; SubscriptionT = rclcpp::Subscription<geometry_msgs::msg::Twist_<std::allocator<void> > >; MessageMemoryStrategyT = rclcpp::message_memory_strategy::MessageMemoryStrategy<geometry_msgs::msg::Twist_<std::allocator<void> >, std::allocator<void> >; NodeT = rclcpp::Node; std::string = std::__cxx11::basic_string<char>; typename MessageMemoryStrategyT::SharedPtr = std::shared_ptr<rclcpp::message_memory_strategy::MessageMemoryStrategy<geometry_msgs::msg::Twist_<std::allocator<void> >, std::allocator<void> > >][m[K’
[17.897s] [01m[K/opt/ros/iron/include/rclcpp/rclcpp/node_impl.hpp:99:47:[m[K   required from ‘[01m[Kstd::shared_ptr<ROSMessageT> rclcpp::Node::create_subscription(const string&, const rclcpp::QoS&, CallbackT&&, const rclcpp::SubscriptionOptionsWithAllocator<AllocatorT>&, typename MessageMemoryStrategyT::SharedPtr) [with MessageT = geometry_msgs::msg::Twist_<std::allocator<void> >; CallbackT = std::_Bind<void (MPU9250Driver::*(MPU9250Driver*))(std::shared_ptr<geometry_msgs::msg::Twist_<std::allocator<void> > >)>; AllocatorT = std::allocator<void>; SubscriptionT = rclcpp::Subscription<geometry_msgs::msg::Twist_<std::allocator<void> > >; MessageMemoryStrategyT = rclcpp::message_memory_strategy::MessageMemoryStrategy<geometry_msgs::msg::Twist_<std::allocator<void> >, std::allocator<void> >; std::string = std::__cxx11::basic_string<char>; typename MessageMemoryStrategyT::SharedPtr = std::shared_ptr<rclcpp::message_memory_strategy::MessageMemoryStrategy<geometry_msgs::msg::Twist_<std::allocator<void> >, std::allocator<void> > >][m[K’
[17.897s] [01m[K/home/vox/Vox/src/ros2_mpu9250_driver/src/mpu9250driver.cpp:47:69:[m[K   required from here
[17.898s] [01m[K/usr/include/c++/11/type_traits:2205:11:[m[K [01;31m[Kerror: [m[Kno type named ‘[01m[Ktype[m[K’ in ‘[01m[Kstruct std::enable_if<false, void>[m[K’
[17.898s]  2205 |     using [01;31m[K__enable_if_t[m[K = typename enable_if<_Cond, _Tp>::type;
[17.898s]       |           [01;31m[K^~~~~~~~~~~~~[m[K
[17.899s] In file included from [01m[K/usr/include/c++/11/future:47[m[K,
[17.899s]                  from [01m[K/opt/ros/iron/include/rclcpp/rclcpp/executors.hpp:18[m[K,
[17.899s]                  from [01m[K/opt/ros/iron/include/rclcpp/rclcpp/rclcpp.hpp:167[m[K,
[17.900s]                  from [01m[K/home/vox/Vox/src/ros2_mpu9250_driver/include/mpu9250driver/mpu9250driver.h:5[m[K,
[17.900s]                  from [01m[K/home/vox/Vox/src/ros2_mpu9250_driver/src/mpu9250driver.cpp:1[m[K:
[17.900s] /opt/ros/iron/include/rclcpp/rclcpp/any_subscription_callback.hpp: In instantiation of ‘[01m[Krclcpp::AnySubscriptionCallback<MessageT, AllocatorT> rclcpp::AnySubscriptionCallback<MessageT, AllocatorT>::set(CallbackT) [with CallbackT = std::_Bind<void (MPU9250Driver::*(MPU9250Driver*))(std::shared_ptr<geometry_msgs::msg::Twist_<std::allocator<void> > >)>; MessageT = geometry_msgs::msg::Twist_<std::allocator<void> >; AllocatorT = std::allocator<void>][m[K’:
[17.901s] [01m[K/opt/ros/iron/include/rclcpp/rclcpp/subscription_factory.hpp:94:32:[m[K   required from ‘[01m[Krclcpp::SubscriptionFactory rclcpp::create_subscription_factory(CallbackT&&, const rclcpp::SubscriptionOptionsWithAllocator<AllocatorT>&, typename MessageMemoryStrategyT::SharedPtr, std::shared_ptr<rclcpp::topic_statistics::SubscriptionTopicStatistics<ROSMessageType> >) [with MessageT = geometry_msgs::msg::Twist_<std::allocator<void> >; CallbackT = std::_Bind<void (MPU9250Driver::*(MPU9250Driver*))(std::shared_ptr<geometry_msgs::msg::Twist_<std::allocator<void> > >)>; AllocatorT = std::allocator<void>; SubscriptionT = rclcpp::Subscription<geometry_msgs::msg::Twist_<std::allocator<void> > >; MessageMemoryStrategyT = rclcpp::message_memory_strategy::MessageMemoryStrategy<geometry_msgs::msg::Twist_<std::allocator<void> >, std::allocator<void> >; ROSMessageType = geometry_msgs::msg::Twist_<std::allocator<void> >; typename MessageMemoryStrategyT::SharedPtr = std::shared_ptr<rclcpp::message_memory_strategy::MessageMemoryStrategy<geometry_msgs::msg::Twist_<std::allocator<void> >, std::allocator<void> > >][m[K’
[17.901s] [01m[K/opt/ros/iron/include/rclcpp/rclcpp/create_subscription.hpp:122:63:[m[K   required from ‘[01m[Kstd::shared_ptr<ROSMessageT> rclcpp::detail::create_subscription(NodeParametersT&, NodeTopicsT&, const string&, const rclcpp::QoS&, CallbackT&&, const rclcpp::SubscriptionOptionsWithAllocator<AllocatorT>&, typename MessageMemoryStrategyT::SharedPtr) [with MessageT = geometry_msgs::msg::Twist_<std::allocator<void> >; CallbackT = std::_Bind<void (MPU9250Driver::*(MPU9250Driver*))(std::shared_ptr<geometry_msgs::msg::Twist_<std::allocator<void> > >)>; AllocatorT = std::allocator<void>; SubscriptionT = rclcpp::Subscription<geometry_msgs::msg::Twist_<std::allocator<void> > >; MessageMemoryStrategyT = rclcpp::message_memory_strategy::MessageMemoryStrategy<geometry_msgs::msg::Twist_<std::allocator<void> >, std::allocator<void> >; NodeParametersT = rclcpp::Node; NodeTopicsT = rclcpp::Node; ROSMessageType = geometry_msgs::msg::Twist_<std::allocator<void> >; std::string = std::__cxx11::basic_string<char>; typename MessageMemoryStrategyT::SharedPtr = std::shared_ptr<rclcpp::message_memory_strategy::MessageMemoryStrategy<geometry_msgs::msg::Twist_<std::allocator<void> >, std::allocator<void> > >][m[K’
[17.902s] [01m[K/opt/ros/iron/include/rclcpp/rclcpp/create_subscription.hpp:191:76:[m[K   required from ‘[01m[Kstd::shared_ptr<ROSMessageT> rclcpp::create_subscription(NodeT&, const string&, const rclcpp::QoS&, CallbackT&&, const rclcpp::SubscriptionOptionsWithAllocator<AllocatorT>&, typename MessageMemoryStrategyT::SharedPtr) [with MessageT = geometry_msgs::msg::Twist_<std::allocator<void> >; CallbackT = std::_Bind<void (MPU9250Driver::*(MPU9250Driver*))(std::shared_ptr<geometry_msgs::msg::Twist_<std::allocator<void> > >)>; AllocatorT = std::allocator<void>; SubscriptionT = rclcpp::Subscription<geometry_msgs::msg::Twist_<std::allocator<void> > >; MessageMemoryStrategyT = rclcpp::message_memory_strategy::MessageMemoryStrategy<geometry_msgs::msg::Twist_<std::allocator<void> >, std::allocator<void> >; NodeT = rclcpp::Node; std::string = std::__cxx11::basic_string<char>; typename MessageMemoryStrategyT::SharedPtr = std::shared_ptr<rclcpp::message_memory_strategy::MessageMemoryStrategy<geometry_msgs::msg::Twist_<std::allocator<void> >, std::allocator<void> > >][m[K’
[17.902s] [01m[K/opt/ros/iron/include/rclcpp/rclcpp/node_impl.hpp:99:47:[m[K   required from ‘[01m[Kstd::shared_ptr<ROSMessageT> rclcpp::Node::create_subscription(const string&, const rclcpp::QoS&, CallbackT&&, const rclcpp::SubscriptionOptionsWithAllocator<AllocatorT>&, typename MessageMemoryStrategyT::SharedPtr) [with MessageT = geometry_msgs::msg::Twist_<std::allocator<void> >; CallbackT = std::_Bind<void (MPU9250Driver::*(MPU9250Driver*))(std::shared_ptr<geometry_msgs::msg::Twist_<std::allocator<void> > >)>; AllocatorT = std::allocator<void>; SubscriptionT = rclcpp::Subscription<geometry_msgs::msg::Twist_<std::allocator<void> > >; MessageMemoryStrategyT = rclcpp::message_memory_strategy::MessageMemoryStrategy<geometry_msgs::msg::Twist_<std::allocator<void> >, std::allocator<void> >; std::string = std::__cxx11::basic_string<char>; typename MessageMemoryStrategyT::SharedPtr = std::shared_ptr<rclcpp::message_memory_strategy::MessageMemoryStrategy<geometry_msgs::msg::Twist_<std::allocator<void> >, std::allocator<void> > >][m[K’
[17.902s] [01m[K/home/vox/Vox/src/ros2_mpu9250_driver/src/mpu9250driver.cpp:47:69:[m[K   required from here
[17.903s] [01m[K/usr/include/c++/11/bits/std_function.h:404:7:[m[K [01;36m[Knote: [m[Kcandidate: ‘[01m[Kstd::function<_Res(_ArgTypes ...)>::function(std::function<_Res(_ArgTypes ...)>&&) [with _Res = void; _ArgTypes = {std::shared_ptr<geometry_msgs::msg::Twist_<std::allocator<void> > >}][m[K’
[17.903s]   404 |       [01;36m[Kfunction[m[K(function&& __x) noexcept
[17.904s]       |       [01;36m[K^~~~~~~~[m[K
[17.904s] [01m[K/usr/include/c++/11/bits/std_function.h:404:27:[m[K [01;36m[Knote: [m[K  no known conversion for argument 1 from ‘[01m[Kstd::_Bind<void (MPU9250Driver::*(MPU9250Driver*))(std::shared_ptr<geometry_msgs::msg::Twist_<std::allocator<void> > >)>[m[K’ to ‘[01m[Kstd::function<void(std::shared_ptr<geometry_msgs::msg::Twist_<std::allocator<void> > >)>&&[m[K’
[17.904s]   404 |       function([01;36m[Kfunction&& __x[m[K) noexcept
[17.905s]       |                [01;36m[K~~~~~~~~~~~^~~[m[K
[17.905s] [01m[K/usr/include/c++/11/bits/std_function.h:386:7:[m[K [01;36m[Knote: [m[Kcandidate: ‘[01m[Kstd::function<_Res(_ArgTypes ...)>::function(const std::function<_Res(_ArgTypes ...)>&) [with _Res = void; _ArgTypes = {std::shared_ptr<geometry_msgs::msg::Twist_<std::allocator<void> > >}][m[K’
[17.906s]   386 |       [01;36m[Kfunction[m[K(const function& __x)
[17.906s]       |       [01;36m[K^~~~~~~~[m[K
[17.906s] [01m[K/usr/include/c++/11/bits/std_function.h:386:32:[m[K [01;36m[Knote: [m[K  no known conversion for argument 1 from ‘[01m[Kstd::_Bind<void (MPU9250Driver::*(MPU9250Driver*))(std::shared_ptr<geometry_msgs::msg::Twist_<std::allocator<void> > >)>[m[K’ to ‘[01m[Kconst std::function<void(std::shared_ptr<geometry_msgs::msg::Twist_<std::allocator<void> > >)>&[m[K’
[17.907s]   386 |       function([01;36m[Kconst function& __x[m[K)
[17.907s]       |                [01;36m[K~~~~~~~~~~~~~~~~^~~[m[K
[17.907s] [01m[K/usr/include/c++/11/bits/std_function.h:375:7:[m[K [01;36m[Knote: [m[Kcandidate: ‘[01m[Kstd::function<_Res(_ArgTypes ...)>::function(std::nullptr_t) [with _Res = void; _ArgTypes = {std::shared_ptr<geometry_msgs::msg::Twist_<std::allocator<void> > >}; std::nullptr_t = std::nullptr_t][m[K’
[17.908s]   375 |       [01;36m[Kfunction[m[K(nullptr_t) noexcept
[17.908s]       |       [01;36m[K^~~~~~~~[m[K
[17.909s] [01m[K/usr/include/c++/11/bits/std_function.h:375:16:[m[K [01;36m[Knote: [m[K  no known conversion for argument 1 from ‘[01m[Kstd::_Bind<void (MPU9250Driver::*(MPU9250Driver*))(std::shared_ptr<geometry_msgs::msg::Twist_<std::allocator<void> > >)>[m[K’ to ‘[01m[Kstd::nullptr_t[m[K’
[17.909s]   375 |       function([01;36m[Knullptr_t[m[K) noexcept
[17.910s]       |                [01;36m[K^~~~~~~~~[m[K
[17.910s] [01m[K/usr/include/c++/11/bits/std_function.h:368:7:[m[K [01;36m[Knote: [m[Kcandidate: ‘[01m[Kstd::function<_Res(_ArgTypes ...)>::function() [with _Res = void; _ArgTypes = {std::shared_ptr<geometry_msgs::msg::Twist_<std::allocator<void> > >}][m[K’
[17.910s]   368 |       [01;36m[Kfunction[m[K() noexcept
[17.911s]       |       [01;36m[K^~~~~~~~[m[K
[17.911s] [01m[K/usr/include/c++/11/bits/std_function.h:368:7:[m[K [01;36m[Knote: [m[K  candidate expects 0 arguments, 1 provided
[22.313s] gmake[2]: *** [CMakeFiles/mpu9250driver.dir/build.make:76: CMakeFiles/mpu9250driver.dir/src/mpu9250driver.cpp.o] Error 1
[22.314s] gmake[1]: *** [CMakeFiles/Makefile2:188: CMakeFiles/mpu9250driver.dir/all] Error 2
[22.314s] gmake: *** [Makefile:146: all] Error 2
[22.320s] Invoked command in '/home/vox/Vox/build/mpu9250driver' returned '2': CMAKE_PREFIX_PATH=/opt/ros/iron /usr/bin/cmake --build /home/vox/Vox/build/mpu9250driver -- -j4 -l4
