[0.036s] Invoking command in '/home/vox/Vox/build/vox': CMAKE_PREFIX_PATH=${CMAKE_PREFIX_PATH}:/home/vox/Vox/install/serial_motor_demo:/home/vox/Vox/install/ball_tracker:/opt/ros/iron /usr/bin/cmake /home/vox/Vox/src/vox -DAMENT_CMAKE_SYMLINK_INSTALL=1 -DCMAKE_INSTALL_PREFIX=/home/vox/Vox/install/vox
[0.347s] -- The C compiler identification is GNU 11.4.0
[0.648s] -- The CXX compiler identification is GNU 11.4.0
[0.684s] -- Detecting C compiler ABI info
[1.039s] -- Detecting C compiler ABI info - done
[1.067s] -- Check for working C compiler: /usr/bin/cc - skipped
[1.071s] -- Detecting C compile features
[1.074s] -- Detecting C compile features - done
[1.090s] -- Detecting CXX compiler ABI info
[1.504s] -- Detecting CXX compiler ABI info - done
[1.537s] -- Check for working CXX compiler: /usr/bin/c++ - skipped
[1.539s] -- Detecting CXX compile features
[1.542s] -- Detecting CXX compile features - done
[1.567s] -- Found ament_cmake: 2.0.5 (/opt/ros/iron/share/ament_cmake/cmake)
[2.608s] -- Found Python3: /usr/bin/python3.10 (found version "3.10.12") found components: Interpreter 
[2.982s] -- Override CMake install command with custom implementation using symlinks instead of copying resources
[3.298s] -- Found ament_lint_auto: 0.14.3 (/opt/ros/iron/share/ament_lint_auto/cmake)
[3.977s] -- Configuring done
[4.003s] -- Generating done
[4.013s] -- Build files have been written to: /home/vox/Vox/build/vox
[4.058s] Invoked command in '/home/vox/Vox/build/vox' returned '0': CMAKE_PREFIX_PATH=${CMAKE_PREFIX_PATH}:/home/vox/Vox/install/serial_motor_demo:/home/vox/Vox/install/ball_tracker:/opt/ros/iron /usr/bin/cmake /home/vox/Vox/src/vox -DAMENT_CMAKE_SYMLINK_INSTALL=1 -DCMAKE_INSTALL_PREFIX=/home/vox/Vox/install/vox
[4.060s] Invoking command in '/home/vox/Vox/build/vox': CMAKE_PREFIX_PATH=${CMAKE_PREFIX_PATH}:/home/vox/Vox/install/serial_motor_demo:/home/vox/Vox/install/ball_tracker:/opt/ros/iron /usr/bin/cmake --build /home/vox/Vox/build/vox -- -j4 -l4
[4.446s] Invoked command in '/home/vox/Vox/build/vox' returned '0': CMAKE_PREFIX_PATH=${CMAKE_PREFIX_PATH}:/home/vox/Vox/install/serial_motor_demo:/home/vox/Vox/install/ball_tracker:/opt/ros/iron /usr/bin/cmake --build /home/vox/Vox/build/vox -- -j4 -l4
[4.655s] Invoking command in '/home/vox/Vox/build/vox': CMAKE_PREFIX_PATH=${CMAKE_PREFIX_PATH}:/home/vox/Vox/install/serial_motor_demo:/home/vox/Vox/install/ball_tracker:/opt/ros/iron /usr/bin/cmake --install /home/vox/Vox/build/vox
[4.744s] -- Install configuration: ""
[4.753s] -- Execute custom install script
[4.770s] -- Symlinking: /home/vox/Vox/install/vox/share/vox/config/ball_tracker_params.yaml
[4.860s] -- Symlinking: /home/vox/Vox/install/vox/share/vox/config/ekf.yaml
[4.954s] -- Symlinking: /home/vox/Vox/install/vox/share/vox/config/gazebo_params.yaml
[5.062s] -- Symlinking: /home/vox/Vox/install/vox/share/vox/config/joystick.yaml
[5.174s] -- Symlinking: /home/vox/Vox/install/vox/share/vox/config/mapper_params_localization.yaml
[5.266s] -- Symlinking: /home/vox/Vox/install/vox/share/vox/config/mapper_params_online_async.yaml
[5.374s] -- Symlinking: /home/vox/Vox/install/vox/share/vox/config/my_controllers.yaml
[5.478s] -- Symlinking: /home/vox/Vox/install/vox/share/vox/config/rviz_config.rviz
[5.590s] -- Symlinking: /home/vox/Vox/install/vox/share/vox/config/twist_mux.yaml
[5.661s] -- Symlinking: /home/vox/Vox/install/vox/share/vox/description/camera.xacro
[5.770s] -- Symlinking: /home/vox/Vox/install/vox/share/vox/description/colors.xacro
[5.883s] -- Symlinking: /home/vox/Vox/install/vox/share/vox/description/gazebo_controls.xacro
[5.985s] -- Symlinking: /home/vox/Vox/install/vox/share/vox/description/laser.xacro
[6.066s] -- Symlinking: /home/vox/Vox/install/vox/share/vox/description/robot.urdf.xacro
[6.182s] -- Symlinking: /home/vox/Vox/install/vox/share/vox/description/robot_core.xacro
[6.290s] -- Symlinking: /home/vox/Vox/install/vox/share/vox/description/ros2_control.xacro
[6.388s] -- Symlinking: /home/vox/Vox/install/vox/share/vox/launch/ball_tracker.launch.py
[6.466s] -- Symlinking: /home/vox/Vox/install/vox/share/vox/launch/camera.launch.py
[6.576s] -- Symlinking: /home/vox/Vox/install/vox/share/vox/launch/ekf.launch.py
[6.618s] -- Symlinking: /home/vox/Vox/install/vox/share/vox/launch/joystick.launch.py
[6.662s] -- Symlinking: /home/vox/Vox/install/vox/share/vox/launch/launch_robot_no_joystick.launch.py
[6.709s] -- Symlinking: /home/vox/Vox/install/vox/share/vox/launch/launch_sim.launch.py
[6.750s] -- Symlinking: /home/vox/Vox/install/vox/share/vox/launch/launch_sim_no_joystick.launch.py
[6.807s] -- Symlinking: /home/vox/Vox/install/vox/share/vox/launch/lidar.launch.py
[6.857s] -- Symlinking: /home/vox/Vox/install/vox/share/vox/launch/rsp.launch.py
[6.951s] -- Symlinking: /home/vox/Vox/install/vox/share/vox/worlds/sim.world
[7.026s] -- Symlinking: /home/vox/Vox/install/vox/share/ament_index/resource_index/package_run_dependencies/vox
[7.073s] -- Symlinking: /home/vox/Vox/install/vox/share/ament_index/resource_index/parent_prefix_path/vox
[7.146s] -- Symlinking: /home/vox/Vox/install/vox/share/vox/environment/ament_prefix_path.sh
[7.201s] -- Symlinking: /home/vox/Vox/install/vox/share/vox/environment/ament_prefix_path.dsv
[7.277s] -- Symlinking: /home/vox/Vox/install/vox/share/vox/environment/path.sh
[7.353s] -- Symlinking: /home/vox/Vox/install/vox/share/vox/environment/path.dsv
[7.442s] -- Symlinking: /home/vox/Vox/install/vox/share/vox/local_setup.bash
[7.530s] -- Symlinking: /home/vox/Vox/install/vox/share/vox/local_setup.sh
[7.621s] -- Symlinking: /home/vox/Vox/install/vox/share/vox/local_setup.zsh
[7.721s] -- Symlinking: /home/vox/Vox/install/vox/share/vox/local_setup.dsv
[7.817s] -- Symlinking: /home/vox/Vox/install/vox/share/vox/package.dsv
[7.884s] -- Symlinking: /home/vox/Vox/install/vox/share/ament_index/resource_index/packages/vox
[7.962s] -- Symlinking: /home/vox/Vox/install/vox/share/vox/cmake/voxConfig.cmake
[8.030s] -- Symlinking: /home/vox/Vox/install/vox/share/vox/cmake/voxConfig-version.cmake
[8.129s] -- Symlinking: /home/vox/Vox/install/vox/share/vox/package.xml
[8.201s] Invoked command in '/home/vox/Vox/build/vox' returned '0': CMAKE_PREFIX_PATH=${CMAKE_PREFIX_PATH}:/home/vox/Vox/install/serial_motor_demo:/home/vox/Vox/install/ball_tracker:/opt/ros/iron /usr/bin/cmake --install /home/vox/Vox/build/vox
