[1.683s] Invoking command in '/home/vox/Vox/build/mpu9250driver': CMAKE_PREFIX_PATH=/opt/ros/iron /usr/bin/cmake --build /home/vox/Vox/build/mpu9250driver -- -j4 -l4
[2.030s] [ 33%] Built target linux_i2c_communicator
[2.061s] [ 66%] Built target mpu9250sensor
[2.226s] [100%] Built target mpu9250driver
[2.276s] Invoked command in '/home/vox/Vox/build/mpu9250driver' returned '0': CMAKE_PREFIX_PATH=/opt/ros/iron /usr/bin/cmake --build /home/vox/Vox/build/mpu9250driver -- -j4 -l4
[2.478s] Invoking command in '/home/vox/Vox/build/mpu9250driver': CMAKE_PREFIX_PATH=/opt/ros/iron /usr/bin/cmake --install /home/vox/Vox/build/mpu9250driver
[2.526s] -- Install configuration: ""
[2.532s] -- Execute custom install script
[2.542s] -- Up-to-date symlink: /home/vox/Vox/install/mpu9250driver/lib/mpu9250driver/mpu9250driver
[2.554s] -- Up-to-date symlink: /home/vox/Vox/install/mpu9250driver/share/mpu9250driver//launch/mpu9250driver_launch.py
[2.559s] -- Up-to-date symlink: /home/vox/Vox/install/mpu9250driver/share/mpu9250driver//params/mpu9250.yaml
[2.567s] -- Up-to-date symlink: /home/vox/Vox/install/mpu9250driver/share/ament_index/resource_index/package_run_dependencies/mpu9250driver
[2.573s] -- Up-to-date symlink: /home/vox/Vox/install/mpu9250driver/share/ament_index/resource_index/parent_prefix_path/mpu9250driver
[2.579s] -- Up-to-date symlink: /home/vox/Vox/install/mpu9250driver/share/mpu9250driver/environment/ament_prefix_path.sh
[2.579s] -- Up-to-date symlink: /home/vox/Vox/install/mpu9250driver/share/mpu9250driver/environment/ament_prefix_path.dsv
[2.580s] -- Up-to-date symlink: /home/vox/Vox/install/mpu9250driver/share/mpu9250driver/environment/path.sh
[2.580s] -- Up-to-date symlink: /home/vox/Vox/install/mpu9250driver/share/mpu9250driver/environment/path.dsv
[2.582s] -- Up-to-date symlink: /home/vox/Vox/install/mpu9250driver/share/mpu9250driver/local_setup.bash
[2.583s] -- Up-to-date symlink: /home/vox/Vox/install/mpu9250driver/share/mpu9250driver/local_setup.sh
[2.585s] -- Up-to-date symlink: /home/vox/Vox/install/mpu9250driver/share/mpu9250driver/local_setup.zsh
[2.587s] -- Up-to-date symlink: /home/vox/Vox/install/mpu9250driver/share/mpu9250driver/local_setup.dsv
[2.588s] -- Symlinking: /home/vox/Vox/install/mpu9250driver/share/mpu9250driver/package.dsv
[2.627s] -- Up-to-date symlink: /home/vox/Vox/install/mpu9250driver/share/ament_index/resource_index/packages/mpu9250driver
[2.631s] -- Up-to-date symlink: /home/vox/Vox/install/mpu9250driver/share/mpu9250driver/cmake/mpu9250driverConfig.cmake
[2.634s] -- Up-to-date symlink: /home/vox/Vox/install/mpu9250driver/share/mpu9250driver/cmake/mpu9250driverConfig-version.cmake
[2.635s] -- Up-to-date symlink: /home/vox/Vox/install/mpu9250driver/share/mpu9250driver/package.xml
[2.684s] Invoked command in '/home/vox/Vox/build/mpu9250driver' returned '0': CMAKE_PREFIX_PATH=/opt/ros/iron /usr/bin/cmake --install /home/vox/Vox/build/mpu9250driver
