[3.816s] Invoking command in '/home/vox/Vox/build/ball_tracker': PYTHONPATH=/home/vox/Vox/build/ball_tracker/prefix_override:/home/vox/Vox/install/ball_tracker/lib/python3.10/site-packages:${PYTHONPATH} /usr/bin/python3 -W ignore:setup.py install is deprecated setup.py develop --editable --build-directory /home/vox/Vox/build/ball_tracker/build --no-deps symlink_data
[4.923s] /usr/lib/python3/dist-packages/setuptools/dist.py:723: UserWarning: Usage of dash-separated 'script-dir' will not be supported in future versions. Please use the underscore name 'script_dir' instead
[4.924s]   warnings.warn(
[5.082s] running develop
[5.083s] /usr/lib/python3/dist-packages/setuptools/command/easy_install.py:158: EasyInstallDeprecationWarning: easy_install command is deprecated. Use build and pip and other standards-based tools.
[5.084s]   warnings.warn(
[5.968s] running egg_info
[5.969s] writing ball_tracker.egg-info/PKG-INFO
[5.970s] writing dependency_links to ball_tracker.egg-info/dependency_links.txt
[5.972s] writing entry points to ball_tracker.egg-info/entry_points.txt
[5.972s] writing requirements to ball_tracker.egg-info/requires.txt
[5.973s] writing top-level names to ball_tracker.egg-info/top_level.txt
[5.981s] reading manifest file 'ball_tracker.egg-info/SOURCES.txt'
[5.984s] writing manifest file 'ball_tracker.egg-info/SOURCES.txt'
[5.990s] running build_ext
[5.991s] Creating /home/vox/Vox/install/ball_tracker/lib/python3.10/site-packages/ball-tracker.egg-link (link to .)
[5.995s] Installing detect_ball script to /home/vox/Vox/install/ball_tracker/lib/ball_tracker
[5.996s] Installing detect_ball_3d script to /home/vox/Vox/install/ball_tracker/lib/ball_tracker
[5.996s] Installing follow_ball script to /home/vox/Vox/install/ball_tracker/lib/ball_tracker
[5.998s] 
[5.998s] Installed /home/vox/Vox/build/ball_tracker
[5.999s] running symlink_data
[6.144s] Invoked command in '/home/vox/Vox/build/ball_tracker' returned '0': PYTHONPATH=/home/vox/Vox/build/ball_tracker/prefix_override:/home/vox/Vox/install/ball_tracker/lib/python3.10/site-packages:${PYTHONPATH} /usr/bin/python3 -W ignore:setup.py install is deprecated setup.py develop --editable --build-directory /home/vox/Vox/build/ball_tracker/build --no-deps symlink_data
