[3.311s] Invoking command in '/home/vox/Vox/build/serial_motor_demo': CMAKE_PREFIX_PATH=/home/vox/Vox/install/serial_motor_demo_msgs:/home/vox/Vox/install/vox:/home/vox/Vox/install/mpu9250driver:/home/vox/Vox/install/diffdrive_arduino PYTHONPATH=/home/vox/Vox/build/serial_motor_demo/prefix_override:/home/vox/Vox/install/serial_motor_demo/lib/python3.10/site-packages:/home/vox/Vox/install/serial_motor_demo_msgs/lib/python3.10/site-packages:/home/vox/Vox/build/serial_motor_demo:/home/vox/Vox/install/serial_motor_demo/lib/python3.10/site-packages:/home/vox/Vox/build/ball_tracker:/home/vox/Vox/install/ball_tracker/lib/python3.10/site-packages:/opt/ros/iron/lib/python3.10/site-packages /usr/bin/python3 -W ignore:setup.py install is deprecated setup.py develop --editable --build-directory /home/vox/Vox/build/serial_motor_demo/build --no-deps symlink_data
[4.247s] /usr/lib/python3/dist-packages/setuptools/dist.py:723: UserWarning: Usage of dash-separated 'script-dir' will not be supported in future versions. Please use the underscore name 'script_dir' instead
[4.247s]   warnings.warn(
[4.392s] running develop
[4.393s] /usr/lib/python3/dist-packages/setuptools/command/easy_install.py:158: EasyInstallDeprecationWarning: easy_install command is deprecated. Use build and pip and other standards-based tools.
[4.394s]   warnings.warn(
[5.047s] running egg_info
[5.047s] creating serial_motor_demo.egg-info
[5.048s] writing serial_motor_demo.egg-info/PKG-INFO
[5.049s] writing dependency_links to serial_motor_demo.egg-info/dependency_links.txt
[5.049s] writing entry points to serial_motor_demo.egg-info/entry_points.txt
[5.050s] writing requirements to serial_motor_demo.egg-info/requires.txt
[5.050s] writing top-level names to serial_motor_demo.egg-info/top_level.txt
[5.051s] writing manifest file 'serial_motor_demo.egg-info/SOURCES.txt'
[5.057s] reading manifest file 'serial_motor_demo.egg-info/SOURCES.txt'
[5.060s] writing manifest file 'serial_motor_demo.egg-info/SOURCES.txt'
[5.066s] running build_ext
[5.066s] Creating /home/vox/Vox/install/serial_motor_demo/lib/python3.10/site-packages/serial-motor-demo.egg-link (link to .)
[5.070s] Installing driver script to /home/vox/Vox/install/serial_motor_demo/lib/serial_motor_demo
[5.070s] Installing gui script to /home/vox/Vox/install/serial_motor_demo/lib/serial_motor_demo
[5.072s] 
[5.072s] Installed /home/vox/Vox/build/serial_motor_demo
[5.072s] running symlink_data
[5.073s] creating /home/vox/Vox/install/serial_motor_demo/share/ament_index
[5.073s] creating /home/vox/Vox/install/serial_motor_demo/share/ament_index/resource_index
[5.074s] creating /home/vox/Vox/install/serial_motor_demo/share/ament_index/resource_index/packages
[5.075s] symbolically linking /home/vox/Vox/build/serial_motor_demo/resource/serial_motor_demo -> /home/vox/Vox/install/serial_motor_demo/share/ament_index/resource_index/packages
[5.076s] symbolically linking /home/vox/Vox/build/serial_motor_demo/package.xml -> /home/vox/Vox/install/serial_motor_demo/share/serial_motor_demo
[5.204s] Invoked command in '/home/vox/Vox/build/serial_motor_demo' returned '0': CMAKE_PREFIX_PATH=/home/vox/Vox/install/serial_motor_demo_msgs:/home/vox/Vox/install/vox:/home/vox/Vox/install/mpu9250driver:/home/vox/Vox/install/diffdrive_arduino PYTHONPATH=/home/vox/Vox/build/serial_motor_demo/prefix_override:/home/vox/Vox/install/serial_motor_demo/lib/python3.10/site-packages:/home/vox/Vox/install/serial_motor_demo_msgs/lib/python3.10/site-packages:/home/vox/Vox/build/serial_motor_demo:/home/vox/Vox/install/serial_motor_demo/lib/python3.10/site-packages:/home/vox/Vox/build/ball_tracker:/home/vox/Vox/install/ball_tracker/lib/python3.10/site-packages:/opt/ros/iron/lib/python3.10/site-packages /usr/bin/python3 -W ignore:setup.py install is deprecated setup.py develop --editable --build-directory /home/vox/Vox/build/serial_motor_demo/build --no-deps symlink_data
