[1.639s] Invoking command in '/home/vox/Vox/build/mpu9250driver': CMAKE_PREFIX_PATH=${CMAKE_PREFIX_PATH}:/home/vox/Vox/install/serial_motor_demo:/home/vox/Vox/install/ball_tracker:/opt/ros/iron /usr/bin/cmake --build /home/vox/Vox/build/mpu9250driver -- -j4 -l4
[1.865s] [35m[1mConsolidate compiler generated dependencies of target mpu9250sensor[0m
[1.891s] [35m[1mConsolidate compiler generated dependencies of target linux_i2c_communicator[0m
[1.989s] [ 33%] Built target mpu9250sensor
[2.012s] [ 66%] Built target linux_i2c_communicator
[2.067s] [35m[1mConsolidate compiler generated dependencies of target mpu9250driver[0m
[2.167s] [100%] Built target mpu9250driver
[2.250s] Invoked command in '/home/vox/Vox/build/mpu9250driver' returned '0': CMAKE_PREFIX_PATH=${CMAKE_PREFIX_PATH}:/home/vox/Vox/install/serial_motor_demo:/home/vox/Vox/install/ball_tracker:/opt/ros/iron /usr/bin/cmake --build /home/vox/Vox/build/mpu9250driver -- -j4 -l4
[2.481s] Invoking command in '/home/vox/Vox/build/mpu9250driver': CMAKE_PREFIX_PATH=${CMAKE_PREFIX_PATH}:/home/vox/Vox/install/serial_motor_demo:/home/vox/Vox/install/ball_tracker:/opt/ros/iron /usr/bin/cmake --install /home/vox/Vox/build/mpu9250driver
[2.514s] -- Install configuration: ""
[2.516s] -- Execute custom install script
[2.518s] -- Up-to-date symlink: /home/vox/Vox/install/mpu9250driver/lib/mpu9250driver/mpu9250driver
[2.520s] -- Up-to-date symlink: /home/vox/Vox/install/mpu9250driver/share/mpu9250driver//launch/mpu9250driver_launch.py
[2.522s] -- Up-to-date symlink: /home/vox/Vox/install/mpu9250driver/share/mpu9250driver//params/mpu9250.yaml
[2.523s] -- Up-to-date symlink: /home/vox/Vox/install/mpu9250driver/share/ament_index/resource_index/package_run_dependencies/mpu9250driver
[2.525s] -- Up-to-date symlink: /home/vox/Vox/install/mpu9250driver/share/ament_index/resource_index/parent_prefix_path/mpu9250driver
[2.526s] -- Up-to-date symlink: /home/vox/Vox/install/mpu9250driver/share/mpu9250driver/environment/ament_prefix_path.sh
[2.527s] -- Up-to-date symlink: /home/vox/Vox/install/mpu9250driver/share/mpu9250driver/environment/ament_prefix_path.dsv
[2.528s] -- Up-to-date symlink: /home/vox/Vox/install/mpu9250driver/share/mpu9250driver/environment/path.sh
[2.530s] -- Up-to-date symlink: /home/vox/Vox/install/mpu9250driver/share/mpu9250driver/environment/path.dsv
[2.531s] -- Up-to-date symlink: /home/vox/Vox/install/mpu9250driver/share/mpu9250driver/local_setup.bash
[2.533s] -- Up-to-date symlink: /home/vox/Vox/install/mpu9250driver/share/mpu9250driver/local_setup.sh
[2.534s] -- Up-to-date symlink: /home/vox/Vox/install/mpu9250driver/share/mpu9250driver/local_setup.zsh
[2.535s] -- Up-to-date symlink: /home/vox/Vox/install/mpu9250driver/share/mpu9250driver/local_setup.dsv
[2.536s] -- Symlinking: /home/vox/Vox/install/mpu9250driver/share/mpu9250driver/package.dsv
[2.573s] -- Up-to-date symlink: /home/vox/Vox/install/mpu9250driver/share/ament_index/resource_index/packages/mpu9250driver
[2.574s] -- Up-to-date symlink: /home/vox/Vox/install/mpu9250driver/share/mpu9250driver/cmake/mpu9250driverConfig.cmake
[2.575s] -- Up-to-date symlink: /home/vox/Vox/install/mpu9250driver/share/mpu9250driver/cmake/mpu9250driverConfig-version.cmake
[2.576s] -- Up-to-date symlink: /home/vox/Vox/install/mpu9250driver/share/mpu9250driver/package.xml
[2.587s] Invoked command in '/home/vox/Vox/build/mpu9250driver' returned '0': CMAKE_PREFIX_PATH=${CMAKE_PREFIX_PATH}:/home/vox/Vox/install/serial_motor_demo:/home/vox/Vox/install/ball_tracker:/opt/ros/iron /usr/bin/cmake --install /home/vox/Vox/build/mpu9250driver
