[3.482s] Invoking command in '/home/vox/Vox/build/serial_motor_demo': CMAKE_PREFIX_PATH=/home/vox/Vox/install/serial_motor_demo_msgs:/home/vox/Vox/install/vox:/home/vox/Vox/install/diffdrive_arduino LD_LIBRARY_PATH=/home/vox/Vox/install/serial_motor_demo_msgs/lib:/home/vox/Vox/install/diffdrive_arduino/lib:/opt/ros/iron/opt/rviz_ogre_vendor/lib:/opt/ros/iron/lib/aarch64-linux-gnu:/opt/ros/iron/lib:/opt/vc/lib PYTHONPATH=/home/vox/Vox/build/serial_motor_demo/prefix_override:/home/vox/Vox/install/serial_motor_demo/lib/python3.10/site-packages:/home/vox/Vox/install/serial_motor_demo_msgs/lib/python3.10/site-packages:/home/vox/Vox/build/serial_motor_demo:/home/vox/Vox/install/serial_motor_demo/lib/python3.10/site-packages:/opt/ros/iron/lib/python3.10/site-packages /usr/bin/python3 -W ignore:setup.py install is deprecated setup.py develop --editable --build-directory /home/vox/Vox/build/serial_motor_demo/build --no-deps symlink_data
[4.741s] /usr/lib/python3/dist-packages/setuptools/dist.py:723: UserWarning: Usage of dash-separated 'script-dir' will not be supported in future versions. Please use the underscore name 'script_dir' instead
[4.742s]   warnings.warn(
[4.923s] running develop
[4.924s] /usr/lib/python3/dist-packages/setuptools/command/easy_install.py:158: EasyInstallDeprecationWarning: easy_install command is deprecated. Use build and pip and other standards-based tools.
[4.925s]   warnings.warn(
[5.932s] running egg_info
[5.933s] writing serial_motor_demo.egg-info/PKG-INFO
[5.934s] writing dependency_links to serial_motor_demo.egg-info/dependency_links.txt
[5.936s] writing entry points to serial_motor_demo.egg-info/entry_points.txt
[5.937s] writing requirements to serial_motor_demo.egg-info/requires.txt
[5.938s] writing top-level names to serial_motor_demo.egg-info/top_level.txt
[5.948s] reading manifest file 'serial_motor_demo.egg-info/SOURCES.txt'
[5.952s] writing manifest file 'serial_motor_demo.egg-info/SOURCES.txt'
[5.959s] running build_ext
[5.960s] Creating /home/vox/Vox/install/serial_motor_demo/lib/python3.10/site-packages/serial-motor-demo.egg-link (link to .)
[6.880s] Installing driver script to /home/vox/Vox/install/serial_motor_demo/lib/serial_motor_demo
[6.882s] Installing gui script to /home/vox/Vox/install/serial_motor_demo/lib/serial_motor_demo
[6.883s] 
[6.884s] Installed /home/vox/Vox/build/serial_motor_demo
[6.884s] running symlink_data
[7.032s] Invoked command in '/home/vox/Vox/build/serial_motor_demo' returned '0': CMAKE_PREFIX_PATH=/home/vox/Vox/install/serial_motor_demo_msgs:/home/vox/Vox/install/vox:/home/vox/Vox/install/diffdrive_arduino LD_LIBRARY_PATH=/home/vox/Vox/install/serial_motor_demo_msgs/lib:/home/vox/Vox/install/diffdrive_arduino/lib:/opt/ros/iron/opt/rviz_ogre_vendor/lib:/opt/ros/iron/lib/aarch64-linux-gnu:/opt/ros/iron/lib:/opt/vc/lib PYTHONPATH=/home/vox/Vox/build/serial_motor_demo/prefix_override:/home/vox/Vox/install/serial_motor_demo/lib/python3.10/site-packages:/home/vox/Vox/install/serial_motor_demo_msgs/lib/python3.10/site-packages:/home/vox/Vox/build/serial_motor_demo:/home/vox/Vox/install/serial_motor_demo/lib/python3.10/site-packages:/opt/ros/iron/lib/python3.10/site-packages /usr/bin/python3 -W ignore:setup.py install is deprecated setup.py develop --editable --build-directory /home/vox/Vox/build/serial_motor_demo/build --no-deps symlink_data
