[2.903s] Invoking command in '/home/vox/Vox/build/serial_motor_demo': AMENT_PREFIX_PATH=/home/vox/Vox/install/serial_motor_demo_msgs:${AMENT_PREFIX_PATH} CMAKE_PREFIX_PATH=/home/vox/Vox/install/serial_motor_demo_msgs LD_LIBRARY_PATH=/home/vox/Vox/install/serial_motor_demo_msgs/lib:${LD_LIBRARY_PATH} PYTHONPATH=/home/vox/Vox/build/serial_motor_demo/prefix_override:/home/vox/Vox/install/serial_motor_demo/lib/python3.10/site-packages:/home/vox/Vox/install/serial_motor_demo_msgs/lib/python3.10/site-packages:${PYTHONPATH} /usr/bin/python3 -W ignore:setup.py install is deprecated setup.py develop --editable --build-directory /home/vox/Vox/build/serial_motor_demo/build --no-deps symlink_data
[3.828s] /usr/lib/python3/dist-packages/setuptools/dist.py:723: UserWarning: Usage of dash-separated 'script-dir' will not be supported in future versions. Please use the underscore name 'script_dir' instead
[3.828s]   warnings.warn(
[3.964s] running develop
[3.965s] /usr/lib/python3/dist-packages/setuptools/command/easy_install.py:158: EasyInstallDeprecationWarning: easy_install command is deprecated. Use build and pip and other standards-based tools.
[3.965s]   warnings.warn(
[4.644s] running egg_info
[4.645s] writing serial_motor_demo.egg-info/PKG-INFO
[4.646s] writing dependency_links to serial_motor_demo.egg-info/dependency_links.txt
[4.647s] writing entry points to serial_motor_demo.egg-info/entry_points.txt
[4.648s] writing requirements to serial_motor_demo.egg-info/requires.txt
[4.649s] writing top-level names to serial_motor_demo.egg-info/top_level.txt
[4.656s] reading manifest file 'serial_motor_demo.egg-info/SOURCES.txt'
[4.660s] writing manifest file 'serial_motor_demo.egg-info/SOURCES.txt'
[4.665s] running build_ext
[4.666s] Creating /home/vox/Vox/install/serial_motor_demo/lib/python3.10/site-packages/serial-motor-demo.egg-link (link to .)
[4.669s] Installing driver script to /home/vox/Vox/install/serial_motor_demo/lib/serial_motor_demo
[4.670s] Installing gui script to /home/vox/Vox/install/serial_motor_demo/lib/serial_motor_demo
[4.671s] 
[4.672s] Installed /home/vox/Vox/build/serial_motor_demo
[4.672s] running symlink_data
[4.804s] Invoked command in '/home/vox/Vox/build/serial_motor_demo' returned '0': AMENT_PREFIX_PATH=/home/vox/Vox/install/serial_motor_demo_msgs:${AMENT_PREFIX_PATH} CMAKE_PREFIX_PATH=/home/vox/Vox/install/serial_motor_demo_msgs LD_LIBRARY_PATH=/home/vox/Vox/install/serial_motor_demo_msgs/lib:${LD_LIBRARY_PATH} PYTHONPATH=/home/vox/Vox/build/serial_motor_demo/prefix_override:/home/vox/Vox/install/serial_motor_demo/lib/python3.10/site-packages:/home/vox/Vox/install/serial_motor_demo_msgs/lib/python3.10/site-packages:${PYTHONPATH} /usr/bin/python3 -W ignore:setup.py install is deprecated setup.py develop --editable --build-directory /home/vox/Vox/build/serial_motor_demo/build --no-deps symlink_data
